[0.993s] Invoking command in '/home/student/ros_ws/RosSystem/src/platform_lift': PYTHONPATH=/home/student/ros_ws/RosSystem/build/platform_lift/prefix_override:/home/student/ros_ws/RosSystem/install/platform_lift/lib/python3.10/site-packages:${PYTHONPATH} /usr/bin/python3 -W ignore:setup.py install is deprecated setup.py egg_info --egg-base ../../build/platform_lift build --build-base /home/student/ros_ws/RosSystem/build/platform_lift/build install --record /home/student/ros_ws/RosSystem/build/platform_lift/install.log --single-version-externally-managed install_data
[1.225s] running egg_info
[1.225s] writing ../../build/platform_lift/platform_lift.egg-info/PKG-INFO
[1.225s] writing dependency_links to ../../build/platform_lift/platform_lift.egg-info/dependency_links.txt
[1.226s] writing entry points to ../../build/platform_lift/platform_lift.egg-info/entry_points.txt
[1.226s] writing requirements to ../../build/platform_lift/platform_lift.egg-info/requires.txt
[1.226s] writing top-level names to ../../build/platform_lift/platform_lift.egg-info/top_level.txt
[1.228s] reading manifest file '../../build/platform_lift/platform_lift.egg-info/SOURCES.txt'
[1.228s] adding license file 'LICENSE'
[1.228s] writing manifest file '../../build/platform_lift/platform_lift.egg-info/SOURCES.txt'
[1.229s] running build
[1.229s] running build_py
[1.229s] running install
[1.229s] running install_lib
[1.232s] running install_data
[1.232s] running install_egg_info
[1.239s] removing '/home/student/ros_ws/RosSystem/install/platform_lift/lib/python3.10/site-packages/platform_lift-0.0.0-py3.10.egg-info' (and everything under it)
[1.239s] Copying ../../build/platform_lift/platform_lift.egg-info to /home/student/ros_ws/RosSystem/install/platform_lift/lib/python3.10/site-packages/platform_lift-0.0.0-py3.10.egg-info
[1.241s] running install_scripts
[1.256s] Installing lift_communication script to /home/student/ros_ws/RosSystem/install/platform_lift/lib/platform_lift
[1.256s] writing list of installed files to '/home/student/ros_ws/RosSystem/build/platform_lift/install.log'
[1.318s] Invoked command in '/home/student/ros_ws/RosSystem/src/platform_lift' returned '0': PYTHONPATH=/home/student/ros_ws/RosSystem/build/platform_lift/prefix_override:/home/student/ros_ws/RosSystem/install/platform_lift/lib/python3.10/site-packages:${PYTHONPATH} /usr/bin/python3 -W ignore:setup.py install is deprecated setup.py egg_info --egg-base ../../build/platform_lift build --build-base /home/student/ros_ws/RosSystem/build/platform_lift/build install --record /home/student/ros_ws/RosSystem/build/platform_lift/install.log --single-version-externally-managed install_data
