[1.041s] Invoking command in '/home/student/ros_ws/RosSystem/src/platform_lift': PYTHONPATH=/home/student/ros_ws/RosSystem/build/platform_lift/prefix_override:/home/student/ros_ws/RosSystem/install/platform_lift/lib/python3.10/site-packages:${PYTHONPATH} /usr/bin/python3 -W ignore:setup.py install is deprecated setup.py egg_info --egg-base ../../build/platform_lift build --build-base /home/student/ros_ws/RosSystem/build/platform_lift/build install --record /home/student/ros_ws/RosSystem/build/platform_lift/install.log --single-version-externally-managed install_data
[1.277s] running egg_info
[1.278s] writing ../../build/platform_lift/platform_lift.egg-info/PKG-INFO
[1.278s] writing dependency_links to ../../build/platform_lift/platform_lift.egg-info/dependency_links.txt
[1.278s] writing entry points to ../../build/platform_lift/platform_lift.egg-info/entry_points.txt
[1.279s] writing requirements to ../../build/platform_lift/platform_lift.egg-info/requires.txt
[1.279s] writing top-level names to ../../build/platform_lift/platform_lift.egg-info/top_level.txt
[1.281s] reading manifest file '../../build/platform_lift/platform_lift.egg-info/SOURCES.txt'
[1.281s] adding license file 'LICENSE'
[1.282s] writing manifest file '../../build/platform_lift/platform_lift.egg-info/SOURCES.txt'
[1.282s] running build
[1.282s] running build_py
[1.282s] copying platform_lift/lift_communication.py -> /home/student/ros_ws/RosSystem/build/platform_lift/build/lib/platform_lift
[1.283s] running install
[1.283s] running install_lib
[1.285s] copying /home/student/ros_ws/RosSystem/build/platform_lift/build/lib/platform_lift/lift_communication.py -> /home/student/ros_ws/RosSystem/install/platform_lift/lib/python3.10/site-packages/platform_lift
[1.286s] byte-compiling /home/student/ros_ws/RosSystem/install/platform_lift/lib/python3.10/site-packages/platform_lift/lift_communication.py to lift_communication.cpython-310.pyc
[1.288s] running install_data
[1.288s] running install_egg_info
[1.292s] removing '/home/student/ros_ws/RosSystem/install/platform_lift/lib/python3.10/site-packages/platform_lift-0.0.0-py3.10.egg-info' (and everything under it)
[1.293s] Copying ../../build/platform_lift/platform_lift.egg-info to /home/student/ros_ws/RosSystem/install/platform_lift/lib/python3.10/site-packages/platform_lift-0.0.0-py3.10.egg-info
[1.293s] running install_scripts
[1.315s] Installing command script to /home/student/ros_ws/RosSystem/install/platform_lift/lib/platform_lift
[1.316s] Installing lift_communication script to /home/student/ros_ws/RosSystem/install/platform_lift/lib/platform_lift
[1.316s] Installing srv_client script to /home/student/ros_ws/RosSystem/install/platform_lift/lib/platform_lift
[1.316s] writing list of installed files to '/home/student/ros_ws/RosSystem/build/platform_lift/install.log'
[1.365s] Invoked command in '/home/student/ros_ws/RosSystem/src/platform_lift' returned '0': PYTHONPATH=/home/student/ros_ws/RosSystem/build/platform_lift/prefix_override:/home/student/ros_ws/RosSystem/install/platform_lift/lib/python3.10/site-packages:${PYTHONPATH} /usr/bin/python3 -W ignore:setup.py install is deprecated setup.py egg_info --egg-base ../../build/platform_lift build --build-base /home/student/ros_ws/RosSystem/build/platform_lift/build install --record /home/student/ros_ws/RosSystem/build/platform_lift/install.log --single-version-externally-managed install_data
