[0.751s] Invoking command in '/home/student/ros_ws/RosSystem/src/beckhoff': PYTHONPATH=/home/student/ros_ws/RosSystem/build/beckhoff/prefix_override:/home/student/ros_ws/RosSystem/install/beckhoff/lib/python3.10/site-packages:${PYTHONPATH} /usr/bin/python3 -W ignore:setup.py install is deprecated setup.py egg_info --egg-base ../../build/beckhoff build --build-base /home/student/ros_ws/RosSystem/build/beckhoff/build install --record /home/student/ros_ws/RosSystem/build/beckhoff/install.log --single-version-externally-managed install_data
[0.986s] running egg_info
[0.987s] writing ../../build/beckhoff/beckhoff.egg-info/PKG-INFO
[0.988s] writing dependency_links to ../../build/beckhoff/beckhoff.egg-info/dependency_links.txt
[0.988s] writing entry points to ../../build/beckhoff/beckhoff.egg-info/entry_points.txt
[0.988s] writing requirements to ../../build/beckhoff/beckhoff.egg-info/requires.txt
[0.989s] writing top-level names to ../../build/beckhoff/beckhoff.egg-info/top_level.txt
[0.992s] reading manifest file '../../build/beckhoff/beckhoff.egg-info/SOURCES.txt'
[0.992s] adding license file 'LICENSE'
[0.993s] writing manifest file '../../build/beckhoff/beckhoff.egg-info/SOURCES.txt'
[0.993s] running build
[0.993s] running build_py
[0.993s] copying beckhoff/Communication.py -> /home/student/ros_ws/RosSystem/build/beckhoff/build/lib/beckhoff
[0.994s] copying beckhoff/cinematicRobot.py -> /home/student/ros_ws/RosSystem/build/beckhoff/build/lib/beckhoff
[0.994s] copying beckhoff/cinematicCommand.py -> /home/student/ros_ws/RosSystem/build/beckhoff/build/lib/beckhoff
[0.994s] running install
[0.994s] running install_lib
[0.995s] copying /home/student/ros_ws/RosSystem/build/beckhoff/build/lib/beckhoff/Communication.py -> /home/student/ros_ws/RosSystem/install/beckhoff/lib/python3.10/site-packages/beckhoff
[0.995s] copying /home/student/ros_ws/RosSystem/build/beckhoff/build/lib/beckhoff/cinematicRobot.py -> /home/student/ros_ws/RosSystem/install/beckhoff/lib/python3.10/site-packages/beckhoff
[0.995s] copying /home/student/ros_ws/RosSystem/build/beckhoff/build/lib/beckhoff/cinematicCommand.py -> /home/student/ros_ws/RosSystem/install/beckhoff/lib/python3.10/site-packages/beckhoff
[0.996s] byte-compiling /home/student/ros_ws/RosSystem/install/beckhoff/lib/python3.10/site-packages/beckhoff/Communication.py to Communication.cpython-310.pyc
[0.997s] byte-compiling /home/student/ros_ws/RosSystem/install/beckhoff/lib/python3.10/site-packages/beckhoff/cinematicRobot.py to cinematicRobot.cpython-310.pyc
[0.998s] byte-compiling /home/student/ros_ws/RosSystem/install/beckhoff/lib/python3.10/site-packages/beckhoff/cinematicCommand.py to cinematicCommand.cpython-310.pyc
[0.999s] running install_data
[1.000s] running install_egg_info
[1.003s] removing '/home/student/ros_ws/RosSystem/install/beckhoff/lib/python3.10/site-packages/beckhoff-0.0.0-py3.10.egg-info' (and everything under it)
[1.003s] Copying ../../build/beckhoff/beckhoff.egg-info to /home/student/ros_ws/RosSystem/install/beckhoff/lib/python3.10/site-packages/beckhoff-0.0.0-py3.10.egg-info
[1.005s] running install_scripts
[1.028s] Installing Communication script to /home/student/ros_ws/RosSystem/install/beckhoff/lib/beckhoff
[1.029s] Installing command script to /home/student/ros_ws/RosSystem/install/beckhoff/lib/beckhoff
[1.029s] Installing listener script to /home/student/ros_ws/RosSystem/install/beckhoff/lib/beckhoff
[1.029s] Installing plan script to /home/student/ros_ws/RosSystem/install/beckhoff/lib/beckhoff
[1.029s] writing list of installed files to '/home/student/ros_ws/RosSystem/build/beckhoff/install.log'
[1.085s] Invoked command in '/home/student/ros_ws/RosSystem/src/beckhoff' returned '0': PYTHONPATH=/home/student/ros_ws/RosSystem/build/beckhoff/prefix_override:/home/student/ros_ws/RosSystem/install/beckhoff/lib/python3.10/site-packages:${PYTHONPATH} /usr/bin/python3 -W ignore:setup.py install is deprecated setup.py egg_info --egg-base ../../build/beckhoff build --build-base /home/student/ros_ws/RosSystem/build/beckhoff/build install --record /home/student/ros_ws/RosSystem/build/beckhoff/install.log --single-version-externally-managed install_data
