[0.589s] Invoking command in '/home/student/ros_ws/RosSystem/src/beckhoff': PYTHONPATH=/home/student/ros_ws/RosSystem/build/beckhoff/prefix_override:/home/student/ros_ws/RosSystem/install/beckhoff/lib/python3.10/site-packages:${PYTHONPATH} /usr/bin/python3 -W ignore:setup.py install is deprecated setup.py egg_info --egg-base ../../build/beckhoff build --build-base /home/student/ros_ws/RosSystem/build/beckhoff/build install --record /home/student/ros_ws/RosSystem/build/beckhoff/install.log --single-version-externally-managed install_data
[0.803s] running egg_info
[0.804s] writing ../../build/beckhoff/beckhoff.egg-info/PKG-INFO
[0.804s] writing dependency_links to ../../build/beckhoff/beckhoff.egg-info/dependency_links.txt
[0.804s] writing entry points to ../../build/beckhoff/beckhoff.egg-info/entry_points.txt
[0.804s] writing requirements to ../../build/beckhoff/beckhoff.egg-info/requires.txt
[0.804s] writing top-level names to ../../build/beckhoff/beckhoff.egg-info/top_level.txt
[0.806s] reading manifest file '../../build/beckhoff/beckhoff.egg-info/SOURCES.txt'
[0.806s] adding license file 'LICENSE'
[0.807s] writing manifest file '../../build/beckhoff/beckhoff.egg-info/SOURCES.txt'
[0.807s] running build
[0.807s] running build_py
[0.807s] copying beckhoff/listenerPos.py -> /home/student/ros_ws/RosSystem/build/beckhoff/build/lib/beckhoff
[0.807s] running install
[0.808s] running install_lib
[0.809s] copying /home/student/ros_ws/RosSystem/build/beckhoff/build/lib/beckhoff/listenerPos.py -> /home/student/ros_ws/RosSystem/install/beckhoff/lib/python3.10/site-packages/beckhoff
[0.810s] byte-compiling /home/student/ros_ws/RosSystem/install/beckhoff/lib/python3.10/site-packages/beckhoff/listenerPos.py to listenerPos.cpython-310.pyc
[0.810s] running install_data
[0.810s] running install_egg_info
[0.814s] removing '/home/student/ros_ws/RosSystem/install/beckhoff/lib/python3.10/site-packages/beckhoff-0.0.0-py3.10.egg-info' (and everything under it)
[0.815s] Copying ../../build/beckhoff/beckhoff.egg-info to /home/student/ros_ws/RosSystem/install/beckhoff/lib/python3.10/site-packages/beckhoff-0.0.0-py3.10.egg-info
[0.815s] running install_scripts
[0.837s] Installing Communication script to /home/student/ros_ws/RosSystem/install/beckhoff/lib/beckhoff
[0.837s] Installing command script to /home/student/ros_ws/RosSystem/install/beckhoff/lib/beckhoff
[0.837s] Installing listener script to /home/student/ros_ws/RosSystem/install/beckhoff/lib/beckhoff
[0.838s] writing list of installed files to '/home/student/ros_ws/RosSystem/build/beckhoff/install.log'
[0.875s] Invoked command in '/home/student/ros_ws/RosSystem/src/beckhoff' returned '0': PYTHONPATH=/home/student/ros_ws/RosSystem/build/beckhoff/prefix_override:/home/student/ros_ws/RosSystem/install/beckhoff/lib/python3.10/site-packages:${PYTHONPATH} /usr/bin/python3 -W ignore:setup.py install is deprecated setup.py egg_info --egg-base ../../build/beckhoff build --build-base /home/student/ros_ws/RosSystem/build/beckhoff/build install --record /home/student/ros_ws/RosSystem/build/beckhoff/install.log --single-version-externally-managed install_data
