[0.536s] Invoking command in '/home/student/ros_ws/RosSystem/src/beckhoff': PYTHONPATH=/home/student/ros_ws/RosSystem/build/beckhoff/prefix_override:/home/student/ros_ws/RosSystem/install/beckhoff/lib/python3.10/site-packages:${PYTHONPATH} /usr/bin/python3 -W ignore:setup.py install is deprecated setup.py egg_info --egg-base ../../build/beckhoff build --build-base /home/student/ros_ws/RosSystem/build/beckhoff/build install --record /home/student/ros_ws/RosSystem/build/beckhoff/install.log --single-version-externally-managed install_data
[0.729s] running egg_info
[0.729s] writing ../../build/beckhoff/beckhoff.egg-info/PKG-INFO
[0.730s] writing dependency_links to ../../build/beckhoff/beckhoff.egg-info/dependency_links.txt
[0.730s] writing entry points to ../../build/beckhoff/beckhoff.egg-info/entry_points.txt
[0.730s] writing requirements to ../../build/beckhoff/beckhoff.egg-info/requires.txt
[0.730s] writing top-level names to ../../build/beckhoff/beckhoff.egg-info/top_level.txt
[0.732s] reading manifest file '../../build/beckhoff/beckhoff.egg-info/SOURCES.txt'
[0.732s] adding license file 'LICENSE'
[0.732s] writing manifest file '../../build/beckhoff/beckhoff.egg-info/SOURCES.txt'
[0.732s] running build
[0.732s] running build_py
[0.733s] copying beckhoff/Communication.py -> /home/student/ros_ws/RosSystem/build/beckhoff/build/lib/beckhoff
[0.733s] running install
[0.733s] running install_lib
[0.734s] copying /home/student/ros_ws/RosSystem/build/beckhoff/build/lib/beckhoff/Communication.py -> /home/student/ros_ws/RosSystem/install/beckhoff/lib/python3.10/site-packages/beckhoff
[0.734s] byte-compiling /home/student/ros_ws/RosSystem/install/beckhoff/lib/python3.10/site-packages/beckhoff/Communication.py to Communication.cpython-310.pyc
[0.735s] running install_data
[0.735s] running install_egg_info
[0.736s] removing '/home/student/ros_ws/RosSystem/install/beckhoff/lib/python3.10/site-packages/beckhoff-0.0.0-py3.10.egg-info' (and everything under it)
[0.737s] Copying ../../build/beckhoff/beckhoff.egg-info to /home/student/ros_ws/RosSystem/install/beckhoff/lib/python3.10/site-packages/beckhoff-0.0.0-py3.10.egg-info
[0.737s] running install_scripts
[0.754s] Installing Communication script to /home/student/ros_ws/RosSystem/install/beckhoff/lib/beckhoff
[0.755s] Installing command script to /home/student/ros_ws/RosSystem/install/beckhoff/lib/beckhoff
[0.755s] writing list of installed files to '/home/student/ros_ws/RosSystem/build/beckhoff/install.log'
