-- Found ament_cmake: 1.3.9 (/opt/ros/humble/share/ament_cmake/cmake)
-- Found rosidl_default_generators: 1.2.0 (/opt/ros/humble/share/rosidl_default_generators/cmake)
-- Using all available rosidl_typesupport_c: rosidl_typesupport_fastrtps_c;rosidl_typesupport_introspection_c
-- Found rosidl_adapter: 3.1.5 (/opt/ros/humble/share/rosidl_adapter/cmake)
-- Using all available rosidl_typesupport_cpp: rosidl_typesupport_fastrtps_cpp;rosidl_typesupport_introspection_cpp
-- Found ament_cmake_ros: 0.10.0 (/opt/ros/humble/share/ament_cmake_ros/cmake)
-- Using all available rosidl_typesupport_c: rosidl_typesupport_fastrtps_c;rosidl_typesupport_introspection_c
-- Using all available rosidl_typesupport_cpp: rosidl_typesupport_fastrtps_cpp;rosidl_typesupport_introspection_cpp
-- Found python_cmake_module: 0.10.0 (/opt/ros/humble/share/python_cmake_module/cmake)
-- Using PYTHON_EXECUTABLE: /usr/bin/python3
-- Using PYTHON_INCLUDE_DIRS: /usr/include/python3.10
-- Using PYTHON_LIBRARIES: /usr/lib/x86_64-linux-gnu/libpython3.10.so
-- Found ament_lint_auto: 0.12.11 (/opt/ros/humble/share/ament_lint_auto/cmake)
-- Added test 'lint_cmake' to check CMake code style
-- Added test 'xmllint' to check XML markup files
-- Configuring done
-- Generating done
-- Build files have been written to: /home/student/ros_ws/RosSystem/build/beckhoff_interfaces
[35m[1mConsolidate compiler generated dependencies of target beckhoff_interfaces__rosidl_generator_c[0m
[  1%] Built target beckhoff_interfaces__cpp
[ 12%] Built target beckhoff_interfaces__rosidl_generator_c
[ 12%] Built target ament_cmake_python_copy_beckhoff_interfaces
[35m[1mConsolidate compiler generated dependencies of target beckhoff_interfaces__rosidl_typesupport_introspection_cpp[0m
[35m[1mConsolidate compiler generated dependencies of target beckhoff_interfaces__rosidl_typesupport_cpp[0m
[35m[1mConsolidate compiler generated dependencies of target beckhoff_interfaces__rosidl_typesupport_fastrtps_cpp[0m
[35m[1mConsolidate compiler generated dependencies of target beckhoff_interfaces__rosidl_typesupport_c[0m
[35m[1mConsolidate compiler generated dependencies of target beckhoff_interfaces__rosidl_typesupport_introspection_c[0m
[35m[1mConsolidate compiler generated dependencies of target beckhoff_interfaces__rosidl_typesupport_fastrtps_c[0m
[ 36%] Built target beckhoff_interfaces__rosidl_typesupport_c
[ 38%] Built target beckhoff_interfaces__rosidl_typesupport_introspection_c
[ 45%] Built target beckhoff_interfaces__rosidl_typesupport_introspection_cpp
[ 61%] Built target beckhoff_interfaces__rosidl_typesupport_fastrtps_cpp
[ 67%] Built target beckhoff_interfaces__rosidl_typesupport_cpp
[ 78%] Built target beckhoff_interfaces__rosidl_typesupport_fastrtps_c
[ 78%] Built target beckhoff_interfaces
[ 80%] Built target beckhoff_interfaces__py
[35m[1mConsolidate compiler generated dependencies of target beckhoff_interfaces__rosidl_generator_py[0m
[ 89%] Built target beckhoff_interfaces__rosidl_generator_py
[35m[1mConsolidate compiler generated dependencies of target beckhoff_interfaces__rosidl_typesupport_fastrtps_c__pyext[0m
[35m[1mConsolidate compiler generated dependencies of target beckhoff_interfaces__rosidl_typesupport_introspection_c__pyext[0m
[35m[1mConsolidate compiler generated dependencies of target beckhoff_interfaces__rosidl_typesupport_c__pyext[0m
[ 94%] Built target beckhoff_interfaces__rosidl_typesupport_introspection_c__pyext
[ 96%] Built target beckhoff_interfaces__rosidl_typesupport_fastrtps_c__pyext
[100%] Built target beckhoff_interfaces__rosidl_typesupport_c__pyext
running egg_info
writing beckhoff_interfaces.egg-info/PKG-INFO
writing dependency_links to beckhoff_interfaces.egg-info/dependency_links.txt
writing top-level names to beckhoff_interfaces.egg-info/top_level.txt
reading manifest file 'beckhoff_interfaces.egg-info/SOURCES.txt'
writing manifest file 'beckhoff_interfaces.egg-info/SOURCES.txt'
[100%] Built target ament_cmake_python_build_beckhoff_interfaces_egg
-- Install configuration: ""
-- Up-to-date: /home/student/ros_ws/RosSystem/install/beckhoff_interfaces/share/ament_index/resource_index/rosidl_interfaces/beckhoff_interfaces
-- Up-to-date: /home/student/ros_ws/RosSystem/install/beckhoff_interfaces/include/beckhoff_interfaces/beckhoff_interfaces
-- Up-to-date: /home/student/ros_ws/RosSystem/install/beckhoff_interfaces/include/beckhoff_interfaces/beckhoff_interfaces/action
-- Up-to-date: /home/student/ros_ws/RosSystem/install/beckhoff_interfaces/include/beckhoff_interfaces/beckhoff_interfaces/action/move.h
-- Up-to-date: /home/student/ros_ws/RosSystem/install/beckhoff_interfaces/include/beckhoff_interfaces/beckhoff_interfaces/action/detail
-- Up-to-date: /home/student/ros_ws/RosSystem/install/beckhoff_interfaces/include/beckhoff_interfaces/beckhoff_interfaces/action/detail/move__type_support.h
-- Up-to-date: /home/student/ros_ws/RosSystem/install/beckhoff_interfaces/include/beckhoff_interfaces/beckhoff_interfaces/action/detail/move__functions.h
-- Up-to-date: /home/student/ros_ws/RosSystem/install/beckhoff_interfaces/include/beckhoff_interfaces/beckhoff_interfaces/action/detail/move__struct.h
-- Up-to-date: /home/student/ros_ws/RosSystem/install/beckhoff_interfaces/include/beckhoff_interfaces/beckhoff_interfaces/action/detail/move__functions.c
-- Up-to-date: /home/student/ros_ws/RosSystem/install/beckhoff_interfaces/include/beckhoff_interfaces/beckhoff_interfaces/msg
-- Up-to-date: /home/student/ros_ws/RosSystem/install/beckhoff_interfaces/include/beckhoff_interfaces/beckhoff_interfaces/msg/position.h
-- Up-to-date: /home/student/ros_ws/RosSystem/install/beckhoff_interfaces/include/beckhoff_interfaces/beckhoff_interfaces/msg/rosidl_generator_c__visibility_control.h
-- Up-to-date: /home/student/ros_ws/RosSystem/install/beckhoff_interfaces/include/beckhoff_interfaces/beckhoff_interfaces/msg/detail
-- Up-to-date: /home/student/ros_ws/RosSystem/install/beckhoff_interfaces/include/beckhoff_interfaces/beckhoff_interfaces/msg/detail/position__struct.h
-- Up-to-date: /home/student/ros_ws/RosSystem/install/beckhoff_interfaces/include/beckhoff_interfaces/beckhoff_interfaces/msg/detail/position__type_support.h
-- Up-to-date: /home/student/ros_ws/RosSystem/install/beckhoff_interfaces/include/beckhoff_interfaces/beckhoff_interfaces/msg/detail/position__functions.c
-- Up-to-date: /home/student/ros_ws/RosSystem/install/beckhoff_interfaces/include/beckhoff_interfaces/beckhoff_interfaces/msg/detail/position__functions.h
-- Up-to-date: /home/student/ros_ws/RosSystem/install/beckhoff_interfaces/include/beckhoff_interfaces/beckhoff_interfaces/srv
-- Up-to-date: /home/student/ros_ws/RosSystem/install/beckhoff_interfaces/include/beckhoff_interfaces/beckhoff_interfaces/srv/cartesian_move.h
-- Up-to-date: /home/student/ros_ws/RosSystem/install/beckhoff_interfaces/include/beckhoff_interfaces/beckhoff_interfaces/srv/detail
-- Up-to-date: /home/student/ros_ws/RosSystem/install/beckhoff_interfaces/include/beckhoff_interfaces/beckhoff_interfaces/srv/detail/target_pose__functions.c
-- Up-to-date: /home/student/ros_ws/RosSystem/install/beckhoff_interfaces/include/beckhoff_interfaces/beckhoff_interfaces/srv/detail/cartesian_move__functions.h
-- Up-to-date: /home/student/ros_ws/RosSystem/install/beckhoff_interfaces/include/beckhoff_interfaces/beckhoff_interfaces/srv/detail/target_pose__struct.h
-- Up-to-date: /home/student/ros_ws/RosSystem/install/beckhoff_interfaces/include/beckhoff_interfaces/beckhoff_interfaces/srv/detail/cartesian_move__type_support.h
-- Up-to-date: /home/student/ros_ws/RosSystem/install/beckhoff_interfaces/include/beckhoff_interfaces/beckhoff_interfaces/srv/detail/target_pose__type_support.h
-- Up-to-date: /home/student/ros_ws/RosSystem/install/beckhoff_interfaces/include/beckhoff_interfaces/beckhoff_interfaces/srv/detail/target_pose__functions.h
-- Up-to-date: /home/student/ros_ws/RosSystem/install/beckhoff_interfaces/include/beckhoff_interfaces/beckhoff_interfaces/srv/detail/cartesian_move__struct.h
-- Up-to-date: /home/student/ros_ws/RosSystem/install/beckhoff_interfaces/include/beckhoff_interfaces/beckhoff_interfaces/srv/detail/cartesian_move__functions.c
-- Up-to-date: /home/student/ros_ws/RosSystem/install/beckhoff_interfaces/include/beckhoff_interfaces/beckhoff_interfaces/srv/target_pose.h
-- Up-to-date: /home/student/ros_ws/RosSystem/install/beckhoff_interfaces/share/beckhoff_interfaces/environment/library_path.sh
-- Installing: /home/student/ros_ws/RosSystem/install/beckhoff_interfaces/share/beckhoff_interfaces/environment/library_path.dsv
-- Up-to-date: /home/student/ros_ws/RosSystem/install/beckhoff_interfaces/lib/libbeckhoff_interfaces__rosidl_generator_c.so
-- Up-to-date: /home/student/ros_ws/RosSystem/install/beckhoff_interfaces/include/beckhoff_interfaces/beckhoff_interfaces
-- Up-to-date: /home/student/ros_ws/RosSystem/install/beckhoff_interfaces/include/beckhoff_interfaces/beckhoff_interfaces/action
-- Up-to-date: /home/student/ros_ws/RosSystem/install/beckhoff_interfaces/include/beckhoff_interfaces/beckhoff_interfaces/action/detail
-- Up-to-date: /home/student/ros_ws/RosSystem/install/beckhoff_interfaces/include/beckhoff_interfaces/beckhoff_interfaces/action/detail/move__rosidl_typesupport_fastrtps_c.h
-- Up-to-date: /home/student/ros_ws/RosSystem/install/beckhoff_interfaces/include/beckhoff_interfaces/beckhoff_interfaces/msg
-- Up-to-date: /home/student/ros_ws/RosSystem/install/beckhoff_interfaces/include/beckhoff_interfaces/beckhoff_interfaces/msg/rosidl_typesupport_fastrtps_c__visibility_control.h
-- Up-to-date: /home/student/ros_ws/RosSystem/install/beckhoff_interfaces/include/beckhoff_interfaces/beckhoff_interfaces/msg/detail
-- Up-to-date: /home/student/ros_ws/RosSystem/install/beckhoff_interfaces/include/beckhoff_interfaces/beckhoff_interfaces/msg/detail/position__rosidl_typesupport_fastrtps_c.h
-- Up-to-date: /home/student/ros_ws/RosSystem/install/beckhoff_interfaces/include/beckhoff_interfaces/beckhoff_interfaces/srv
-- Up-to-date: /home/student/ros_ws/RosSystem/install/beckhoff_interfaces/include/beckhoff_interfaces/beckhoff_interfaces/srv/detail
-- Up-to-date: /home/student/ros_ws/RosSystem/install/beckhoff_interfaces/include/beckhoff_interfaces/beckhoff_interfaces/srv/detail/cartesian_move__rosidl_typesupport_fastrtps_c.h
-- Up-to-date: /home/student/ros_ws/RosSystem/install/beckhoff_interfaces/include/beckhoff_interfaces/beckhoff_interfaces/srv/detail/target_pose__rosidl_typesupport_fastrtps_c.h
-- Up-to-date: /home/student/ros_ws/RosSystem/install/beckhoff_interfaces/lib/libbeckhoff_interfaces__rosidl_typesupport_fastrtps_c.so
-- Up-to-date: /home/student/ros_ws/RosSystem/install/beckhoff_interfaces/include/beckhoff_interfaces/beckhoff_interfaces
-- Up-to-date: /home/student/ros_ws/RosSystem/install/beckhoff_interfaces/include/beckhoff_interfaces/beckhoff_interfaces/action
-- Up-to-date: /home/student/ros_ws/RosSystem/install/beckhoff_interfaces/include/beckhoff_interfaces/beckhoff_interfaces/action/detail
-- Up-to-date: /home/student/ros_ws/RosSystem/install/beckhoff_interfaces/include/beckhoff_interfaces/beckhoff_interfaces/action/detail/move__type_support.c
-- Up-to-date: /home/student/ros_ws/RosSystem/install/beckhoff_interfaces/include/beckhoff_interfaces/beckhoff_interfaces/action/detail/move__rosidl_typesupport_introspection_c.h
-- Up-to-date: /home/student/ros_ws/RosSystem/install/beckhoff_interfaces/include/beckhoff_interfaces/beckhoff_interfaces/msg
-- Up-to-date: /home/student/ros_ws/RosSystem/install/beckhoff_interfaces/include/beckhoff_interfaces/beckhoff_interfaces/msg/rosidl_typesupport_introspection_c__visibility_control.h
-- Up-to-date: /home/student/ros_ws/RosSystem/install/beckhoff_interfaces/include/beckhoff_interfaces/beckhoff_interfaces/msg/detail
-- Up-to-date: /home/student/ros_ws/RosSystem/install/beckhoff_interfaces/include/beckhoff_interfaces/beckhoff_interfaces/msg/detail/position__rosidl_typesupport_introspection_c.h
-- Up-to-date: /home/student/ros_ws/RosSystem/install/beckhoff_interfaces/include/beckhoff_interfaces/beckhoff_interfaces/msg/detail/position__type_support.c
-- Up-to-date: /home/student/ros_ws/RosSystem/install/beckhoff_interfaces/include/beckhoff_interfaces/beckhoff_interfaces/srv
-- Up-to-date: /home/student/ros_ws/RosSystem/install/beckhoff_interfaces/include/beckhoff_interfaces/beckhoff_interfaces/srv/detail
-- Up-to-date: /home/student/ros_ws/RosSystem/install/beckhoff_interfaces/include/beckhoff_interfaces/beckhoff_interfaces/srv/detail/target_pose__type_support.c
-- Up-to-date: /home/student/ros_ws/RosSystem/install/beckhoff_interfaces/include/beckhoff_interfaces/beckhoff_interfaces/srv/detail/cartesian_move__type_support.c
-- Up-to-date: /home/student/ros_ws/RosSystem/install/beckhoff_interfaces/include/beckhoff_interfaces/beckhoff_interfaces/srv/detail/target_pose__rosidl_typesupport_introspection_c.h
-- Up-to-date: /home/student/ros_ws/RosSystem/install/beckhoff_interfaces/include/beckhoff_interfaces/beckhoff_interfaces/srv/detail/cartesian_move__rosidl_typesupport_introspection_c.h
-- Up-to-date: /home/student/ros_ws/RosSystem/install/beckhoff_interfaces/lib/libbeckhoff_interfaces__rosidl_typesupport_introspection_c.so
-- Up-to-date: /home/student/ros_ws/RosSystem/install/beckhoff_interfaces/lib/libbeckhoff_interfaces__rosidl_typesupport_c.so
-- Up-to-date: /home/student/ros_ws/RosSystem/install/beckhoff_interfaces/include/beckhoff_interfaces/beckhoff_interfaces
-- Up-to-date: /home/student/ros_ws/RosSystem/install/beckhoff_interfaces/include/beckhoff_interfaces/beckhoff_interfaces/action
-- Up-to-date: /home/student/ros_ws/RosSystem/install/beckhoff_interfaces/include/beckhoff_interfaces/beckhoff_interfaces/action/detail
-- Up-to-date: /home/student/ros_ws/RosSystem/install/beckhoff_interfaces/include/beckhoff_interfaces/beckhoff_interfaces/action/detail/move__builder.hpp
-- Up-to-date: /home/student/ros_ws/RosSystem/install/beckhoff_interfaces/include/beckhoff_interfaces/beckhoff_interfaces/action/detail/move__struct.hpp
-- Up-to-date: /home/student/ros_ws/RosSystem/install/beckhoff_interfaces/include/beckhoff_interfaces/beckhoff_interfaces/action/detail/move__traits.hpp
-- Up-to-date: /home/student/ros_ws/RosSystem/install/beckhoff_interfaces/include/beckhoff_interfaces/beckhoff_interfaces/action/move.hpp
-- Up-to-date: /home/student/ros_ws/RosSystem/install/beckhoff_interfaces/include/beckhoff_interfaces/beckhoff_interfaces/msg
-- Up-to-date: /home/student/ros_ws/RosSystem/install/beckhoff_interfaces/include/beckhoff_interfaces/beckhoff_interfaces/msg/position.hpp
-- Up-to-date: /home/student/ros_ws/RosSystem/install/beckhoff_interfaces/include/beckhoff_interfaces/beckhoff_interfaces/msg/detail
-- Up-to-date: /home/student/ros_ws/RosSystem/install/beckhoff_interfaces/include/beckhoff_interfaces/beckhoff_interfaces/msg/detail/position__traits.hpp
-- Up-to-date: /home/student/ros_ws/RosSystem/install/beckhoff_interfaces/include/beckhoff_interfaces/beckhoff_interfaces/msg/detail/position__builder.hpp
-- Up-to-date: /home/student/ros_ws/RosSystem/install/beckhoff_interfaces/include/beckhoff_interfaces/beckhoff_interfaces/msg/detail/position__struct.hpp
-- Up-to-date: /home/student/ros_ws/RosSystem/install/beckhoff_interfaces/include/beckhoff_interfaces/beckhoff_interfaces/srv
-- Up-to-date: /home/student/ros_ws/RosSystem/install/beckhoff_interfaces/include/beckhoff_interfaces/beckhoff_interfaces/srv/cartesian_move.hpp
-- Up-to-date: /home/student/ros_ws/RosSystem/install/beckhoff_interfaces/include/beckhoff_interfaces/beckhoff_interfaces/srv/detail
-- Up-to-date: /home/student/ros_ws/RosSystem/install/beckhoff_interfaces/include/beckhoff_interfaces/beckhoff_interfaces/srv/detail/cartesian_move__builder.hpp
-- Up-to-date: /home/student/ros_ws/RosSystem/install/beckhoff_interfaces/include/beckhoff_interfaces/beckhoff_interfaces/srv/detail/target_pose__builder.hpp
-- Up-to-date: /home/student/ros_ws/RosSystem/install/beckhoff_interfaces/include/beckhoff_interfaces/beckhoff_interfaces/srv/detail/target_pose__traits.hpp
-- Up-to-date: /home/student/ros_ws/RosSystem/install/beckhoff_interfaces/include/beckhoff_interfaces/beckhoff_interfaces/srv/detail/target_pose__struct.hpp
-- Up-to-date: /home/student/ros_ws/RosSystem/install/beckhoff_interfaces/include/beckhoff_interfaces/beckhoff_interfaces/srv/detail/cartesian_move__struct.hpp
-- Up-to-date: /home/student/ros_ws/RosSystem/install/beckhoff_interfaces/include/beckhoff_interfaces/beckhoff_interfaces/srv/detail/cartesian_move__traits.hpp
-- Up-to-date: /home/student/ros_ws/RosSystem/install/beckhoff_interfaces/include/beckhoff_interfaces/beckhoff_interfaces/srv/target_pose.hpp
-- Up-to-date: /home/student/ros_ws/RosSystem/install/beckhoff_interfaces/include/beckhoff_interfaces/beckhoff_interfaces
-- Up-to-date: /home/student/ros_ws/RosSystem/install/beckhoff_interfaces/include/beckhoff_interfaces/beckhoff_interfaces/action
-- Up-to-date: /home/student/ros_ws/RosSystem/install/beckhoff_interfaces/include/beckhoff_interfaces/beckhoff_interfaces/action/detail
-- Up-to-date: /home/student/ros_ws/RosSystem/install/beckhoff_interfaces/include/beckhoff_interfaces/beckhoff_interfaces/action/detail/dds_fastrtps
-- Up-to-date: /home/student/ros_ws/RosSystem/install/beckhoff_interfaces/include/beckhoff_interfaces/beckhoff_interfaces/action/detail/move__rosidl_typesupport_fastrtps_cpp.hpp
-- Up-to-date: /home/student/ros_ws/RosSystem/install/beckhoff_interfaces/include/beckhoff_interfaces/beckhoff_interfaces/msg
-- Up-to-date: /home/student/ros_ws/RosSystem/install/beckhoff_interfaces/include/beckhoff_interfaces/beckhoff_interfaces/msg/rosidl_typesupport_fastrtps_cpp__visibility_control.h
-- Up-to-date: /home/student/ros_ws/RosSystem/install/beckhoff_interfaces/include/beckhoff_interfaces/beckhoff_interfaces/msg/detail
-- Up-to-date: /home/student/ros_ws/RosSystem/install/beckhoff_interfaces/include/beckhoff_interfaces/beckhoff_interfaces/msg/detail/dds_fastrtps
-- Up-to-date: /home/student/ros_ws/RosSystem/install/beckhoff_interfaces/include/beckhoff_interfaces/beckhoff_interfaces/msg/detail/position__rosidl_typesupport_fastrtps_cpp.hpp
-- Up-to-date: /home/student/ros_ws/RosSystem/install/beckhoff_interfaces/include/beckhoff_interfaces/beckhoff_interfaces/srv
-- Up-to-date: /home/student/ros_ws/RosSystem/install/beckhoff_interfaces/include/beckhoff_interfaces/beckhoff_interfaces/srv/detail
-- Up-to-date: /home/student/ros_ws/RosSystem/install/beckhoff_interfaces/include/beckhoff_interfaces/beckhoff_interfaces/srv/detail/dds_fastrtps
-- Up-to-date: /home/student/ros_ws/RosSystem/install/beckhoff_interfaces/include/beckhoff_interfaces/beckhoff_interfaces/srv/detail/target_pose__rosidl_typesupport_fastrtps_cpp.hpp
-- Up-to-date: /home/student/ros_ws/RosSystem/install/beckhoff_interfaces/include/beckhoff_interfaces/beckhoff_interfaces/srv/detail/cartesian_move__rosidl_typesupport_fastrtps_cpp.hpp
-- Up-to-date: /home/student/ros_ws/RosSystem/install/beckhoff_interfaces/lib/libbeckhoff_interfaces__rosidl_typesupport_fastrtps_cpp.so
-- Up-to-date: /home/student/ros_ws/RosSystem/install/beckhoff_interfaces/include/beckhoff_interfaces/beckhoff_interfaces
-- Up-to-date: /home/student/ros_ws/RosSystem/install/beckhoff_interfaces/include/beckhoff_interfaces/beckhoff_interfaces/action
-- Up-to-date: /home/student/ros_ws/RosSystem/install/beckhoff_interfaces/include/beckhoff_interfaces/beckhoff_interfaces/action/detail
-- Up-to-date: /home/student/ros_ws/RosSystem/install/beckhoff_interfaces/include/beckhoff_interfaces/beckhoff_interfaces/action/detail/move__rosidl_typesupport_introspection_cpp.hpp
-- Up-to-date: /home/student/ros_ws/RosSystem/install/beckhoff_interfaces/include/beckhoff_interfaces/beckhoff_interfaces/action/detail/move__type_support.cpp
-- Up-to-date: /home/student/ros_ws/RosSystem/install/beckhoff_interfaces/include/beckhoff_interfaces/beckhoff_interfaces/msg
-- Up-to-date: /home/student/ros_ws/RosSystem/install/beckhoff_interfaces/include/beckhoff_interfaces/beckhoff_interfaces/msg/detail
-- Up-to-date: /home/student/ros_ws/RosSystem/install/beckhoff_interfaces/include/beckhoff_interfaces/beckhoff_interfaces/msg/detail/position__rosidl_typesupport_introspection_cpp.hpp
-- Up-to-date: /home/student/ros_ws/RosSystem/install/beckhoff_interfaces/include/beckhoff_interfaces/beckhoff_interfaces/msg/detail/position__type_support.cpp
-- Up-to-date: /home/student/ros_ws/RosSystem/install/beckhoff_interfaces/include/beckhoff_interfaces/beckhoff_interfaces/srv
-- Up-to-date: /home/student/ros_ws/RosSystem/install/beckhoff_interfaces/include/beckhoff_interfaces/beckhoff_interfaces/srv/detail
-- Up-to-date: /home/student/ros_ws/RosSystem/install/beckhoff_interfaces/include/beckhoff_interfaces/beckhoff_interfaces/srv/detail/target_pose__type_support.cpp
-- Up-to-date: /home/student/ros_ws/RosSystem/install/beckhoff_interfaces/include/beckhoff_interfaces/beckhoff_interfaces/srv/detail/cartesian_move__rosidl_typesupport_introspection_cpp.hpp
-- Up-to-date: /home/student/ros_ws/RosSystem/install/beckhoff_interfaces/include/beckhoff_interfaces/beckhoff_interfaces/srv/detail/target_pose__rosidl_typesupport_introspection_cpp.hpp
-- Up-to-date: /home/student/ros_ws/RosSystem/install/beckhoff_interfaces/include/beckhoff_interfaces/beckhoff_interfaces/srv/detail/cartesian_move__type_support.cpp
-- Up-to-date: /home/student/ros_ws/RosSystem/install/beckhoff_interfaces/lib/libbeckhoff_interfaces__rosidl_typesupport_introspection_cpp.so
-- Up-to-date: /home/student/ros_ws/RosSystem/install/beckhoff_interfaces/lib/libbeckhoff_interfaces__rosidl_typesupport_cpp.so
-- Up-to-date: /home/student/ros_ws/RosSystem/install/beckhoff_interfaces/share/beckhoff_interfaces/environment/pythonpath.sh
-- Installing: /home/student/ros_ws/RosSystem/install/beckhoff_interfaces/share/beckhoff_interfaces/environment/pythonpath.dsv
-- Up-to-date: /home/student/ros_ws/RosSystem/install/beckhoff_interfaces/local/lib/python3.10/dist-packages/beckhoff_interfaces-0.0.0-py3.10.egg-info
-- Installing: /home/student/ros_ws/RosSystem/install/beckhoff_interfaces/local/lib/python3.10/dist-packages/beckhoff_interfaces-0.0.0-py3.10.egg-info/top_level.txt
-- Installing: /home/student/ros_ws/RosSystem/install/beckhoff_interfaces/local/lib/python3.10/dist-packages/beckhoff_interfaces-0.0.0-py3.10.egg-info/dependency_links.txt
-- Installing: /home/student/ros_ws/RosSystem/install/beckhoff_interfaces/local/lib/python3.10/dist-packages/beckhoff_interfaces-0.0.0-py3.10.egg-info/SOURCES.txt
-- Installing: /home/student/ros_ws/RosSystem/install/beckhoff_interfaces/local/lib/python3.10/dist-packages/beckhoff_interfaces-0.0.0-py3.10.egg-info/PKG-INFO
-- Up-to-date: /home/student/ros_ws/RosSystem/install/beckhoff_interfaces/local/lib/python3.10/dist-packages/beckhoff_interfaces
-- Up-to-date: /home/student/ros_ws/RosSystem/install/beckhoff_interfaces/local/lib/python3.10/dist-packages/beckhoff_interfaces/action
-- Up-to-date: /home/student/ros_ws/RosSystem/install/beckhoff_interfaces/local/lib/python3.10/dist-packages/beckhoff_interfaces/action/_move.py
-- Up-to-date: /home/student/ros_ws/RosSystem/install/beckhoff_interfaces/local/lib/python3.10/dist-packages/beckhoff_interfaces/action/__init__.py
-- Up-to-date: /home/student/ros_ws/RosSystem/install/beckhoff_interfaces/local/lib/python3.10/dist-packages/beckhoff_interfaces/action/_move_s.c
-- Up-to-date: /home/student/ros_ws/RosSystem/install/beckhoff_interfaces/local/lib/python3.10/dist-packages/beckhoff_interfaces/_beckhoff_interfaces_s.ep.rosidl_typesupport_fastrtps_c.c
-- Up-to-date: /home/student/ros_ws/RosSystem/install/beckhoff_interfaces/local/lib/python3.10/dist-packages/beckhoff_interfaces/_beckhoff_interfaces_s.ep.rosidl_typesupport_introspection_c.c
-- Up-to-date: /home/student/ros_ws/RosSystem/install/beckhoff_interfaces/local/lib/python3.10/dist-packages/beckhoff_interfaces/beckhoff_interfaces_s__rosidl_typesupport_fastrtps_c.cpython-310-x86_64-linux-gnu.so
-- Up-to-date: /home/student/ros_ws/RosSystem/install/beckhoff_interfaces/local/lib/python3.10/dist-packages/beckhoff_interfaces/beckhoff_interfaces_s__rosidl_typesupport_c.cpython-310-x86_64-linux-gnu.so
-- Up-to-date: /home/student/ros_ws/RosSystem/install/beckhoff_interfaces/local/lib/python3.10/dist-packages/beckhoff_interfaces/msg
-- Up-to-date: /home/student/ros_ws/RosSystem/install/beckhoff_interfaces/local/lib/python3.10/dist-packages/beckhoff_interfaces/msg/_position.py
-- Up-to-date: /home/student/ros_ws/RosSystem/install/beckhoff_interfaces/local/lib/python3.10/dist-packages/beckhoff_interfaces/msg/_position_s.c
-- Up-to-date: /home/student/ros_ws/RosSystem/install/beckhoff_interfaces/local/lib/python3.10/dist-packages/beckhoff_interfaces/msg/__init__.py
-- Up-to-date: /home/student/ros_ws/RosSystem/install/beckhoff_interfaces/local/lib/python3.10/dist-packages/beckhoff_interfaces/srv
-- Up-to-date: /home/student/ros_ws/RosSystem/install/beckhoff_interfaces/local/lib/python3.10/dist-packages/beckhoff_interfaces/srv/_cartesian_move.py
-- Up-to-date: /home/student/ros_ws/RosSystem/install/beckhoff_interfaces/local/lib/python3.10/dist-packages/beckhoff_interfaces/srv/_target_pose_s.c
-- Up-to-date: /home/student/ros_ws/RosSystem/install/beckhoff_interfaces/local/lib/python3.10/dist-packages/beckhoff_interfaces/srv/_target_pose.py
-- Up-to-date: /home/student/ros_ws/RosSystem/install/beckhoff_interfaces/local/lib/python3.10/dist-packages/beckhoff_interfaces/srv/_cartesian_move_s.c
-- Up-to-date: /home/student/ros_ws/RosSystem/install/beckhoff_interfaces/local/lib/python3.10/dist-packages/beckhoff_interfaces/srv/__init__.py
-- Up-to-date: /home/student/ros_ws/RosSystem/install/beckhoff_interfaces/local/lib/python3.10/dist-packages/beckhoff_interfaces/_beckhoff_interfaces_s.ep.rosidl_typesupport_c.c
-- Installing: /home/student/ros_ws/RosSystem/install/beckhoff_interfaces/local/lib/python3.10/dist-packages/beckhoff_interfaces/__init__.py
-- Up-to-date: /home/student/ros_ws/RosSystem/install/beckhoff_interfaces/local/lib/python3.10/dist-packages/beckhoff_interfaces/beckhoff_interfaces_s__rosidl_typesupport_introspection_c.cpython-310-x86_64-linux-gnu.so
-- Up-to-date: /home/student/ros_ws/RosSystem/install/beckhoff_interfaces/local/lib/python3.10/dist-packages/beckhoff_interfaces/libbeckhoff_interfaces__rosidl_generator_py.so
Listing '/home/student/ros_ws/RosSystem/install/beckhoff_interfaces/local/lib/python3.10/dist-packages/beckhoff_interfaces'...
Compiling '/home/student/ros_ws/RosSystem/install/beckhoff_interfaces/local/lib/python3.10/dist-packages/beckhoff_interfaces/__init__.py'...
Listing '/home/student/ros_ws/RosSystem/install/beckhoff_interfaces/local/lib/python3.10/dist-packages/beckhoff_interfaces/action'...
Listing '/home/student/ros_ws/RosSystem/install/beckhoff_interfaces/local/lib/python3.10/dist-packages/beckhoff_interfaces/msg'...
Listing '/home/student/ros_ws/RosSystem/install/beckhoff_interfaces/local/lib/python3.10/dist-packages/beckhoff_interfaces/srv'...
-- Up-to-date: /home/student/ros_ws/RosSystem/install/beckhoff_interfaces/local/lib/python3.10/dist-packages/beckhoff_interfaces/beckhoff_interfaces_s__rosidl_typesupport_fastrtps_c.cpython-310-x86_64-linux-gnu.so
-- Up-to-date: /home/student/ros_ws/RosSystem/install/beckhoff_interfaces/local/lib/python3.10/dist-packages/beckhoff_interfaces/beckhoff_interfaces_s__rosidl_typesupport_introspection_c.cpython-310-x86_64-linux-gnu.so
-- Up-to-date: /home/student/ros_ws/RosSystem/install/beckhoff_interfaces/local/lib/python3.10/dist-packages/beckhoff_interfaces/beckhoff_interfaces_s__rosidl_typesupport_c.cpython-310-x86_64-linux-gnu.so
-- Up-to-date: /home/student/ros_ws/RosSystem/install/beckhoff_interfaces/lib/libbeckhoff_interfaces__rosidl_generator_py.so
-- Up-to-date: /home/student/ros_ws/RosSystem/install/beckhoff_interfaces/share/beckhoff_interfaces/msg/Position.idl
-- Up-to-date: /home/student/ros_ws/RosSystem/install/beckhoff_interfaces/share/beckhoff_interfaces/srv/TargetPose.idl
-- Up-to-date: /home/student/ros_ws/RosSystem/install/beckhoff_interfaces/share/beckhoff_interfaces/srv/CartesianMove.idl
-- Up-to-date: /home/student/ros_ws/RosSystem/install/beckhoff_interfaces/share/beckhoff_interfaces/action/Move.idl
-- Up-to-date: /home/student/ros_ws/RosSystem/install/beckhoff_interfaces/share/beckhoff_interfaces/msg/Position.msg
-- Up-to-date: /home/student/ros_ws/RosSystem/install/beckhoff_interfaces/share/beckhoff_interfaces/srv/TargetPose.srv
-- Up-to-date: /home/student/ros_ws/RosSystem/install/beckhoff_interfaces/share/beckhoff_interfaces/srv/TargetPose_Request.msg
-- Up-to-date: /home/student/ros_ws/RosSystem/install/beckhoff_interfaces/share/beckhoff_interfaces/srv/TargetPose_Response.msg
-- Installing: /home/student/ros_ws/RosSystem/install/beckhoff_interfaces/share/beckhoff_interfaces/srv/CartesianMove.srv
-- Up-to-date: /home/student/ros_ws/RosSystem/install/beckhoff_interfaces/share/beckhoff_interfaces/srv/CartesianMove_Request.msg
-- Up-to-date: /home/student/ros_ws/RosSystem/install/beckhoff_interfaces/share/beckhoff_interfaces/srv/CartesianMove_Response.msg
-- Up-to-date: /home/student/ros_ws/RosSystem/install/beckhoff_interfaces/share/beckhoff_interfaces/action/Move.action
-- Up-to-date: /home/student/ros_ws/RosSystem/install/beckhoff_interfaces/share/ament_index/resource_index/package_run_dependencies/beckhoff_interfaces
-- Up-to-date: /home/student/ros_ws/RosSystem/install/beckhoff_interfaces/share/ament_index/resource_index/parent_prefix_path/beckhoff_interfaces
-- Up-to-date: /home/student/ros_ws/RosSystem/install/beckhoff_interfaces/share/beckhoff_interfaces/environment/ament_prefix_path.sh
-- Installing: /home/student/ros_ws/RosSystem/install/beckhoff_interfaces/share/beckhoff_interfaces/environment/ament_prefix_path.dsv
-- Up-to-date: /home/student/ros_ws/RosSystem/install/beckhoff_interfaces/share/beckhoff_interfaces/environment/path.sh
-- Installing: /home/student/ros_ws/RosSystem/install/beckhoff_interfaces/share/beckhoff_interfaces/environment/path.dsv
-- Up-to-date: /home/student/ros_ws/RosSystem/install/beckhoff_interfaces/share/beckhoff_interfaces/local_setup.bash
-- Up-to-date: /home/student/ros_ws/RosSystem/install/beckhoff_interfaces/share/beckhoff_interfaces/local_setup.sh
-- Up-to-date: /home/student/ros_ws/RosSystem/install/beckhoff_interfaces/share/beckhoff_interfaces/local_setup.zsh
-- Installing: /home/student/ros_ws/RosSystem/install/beckhoff_interfaces/share/beckhoff_interfaces/local_setup.dsv
-- Installing: /home/student/ros_ws/RosSystem/install/beckhoff_interfaces/share/beckhoff_interfaces/package.dsv
-- Up-to-date: /home/student/ros_ws/RosSystem/install/beckhoff_interfaces/share/ament_index/resource_index/packages/beckhoff_interfaces
-- Up-to-date: /home/student/ros_ws/RosSystem/install/beckhoff_interfaces/share/beckhoff_interfaces/cmake/export_beckhoff_interfaces__rosidl_generator_cExport.cmake
-- Up-to-date: /home/student/ros_ws/RosSystem/install/beckhoff_interfaces/share/beckhoff_interfaces/cmake/export_beckhoff_interfaces__rosidl_generator_cExport-noconfig.cmake
-- Up-to-date: /home/student/ros_ws/RosSystem/install/beckhoff_interfaces/share/beckhoff_interfaces/cmake/export_beckhoff_interfaces__rosidl_typesupport_fastrtps_cExport.cmake
-- Up-to-date: /home/student/ros_ws/RosSystem/install/beckhoff_interfaces/share/beckhoff_interfaces/cmake/export_beckhoff_interfaces__rosidl_typesupport_fastrtps_cExport-noconfig.cmake
-- Up-to-date: /home/student/ros_ws/RosSystem/install/beckhoff_interfaces/share/beckhoff_interfaces/cmake/beckhoff_interfaces__rosidl_typesupport_introspection_cExport.cmake
-- Up-to-date: /home/student/ros_ws/RosSystem/install/beckhoff_interfaces/share/beckhoff_interfaces/cmake/beckhoff_interfaces__rosidl_typesupport_introspection_cExport-noconfig.cmake
-- Up-to-date: /home/student/ros_ws/RosSystem/install/beckhoff_interfaces/share/beckhoff_interfaces/cmake/beckhoff_interfaces__rosidl_typesupport_cExport.cmake
-- Up-to-date: /home/student/ros_ws/RosSystem/install/beckhoff_interfaces/share/beckhoff_interfaces/cmake/beckhoff_interfaces__rosidl_typesupport_cExport-noconfig.cmake
-- Up-to-date: /home/student/ros_ws/RosSystem/install/beckhoff_interfaces/share/beckhoff_interfaces/cmake/export_beckhoff_interfaces__rosidl_generator_cppExport.cmake
-- Up-to-date: /home/student/ros_ws/RosSystem/install/beckhoff_interfaces/share/beckhoff_interfaces/cmake/export_beckhoff_interfaces__rosidl_typesupport_fastrtps_cppExport.cmake
-- Up-to-date: /home/student/ros_ws/RosSystem/install/beckhoff_interfaces/share/beckhoff_interfaces/cmake/export_beckhoff_interfaces__rosidl_typesupport_fastrtps_cppExport-noconfig.cmake
-- Up-to-date: /home/student/ros_ws/RosSystem/install/beckhoff_interfaces/share/beckhoff_interfaces/cmake/beckhoff_interfaces__rosidl_typesupport_introspection_cppExport.cmake
-- Up-to-date: /home/student/ros_ws/RosSystem/install/beckhoff_interfaces/share/beckhoff_interfaces/cmake/beckhoff_interfaces__rosidl_typesupport_introspection_cppExport-noconfig.cmake
-- Up-to-date: /home/student/ros_ws/RosSystem/install/beckhoff_interfaces/share/beckhoff_interfaces/cmake/beckhoff_interfaces__rosidl_typesupport_cppExport.cmake
-- Up-to-date: /home/student/ros_ws/RosSystem/install/beckhoff_interfaces/share/beckhoff_interfaces/cmake/beckhoff_interfaces__rosidl_typesupport_cppExport-noconfig.cmake
-- Up-to-date: /home/student/ros_ws/RosSystem/install/beckhoff_interfaces/share/beckhoff_interfaces/cmake/export_beckhoff_interfaces__rosidl_generator_pyExport.cmake
-- Up-to-date: /home/student/ros_ws/RosSystem/install/beckhoff_interfaces/share/beckhoff_interfaces/cmake/export_beckhoff_interfaces__rosidl_generator_pyExport-noconfig.cmake
-- Up-to-date: /home/student/ros_ws/RosSystem/install/beckhoff_interfaces/share/beckhoff_interfaces/cmake/rosidl_cmake-extras.cmake
-- Up-to-date: /home/student/ros_ws/RosSystem/install/beckhoff_interfaces/share/beckhoff_interfaces/cmake/ament_cmake_export_dependencies-extras.cmake
-- Up-to-date: /home/student/ros_ws/RosSystem/install/beckhoff_interfaces/share/beckhoff_interfaces/cmake/ament_cmake_export_include_directories-extras.cmake
-- Up-to-date: /home/student/ros_ws/RosSystem/install/beckhoff_interfaces/share/beckhoff_interfaces/cmake/ament_cmake_export_libraries-extras.cmake
-- Up-to-date: /home/student/ros_ws/RosSystem/install/beckhoff_interfaces/share/beckhoff_interfaces/cmake/ament_cmake_export_targets-extras.cmake
-- Up-to-date: /home/student/ros_ws/RosSystem/install/beckhoff_interfaces/share/beckhoff_interfaces/cmake/rosidl_cmake_export_typesupport_targets-extras.cmake
-- Up-to-date: /home/student/ros_ws/RosSystem/install/beckhoff_interfaces/share/beckhoff_interfaces/cmake/rosidl_cmake_export_typesupport_libraries-extras.cmake
-- Up-to-date: /home/student/ros_ws/RosSystem/install/beckhoff_interfaces/share/beckhoff_interfaces/cmake/beckhoff_interfacesConfig.cmake
-- Up-to-date: /home/student/ros_ws/RosSystem/install/beckhoff_interfaces/share/beckhoff_interfaces/cmake/beckhoff_interfacesConfig-version.cmake
-- Up-to-date: /home/student/ros_ws/RosSystem/install/beckhoff_interfaces/share/beckhoff_interfaces/package.xml
