[0.752s] Invoking command in '/home/student/ros_ws/RosSystem/src/beckhoff': PYTHONPATH=/home/student/ros_ws/RosSystem/build/beckhoff/prefix_override:/home/student/ros_ws/RosSystem/install/beckhoff/lib/python3.10/site-packages:${PYTHONPATH} /usr/bin/python3 -W ignore:setup.py install is deprecated setup.py egg_info --egg-base ../../build/beckhoff build --build-base /home/student/ros_ws/RosSystem/build/beckhoff/build install --record /home/student/ros_ws/RosSystem/build/beckhoff/install.log --single-version-externally-managed install_data
[0.979s] running egg_info
[0.980s] writing ../../build/beckhoff/beckhoff.egg-info/PKG-INFO
[0.980s] writing dependency_links to ../../build/beckhoff/beckhoff.egg-info/dependency_links.txt
[0.980s] writing entry points to ../../build/beckhoff/beckhoff.egg-info/entry_points.txt
[0.980s] writing requirements to ../../build/beckhoff/beckhoff.egg-info/requires.txt
[0.980s] writing top-level names to ../../build/beckhoff/beckhoff.egg-info/top_level.txt
[0.982s] reading manifest file '../../build/beckhoff/beckhoff.egg-info/SOURCES.txt'
[0.982s] adding license file 'LICENSE'
[0.983s] writing manifest file '../../build/beckhoff/beckhoff.egg-info/SOURCES.txt'
[0.983s] running build
[0.983s] running build_py
[0.983s] running install
[0.984s] running install_lib
[0.985s] running install_data
[0.985s] running install_egg_info
[0.987s] removing '/home/student/ros_ws/RosSystem/install/beckhoff/lib/python3.10/site-packages/beckhoff-0.0.0-py3.10.egg-info' (and everything under it)
[0.988s] Copying ../../build/beckhoff/beckhoff.egg-info to /home/student/ros_ws/RosSystem/install/beckhoff/lib/python3.10/site-packages/beckhoff-0.0.0-py3.10.egg-info
[0.989s] running install_scripts
[1.011s] Installing Communication script to /home/student/ros_ws/RosSystem/install/beckhoff/lib/beckhoff
[1.011s] Installing command script to /home/student/ros_ws/RosSystem/install/beckhoff/lib/beckhoff
[1.011s] Installing listener script to /home/student/ros_ws/RosSystem/install/beckhoff/lib/beckhoff
[1.012s] writing list of installed files to '/home/student/ros_ws/RosSystem/build/beckhoff/install.log'
[1.054s] Invoked command in '/home/student/ros_ws/RosSystem/src/beckhoff' returned '0': PYTHONPATH=/home/student/ros_ws/RosSystem/build/beckhoff/prefix_override:/home/student/ros_ws/RosSystem/install/beckhoff/lib/python3.10/site-packages:${PYTHONPATH} /usr/bin/python3 -W ignore:setup.py install is deprecated setup.py egg_info --egg-base ../../build/beckhoff build --build-base /home/student/ros_ws/RosSystem/build/beckhoff/build install --record /home/student/ros_ws/RosSystem/build/beckhoff/install.log --single-version-externally-managed install_data
