[ 10%] Built target lift_interfaces__rosidl_generator_c
[ 12%] Built target lift_interfaces__cpp
[ 12%] Built target ament_cmake_python_copy_lift_interfaces
[ 43%] Built target lift_interfaces__rosidl_typesupport_fastrtps_c
[ 43%] Built target lift_interfaces__rosidl_typesupport_introspection_cpp
[ 43%] Built target lift_interfaces__rosidl_typesupport_cpp
[ 53%] Built target lift_interfaces__rosidl_typesupport_fastrtps_cpp
[ 64%] Built target lift_interfaces__rosidl_typesupport_introspection_c
[ 74%] Built target lift_interfaces__rosidl_typesupport_c
[ 74%] Built target lift_interfaces
[ 76%] Built target lift_interfaces__py
[ 84%] Built target lift_interfaces__rosidl_generator_py
[ 94%] Built target lift_interfaces__rosidl_typesupport_fastrtps_c__pyext
[ 94%] Built target lift_interfaces__rosidl_typesupport_introspection_c__pyext
[100%] Built target lift_interfaces__rosidl_typesupport_c__pyext
running egg_info
writing lift_interfaces.egg-info/PKG-INFO
writing dependency_links to lift_interfaces.egg-info/dependency_links.txt
writing top-level names to lift_interfaces.egg-info/top_level.txt
reading manifest file 'lift_interfaces.egg-info/SOURCES.txt'
writing manifest file 'lift_interfaces.egg-info/SOURCES.txt'
[100%] Built target ament_cmake_python_build_lift_interfaces_egg
