[0.268s] Invoking command in '/home/student/ros_ws/RosSystem/build/lift_interfaces': CMAKE_PREFIX_PATH=${CMAKE_PREFIX_PATH}:/home/student/ros_ws/RosSystem/install/platform_lift:/home/student/ws_moveit2/install/moveit_configs_utils:/home/student/ws_moveit2/install/launch_param_builder:/home/student/ros_ws/RosSystem/install/beckhoff:/opt/ros/humble /usr/bin/cmake --build /home/student/ros_ws/RosSystem/build/lift_interfaces -- -j16 -l16
[0.365s] [ 10%] Built target lift_interfaces__rosidl_generator_c
[0.366s] [ 12%] Built target lift_interfaces__cpp
[0.391s] [ 12%] Built target ament_cmake_python_copy_lift_interfaces
[0.437s] [ 43%] Built target lift_interfaces__rosidl_typesupport_fastrtps_c
[0.437s] [ 43%] Built target lift_interfaces__rosidl_typesupport_introspection_cpp
[0.437s] [ 43%] Built target lift_interfaces__rosidl_typesupport_cpp
[0.438s] [ 53%] Built target lift_interfaces__rosidl_typesupport_fastrtps_cpp
[0.441s] [ 64%] Built target lift_interfaces__rosidl_typesupport_introspection_c
[0.445s] [ 74%] Built target lift_interfaces__rosidl_typesupport_c
[0.490s] [ 74%] Built target lift_interfaces
[0.540s] [ 76%] Built target lift_interfaces__py
[0.595s] [ 84%] Built target lift_interfaces__rosidl_generator_py
[0.656s] [ 94%] Built target lift_interfaces__rosidl_typesupport_fastrtps_c__pyext
[0.656s] [ 94%] Built target lift_interfaces__rosidl_typesupport_introspection_c__pyext
[0.662s] [100%] Built target lift_interfaces__rosidl_typesupport_c__pyext
[0.705s] running egg_info
[0.706s] writing lift_interfaces.egg-info/PKG-INFO
[0.706s] writing dependency_links to lift_interfaces.egg-info/dependency_links.txt
[0.707s] writing top-level names to lift_interfaces.egg-info/top_level.txt
[0.709s] reading manifest file 'lift_interfaces.egg-info/SOURCES.txt'
[0.710s] writing manifest file 'lift_interfaces.egg-info/SOURCES.txt'
[0.766s] [100%] Built target ament_cmake_python_build_lift_interfaces_egg
