running egg_info
creating ../../build/beckhoff/beckhoff.egg-info
writing ../../build/beckhoff/beckhoff.egg-info/PKG-INFO
writing dependency_links to ../../build/beckhoff/beckhoff.egg-info/dependency_links.txt
writing entry points to ../../build/beckhoff/beckhoff.egg-info/entry_points.txt
writing requirements to ../../build/beckhoff/beckhoff.egg-info/requires.txt
writing top-level names to ../../build/beckhoff/beckhoff.egg-info/top_level.txt
writing manifest file '../../build/beckhoff/beckhoff.egg-info/SOURCES.txt'
reading manifest file '../../build/beckhoff/beckhoff.egg-info/SOURCES.txt'
adding license file 'LICENSE'
writing manifest file '../../build/beckhoff/beckhoff.egg-info/SOURCES.txt'
running build
running build_py
creating /home/student/ros_ws/RosSystem/build/beckhoff/build
creating /home/student/ros_ws/RosSystem/build/beckhoff/build/lib
creating /home/student/ros_ws/RosSystem/build/beckhoff/build/lib/beckhoff
copying beckhoff/command.py -> /home/student/ros_ws/RosSystem/build/beckhoff/build/lib/beckhoff
copying beckhoff/Communication.py -> /home/student/ros_ws/RosSystem/build/beckhoff/build/lib/beckhoff
copying beckhoff/__init__.py -> /home/student/ros_ws/RosSystem/build/beckhoff/build/lib/beckhoff
running install
running install_lib
creating /home/student/ros_ws/RosSystem/install/beckhoff/lib/python3.10/site-packages/beckhoff
copying /home/student/ros_ws/RosSystem/build/beckhoff/build/lib/beckhoff/command.py -> /home/student/ros_ws/RosSystem/install/beckhoff/lib/python3.10/site-packages/beckhoff
copying /home/student/ros_ws/RosSystem/build/beckhoff/build/lib/beckhoff/Communication.py -> /home/student/ros_ws/RosSystem/install/beckhoff/lib/python3.10/site-packages/beckhoff
copying /home/student/ros_ws/RosSystem/build/beckhoff/build/lib/beckhoff/__init__.py -> /home/student/ros_ws/RosSystem/install/beckhoff/lib/python3.10/site-packages/beckhoff
byte-compiling /home/student/ros_ws/RosSystem/install/beckhoff/lib/python3.10/site-packages/beckhoff/command.py to command.cpython-310.pyc
byte-compiling /home/student/ros_ws/RosSystem/install/beckhoff/lib/python3.10/site-packages/beckhoff/Communication.py to Communication.cpython-310.pyc
byte-compiling /home/student/ros_ws/RosSystem/install/beckhoff/lib/python3.10/site-packages/beckhoff/__init__.py to __init__.cpython-310.pyc
running install_data
creating /home/student/ros_ws/RosSystem/install/beckhoff/share/ament_index
creating /home/student/ros_ws/RosSystem/install/beckhoff/share/ament_index/resource_index
creating /home/student/ros_ws/RosSystem/install/beckhoff/share/ament_index/resource_index/packages
copying resource/beckhoff -> /home/student/ros_ws/RosSystem/install/beckhoff/share/ament_index/resource_index/packages
copying package.xml -> /home/student/ros_ws/RosSystem/install/beckhoff/share/beckhoff
running install_egg_info
Copying ../../build/beckhoff/beckhoff.egg-info to /home/student/ros_ws/RosSystem/install/beckhoff/lib/python3.10/site-packages/beckhoff-0.0.0-py3.10.egg-info
running install_scripts
Installing Communication script to /home/student/ros_ws/RosSystem/install/beckhoff/lib/beckhoff
Installing command script to /home/student/ros_ws/RosSystem/install/beckhoff/lib/beckhoff
writing list of installed files to '/home/student/ros_ws/RosSystem/build/beckhoff/install.log'
