[0.485s] Invoking command in '/home/student/ros_ws/RosSystem/src/beckhoff': PYTHONPATH=/home/student/ros_ws/RosSystem/build/beckhoff/prefix_override:/home/student/ros_ws/RosSystem/install/beckhoff/lib/python3.10/site-packages:${PYTHONPATH} /usr/bin/python3 -W ignore:setup.py install is deprecated setup.py egg_info --egg-base ../../build/beckhoff build --build-base /home/student/ros_ws/RosSystem/build/beckhoff/build install --record /home/student/ros_ws/RosSystem/build/beckhoff/install.log --single-version-externally-managed install_data
[0.666s] running egg_info
[0.666s] creating ../../build/beckhoff/beckhoff.egg-info
[0.666s] writing ../../build/beckhoff/beckhoff.egg-info/PKG-INFO
[0.666s] writing dependency_links to ../../build/beckhoff/beckhoff.egg-info/dependency_links.txt
[0.666s] writing entry points to ../../build/beckhoff/beckhoff.egg-info/entry_points.txt
[0.666s] writing requirements to ../../build/beckhoff/beckhoff.egg-info/requires.txt
[0.666s] writing top-level names to ../../build/beckhoff/beckhoff.egg-info/top_level.txt
[0.666s] writing manifest file '../../build/beckhoff/beckhoff.egg-info/SOURCES.txt'
[0.668s] reading manifest file '../../build/beckhoff/beckhoff.egg-info/SOURCES.txt'
[0.668s] adding license file 'LICENSE'
[0.668s] writing manifest file '../../build/beckhoff/beckhoff.egg-info/SOURCES.txt'
[0.668s] running build
[0.668s] running build_py
[0.668s] creating /home/student/ros_ws/RosSystem/build/beckhoff/build
[0.668s] creating /home/student/ros_ws/RosSystem/build/beckhoff/build/lib
[0.669s] creating /home/student/ros_ws/RosSystem/build/beckhoff/build/lib/beckhoff
[0.669s] copying beckhoff/command.py -> /home/student/ros_ws/RosSystem/build/beckhoff/build/lib/beckhoff
[0.669s] copying beckhoff/Communication.py -> /home/student/ros_ws/RosSystem/build/beckhoff/build/lib/beckhoff
[0.669s] copying beckhoff/__init__.py -> /home/student/ros_ws/RosSystem/build/beckhoff/build/lib/beckhoff
[0.669s] running install
[0.669s] running install_lib
[0.670s] creating /home/student/ros_ws/RosSystem/install/beckhoff/lib/python3.10/site-packages/beckhoff
[0.670s] copying /home/student/ros_ws/RosSystem/build/beckhoff/build/lib/beckhoff/command.py -> /home/student/ros_ws/RosSystem/install/beckhoff/lib/python3.10/site-packages/beckhoff
[0.670s] copying /home/student/ros_ws/RosSystem/build/beckhoff/build/lib/beckhoff/Communication.py -> /home/student/ros_ws/RosSystem/install/beckhoff/lib/python3.10/site-packages/beckhoff
[0.670s] copying /home/student/ros_ws/RosSystem/build/beckhoff/build/lib/beckhoff/__init__.py -> /home/student/ros_ws/RosSystem/install/beckhoff/lib/python3.10/site-packages/beckhoff
[0.670s] byte-compiling /home/student/ros_ws/RosSystem/install/beckhoff/lib/python3.10/site-packages/beckhoff/command.py to command.cpython-310.pyc
[0.671s] byte-compiling /home/student/ros_ws/RosSystem/install/beckhoff/lib/python3.10/site-packages/beckhoff/Communication.py to Communication.cpython-310.pyc
[0.671s] byte-compiling /home/student/ros_ws/RosSystem/install/beckhoff/lib/python3.10/site-packages/beckhoff/__init__.py to __init__.cpython-310.pyc
[0.671s] running install_data
[0.671s] creating /home/student/ros_ws/RosSystem/install/beckhoff/share/ament_index
[0.671s] creating /home/student/ros_ws/RosSystem/install/beckhoff/share/ament_index/resource_index
[0.672s] creating /home/student/ros_ws/RosSystem/install/beckhoff/share/ament_index/resource_index/packages
[0.672s] copying resource/beckhoff -> /home/student/ros_ws/RosSystem/install/beckhoff/share/ament_index/resource_index/packages
[0.672s] copying package.xml -> /home/student/ros_ws/RosSystem/install/beckhoff/share/beckhoff
[0.672s] running install_egg_info
[0.673s] Copying ../../build/beckhoff/beckhoff.egg-info to /home/student/ros_ws/RosSystem/install/beckhoff/lib/python3.10/site-packages/beckhoff-0.0.0-py3.10.egg-info
[0.674s] running install_scripts
[0.691s] Installing Communication script to /home/student/ros_ws/RosSystem/install/beckhoff/lib/beckhoff
[0.691s] Installing command script to /home/student/ros_ws/RosSystem/install/beckhoff/lib/beckhoff
[0.691s] writing list of installed files to '/home/student/ros_ws/RosSystem/build/beckhoff/install.log'
[0.721s] Invoked command in '/home/student/ros_ws/RosSystem/src/beckhoff' returned '0': PYTHONPATH=/home/student/ros_ws/RosSystem/build/beckhoff/prefix_override:/home/student/ros_ws/RosSystem/install/beckhoff/lib/python3.10/site-packages:${PYTHONPATH} /usr/bin/python3 -W ignore:setup.py install is deprecated setup.py egg_info --egg-base ../../build/beckhoff build --build-base /home/student/ros_ws/RosSystem/build/beckhoff/build install --record /home/student/ros_ws/RosSystem/build/beckhoff/install.log --single-version-externally-managed install_data
