[0.783s] Invoking command in '/home/student/ros_ws/RosSystem/src/beckhoff': PYTHONPATH=/home/student/ros_ws/RosSystem/build/beckhoff/prefix_override:/home/student/ros_ws/RosSystem/install/beckhoff/lib/python3.10/site-packages:${PYTHONPATH} /usr/bin/python3 -W ignore:setup.py install is deprecated setup.py egg_info --egg-base ../../build/beckhoff build --build-base /home/student/ros_ws/RosSystem/build/beckhoff/build install --record /home/student/ros_ws/RosSystem/build/beckhoff/install.log --single-version-externally-managed install_data
[1.010s] running egg_info
[1.010s] writing ../../build/beckhoff/beckhoff.egg-info/PKG-INFO
[1.011s] writing dependency_links to ../../build/beckhoff/beckhoff.egg-info/dependency_links.txt
[1.011s] writing entry points to ../../build/beckhoff/beckhoff.egg-info/entry_points.txt
[1.011s] writing requirements to ../../build/beckhoff/beckhoff.egg-info/requires.txt
[1.011s] writing top-level names to ../../build/beckhoff/beckhoff.egg-info/top_level.txt
[1.012s] reading manifest file '../../build/beckhoff/beckhoff.egg-info/SOURCES.txt'
[1.012s] adding license file 'LICENSE'
[1.013s] writing manifest file '../../build/beckhoff/beckhoff.egg-info/SOURCES.txt'
[1.013s] running build
[1.013s] running build_py
[1.014s] running install
[1.014s] running install_lib
[1.015s] running install_data
[1.016s] running install_egg_info
[1.018s] removing '/home/student/ros_ws/RosSystem/install/beckhoff/lib/python3.10/site-packages/beckhoff-0.0.0-py3.10.egg-info' (and everything under it)
[1.018s] Copying ../../build/beckhoff/beckhoff.egg-info to /home/student/ros_ws/RosSystem/install/beckhoff/lib/python3.10/site-packages/beckhoff-0.0.0-py3.10.egg-info
[1.019s] running install_scripts
[1.040s] Installing Communication script to /home/student/ros_ws/RosSystem/install/beckhoff/lib/beckhoff
[1.040s] Installing command script to /home/student/ros_ws/RosSystem/install/beckhoff/lib/beckhoff
[1.040s] Installing listener script to /home/student/ros_ws/RosSystem/install/beckhoff/lib/beckhoff
[1.041s] writing list of installed files to '/home/student/ros_ws/RosSystem/build/beckhoff/install.log'
[1.076s] Invoked command in '/home/student/ros_ws/RosSystem/src/beckhoff' returned '0': PYTHONPATH=/home/student/ros_ws/RosSystem/build/beckhoff/prefix_override:/home/student/ros_ws/RosSystem/install/beckhoff/lib/python3.10/site-packages:${PYTHONPATH} /usr/bin/python3 -W ignore:setup.py install is deprecated setup.py egg_info --egg-base ../../build/beckhoff build --build-base /home/student/ros_ws/RosSystem/build/beckhoff/build install --record /home/student/ros_ws/RosSystem/build/beckhoff/install.log --single-version-externally-managed install_data
