[0.308s] Invoking command in '/home/student/ros_ws/RosSystem/build/hello_moveit': CMAKE_PREFIX_PATH=${CMAKE_PREFIX_PATH}:/home/student/ws_moveit2/install/moveit_configs_utils:/home/student/ws_moveit2/install/launch_param_builder:/home/student/ros_ws/RosSystem/install/urdf_robot:/home/student/ros_ws/RosSystem/install/beckhoff:/opt/ros/humble /usr/bin/cmake --build /home/student/ros_ws/RosSystem/build/hello_moveit -- -j16 -l16
[0.358s] -- Found ament_cmake: 1.3.9 (/opt/ros/humble/share/ament_cmake/cmake)
[0.574s] -- Found moveit_ros_planning_interface: 2.5.5 (/home/student/ws_moveit2/install/moveit_ros_planning_interface/share/moveit_ros_planning_interface/cmake)
[0.595s] -- Found Boost: /usr/lib/x86_64-linux-gnu/cmake/Boost-1.74.0/BoostConfig.cmake (found version "1.74.0") found components: date_time filesystem program_options system thread 
[0.636s] -- Found rosidl_generator_c: 3.1.5 (/opt/ros/humble/share/rosidl_generator_c/cmake)
[0.639s] -- Found rosidl_adapter: 3.1.5 (/opt/ros/humble/share/rosidl_adapter/cmake)
[0.647s] -- Found rosidl_generator_cpp: 3.1.5 (/opt/ros/humble/share/rosidl_generator_cpp/cmake)
[0.664s] -- Using all available rosidl_typesupport_c: rosidl_typesupport_fastrtps_c;rosidl_typesupport_introspection_c
[0.691s] -- Using all available rosidl_typesupport_cpp: rosidl_typesupport_fastrtps_cpp;rosidl_typesupport_introspection_cpp
[1.580s] -- Found Boost: /usr/lib/x86_64-linux-gnu/cmake/Boost-1.74.0/BoostConfig.cmake (found version "1.74.0") found components: chrono date_time filesystem iostreams program_options regex serialization system thread 
[1.619s] -- Found parameter_traits: 0.3.8 (/opt/ros/humble/share/parameter_traits/cmake)
[1.679s] -- Found rmw_implementation_cmake: 6.1.2 (/opt/ros/humble/share/rmw_implementation_cmake/cmake)
[1.684s] -- Found rmw_fastrtps_cpp: 6.2.6 (/opt/ros/humble/share/rmw_fastrtps_cpp/cmake)
[1.854s] -- Using RMW implementation 'rmw_fastrtps_cpp' as default
[2.001s] -- Found rclcpp_lifecycle: 16.0.9 (/opt/ros/humble/share/rclcpp_lifecycle/cmake)
[2.045s] -- Found Boost: /usr/lib/x86_64-linux-gnu/cmake/Boost-1.74.0/BoostConfig.cmake (found version "1.74.0") found components: filesystem 
[2.105s] -- library: /usr/lib/x86_64-linux-gnu/libcurl.so
[2.249s] -- Ensuring Eigen3 include directory is part of orocos-kdl CMake target
[2.743s] -- Found Boost: /usr/lib/x86_64-linux-gnu/cmake/Boost-1.74.0/BoostConfig.cmake (found version "1.74.0") found components: system filesystem date_time program_options thread chrono 
[3.220s] -- Found Boost: /usr/lib/x86_64-linux-gnu/cmake/Boost-1.74.0/BoostConfig.cmake (found version "1.74.0") found components: thread system filesystem regex date_time program_options 
[3.438s] -- Found Boost: /usr/lib/x86_64-linux-gnu/cmake/Boost-1.74.0/BoostConfig.cmake (found version "1.74.0") found components: system filesystem date_time program_options thread 
[3.827s] -- Found ament_lint_auto: 0.12.11 (/opt/ros/humble/share/ament_lint_auto/cmake)
[3.912s] -- Added test 'cppcheck' to perform static code analysis on C / C++ code
[3.913s] -- Configured cppcheck include dirs: $<BUILD_INTERFACE:/home/student/ros_ws/RosSystem/src/hello_moveit/include>
[3.913s] -- Configured cppcheck exclude dirs and/or files: 
[3.914s] -- Added test 'lint_cmake' to check CMake code style
[3.915s] -- Added test 'uncrustify' to check C / C++ code style
[3.915s] -- Configured uncrustify additional arguments: 
[3.915s] -- Added test 'xmllint' to check XML markup files
[3.917s] -- Configuring done
[3.960s] -- Generating done
[3.964s] -- Build files have been written to: /home/student/ros_ws/RosSystem/build/hello_moveit
[4.016s] [35m[1mConsolidate compiler generated dependencies of target hello_moveit[0m
[4.054s] [ 50%] [32mBuilding CXX object CMakeFiles/hello_moveit.dir/src/hello_moveit.cpp.o[0m
[11.689s] [100%] [32m[1mLinking CXX executable hello_moveit[0m
[12.158s] [100%] Built target hello_moveit
[12.177s] Invoked command in '/home/student/ros_ws/RosSystem/build/hello_moveit' returned '0': CMAKE_PREFIX_PATH=${CMAKE_PREFIX_PATH}:/home/student/ws_moveit2/install/moveit_configs_utils:/home/student/ws_moveit2/install/launch_param_builder:/home/student/ros_ws/RosSystem/install/urdf_robot:/home/student/ros_ws/RosSystem/install/beckhoff:/opt/ros/humble /usr/bin/cmake --build /home/student/ros_ws/RosSystem/build/hello_moveit -- -j16 -l16
[12.247s] Invoking command in '/home/student/ros_ws/RosSystem/build/hello_moveit': CMAKE_PREFIX_PATH=${CMAKE_PREFIX_PATH}:/home/student/ws_moveit2/install/moveit_configs_utils:/home/student/ws_moveit2/install/launch_param_builder:/home/student/ros_ws/RosSystem/install/urdf_robot:/home/student/ros_ws/RosSystem/install/beckhoff:/opt/ros/humble /usr/bin/cmake --install /home/student/ros_ws/RosSystem/build/hello_moveit
[12.260s] -- Install configuration: ""
[12.260s] -- Installing: /home/student/ros_ws/RosSystem/install/hello_moveit/lib/hello_moveit/hello_moveit
[12.261s] -- Set runtime path of "/home/student/ros_ws/RosSystem/install/hello_moveit/lib/hello_moveit/hello_moveit" to ""
[12.261s] -- Up-to-date: /home/student/ros_ws/RosSystem/install/hello_moveit/share/ament_index/resource_index/package_run_dependencies/hello_moveit
[12.261s] -- Installing: /home/student/ros_ws/RosSystem/install/hello_moveit/share/ament_index/resource_index/parent_prefix_path/hello_moveit
[12.262s] -- Up-to-date: /home/student/ros_ws/RosSystem/install/hello_moveit/share/hello_moveit/environment/ament_prefix_path.sh
[12.262s] -- Installing: /home/student/ros_ws/RosSystem/install/hello_moveit/share/hello_moveit/environment/ament_prefix_path.dsv
[12.262s] -- Up-to-date: /home/student/ros_ws/RosSystem/install/hello_moveit/share/hello_moveit/environment/path.sh
[12.262s] -- Installing: /home/student/ros_ws/RosSystem/install/hello_moveit/share/hello_moveit/environment/path.dsv
[12.262s] -- Up-to-date: /home/student/ros_ws/RosSystem/install/hello_moveit/share/hello_moveit/local_setup.bash
[12.262s] -- Up-to-date: /home/student/ros_ws/RosSystem/install/hello_moveit/share/hello_moveit/local_setup.sh
[12.262s] -- Up-to-date: /home/student/ros_ws/RosSystem/install/hello_moveit/share/hello_moveit/local_setup.zsh
[12.262s] -- Installing: /home/student/ros_ws/RosSystem/install/hello_moveit/share/hello_moveit/local_setup.dsv
[12.262s] -- Installing: /home/student/ros_ws/RosSystem/install/hello_moveit/share/hello_moveit/package.dsv
[12.263s] -- Up-to-date: /home/student/ros_ws/RosSystem/install/hello_moveit/share/ament_index/resource_index/packages/hello_moveit
[12.263s] -- Up-to-date: /home/student/ros_ws/RosSystem/install/hello_moveit/share/hello_moveit/cmake/hello_moveitConfig.cmake
[12.263s] -- Up-to-date: /home/student/ros_ws/RosSystem/install/hello_moveit/share/hello_moveit/cmake/hello_moveitConfig-version.cmake
[12.263s] -- Up-to-date: /home/student/ros_ws/RosSystem/install/hello_moveit/share/hello_moveit/package.xml
[12.266s] Invoked command in '/home/student/ros_ws/RosSystem/build/hello_moveit' returned '0': CMAKE_PREFIX_PATH=${CMAKE_PREFIX_PATH}:/home/student/ws_moveit2/install/moveit_configs_utils:/home/student/ws_moveit2/install/launch_param_builder:/home/student/ros_ws/RosSystem/install/urdf_robot:/home/student/ros_ws/RosSystem/install/beckhoff:/opt/ros/humble /usr/bin/cmake --install /home/student/ros_ws/RosSystem/build/hello_moveit
