[  2%] Built target lift_interfaces__cpp
[ 12%] Built target lift_interfaces__rosidl_generator_c
[ 12%] Built target ament_cmake_python_copy_lift_interfaces
[ 23%] Built target lift_interfaces__rosidl_typesupport_introspection_cpp
[ 33%] Built target lift_interfaces__rosidl_typesupport_introspection_c
[ 43%] Built target lift_interfaces__rosidl_typesupport_fastrtps_cpp
[ 53%] Built target lift_interfaces__rosidl_typesupport_cpp
[ 64%] Built target lift_interfaces__rosidl_typesupport_fastrtps_c
[ 74%] Built target lift_interfaces__rosidl_typesupport_c
[ 74%] Built target lift_interfaces
[ 76%] Built target lift_interfaces__py
[ 84%] Built target lift_interfaces__rosidl_generator_py
[ 89%] Built target lift_interfaces__rosidl_typesupport_introspection_c__pyext
[ 94%] Built target lift_interfaces__rosidl_typesupport_c__pyext
[100%] Built target lift_interfaces__rosidl_typesupport_fastrtps_c__pyext
running egg_info
writing lift_interfaces.egg-info/PKG-INFO
writing dependency_links to lift_interfaces.egg-info/dependency_links.txt
writing top-level names to lift_interfaces.egg-info/top_level.txt
reading manifest file 'lift_interfaces.egg-info/SOURCES.txt'
writing manifest file 'lift_interfaces.egg-info/SOURCES.txt'
[100%] Built target ament_cmake_python_build_lift_interfaces_egg
-- Install configuration: ""
-- Up-to-date: /home/student/ros_ws/RosSystem/install/lift_interfaces/share/ament_index/resource_index/rosidl_interfaces/lift_interfaces
-- Up-to-date: /home/student/ros_ws/RosSystem/install/lift_interfaces/include/lift_interfaces/lift_interfaces
-- Up-to-date: /home/student/ros_ws/RosSystem/install/lift_interfaces/include/lift_interfaces/lift_interfaces/action
-- Up-to-date: /home/student/ros_ws/RosSystem/install/lift_interfaces/include/lift_interfaces/lift_interfaces/action/detail
-- Up-to-date: /home/student/ros_ws/RosSystem/install/lift_interfaces/include/lift_interfaces/lift_interfaces/action/detail/move_lift__functions.h
-- Up-to-date: /home/student/ros_ws/RosSystem/install/lift_interfaces/include/lift_interfaces/lift_interfaces/action/detail/move_lift__type_support.h
-- Up-to-date: /home/student/ros_ws/RosSystem/install/lift_interfaces/include/lift_interfaces/lift_interfaces/action/detail/move_lift__functions.c
-- Up-to-date: /home/student/ros_ws/RosSystem/install/lift_interfaces/include/lift_interfaces/lift_interfaces/action/detail/move_lift__struct.h
-- Up-to-date: /home/student/ros_ws/RosSystem/install/lift_interfaces/include/lift_interfaces/lift_interfaces/action/move_lift.h
-- Up-to-date: /home/student/ros_ws/RosSystem/install/lift_interfaces/include/lift_interfaces/lift_interfaces/msg
-- Up-to-date: /home/student/ros_ws/RosSystem/install/lift_interfaces/include/lift_interfaces/lift_interfaces/msg/rosidl_generator_c__visibility_control.h
-- Up-to-date: /home/student/ros_ws/RosSystem/install/lift_interfaces/include/lift_interfaces/lift_interfaces/srv
-- Up-to-date: /home/student/ros_ws/RosSystem/install/lift_interfaces/include/lift_interfaces/lift_interfaces/srv/position_lift.h
-- Up-to-date: /home/student/ros_ws/RosSystem/install/lift_interfaces/include/lift_interfaces/lift_interfaces/srv/detail
-- Up-to-date: /home/student/ros_ws/RosSystem/install/lift_interfaces/include/lift_interfaces/lift_interfaces/srv/detail/position_lift__type_support.h
-- Up-to-date: /home/student/ros_ws/RosSystem/install/lift_interfaces/include/lift_interfaces/lift_interfaces/srv/detail/position_lift__functions.h
-- Up-to-date: /home/student/ros_ws/RosSystem/install/lift_interfaces/include/lift_interfaces/lift_interfaces/srv/detail/position_lift__functions.c
-- Up-to-date: /home/student/ros_ws/RosSystem/install/lift_interfaces/include/lift_interfaces/lift_interfaces/srv/detail/position_lift__struct.h
-- Up-to-date: /home/student/ros_ws/RosSystem/install/lift_interfaces/share/lift_interfaces/environment/library_path.sh
-- Up-to-date: /home/student/ros_ws/RosSystem/install/lift_interfaces/share/lift_interfaces/environment/library_path.dsv
-- Up-to-date: /home/student/ros_ws/RosSystem/install/lift_interfaces/lib/liblift_interfaces__rosidl_generator_c.so
-- Up-to-date: /home/student/ros_ws/RosSystem/install/lift_interfaces/include/lift_interfaces/lift_interfaces
-- Up-to-date: /home/student/ros_ws/RosSystem/install/lift_interfaces/include/lift_interfaces/lift_interfaces/action
-- Up-to-date: /home/student/ros_ws/RosSystem/install/lift_interfaces/include/lift_interfaces/lift_interfaces/action/detail
-- Up-to-date: /home/student/ros_ws/RosSystem/install/lift_interfaces/include/lift_interfaces/lift_interfaces/action/detail/move_lift__rosidl_typesupport_fastrtps_c.h
-- Up-to-date: /home/student/ros_ws/RosSystem/install/lift_interfaces/include/lift_interfaces/lift_interfaces/msg
-- Up-to-date: /home/student/ros_ws/RosSystem/install/lift_interfaces/include/lift_interfaces/lift_interfaces/msg/rosidl_typesupport_fastrtps_c__visibility_control.h
-- Up-to-date: /home/student/ros_ws/RosSystem/install/lift_interfaces/include/lift_interfaces/lift_interfaces/srv
-- Up-to-date: /home/student/ros_ws/RosSystem/install/lift_interfaces/include/lift_interfaces/lift_interfaces/srv/detail
-- Up-to-date: /home/student/ros_ws/RosSystem/install/lift_interfaces/include/lift_interfaces/lift_interfaces/srv/detail/position_lift__rosidl_typesupport_fastrtps_c.h
-- Up-to-date: /home/student/ros_ws/RosSystem/install/lift_interfaces/lib/liblift_interfaces__rosidl_typesupport_fastrtps_c.so
-- Up-to-date: /home/student/ros_ws/RosSystem/install/lift_interfaces/include/lift_interfaces/lift_interfaces
-- Up-to-date: /home/student/ros_ws/RosSystem/install/lift_interfaces/include/lift_interfaces/lift_interfaces/action
-- Up-to-date: /home/student/ros_ws/RosSystem/install/lift_interfaces/include/lift_interfaces/lift_interfaces/action/detail
-- Up-to-date: /home/student/ros_ws/RosSystem/install/lift_interfaces/include/lift_interfaces/lift_interfaces/action/detail/move_lift__rosidl_typesupport_introspection_c.h
-- Up-to-date: /home/student/ros_ws/RosSystem/install/lift_interfaces/include/lift_interfaces/lift_interfaces/action/detail/move_lift__type_support.c
-- Up-to-date: /home/student/ros_ws/RosSystem/install/lift_interfaces/include/lift_interfaces/lift_interfaces/msg
-- Up-to-date: /home/student/ros_ws/RosSystem/install/lift_interfaces/include/lift_interfaces/lift_interfaces/msg/rosidl_typesupport_introspection_c__visibility_control.h
-- Up-to-date: /home/student/ros_ws/RosSystem/install/lift_interfaces/include/lift_interfaces/lift_interfaces/srv
-- Up-to-date: /home/student/ros_ws/RosSystem/install/lift_interfaces/include/lift_interfaces/lift_interfaces/srv/detail
-- Up-to-date: /home/student/ros_ws/RosSystem/install/lift_interfaces/include/lift_interfaces/lift_interfaces/srv/detail/position_lift__rosidl_typesupport_introspection_c.h
-- Up-to-date: /home/student/ros_ws/RosSystem/install/lift_interfaces/include/lift_interfaces/lift_interfaces/srv/detail/position_lift__type_support.c
-- Up-to-date: /home/student/ros_ws/RosSystem/install/lift_interfaces/lib/liblift_interfaces__rosidl_typesupport_introspection_c.so
-- Up-to-date: /home/student/ros_ws/RosSystem/install/lift_interfaces/lib/liblift_interfaces__rosidl_typesupport_c.so
-- Up-to-date: /home/student/ros_ws/RosSystem/install/lift_interfaces/include/lift_interfaces/lift_interfaces
-- Up-to-date: /home/student/ros_ws/RosSystem/install/lift_interfaces/include/lift_interfaces/lift_interfaces/action
-- Up-to-date: /home/student/ros_ws/RosSystem/install/lift_interfaces/include/lift_interfaces/lift_interfaces/action/move_lift.hpp
-- Up-to-date: /home/student/ros_ws/RosSystem/install/lift_interfaces/include/lift_interfaces/lift_interfaces/action/detail
-- Up-to-date: /home/student/ros_ws/RosSystem/install/lift_interfaces/include/lift_interfaces/lift_interfaces/action/detail/move_lift__traits.hpp
-- Up-to-date: /home/student/ros_ws/RosSystem/install/lift_interfaces/include/lift_interfaces/lift_interfaces/action/detail/move_lift__struct.hpp
-- Up-to-date: /home/student/ros_ws/RosSystem/install/lift_interfaces/include/lift_interfaces/lift_interfaces/action/detail/move_lift__builder.hpp
-- Up-to-date: /home/student/ros_ws/RosSystem/install/lift_interfaces/include/lift_interfaces/lift_interfaces/srv
-- Up-to-date: /home/student/ros_ws/RosSystem/install/lift_interfaces/include/lift_interfaces/lift_interfaces/srv/position_lift.hpp
-- Up-to-date: /home/student/ros_ws/RosSystem/install/lift_interfaces/include/lift_interfaces/lift_interfaces/srv/detail
-- Up-to-date: /home/student/ros_ws/RosSystem/install/lift_interfaces/include/lift_interfaces/lift_interfaces/srv/detail/position_lift__struct.hpp
-- Up-to-date: /home/student/ros_ws/RosSystem/install/lift_interfaces/include/lift_interfaces/lift_interfaces/srv/detail/position_lift__traits.hpp
-- Up-to-date: /home/student/ros_ws/RosSystem/install/lift_interfaces/include/lift_interfaces/lift_interfaces/srv/detail/position_lift__builder.hpp
-- Up-to-date: /home/student/ros_ws/RosSystem/install/lift_interfaces/include/lift_interfaces/lift_interfaces
-- Up-to-date: /home/student/ros_ws/RosSystem/install/lift_interfaces/include/lift_interfaces/lift_interfaces/action
-- Up-to-date: /home/student/ros_ws/RosSystem/install/lift_interfaces/include/lift_interfaces/lift_interfaces/action/detail
-- Up-to-date: /home/student/ros_ws/RosSystem/install/lift_interfaces/include/lift_interfaces/lift_interfaces/action/detail/dds_fastrtps
-- Up-to-date: /home/student/ros_ws/RosSystem/install/lift_interfaces/include/lift_interfaces/lift_interfaces/action/detail/move_lift__rosidl_typesupport_fastrtps_cpp.hpp
-- Up-to-date: /home/student/ros_ws/RosSystem/install/lift_interfaces/include/lift_interfaces/lift_interfaces/msg
-- Up-to-date: /home/student/ros_ws/RosSystem/install/lift_interfaces/include/lift_interfaces/lift_interfaces/msg/rosidl_typesupport_fastrtps_cpp__visibility_control.h
-- Up-to-date: /home/student/ros_ws/RosSystem/install/lift_interfaces/include/lift_interfaces/lift_interfaces/srv
-- Up-to-date: /home/student/ros_ws/RosSystem/install/lift_interfaces/include/lift_interfaces/lift_interfaces/srv/detail
-- Up-to-date: /home/student/ros_ws/RosSystem/install/lift_interfaces/include/lift_interfaces/lift_interfaces/srv/detail/dds_fastrtps
-- Up-to-date: /home/student/ros_ws/RosSystem/install/lift_interfaces/include/lift_interfaces/lift_interfaces/srv/detail/position_lift__rosidl_typesupport_fastrtps_cpp.hpp
-- Up-to-date: /home/student/ros_ws/RosSystem/install/lift_interfaces/lib/liblift_interfaces__rosidl_typesupport_fastrtps_cpp.so
-- Up-to-date: /home/student/ros_ws/RosSystem/install/lift_interfaces/include/lift_interfaces/lift_interfaces
-- Up-to-date: /home/student/ros_ws/RosSystem/install/lift_interfaces/include/lift_interfaces/lift_interfaces/action
-- Up-to-date: /home/student/ros_ws/RosSystem/install/lift_interfaces/include/lift_interfaces/lift_interfaces/action/detail
-- Up-to-date: /home/student/ros_ws/RosSystem/install/lift_interfaces/include/lift_interfaces/lift_interfaces/action/detail/move_lift__rosidl_typesupport_introspection_cpp.hpp
-- Up-to-date: /home/student/ros_ws/RosSystem/install/lift_interfaces/include/lift_interfaces/lift_interfaces/action/detail/move_lift__type_support.cpp
-- Up-to-date: /home/student/ros_ws/RosSystem/install/lift_interfaces/include/lift_interfaces/lift_interfaces/srv
-- Up-to-date: /home/student/ros_ws/RosSystem/install/lift_interfaces/include/lift_interfaces/lift_interfaces/srv/detail
-- Up-to-date: /home/student/ros_ws/RosSystem/install/lift_interfaces/include/lift_interfaces/lift_interfaces/srv/detail/position_lift__rosidl_typesupport_introspection_cpp.hpp
-- Up-to-date: /home/student/ros_ws/RosSystem/install/lift_interfaces/include/lift_interfaces/lift_interfaces/srv/detail/position_lift__type_support.cpp
-- Up-to-date: /home/student/ros_ws/RosSystem/install/lift_interfaces/lib/liblift_interfaces__rosidl_typesupport_introspection_cpp.so
-- Up-to-date: /home/student/ros_ws/RosSystem/install/lift_interfaces/lib/liblift_interfaces__rosidl_typesupport_cpp.so
-- Up-to-date: /home/student/ros_ws/RosSystem/install/lift_interfaces/share/lift_interfaces/environment/pythonpath.sh
-- Up-to-date: /home/student/ros_ws/RosSystem/install/lift_interfaces/share/lift_interfaces/environment/pythonpath.dsv
-- Up-to-date: /home/student/ros_ws/RosSystem/install/lift_interfaces/local/lib/python3.10/dist-packages/lift_interfaces-0.0.0-py3.10.egg-info
-- Installing: /home/student/ros_ws/RosSystem/install/lift_interfaces/local/lib/python3.10/dist-packages/lift_interfaces-0.0.0-py3.10.egg-info/top_level.txt
-- Installing: /home/student/ros_ws/RosSystem/install/lift_interfaces/local/lib/python3.10/dist-packages/lift_interfaces-0.0.0-py3.10.egg-info/dependency_links.txt
-- Installing: /home/student/ros_ws/RosSystem/install/lift_interfaces/local/lib/python3.10/dist-packages/lift_interfaces-0.0.0-py3.10.egg-info/SOURCES.txt
-- Installing: /home/student/ros_ws/RosSystem/install/lift_interfaces/local/lib/python3.10/dist-packages/lift_interfaces-0.0.0-py3.10.egg-info/PKG-INFO
-- Up-to-date: /home/student/ros_ws/RosSystem/install/lift_interfaces/local/lib/python3.10/dist-packages/lift_interfaces
-- Up-to-date: /home/student/ros_ws/RosSystem/install/lift_interfaces/local/lib/python3.10/dist-packages/lift_interfaces/lift_interfaces_s__rosidl_typesupport_c.cpython-310-x86_64-linux-gnu.so
-- Up-to-date: /home/student/ros_ws/RosSystem/install/lift_interfaces/local/lib/python3.10/dist-packages/lift_interfaces/action
-- Up-to-date: /home/student/ros_ws/RosSystem/install/lift_interfaces/local/lib/python3.10/dist-packages/lift_interfaces/action/_move_lift.py
-- Up-to-date: /home/student/ros_ws/RosSystem/install/lift_interfaces/local/lib/python3.10/dist-packages/lift_interfaces/action/_move_lift_s.c
-- Up-to-date: /home/student/ros_ws/RosSystem/install/lift_interfaces/local/lib/python3.10/dist-packages/lift_interfaces/action/__init__.py
-- Up-to-date: /home/student/ros_ws/RosSystem/install/lift_interfaces/local/lib/python3.10/dist-packages/lift_interfaces/liblift_interfaces__rosidl_generator_py.so
-- Up-to-date: /home/student/ros_ws/RosSystem/install/lift_interfaces/local/lib/python3.10/dist-packages/lift_interfaces/_lift_interfaces_s.ep.rosidl_typesupport_introspection_c.c
-- Up-to-date: /home/student/ros_ws/RosSystem/install/lift_interfaces/local/lib/python3.10/dist-packages/lift_interfaces/srv
-- Up-to-date: /home/student/ros_ws/RosSystem/install/lift_interfaces/local/lib/python3.10/dist-packages/lift_interfaces/srv/_position_lift.py
-- Up-to-date: /home/student/ros_ws/RosSystem/install/lift_interfaces/local/lib/python3.10/dist-packages/lift_interfaces/srv/_position_lift_s.c
-- Up-to-date: /home/student/ros_ws/RosSystem/install/lift_interfaces/local/lib/python3.10/dist-packages/lift_interfaces/srv/__init__.py
-- Up-to-date: /home/student/ros_ws/RosSystem/install/lift_interfaces/local/lib/python3.10/dist-packages/lift_interfaces/lift_interfaces_s__rosidl_typesupport_introspection_c.cpython-310-x86_64-linux-gnu.so
-- Up-to-date: /home/student/ros_ws/RosSystem/install/lift_interfaces/local/lib/python3.10/dist-packages/lift_interfaces/_lift_interfaces_s.ep.rosidl_typesupport_fastrtps_c.c
-- Up-to-date: /home/student/ros_ws/RosSystem/install/lift_interfaces/local/lib/python3.10/dist-packages/lift_interfaces/_lift_interfaces_s.ep.rosidl_typesupport_c.c
-- Up-to-date: /home/student/ros_ws/RosSystem/install/lift_interfaces/local/lib/python3.10/dist-packages/lift_interfaces/lift_interfaces_s__rosidl_typesupport_fastrtps_c.cpython-310-x86_64-linux-gnu.so
-- Up-to-date: /home/student/ros_ws/RosSystem/install/lift_interfaces/local/lib/python3.10/dist-packages/lift_interfaces/__init__.py
Listing '/home/student/ros_ws/RosSystem/install/lift_interfaces/local/lib/python3.10/dist-packages/lift_interfaces'...
Listing '/home/student/ros_ws/RosSystem/install/lift_interfaces/local/lib/python3.10/dist-packages/lift_interfaces/action'...
Listing '/home/student/ros_ws/RosSystem/install/lift_interfaces/local/lib/python3.10/dist-packages/lift_interfaces/srv'...
-- Up-to-date: /home/student/ros_ws/RosSystem/install/lift_interfaces/local/lib/python3.10/dist-packages/lift_interfaces/lift_interfaces_s__rosidl_typesupport_fastrtps_c.cpython-310-x86_64-linux-gnu.so
-- Up-to-date: /home/student/ros_ws/RosSystem/install/lift_interfaces/local/lib/python3.10/dist-packages/lift_interfaces/lift_interfaces_s__rosidl_typesupport_introspection_c.cpython-310-x86_64-linux-gnu.so
-- Up-to-date: /home/student/ros_ws/RosSystem/install/lift_interfaces/local/lib/python3.10/dist-packages/lift_interfaces/lift_interfaces_s__rosidl_typesupport_c.cpython-310-x86_64-linux-gnu.so
-- Up-to-date: /home/student/ros_ws/RosSystem/install/lift_interfaces/lib/liblift_interfaces__rosidl_generator_py.so
-- Up-to-date: /home/student/ros_ws/RosSystem/install/lift_interfaces/share/lift_interfaces/action/MoveLift.idl
-- Up-to-date: /home/student/ros_ws/RosSystem/install/lift_interfaces/share/lift_interfaces/srv/PositionLift.idl
-- Up-to-date: /home/student/ros_ws/RosSystem/install/lift_interfaces/share/lift_interfaces/action/MoveLift.action
-- Up-to-date: /home/student/ros_ws/RosSystem/install/lift_interfaces/share/lift_interfaces/srv/PositionLift.srv
-- Up-to-date: /home/student/ros_ws/RosSystem/install/lift_interfaces/share/lift_interfaces/srv/PositionLift_Request.msg
-- Up-to-date: /home/student/ros_ws/RosSystem/install/lift_interfaces/share/lift_interfaces/srv/PositionLift_Response.msg
-- Up-to-date: /home/student/ros_ws/RosSystem/install/lift_interfaces/share/ament_index/resource_index/package_run_dependencies/lift_interfaces
-- Up-to-date: /home/student/ros_ws/RosSystem/install/lift_interfaces/share/ament_index/resource_index/parent_prefix_path/lift_interfaces
-- Up-to-date: /home/student/ros_ws/RosSystem/install/lift_interfaces/share/lift_interfaces/environment/ament_prefix_path.sh
-- Up-to-date: /home/student/ros_ws/RosSystem/install/lift_interfaces/share/lift_interfaces/environment/ament_prefix_path.dsv
-- Up-to-date: /home/student/ros_ws/RosSystem/install/lift_interfaces/share/lift_interfaces/environment/path.sh
-- Up-to-date: /home/student/ros_ws/RosSystem/install/lift_interfaces/share/lift_interfaces/environment/path.dsv
-- Up-to-date: /home/student/ros_ws/RosSystem/install/lift_interfaces/share/lift_interfaces/local_setup.bash
-- Up-to-date: /home/student/ros_ws/RosSystem/install/lift_interfaces/share/lift_interfaces/local_setup.sh
-- Up-to-date: /home/student/ros_ws/RosSystem/install/lift_interfaces/share/lift_interfaces/local_setup.zsh
-- Up-to-date: /home/student/ros_ws/RosSystem/install/lift_interfaces/share/lift_interfaces/local_setup.dsv
-- Installing: /home/student/ros_ws/RosSystem/install/lift_interfaces/share/lift_interfaces/package.dsv
-- Up-to-date: /home/student/ros_ws/RosSystem/install/lift_interfaces/share/ament_index/resource_index/packages/lift_interfaces
-- Up-to-date: /home/student/ros_ws/RosSystem/install/lift_interfaces/share/lift_interfaces/cmake/export_lift_interfaces__rosidl_generator_cExport.cmake
-- Up-to-date: /home/student/ros_ws/RosSystem/install/lift_interfaces/share/lift_interfaces/cmake/export_lift_interfaces__rosidl_generator_cExport-noconfig.cmake
-- Up-to-date: /home/student/ros_ws/RosSystem/install/lift_interfaces/share/lift_interfaces/cmake/export_lift_interfaces__rosidl_typesupport_fastrtps_cExport.cmake
-- Up-to-date: /home/student/ros_ws/RosSystem/install/lift_interfaces/share/lift_interfaces/cmake/export_lift_interfaces__rosidl_typesupport_fastrtps_cExport-noconfig.cmake
-- Up-to-date: /home/student/ros_ws/RosSystem/install/lift_interfaces/share/lift_interfaces/cmake/lift_interfaces__rosidl_typesupport_introspection_cExport.cmake
-- Up-to-date: /home/student/ros_ws/RosSystem/install/lift_interfaces/share/lift_interfaces/cmake/lift_interfaces__rosidl_typesupport_introspection_cExport-noconfig.cmake
-- Up-to-date: /home/student/ros_ws/RosSystem/install/lift_interfaces/share/lift_interfaces/cmake/lift_interfaces__rosidl_typesupport_cExport.cmake
-- Up-to-date: /home/student/ros_ws/RosSystem/install/lift_interfaces/share/lift_interfaces/cmake/lift_interfaces__rosidl_typesupport_cExport-noconfig.cmake
-- Up-to-date: /home/student/ros_ws/RosSystem/install/lift_interfaces/share/lift_interfaces/cmake/export_lift_interfaces__rosidl_generator_cppExport.cmake
-- Up-to-date: /home/student/ros_ws/RosSystem/install/lift_interfaces/share/lift_interfaces/cmake/export_lift_interfaces__rosidl_typesupport_fastrtps_cppExport.cmake
-- Up-to-date: /home/student/ros_ws/RosSystem/install/lift_interfaces/share/lift_interfaces/cmake/export_lift_interfaces__rosidl_typesupport_fastrtps_cppExport-noconfig.cmake
-- Up-to-date: /home/student/ros_ws/RosSystem/install/lift_interfaces/share/lift_interfaces/cmake/lift_interfaces__rosidl_typesupport_introspection_cppExport.cmake
-- Up-to-date: /home/student/ros_ws/RosSystem/install/lift_interfaces/share/lift_interfaces/cmake/lift_interfaces__rosidl_typesupport_introspection_cppExport-noconfig.cmake
-- Up-to-date: /home/student/ros_ws/RosSystem/install/lift_interfaces/share/lift_interfaces/cmake/lift_interfaces__rosidl_typesupport_cppExport.cmake
-- Up-to-date: /home/student/ros_ws/RosSystem/install/lift_interfaces/share/lift_interfaces/cmake/lift_interfaces__rosidl_typesupport_cppExport-noconfig.cmake
-- Up-to-date: /home/student/ros_ws/RosSystem/install/lift_interfaces/share/lift_interfaces/cmake/export_lift_interfaces__rosidl_generator_pyExport.cmake
-- Up-to-date: /home/student/ros_ws/RosSystem/install/lift_interfaces/share/lift_interfaces/cmake/export_lift_interfaces__rosidl_generator_pyExport-noconfig.cmake
-- Up-to-date: /home/student/ros_ws/RosSystem/install/lift_interfaces/share/lift_interfaces/cmake/rosidl_cmake-extras.cmake
-- Up-to-date: /home/student/ros_ws/RosSystem/install/lift_interfaces/share/lift_interfaces/cmake/ament_cmake_export_dependencies-extras.cmake
-- Up-to-date: /home/student/ros_ws/RosSystem/install/lift_interfaces/share/lift_interfaces/cmake/ament_cmake_export_include_directories-extras.cmake
-- Up-to-date: /home/student/ros_ws/RosSystem/install/lift_interfaces/share/lift_interfaces/cmake/ament_cmake_export_libraries-extras.cmake
-- Up-to-date: /home/student/ros_ws/RosSystem/install/lift_interfaces/share/lift_interfaces/cmake/ament_cmake_export_targets-extras.cmake
-- Up-to-date: /home/student/ros_ws/RosSystem/install/lift_interfaces/share/lift_interfaces/cmake/rosidl_cmake_export_typesupport_targets-extras.cmake
-- Up-to-date: /home/student/ros_ws/RosSystem/install/lift_interfaces/share/lift_interfaces/cmake/rosidl_cmake_export_typesupport_libraries-extras.cmake
-- Up-to-date: /home/student/ros_ws/RosSystem/install/lift_interfaces/share/lift_interfaces/cmake/lift_interfacesConfig.cmake
-- Up-to-date: /home/student/ros_ws/RosSystem/install/lift_interfaces/share/lift_interfaces/cmake/lift_interfacesConfig-version.cmake
-- Up-to-date: /home/student/ros_ws/RosSystem/install/lift_interfaces/share/lift_interfaces/package.xml
