[0.099s] DEBUG:colcon:Command line arguments: ['/usr/bin/colcon', 'build']
[0.099s] DEBUG:colcon:Parsed command line arguments: Namespace(log_base=None, log_level=None, verb_name='build', build_base='build', install_base='install', merge_install=False, symlink_install=False, test_result_base=None, continue_on_error=False, executor='parallel', parallel_workers=16, event_handlers=None, ignore_user_meta=False, metas=['./colcon.meta'], base_paths=['.'], packages_ignore=None, packages_ignore_regex=None, paths=None, packages_up_to=None, packages_up_to_regex=None, packages_above=None, packages_above_and_dependencies=None, packages_above_depth=None, packages_select_by_dep=None, packages_skip_by_dep=None, packages_skip_up_to=None, packages_select_build_failed=False, packages_skip_build_finished=False, packages_select_test_failures=False, packages_skip_test_passed=False, packages_select=None, packages_skip=None, packages_select_regex=None, packages_skip_regex=None, packages_start=None, packages_end=None, allow_overriding=[], cmake_args=None, cmake_target=None, cmake_target_skip_unavailable=False, cmake_clean_cache=False, cmake_clean_first=False, cmake_force_configure=False, ament_cmake_args=None, catkin_cmake_args=None, catkin_skip_building_tests=False, mixin_files=None, mixin=None, verb_parser=<colcon_mixin.mixin.mixin_argument.MixinArgumentDecorator object at 0x7130a1e2fac0>, verb_extension=<colcon_core.verb.build.BuildVerb object at 0x7130a1fdd1b0>, main=<bound method BuildVerb.main of <colcon_core.verb.build.BuildVerb object at 0x7130a1fdd1b0>>, mixin_verb=('build',))
[0.241s] Level 1:colcon.colcon_core.package_discovery:discover_packages(colcon_meta) check parameters
[0.241s] Level 1:colcon.colcon_core.package_discovery:discover_packages(recursive) check parameters
[0.241s] Level 1:colcon.colcon_core.package_discovery:discover_packages(ignore) check parameters
[0.241s] Level 1:colcon.colcon_core.package_discovery:discover_packages(path) check parameters
[0.241s] Level 1:colcon.colcon_core.package_discovery:discover_packages(colcon_meta) discover
[0.241s] Level 1:colcon.colcon_core.package_discovery:discover_packages(recursive) discover
[0.241s] INFO:colcon.colcon_core.package_discovery:Crawling recursively for packages in '/home/student/ros_ws/RosSystem'
[0.241s] Level 1:colcon.colcon_core.package_identification:_identify(.) by extensions ['ignore', 'ignore_ament_install']
[0.242s] Level 1:colcon.colcon_core.package_identification:_identify(.) by extension 'ignore'
[0.242s] Level 1:colcon.colcon_core.package_identification:_identify(.) by extension 'ignore_ament_install'
[0.242s] Level 1:colcon.colcon_core.package_identification:_identify(.) by extensions ['colcon_pkg']
[0.242s] Level 1:colcon.colcon_core.package_identification:_identify(.) by extension 'colcon_pkg'
[0.242s] Level 1:colcon.colcon_core.package_identification:_identify(.) by extensions ['colcon_meta']
[0.242s] Level 1:colcon.colcon_core.package_identification:_identify(.) by extension 'colcon_meta'
[0.242s] Level 1:colcon.colcon_core.package_identification:_identify(.) by extensions ['ros']
[0.242s] Level 1:colcon.colcon_core.package_identification:_identify(.) by extension 'ros'
[0.250s] Level 1:colcon.colcon_core.package_identification:_identify(.) by extensions ['cmake', 'python']
[0.251s] Level 1:colcon.colcon_core.package_identification:_identify(.) by extension 'cmake'
[0.251s] Level 1:colcon.colcon_core.package_identification:_identify(.) by extension 'python'
[0.251s] Level 1:colcon.colcon_core.package_identification:_identify(.) by extensions ['python_setup_py']
[0.251s] Level 1:colcon.colcon_core.package_identification:_identify(.) by extension 'python_setup_py'
[0.251s] Level 1:colcon.colcon_core.package_identification:_identify(build) by extensions ['ignore', 'ignore_ament_install']
[0.251s] Level 1:colcon.colcon_core.package_identification:_identify(build) by extension 'ignore'
[0.251s] Level 1:colcon.colcon_core.package_identification:_identify(build) ignored
[0.251s] Level 1:colcon.colcon_core.package_identification:_identify(install) by extensions ['ignore', 'ignore_ament_install']
[0.251s] Level 1:colcon.colcon_core.package_identification:_identify(install) by extension 'ignore'
[0.251s] Level 1:colcon.colcon_core.package_identification:_identify(install) ignored
[0.251s] Level 1:colcon.colcon_core.package_identification:_identify(log) by extensions ['ignore', 'ignore_ament_install']
[0.251s] Level 1:colcon.colcon_core.package_identification:_identify(log) by extension 'ignore'
[0.251s] Level 1:colcon.colcon_core.package_identification:_identify(log) ignored
[0.251s] Level 1:colcon.colcon_core.package_identification:_identify(src) by extensions ['ignore', 'ignore_ament_install']
[0.251s] Level 1:colcon.colcon_core.package_identification:_identify(src) by extension 'ignore'
[0.251s] Level 1:colcon.colcon_core.package_identification:_identify(src) by extension 'ignore_ament_install'
[0.252s] Level 1:colcon.colcon_core.package_identification:_identify(src) by extensions ['colcon_pkg']
[0.252s] Level 1:colcon.colcon_core.package_identification:_identify(src) by extension 'colcon_pkg'
[0.252s] Level 1:colcon.colcon_core.package_identification:_identify(src) by extensions ['colcon_meta']
[0.252s] Level 1:colcon.colcon_core.package_identification:_identify(src) by extension 'colcon_meta'
[0.252s] Level 1:colcon.colcon_core.package_identification:_identify(src) by extensions ['ros']
[0.252s] Level 1:colcon.colcon_core.package_identification:_identify(src) by extension 'ros'
[0.252s] Level 1:colcon.colcon_core.package_identification:_identify(src) by extensions ['cmake', 'python']
[0.252s] Level 1:colcon.colcon_core.package_identification:_identify(src) by extension 'cmake'
[0.252s] Level 1:colcon.colcon_core.package_identification:_identify(src) by extension 'python'
[0.252s] Level 1:colcon.colcon_core.package_identification:_identify(src) by extensions ['python_setup_py']
[0.252s] Level 1:colcon.colcon_core.package_identification:_identify(src) by extension 'python_setup_py'
[0.252s] Level 1:colcon.colcon_core.package_identification:_identify(src/beckhoff) by extensions ['ignore', 'ignore_ament_install']
[0.252s] Level 1:colcon.colcon_core.package_identification:_identify(src/beckhoff) by extension 'ignore'
[0.252s] Level 1:colcon.colcon_core.package_identification:_identify(src/beckhoff) by extension 'ignore_ament_install'
[0.252s] Level 1:colcon.colcon_core.package_identification:_identify(src/beckhoff) by extensions ['colcon_pkg']
[0.252s] Level 1:colcon.colcon_core.package_identification:_identify(src/beckhoff) by extension 'colcon_pkg'
[0.252s] Level 1:colcon.colcon_core.package_identification:_identify(src/beckhoff) by extensions ['colcon_meta']
[0.252s] Level 1:colcon.colcon_core.package_identification:_identify(src/beckhoff) by extension 'colcon_meta'
[0.252s] Level 1:colcon.colcon_core.package_identification:_identify(src/beckhoff) by extensions ['ros']
[0.252s] Level 1:colcon.colcon_core.package_identification:_identify(src/beckhoff) by extension 'ros'
[0.254s] DEBUG:colcon.colcon_core.package_identification:Package 'src/beckhoff' with type 'ros.ament_python' and name 'beckhoff'
[0.254s] Level 1:colcon.colcon_core.package_identification:_identify(src/beckhoff_interfaces) by extensions ['ignore', 'ignore_ament_install']
[0.254s] Level 1:colcon.colcon_core.package_identification:_identify(src/beckhoff_interfaces) by extension 'ignore'
[0.254s] Level 1:colcon.colcon_core.package_identification:_identify(src/beckhoff_interfaces) by extension 'ignore_ament_install'
[0.254s] Level 1:colcon.colcon_core.package_identification:_identify(src/beckhoff_interfaces) by extensions ['colcon_pkg']
[0.254s] Level 1:colcon.colcon_core.package_identification:_identify(src/beckhoff_interfaces) by extension 'colcon_pkg'
[0.254s] Level 1:colcon.colcon_core.package_identification:_identify(src/beckhoff_interfaces) by extensions ['colcon_meta']
[0.254s] Level 1:colcon.colcon_core.package_identification:_identify(src/beckhoff_interfaces) by extension 'colcon_meta'
[0.254s] Level 1:colcon.colcon_core.package_identification:_identify(src/beckhoff_interfaces) by extensions ['ros']
[0.254s] Level 1:colcon.colcon_core.package_identification:_identify(src/beckhoff_interfaces) by extension 'ros'
[0.255s] DEBUG:colcon.colcon_core.package_identification:Package 'src/beckhoff_interfaces' with type 'ros.ament_cmake' and name 'beckhoff_interfaces'
[0.255s] Level 1:colcon.colcon_core.package_identification:_identify(src/lift_interfaces) by extensions ['ignore', 'ignore_ament_install']
[0.255s] Level 1:colcon.colcon_core.package_identification:_identify(src/lift_interfaces) by extension 'ignore'
[0.255s] Level 1:colcon.colcon_core.package_identification:_identify(src/lift_interfaces) by extension 'ignore_ament_install'
[0.255s] Level 1:colcon.colcon_core.package_identification:_identify(src/lift_interfaces) by extensions ['colcon_pkg']
[0.255s] Level 1:colcon.colcon_core.package_identification:_identify(src/lift_interfaces) by extension 'colcon_pkg'
[0.255s] Level 1:colcon.colcon_core.package_identification:_identify(src/lift_interfaces) by extensions ['colcon_meta']
[0.255s] Level 1:colcon.colcon_core.package_identification:_identify(src/lift_interfaces) by extension 'colcon_meta'
[0.255s] Level 1:colcon.colcon_core.package_identification:_identify(src/lift_interfaces) by extensions ['ros']
[0.255s] Level 1:colcon.colcon_core.package_identification:_identify(src/lift_interfaces) by extension 'ros'
[0.256s] DEBUG:colcon.colcon_core.package_identification:Package 'src/lift_interfaces' with type 'ros.ament_cmake' and name 'lift_interfaces'
[0.256s] Level 1:colcon.colcon_core.package_identification:_identify(src/platform_lift) by extensions ['ignore', 'ignore_ament_install']
[0.256s] Level 1:colcon.colcon_core.package_identification:_identify(src/platform_lift) by extension 'ignore'
[0.256s] Level 1:colcon.colcon_core.package_identification:_identify(src/platform_lift) by extension 'ignore_ament_install'
[0.256s] Level 1:colcon.colcon_core.package_identification:_identify(src/platform_lift) by extensions ['colcon_pkg']
[0.256s] Level 1:colcon.colcon_core.package_identification:_identify(src/platform_lift) by extension 'colcon_pkg'
[0.256s] Level 1:colcon.colcon_core.package_identification:_identify(src/platform_lift) by extensions ['colcon_meta']
[0.256s] Level 1:colcon.colcon_core.package_identification:_identify(src/platform_lift) by extension 'colcon_meta'
[0.256s] Level 1:colcon.colcon_core.package_identification:_identify(src/platform_lift) by extensions ['ros']
[0.256s] Level 1:colcon.colcon_core.package_identification:_identify(src/platform_lift) by extension 'ros'
[0.256s] DEBUG:colcon.colcon_core.package_identification:Package 'src/platform_lift' with type 'ros.ament_python' and name 'platform_lift'
[0.256s] Level 1:colcon.colcon_core.package_discovery:discover_packages(recursive) using defaults
[0.256s] Level 1:colcon.colcon_core.package_discovery:discover_packages(ignore) discover
[0.256s] Level 1:colcon.colcon_core.package_discovery:discover_packages(ignore) using defaults
[0.256s] Level 1:colcon.colcon_core.package_discovery:discover_packages(path) discover
[0.256s] Level 1:colcon.colcon_core.package_discovery:discover_packages(path) using defaults
[0.286s] Level 1:colcon.colcon_core.package_discovery:discover_packages(prefix_path) check parameters
[0.286s] Level 1:colcon.colcon_core.package_discovery:discover_packages(prefix_path) discover
[0.289s] DEBUG:colcon.colcon_installed_package_information.package_discovery:Found 4 installed packages in /home/student/ros_ws/RosSystem/install
[0.291s] DEBUG:colcon.colcon_installed_package_information.package_discovery:Found 55 installed packages in /home/student/ws_moveit2/install
[0.292s] DEBUG:colcon.colcon_installed_package_information.package_discovery:Found 379 installed packages in /opt/ros/humble
[0.295s] Level 1:colcon.colcon_core.package_discovery:discover_packages(prefix_path) using defaults
[0.337s] Level 5:colcon.colcon_core.verb:set package 'beckhoff' build argument 'cmake_args' from command line to 'None'
[0.337s] Level 5:colcon.colcon_core.verb:set package 'beckhoff' build argument 'cmake_target' from command line to 'None'
[0.337s] Level 5:colcon.colcon_core.verb:set package 'beckhoff' build argument 'cmake_target_skip_unavailable' from command line to 'False'
[0.337s] Level 5:colcon.colcon_core.verb:set package 'beckhoff' build argument 'cmake_clean_cache' from command line to 'False'
[0.337s] Level 5:colcon.colcon_core.verb:set package 'beckhoff' build argument 'cmake_clean_first' from command line to 'False'
[0.337s] Level 5:colcon.colcon_core.verb:set package 'beckhoff' build argument 'cmake_force_configure' from command line to 'False'
[0.337s] Level 5:colcon.colcon_core.verb:set package 'beckhoff' build argument 'ament_cmake_args' from command line to 'None'
[0.337s] Level 5:colcon.colcon_core.verb:set package 'beckhoff' build argument 'catkin_cmake_args' from command line to 'None'
[0.337s] Level 5:colcon.colcon_core.verb:set package 'beckhoff' build argument 'catkin_skip_building_tests' from command line to 'False'
[0.337s] DEBUG:colcon.colcon_core.verb:Building package 'beckhoff' with the following arguments: {'ament_cmake_args': None, 'build_base': '/home/student/ros_ws/RosSystem/build/beckhoff', 'catkin_cmake_args': None, 'catkin_skip_building_tests': False, 'cmake_args': None, 'cmake_clean_cache': False, 'cmake_clean_first': False, 'cmake_force_configure': False, 'cmake_target': None, 'cmake_target_skip_unavailable': False, 'install_base': '/home/student/ros_ws/RosSystem/install/beckhoff', 'merge_install': False, 'path': '/home/student/ros_ws/RosSystem/src/beckhoff', 'symlink_install': False, 'test_result_base': None}
[0.338s] Level 5:colcon.colcon_core.verb:set package 'beckhoff_interfaces' build argument 'cmake_args' from command line to 'None'
[0.338s] Level 5:colcon.colcon_core.verb:set package 'beckhoff_interfaces' build argument 'cmake_target' from command line to 'None'
[0.338s] Level 5:colcon.colcon_core.verb:set package 'beckhoff_interfaces' build argument 'cmake_target_skip_unavailable' from command line to 'False'
[0.338s] Level 5:colcon.colcon_core.verb:set package 'beckhoff_interfaces' build argument 'cmake_clean_cache' from command line to 'False'
[0.338s] Level 5:colcon.colcon_core.verb:set package 'beckhoff_interfaces' build argument 'cmake_clean_first' from command line to 'False'
[0.338s] Level 5:colcon.colcon_core.verb:set package 'beckhoff_interfaces' build argument 'cmake_force_configure' from command line to 'False'
[0.338s] Level 5:colcon.colcon_core.verb:set package 'beckhoff_interfaces' build argument 'ament_cmake_args' from command line to 'None'
[0.338s] Level 5:colcon.colcon_core.verb:set package 'beckhoff_interfaces' build argument 'catkin_cmake_args' from command line to 'None'
[0.338s] Level 5:colcon.colcon_core.verb:set package 'beckhoff_interfaces' build argument 'catkin_skip_building_tests' from command line to 'False'
[0.338s] DEBUG:colcon.colcon_core.verb:Building package 'beckhoff_interfaces' with the following arguments: {'ament_cmake_args': None, 'build_base': '/home/student/ros_ws/RosSystem/build/beckhoff_interfaces', 'catkin_cmake_args': None, 'catkin_skip_building_tests': False, 'cmake_args': None, 'cmake_clean_cache': False, 'cmake_clean_first': False, 'cmake_force_configure': False, 'cmake_target': None, 'cmake_target_skip_unavailable': False, 'install_base': '/home/student/ros_ws/RosSystem/install/beckhoff_interfaces', 'merge_install': False, 'path': '/home/student/ros_ws/RosSystem/src/beckhoff_interfaces', 'symlink_install': False, 'test_result_base': None}
[0.338s] Level 5:colcon.colcon_core.verb:set package 'lift_interfaces' build argument 'cmake_args' from command line to 'None'
[0.338s] Level 5:colcon.colcon_core.verb:set package 'lift_interfaces' build argument 'cmake_target' from command line to 'None'
[0.338s] Level 5:colcon.colcon_core.verb:set package 'lift_interfaces' build argument 'cmake_target_skip_unavailable' from command line to 'False'
[0.338s] Level 5:colcon.colcon_core.verb:set package 'lift_interfaces' build argument 'cmake_clean_cache' from command line to 'False'
[0.338s] Level 5:colcon.colcon_core.verb:set package 'lift_interfaces' build argument 'cmake_clean_first' from command line to 'False'
[0.338s] Level 5:colcon.colcon_core.verb:set package 'lift_interfaces' build argument 'cmake_force_configure' from command line to 'False'
[0.338s] Level 5:colcon.colcon_core.verb:set package 'lift_interfaces' build argument 'ament_cmake_args' from command line to 'None'
[0.338s] Level 5:colcon.colcon_core.verb:set package 'lift_interfaces' build argument 'catkin_cmake_args' from command line to 'None'
[0.338s] Level 5:colcon.colcon_core.verb:set package 'lift_interfaces' build argument 'catkin_skip_building_tests' from command line to 'False'
[0.338s] DEBUG:colcon.colcon_core.verb:Building package 'lift_interfaces' with the following arguments: {'ament_cmake_args': None, 'build_base': '/home/student/ros_ws/RosSystem/build/lift_interfaces', 'catkin_cmake_args': None, 'catkin_skip_building_tests': False, 'cmake_args': None, 'cmake_clean_cache': False, 'cmake_clean_first': False, 'cmake_force_configure': False, 'cmake_target': None, 'cmake_target_skip_unavailable': False, 'install_base': '/home/student/ros_ws/RosSystem/install/lift_interfaces', 'merge_install': False, 'path': '/home/student/ros_ws/RosSystem/src/lift_interfaces', 'symlink_install': False, 'test_result_base': None}
[0.339s] Level 5:colcon.colcon_core.verb:set package 'platform_lift' build argument 'cmake_args' from command line to 'None'
[0.339s] Level 5:colcon.colcon_core.verb:set package 'platform_lift' build argument 'cmake_target' from command line to 'None'
[0.339s] Level 5:colcon.colcon_core.verb:set package 'platform_lift' build argument 'cmake_target_skip_unavailable' from command line to 'False'
[0.339s] Level 5:colcon.colcon_core.verb:set package 'platform_lift' build argument 'cmake_clean_cache' from command line to 'False'
[0.339s] Level 5:colcon.colcon_core.verb:set package 'platform_lift' build argument 'cmake_clean_first' from command line to 'False'
[0.339s] Level 5:colcon.colcon_core.verb:set package 'platform_lift' build argument 'cmake_force_configure' from command line to 'False'
[0.339s] Level 5:colcon.colcon_core.verb:set package 'platform_lift' build argument 'ament_cmake_args' from command line to 'None'
[0.339s] Level 5:colcon.colcon_core.verb:set package 'platform_lift' build argument 'catkin_cmake_args' from command line to 'None'
[0.339s] Level 5:colcon.colcon_core.verb:set package 'platform_lift' build argument 'catkin_skip_building_tests' from command line to 'False'
[0.339s] DEBUG:colcon.colcon_core.verb:Building package 'platform_lift' with the following arguments: {'ament_cmake_args': None, 'build_base': '/home/student/ros_ws/RosSystem/build/platform_lift', 'catkin_cmake_args': None, 'catkin_skip_building_tests': False, 'cmake_args': None, 'cmake_clean_cache': False, 'cmake_clean_first': False, 'cmake_force_configure': False, 'cmake_target': None, 'cmake_target_skip_unavailable': False, 'install_base': '/home/student/ros_ws/RosSystem/install/platform_lift', 'merge_install': False, 'path': '/home/student/ros_ws/RosSystem/src/platform_lift', 'symlink_install': False, 'test_result_base': None}
[0.339s] INFO:colcon.colcon_core.executor:Executing jobs using 'parallel' executor
[0.340s] DEBUG:colcon.colcon_parallel_executor.executor.parallel:run_until_complete
[0.340s] INFO:colcon.colcon_ros.task.ament_python.build:Building ROS package in '/home/student/ros_ws/RosSystem/src/beckhoff' with build type 'ament_python'
[0.340s] Level 1:colcon.colcon_core.shell:create_environment_hook('beckhoff', 'ament_prefix_path')
[0.342s] INFO:colcon.colcon_core.plugin_system:Skipping extension 'colcon_core.shell.bat': Not used on non-Windows systems
[0.342s] INFO:colcon.colcon_core.shell:Creating environment hook '/home/student/ros_ws/RosSystem/install/beckhoff/share/beckhoff/hook/ament_prefix_path.ps1'
[0.343s] INFO:colcon.colcon_core.shell:Creating environment descriptor '/home/student/ros_ws/RosSystem/install/beckhoff/share/beckhoff/hook/ament_prefix_path.dsv'
[0.343s] INFO:colcon.colcon_core.shell:Creating environment hook '/home/student/ros_ws/RosSystem/install/beckhoff/share/beckhoff/hook/ament_prefix_path.sh'
[0.344s] INFO:colcon.colcon_core.shell:Skip shell extension 'powershell' for command environment: Not usable outside of PowerShell
[0.344s] DEBUG:colcon.colcon_core.shell:Skip shell extension 'dsv' for command environment
[0.351s] INFO:colcon.colcon_ros.task.ament_cmake.build:Building ROS package in '/home/student/ros_ws/RosSystem/src/beckhoff_interfaces' with build type 'ament_cmake'
[0.351s] INFO:colcon.colcon_cmake.task.cmake.build:Building CMake package in '/home/student/ros_ws/RosSystem/src/beckhoff_interfaces'
[0.351s] INFO:colcon.colcon_core.shell:Skip shell extension 'powershell' for command environment: Not usable outside of PowerShell
[0.351s] DEBUG:colcon.colcon_core.shell:Skip shell extension 'dsv' for command environment
[0.358s] INFO:colcon.colcon_ros.task.ament_cmake.build:Building ROS package in '/home/student/ros_ws/RosSystem/src/lift_interfaces' with build type 'ament_cmake'
[0.358s] INFO:colcon.colcon_cmake.task.cmake.build:Building CMake package in '/home/student/ros_ws/RosSystem/src/lift_interfaces'
[0.358s] INFO:colcon.colcon_core.shell:Skip shell extension 'powershell' for command environment: Not usable outside of PowerShell
[0.358s] DEBUG:colcon.colcon_core.shell:Skip shell extension 'dsv' for command environment
[0.365s] INFO:colcon.colcon_ros.task.ament_python.build:Building ROS package in '/home/student/ros_ws/RosSystem/src/platform_lift' with build type 'ament_python'
[0.365s] Level 1:colcon.colcon_core.shell:create_environment_hook('platform_lift', 'ament_prefix_path')
[0.365s] INFO:colcon.colcon_core.shell:Creating environment hook '/home/student/ros_ws/RosSystem/install/platform_lift/share/platform_lift/hook/ament_prefix_path.ps1'
[0.366s] INFO:colcon.colcon_core.shell:Creating environment descriptor '/home/student/ros_ws/RosSystem/install/platform_lift/share/platform_lift/hook/ament_prefix_path.dsv'
[0.366s] INFO:colcon.colcon_core.shell:Creating environment hook '/home/student/ros_ws/RosSystem/install/platform_lift/share/platform_lift/hook/ament_prefix_path.sh'
[0.366s] INFO:colcon.colcon_core.shell:Skip shell extension 'powershell' for command environment: Not usable outside of PowerShell
[0.366s] DEBUG:colcon.colcon_core.shell:Skip shell extension 'dsv' for command environment
[0.608s] INFO:colcon.colcon_core.task.python.build:Building Python package in '/home/student/ros_ws/RosSystem/src/beckhoff'
[0.608s] INFO:colcon.colcon_core.shell:Skip shell extension 'powershell' for command environment: Not usable outside of PowerShell
[0.608s] DEBUG:colcon.colcon_core.shell:Skip shell extension 'dsv' for command environment
[0.617s] DEBUG:colcon.colcon_core.event_handler.log_command:Invoking command in '/home/student/ros_ws/RosSystem/build/beckhoff_interfaces': CMAKE_PREFIX_PATH=${CMAKE_PREFIX_PATH}:/home/student/ws_moveit2/install/moveit_configs_utils:/home/student/ws_moveit2/install/launch_param_builder:/home/student/ros_ws/RosSystem/install/platform_lift:/home/student/ros_ws/RosSystem/install/beckhoff:/opt/ros/humble /usr/bin/cmake --build /home/student/ros_ws/RosSystem/build/beckhoff_interfaces -- -j16 -l16
[0.622s] DEBUG:colcon.colcon_core.event_handler.log_command:Invoking command in '/home/student/ros_ws/RosSystem/build/lift_interfaces': CMAKE_PREFIX_PATH=${CMAKE_PREFIX_PATH}:/home/student/ws_moveit2/install/moveit_configs_utils:/home/student/ws_moveit2/install/launch_param_builder:/home/student/ros_ws/RosSystem/install/platform_lift:/home/student/ros_ws/RosSystem/install/beckhoff:/opt/ros/humble /usr/bin/cmake --build /home/student/ros_ws/RosSystem/build/lift_interfaces -- -j16 -l16
[0.934s] INFO:colcon.colcon_core.task.python.build:Building Python package in '/home/student/ros_ws/RosSystem/src/platform_lift'
[0.935s] INFO:colcon.colcon_core.shell:Skip shell extension 'powershell' for command environment: Not usable outside of PowerShell
[0.935s] DEBUG:colcon.colcon_core.shell:Skip shell extension 'dsv' for command environment
[1.138s] DEBUG:colcon.colcon_core.event_handler.log_command:Invoked command in '/home/student/ros_ws/RosSystem/build/beckhoff_interfaces' returned '0': CMAKE_PREFIX_PATH=${CMAKE_PREFIX_PATH}:/home/student/ws_moveit2/install/moveit_configs_utils:/home/student/ws_moveit2/install/launch_param_builder:/home/student/ros_ws/RosSystem/install/platform_lift:/home/student/ros_ws/RosSystem/install/beckhoff:/opt/ros/humble /usr/bin/cmake --build /home/student/ros_ws/RosSystem/build/beckhoff_interfaces -- -j16 -l16
[1.149s] DEBUG:colcon.colcon_core.event_handler.log_command:Invoked command in '/home/student/ros_ws/RosSystem/build/lift_interfaces' returned '0': CMAKE_PREFIX_PATH=${CMAKE_PREFIX_PATH}:/home/student/ws_moveit2/install/moveit_configs_utils:/home/student/ws_moveit2/install/launch_param_builder:/home/student/ros_ws/RosSystem/install/platform_lift:/home/student/ros_ws/RosSystem/install/beckhoff:/opt/ros/humble /usr/bin/cmake --build /home/student/ros_ws/RosSystem/build/lift_interfaces -- -j16 -l16
[1.404s] DEBUG:colcon.colcon_core.event_handler.log_command:Invoking command in '/home/student/ros_ws/RosSystem/src/beckhoff': PYTHONPATH=/home/student/ros_ws/RosSystem/build/beckhoff/prefix_override:/home/student/ros_ws/RosSystem/install/beckhoff/lib/python3.10/site-packages:${PYTHONPATH} /usr/bin/python3 -W ignore:setup.py install is deprecated setup.py egg_info --egg-base ../../build/beckhoff build --build-base /home/student/ros_ws/RosSystem/build/beckhoff/build install --record /home/student/ros_ws/RosSystem/build/beckhoff/install.log --single-version-externally-managed install_data
[1.428s] DEBUG:colcon.colcon_core.event_handler.log_command:Invoking command in '/home/student/ros_ws/RosSystem/src/platform_lift': PYTHONPATH=/home/student/ros_ws/RosSystem/build/platform_lift/prefix_override:/home/student/ros_ws/RosSystem/install/platform_lift/lib/python3.10/site-packages:${PYTHONPATH} /usr/bin/python3 -W ignore:setup.py install is deprecated setup.py egg_info --egg-base ../../build/platform_lift build --build-base /home/student/ros_ws/RosSystem/build/platform_lift/build install --record /home/student/ros_ws/RosSystem/build/platform_lift/install.log --single-version-externally-managed install_data
[1.445s] DEBUG:colcon.colcon_core.event_handler.log_command:Invoking command in '/home/student/ros_ws/RosSystem/build/lift_interfaces': CMAKE_PREFIX_PATH=${CMAKE_PREFIX_PATH}:/home/student/ws_moveit2/install/moveit_configs_utils:/home/student/ws_moveit2/install/launch_param_builder:/home/student/ros_ws/RosSystem/install/platform_lift:/home/student/ros_ws/RosSystem/install/beckhoff:/opt/ros/humble /usr/bin/cmake --install /home/student/ros_ws/RosSystem/build/lift_interfaces
[1.514s] Level 1:colcon.colcon_core.environment:create_environment_scripts_only(lift_interfaces)
[1.515s] DEBUG:colcon.colcon_core.event_handler.log_command:Invoked command in '/home/student/ros_ws/RosSystem/build/lift_interfaces' returned '0': CMAKE_PREFIX_PATH=${CMAKE_PREFIX_PATH}:/home/student/ws_moveit2/install/moveit_configs_utils:/home/student/ws_moveit2/install/launch_param_builder:/home/student/ros_ws/RosSystem/install/platform_lift:/home/student/ros_ws/RosSystem/install/beckhoff:/opt/ros/humble /usr/bin/cmake --install /home/student/ros_ws/RosSystem/build/lift_interfaces
[1.517s] Level 1:colcon.colcon_core.environment:checking '/home/student/ros_ws/RosSystem/install/lift_interfaces' for CMake module files
[1.517s] Level 1:colcon.colcon_core.environment:checking '/home/student/ros_ws/RosSystem/install/lift_interfaces' for CMake config files
[1.518s] Level 1:colcon.colcon_core.shell:create_environment_hook('lift_interfaces', 'cmake_prefix_path')
[1.518s] INFO:colcon.colcon_core.shell:Creating environment hook '/home/student/ros_ws/RosSystem/install/lift_interfaces/share/lift_interfaces/hook/cmake_prefix_path.ps1'
[1.519s] INFO:colcon.colcon_core.shell:Creating environment descriptor '/home/student/ros_ws/RosSystem/install/lift_interfaces/share/lift_interfaces/hook/cmake_prefix_path.dsv'
[1.519s] INFO:colcon.colcon_core.shell:Creating environment hook '/home/student/ros_ws/RosSystem/install/lift_interfaces/share/lift_interfaces/hook/cmake_prefix_path.sh'
[1.520s] Level 1:colcon.colcon_core.environment:checking '/home/student/ros_ws/RosSystem/install/lift_interfaces/lib'
[1.520s] Level 1:colcon.colcon_core.shell:create_environment_hook('lift_interfaces', 'ld_library_path_lib')
[1.520s] INFO:colcon.colcon_core.shell:Creating environment hook '/home/student/ros_ws/RosSystem/install/lift_interfaces/share/lift_interfaces/hook/ld_library_path_lib.ps1'
[1.521s] INFO:colcon.colcon_core.shell:Creating environment descriptor '/home/student/ros_ws/RosSystem/install/lift_interfaces/share/lift_interfaces/hook/ld_library_path_lib.dsv'
[1.521s] INFO:colcon.colcon_core.shell:Creating environment hook '/home/student/ros_ws/RosSystem/install/lift_interfaces/share/lift_interfaces/hook/ld_library_path_lib.sh'
[1.521s] Level 1:colcon.colcon_core.environment:checking '/home/student/ros_ws/RosSystem/install/lift_interfaces/bin'
[1.521s] Level 1:colcon.colcon_core.environment:checking '/home/student/ros_ws/RosSystem/install/lift_interfaces/lib/pkgconfig/lift_interfaces.pc'
[1.522s] Level 1:colcon.colcon_core.environment:checking '/home/student/ros_ws/RosSystem/install/lift_interfaces/lib/python3.10/site-packages'
[1.522s] Level 1:colcon.colcon_core.environment:checking '/home/student/ros_ws/RosSystem/install/lift_interfaces/bin'
[1.522s] INFO:colcon.colcon_core.shell:Creating package script '/home/student/ros_ws/RosSystem/install/lift_interfaces/share/lift_interfaces/package.ps1'
[1.523s] INFO:colcon.colcon_core.shell:Creating package descriptor '/home/student/ros_ws/RosSystem/install/lift_interfaces/share/lift_interfaces/package.dsv'
[1.523s] INFO:colcon.colcon_core.shell:Creating package script '/home/student/ros_ws/RosSystem/install/lift_interfaces/share/lift_interfaces/package.sh'
[1.524s] INFO:colcon.colcon_core.shell:Creating package script '/home/student/ros_ws/RosSystem/install/lift_interfaces/share/lift_interfaces/package.bash'
[1.525s] INFO:colcon.colcon_core.shell:Creating package script '/home/student/ros_ws/RosSystem/install/lift_interfaces/share/lift_interfaces/package.zsh'
[1.525s] Level 1:colcon.colcon_core.environment:create_file_with_runtime_dependencies(/home/student/ros_ws/RosSystem/install/lift_interfaces/share/colcon-core/packages/lift_interfaces)
[1.608s] DEBUG:colcon.colcon_core.event_handler.log_command:Invoking command in '/home/student/ros_ws/RosSystem/build/beckhoff_interfaces': CMAKE_PREFIX_PATH=${CMAKE_PREFIX_PATH}:/home/student/ws_moveit2/install/moveit_configs_utils:/home/student/ws_moveit2/install/launch_param_builder:/home/student/ros_ws/RosSystem/install/platform_lift:/home/student/ros_ws/RosSystem/install/beckhoff:/opt/ros/humble /usr/bin/cmake --install /home/student/ros_ws/RosSystem/build/beckhoff_interfaces
[1.680s] Level 1:colcon.colcon_core.environment:create_environment_scripts_only(beckhoff_interfaces)
[1.680s] Level 1:colcon.colcon_core.environment:checking '/home/student/ros_ws/RosSystem/install/beckhoff_interfaces' for CMake module files
[1.681s] DEBUG:colcon.colcon_core.event_handler.log_command:Invoked command in '/home/student/ros_ws/RosSystem/build/beckhoff_interfaces' returned '0': CMAKE_PREFIX_PATH=${CMAKE_PREFIX_PATH}:/home/student/ws_moveit2/install/moveit_configs_utils:/home/student/ws_moveit2/install/launch_param_builder:/home/student/ros_ws/RosSystem/install/platform_lift:/home/student/ros_ws/RosSystem/install/beckhoff:/opt/ros/humble /usr/bin/cmake --install /home/student/ros_ws/RosSystem/build/beckhoff_interfaces
[1.682s] Level 1:colcon.colcon_core.environment:checking '/home/student/ros_ws/RosSystem/install/beckhoff_interfaces' for CMake config files
[1.683s] Level 1:colcon.colcon_core.shell:create_environment_hook('beckhoff_interfaces', 'cmake_prefix_path')
[1.684s] INFO:colcon.colcon_core.shell:Creating environment hook '/home/student/ros_ws/RosSystem/install/beckhoff_interfaces/share/beckhoff_interfaces/hook/cmake_prefix_path.ps1'
[1.685s] INFO:colcon.colcon_core.shell:Creating environment descriptor '/home/student/ros_ws/RosSystem/install/beckhoff_interfaces/share/beckhoff_interfaces/hook/cmake_prefix_path.dsv'
[1.686s] INFO:colcon.colcon_core.shell:Creating environment hook '/home/student/ros_ws/RosSystem/install/beckhoff_interfaces/share/beckhoff_interfaces/hook/cmake_prefix_path.sh'
[1.687s] Level 1:colcon.colcon_core.environment:checking '/home/student/ros_ws/RosSystem/install/beckhoff_interfaces/lib'
[1.687s] Level 1:colcon.colcon_core.shell:create_environment_hook('beckhoff_interfaces', 'ld_library_path_lib')
[1.687s] INFO:colcon.colcon_core.shell:Creating environment hook '/home/student/ros_ws/RosSystem/install/beckhoff_interfaces/share/beckhoff_interfaces/hook/ld_library_path_lib.ps1'
[1.688s] INFO:colcon.colcon_core.shell:Creating environment descriptor '/home/student/ros_ws/RosSystem/install/beckhoff_interfaces/share/beckhoff_interfaces/hook/ld_library_path_lib.dsv'
[1.688s] INFO:colcon.colcon_core.shell:Creating environment hook '/home/student/ros_ws/RosSystem/install/beckhoff_interfaces/share/beckhoff_interfaces/hook/ld_library_path_lib.sh'
[1.689s] Level 1:colcon.colcon_core.environment:checking '/home/student/ros_ws/RosSystem/install/beckhoff_interfaces/bin'
[1.689s] Level 1:colcon.colcon_core.environment:checking '/home/student/ros_ws/RosSystem/install/beckhoff_interfaces/lib/pkgconfig/beckhoff_interfaces.pc'
[1.689s] Level 1:colcon.colcon_core.environment:checking '/home/student/ros_ws/RosSystem/install/beckhoff_interfaces/lib/python3.10/site-packages'
[1.689s] Level 1:colcon.colcon_core.environment:checking '/home/student/ros_ws/RosSystem/install/beckhoff_interfaces/bin'
[1.689s] INFO:colcon.colcon_core.shell:Creating package script '/home/student/ros_ws/RosSystem/install/beckhoff_interfaces/share/beckhoff_interfaces/package.ps1'
[1.690s] INFO:colcon.colcon_core.shell:Creating package descriptor '/home/student/ros_ws/RosSystem/install/beckhoff_interfaces/share/beckhoff_interfaces/package.dsv'
[1.690s] INFO:colcon.colcon_core.shell:Creating package script '/home/student/ros_ws/RosSystem/install/beckhoff_interfaces/share/beckhoff_interfaces/package.sh'
[1.691s] INFO:colcon.colcon_core.shell:Creating package script '/home/student/ros_ws/RosSystem/install/beckhoff_interfaces/share/beckhoff_interfaces/package.bash'
[1.691s] INFO:colcon.colcon_core.shell:Creating package script '/home/student/ros_ws/RosSystem/install/beckhoff_interfaces/share/beckhoff_interfaces/package.zsh'
[1.692s] Level 1:colcon.colcon_core.environment:create_file_with_runtime_dependencies(/home/student/ros_ws/RosSystem/install/beckhoff_interfaces/share/colcon-core/packages/beckhoff_interfaces)
[1.731s] Level 1:colcon.colcon_core.environment:checking '/home/student/ros_ws/RosSystem/install/beckhoff' for CMake module files
[1.731s] DEBUG:colcon.colcon_core.event_handler.log_command:Invoked command in '/home/student/ros_ws/RosSystem/src/beckhoff' returned '0': PYTHONPATH=/home/student/ros_ws/RosSystem/build/beckhoff/prefix_override:/home/student/ros_ws/RosSystem/install/beckhoff/lib/python3.10/site-packages:${PYTHONPATH} /usr/bin/python3 -W ignore:setup.py install is deprecated setup.py egg_info --egg-base ../../build/beckhoff build --build-base /home/student/ros_ws/RosSystem/build/beckhoff/build install --record /home/student/ros_ws/RosSystem/build/beckhoff/install.log --single-version-externally-managed install_data
[1.732s] Level 1:colcon.colcon_core.environment:checking '/home/student/ros_ws/RosSystem/install/beckhoff' for CMake config files
[1.732s] Level 1:colcon.colcon_core.environment:checking '/home/student/ros_ws/RosSystem/install/beckhoff/lib'
[1.732s] Level 1:colcon.colcon_core.environment:checking '/home/student/ros_ws/RosSystem/install/beckhoff/bin'
[1.732s] Level 1:colcon.colcon_core.environment:checking '/home/student/ros_ws/RosSystem/install/beckhoff/lib/pkgconfig/beckhoff.pc'
[1.732s] Level 1:colcon.colcon_core.environment:checking '/home/student/ros_ws/RosSystem/install/beckhoff/lib/python3.10/site-packages'
[1.733s] Level 1:colcon.colcon_core.shell:create_environment_hook('beckhoff', 'pythonpath')
[1.733s] INFO:colcon.colcon_core.shell:Creating environment hook '/home/student/ros_ws/RosSystem/install/beckhoff/share/beckhoff/hook/pythonpath.ps1'
[1.733s] INFO:colcon.colcon_core.shell:Creating environment descriptor '/home/student/ros_ws/RosSystem/install/beckhoff/share/beckhoff/hook/pythonpath.dsv'
[1.733s] INFO:colcon.colcon_core.shell:Creating environment hook '/home/student/ros_ws/RosSystem/install/beckhoff/share/beckhoff/hook/pythonpath.sh'
[1.734s] Level 1:colcon.colcon_core.environment:checking '/home/student/ros_ws/RosSystem/install/beckhoff/bin'
[1.734s] Level 1:colcon.colcon_core.environment:create_environment_scripts_only(beckhoff)
[1.734s] INFO:colcon.colcon_core.shell:Creating package script '/home/student/ros_ws/RosSystem/install/beckhoff/share/beckhoff/package.ps1'
[1.735s] INFO:colcon.colcon_core.shell:Creating package descriptor '/home/student/ros_ws/RosSystem/install/beckhoff/share/beckhoff/package.dsv'
[1.735s] INFO:colcon.colcon_core.shell:Creating package script '/home/student/ros_ws/RosSystem/install/beckhoff/share/beckhoff/package.sh'
[1.736s] INFO:colcon.colcon_core.shell:Creating package script '/home/student/ros_ws/RosSystem/install/beckhoff/share/beckhoff/package.bash'
[1.736s] INFO:colcon.colcon_core.shell:Creating package script '/home/student/ros_ws/RosSystem/install/beckhoff/share/beckhoff/package.zsh'
[1.736s] Level 1:colcon.colcon_core.environment:create_file_with_runtime_dependencies(/home/student/ros_ws/RosSystem/install/beckhoff/share/colcon-core/packages/beckhoff)
[1.755s] Level 1:colcon.colcon_core.environment:checking '/home/student/ros_ws/RosSystem/install/platform_lift' for CMake module files
[1.756s] DEBUG:colcon.colcon_core.event_handler.log_command:Invoked command in '/home/student/ros_ws/RosSystem/src/platform_lift' returned '0': PYTHONPATH=/home/student/ros_ws/RosSystem/build/platform_lift/prefix_override:/home/student/ros_ws/RosSystem/install/platform_lift/lib/python3.10/site-packages:${PYTHONPATH} /usr/bin/python3 -W ignore:setup.py install is deprecated setup.py egg_info --egg-base ../../build/platform_lift build --build-base /home/student/ros_ws/RosSystem/build/platform_lift/build install --record /home/student/ros_ws/RosSystem/build/platform_lift/install.log --single-version-externally-managed install_data
[1.756s] Level 1:colcon.colcon_core.environment:checking '/home/student/ros_ws/RosSystem/install/platform_lift' for CMake config files
[1.757s] Level 1:colcon.colcon_core.environment:checking '/home/student/ros_ws/RosSystem/install/platform_lift/lib'
[1.757s] Level 1:colcon.colcon_core.environment:checking '/home/student/ros_ws/RosSystem/install/platform_lift/bin'
[1.757s] Level 1:colcon.colcon_core.environment:checking '/home/student/ros_ws/RosSystem/install/platform_lift/lib/pkgconfig/platform_lift.pc'
[1.757s] Level 1:colcon.colcon_core.environment:checking '/home/student/ros_ws/RosSystem/install/platform_lift/lib/python3.10/site-packages'
[1.758s] Level 1:colcon.colcon_core.shell:create_environment_hook('platform_lift', 'pythonpath')
[1.758s] INFO:colcon.colcon_core.shell:Creating environment hook '/home/student/ros_ws/RosSystem/install/platform_lift/share/platform_lift/hook/pythonpath.ps1'
[1.759s] INFO:colcon.colcon_core.shell:Creating environment descriptor '/home/student/ros_ws/RosSystem/install/platform_lift/share/platform_lift/hook/pythonpath.dsv'
[1.760s] INFO:colcon.colcon_core.shell:Creating environment hook '/home/student/ros_ws/RosSystem/install/platform_lift/share/platform_lift/hook/pythonpath.sh'
[1.760s] Level 1:colcon.colcon_core.environment:checking '/home/student/ros_ws/RosSystem/install/platform_lift/bin'
[1.761s] Level 1:colcon.colcon_core.environment:create_environment_scripts_only(platform_lift)
[1.761s] INFO:colcon.colcon_core.shell:Creating package script '/home/student/ros_ws/RosSystem/install/platform_lift/share/platform_lift/package.ps1'
[1.761s] INFO:colcon.colcon_core.shell:Creating package descriptor '/home/student/ros_ws/RosSystem/install/platform_lift/share/platform_lift/package.dsv'
[1.762s] INFO:colcon.colcon_core.shell:Creating package script '/home/student/ros_ws/RosSystem/install/platform_lift/share/platform_lift/package.sh'
[1.763s] INFO:colcon.colcon_core.shell:Creating package script '/home/student/ros_ws/RosSystem/install/platform_lift/share/platform_lift/package.bash'
[1.763s] INFO:colcon.colcon_core.shell:Creating package script '/home/student/ros_ws/RosSystem/install/platform_lift/share/platform_lift/package.zsh'
[1.763s] Level 1:colcon.colcon_core.environment:create_file_with_runtime_dependencies(/home/student/ros_ws/RosSystem/install/platform_lift/share/colcon-core/packages/platform_lift)
[1.768s] Level 1:colcon.colcon_core.environment:create_environment_scripts_only(lift_interfaces)
[1.768s] Level 1:colcon.colcon_core.environment:checking '/home/student/ros_ws/RosSystem/install/lift_interfaces' for CMake module files
[1.769s] Level 1:colcon.colcon_core.environment:checking '/home/student/ros_ws/RosSystem/install/lift_interfaces' for CMake config files
[1.769s] Level 1:colcon.colcon_core.shell:create_environment_hook('lift_interfaces', 'cmake_prefix_path')
[1.770s] INFO:colcon.colcon_core.shell:Creating environment hook '/home/student/ros_ws/RosSystem/install/lift_interfaces/share/lift_interfaces/hook/cmake_prefix_path.ps1'
[1.771s] INFO:colcon.colcon_core.shell:Creating environment descriptor '/home/student/ros_ws/RosSystem/install/lift_interfaces/share/lift_interfaces/hook/cmake_prefix_path.dsv'
[1.771s] INFO:colcon.colcon_core.shell:Creating environment hook '/home/student/ros_ws/RosSystem/install/lift_interfaces/share/lift_interfaces/hook/cmake_prefix_path.sh'
[1.772s] Level 1:colcon.colcon_core.environment:checking '/home/student/ros_ws/RosSystem/install/lift_interfaces/lib'
[1.772s] Level 1:colcon.colcon_core.shell:create_environment_hook('lift_interfaces', 'ld_library_path_lib')
[1.772s] INFO:colcon.colcon_core.shell:Creating environment hook '/home/student/ros_ws/RosSystem/install/lift_interfaces/share/lift_interfaces/hook/ld_library_path_lib.ps1'
[1.773s] INFO:colcon.colcon_core.shell:Creating environment descriptor '/home/student/ros_ws/RosSystem/install/lift_interfaces/share/lift_interfaces/hook/ld_library_path_lib.dsv'
[1.773s] INFO:colcon.colcon_core.shell:Creating environment hook '/home/student/ros_ws/RosSystem/install/lift_interfaces/share/lift_interfaces/hook/ld_library_path_lib.sh'
[1.773s] Level 1:colcon.colcon_core.environment:checking '/home/student/ros_ws/RosSystem/install/lift_interfaces/bin'
[1.773s] Level 1:colcon.colcon_core.environment:checking '/home/student/ros_ws/RosSystem/install/lift_interfaces/lib/pkgconfig/lift_interfaces.pc'
[1.773s] Level 1:colcon.colcon_core.environment:checking '/home/student/ros_ws/RosSystem/install/lift_interfaces/lib/python3.10/site-packages'
[1.774s] Level 1:colcon.colcon_core.environment:checking '/home/student/ros_ws/RosSystem/install/lift_interfaces/bin'
[1.774s] INFO:colcon.colcon_core.shell:Creating package script '/home/student/ros_ws/RosSystem/install/lift_interfaces/share/lift_interfaces/package.ps1'
[1.774s] INFO:colcon.colcon_core.shell:Creating package descriptor '/home/student/ros_ws/RosSystem/install/lift_interfaces/share/lift_interfaces/package.dsv'
[1.775s] INFO:colcon.colcon_core.shell:Creating package script '/home/student/ros_ws/RosSystem/install/lift_interfaces/share/lift_interfaces/package.sh'
[1.775s] INFO:colcon.colcon_core.shell:Creating package script '/home/student/ros_ws/RosSystem/install/lift_interfaces/share/lift_interfaces/package.bash'
[1.775s] INFO:colcon.colcon_core.shell:Creating package script '/home/student/ros_ws/RosSystem/install/lift_interfaces/share/lift_interfaces/package.zsh'
[1.776s] Level 1:colcon.colcon_core.environment:create_file_with_runtime_dependencies(/home/student/ros_ws/RosSystem/install/lift_interfaces/share/colcon-core/packages/lift_interfaces)
[2.116s] Level 1:colcon.colcon_core.environment:create_environment_scripts_only(beckhoff_interfaces)
[2.116s] Level 1:colcon.colcon_core.environment:checking '/home/student/ros_ws/RosSystem/install/beckhoff_interfaces' for CMake module files
[2.116s] Level 1:colcon.colcon_core.environment:checking '/home/student/ros_ws/RosSystem/install/beckhoff_interfaces' for CMake config files
[2.117s] Level 1:colcon.colcon_core.shell:create_environment_hook('beckhoff_interfaces', 'cmake_prefix_path')
[2.117s] INFO:colcon.colcon_core.shell:Creating environment hook '/home/student/ros_ws/RosSystem/install/beckhoff_interfaces/share/beckhoff_interfaces/hook/cmake_prefix_path.ps1'
[2.118s] INFO:colcon.colcon_core.shell:Creating environment descriptor '/home/student/ros_ws/RosSystem/install/beckhoff_interfaces/share/beckhoff_interfaces/hook/cmake_prefix_path.dsv'
[2.118s] INFO:colcon.colcon_core.shell:Creating environment hook '/home/student/ros_ws/RosSystem/install/beckhoff_interfaces/share/beckhoff_interfaces/hook/cmake_prefix_path.sh'
[2.118s] Level 1:colcon.colcon_core.environment:checking '/home/student/ros_ws/RosSystem/install/beckhoff_interfaces/lib'
[2.118s] Level 1:colcon.colcon_core.shell:create_environment_hook('beckhoff_interfaces', 'ld_library_path_lib')
[2.119s] INFO:colcon.colcon_core.shell:Creating environment hook '/home/student/ros_ws/RosSystem/install/beckhoff_interfaces/share/beckhoff_interfaces/hook/ld_library_path_lib.ps1'
[2.119s] INFO:colcon.colcon_core.shell:Creating environment descriptor '/home/student/ros_ws/RosSystem/install/beckhoff_interfaces/share/beckhoff_interfaces/hook/ld_library_path_lib.dsv'
[2.119s] INFO:colcon.colcon_core.shell:Creating environment hook '/home/student/ros_ws/RosSystem/install/beckhoff_interfaces/share/beckhoff_interfaces/hook/ld_library_path_lib.sh'
[2.119s] Level 1:colcon.colcon_core.environment:checking '/home/student/ros_ws/RosSystem/install/beckhoff_interfaces/bin'
[2.119s] Level 1:colcon.colcon_core.environment:checking '/home/student/ros_ws/RosSystem/install/beckhoff_interfaces/lib/pkgconfig/beckhoff_interfaces.pc'
[2.120s] Level 1:colcon.colcon_core.environment:checking '/home/student/ros_ws/RosSystem/install/beckhoff_interfaces/lib/python3.10/site-packages'
[2.120s] Level 1:colcon.colcon_core.environment:checking '/home/student/ros_ws/RosSystem/install/beckhoff_interfaces/bin'
[2.120s] INFO:colcon.colcon_core.shell:Creating package script '/home/student/ros_ws/RosSystem/install/beckhoff_interfaces/share/beckhoff_interfaces/package.ps1'
[2.120s] INFO:colcon.colcon_core.shell:Creating package descriptor '/home/student/ros_ws/RosSystem/install/beckhoff_interfaces/share/beckhoff_interfaces/package.dsv'
[2.121s] INFO:colcon.colcon_core.shell:Creating package script '/home/student/ros_ws/RosSystem/install/beckhoff_interfaces/share/beckhoff_interfaces/package.sh'
[2.121s] INFO:colcon.colcon_core.shell:Creating package script '/home/student/ros_ws/RosSystem/install/beckhoff_interfaces/share/beckhoff_interfaces/package.bash'
[2.121s] INFO:colcon.colcon_core.shell:Creating package script '/home/student/ros_ws/RosSystem/install/beckhoff_interfaces/share/beckhoff_interfaces/package.zsh'
[2.121s] Level 1:colcon.colcon_core.environment:create_file_with_runtime_dependencies(/home/student/ros_ws/RosSystem/install/beckhoff_interfaces/share/colcon-core/packages/beckhoff_interfaces)
[2.122s] DEBUG:colcon.colcon_parallel_executor.executor.parallel:closing loop
[2.122s] DEBUG:colcon.colcon_parallel_executor.executor.parallel:loop closed
[2.122s] DEBUG:colcon.colcon_parallel_executor.executor.parallel:run_until_complete finished with '0'
[2.122s] DEBUG:colcon.colcon_core.event_reactor:joining thread
[2.128s] INFO:colcon.colcon_core.plugin_system:Skipping extension 'colcon_notification.desktop_notification.terminal_notifier': Not used on non-Darwin systems
[2.128s] INFO:colcon.colcon_core.plugin_system:Skipping extension 'colcon_notification.desktop_notification.win32': Not used on non-Windows systems
[2.128s] INFO:colcon.colcon_notification.desktop_notification:Sending desktop notification using 'notify2'
[2.137s] DEBUG:colcon.colcon_core.event_reactor:joined thread
[2.137s] INFO:colcon.colcon_core.shell:Creating prefix script '/home/student/ros_ws/RosSystem/install/local_setup.ps1'
[2.139s] INFO:colcon.colcon_core.shell:Creating prefix util module '/home/student/ros_ws/RosSystem/install/_local_setup_util_ps1.py'
[2.141s] INFO:colcon.colcon_core.shell:Creating prefix chain script '/home/student/ros_ws/RosSystem/install/setup.ps1'
[2.144s] INFO:colcon.colcon_core.shell:Creating prefix script '/home/student/ros_ws/RosSystem/install/local_setup.sh'
[2.145s] INFO:colcon.colcon_core.shell:Creating prefix util module '/home/student/ros_ws/RosSystem/install/_local_setup_util_sh.py'
[2.145s] INFO:colcon.colcon_core.shell:Creating prefix chain script '/home/student/ros_ws/RosSystem/install/setup.sh'
[2.148s] INFO:colcon.colcon_core.shell:Creating prefix script '/home/student/ros_ws/RosSystem/install/local_setup.bash'
[2.148s] INFO:colcon.colcon_core.shell:Creating prefix chain script '/home/student/ros_ws/RosSystem/install/setup.bash'
[2.151s] INFO:colcon.colcon_core.shell:Creating prefix script '/home/student/ros_ws/RosSystem/install/local_setup.zsh'
[2.151s] INFO:colcon.colcon_core.shell:Creating prefix chain script '/home/student/ros_ws/RosSystem/install/setup.zsh'
