[0.653s] Invoking command in '/home/student/ros_ws/RosSystem/src/beckhoff': PYTHONPATH=/home/student/ros_ws/RosSystem/build/beckhoff/prefix_override:/home/student/ros_ws/RosSystem/install/beckhoff/lib/python3.10/site-packages:${PYTHONPATH} /usr/bin/python3 -W ignore:setup.py install is deprecated setup.py egg_info --egg-base ../../build/beckhoff build --build-base /home/student/ros_ws/RosSystem/build/beckhoff/build install --record /home/student/ros_ws/RosSystem/build/beckhoff/install.log --single-version-externally-managed install_data
[0.868s] running egg_info
[0.868s] writing ../../build/beckhoff/beckhoff.egg-info/PKG-INFO
[0.869s] writing dependency_links to ../../build/beckhoff/beckhoff.egg-info/dependency_links.txt
[0.869s] writing entry points to ../../build/beckhoff/beckhoff.egg-info/entry_points.txt
[0.869s] writing requirements to ../../build/beckhoff/beckhoff.egg-info/requires.txt
[0.869s] writing top-level names to ../../build/beckhoff/beckhoff.egg-info/top_level.txt
[0.870s] reading manifest file '../../build/beckhoff/beckhoff.egg-info/SOURCES.txt'
[0.871s] adding license file 'LICENSE'
[0.871s] writing manifest file '../../build/beckhoff/beckhoff.egg-info/SOURCES.txt'
[0.871s] running build
[0.871s] running build_py
[0.872s] running install
[0.872s] running install_lib
[0.873s] running install_data
[0.873s] running install_egg_info
[0.876s] removing '/home/student/ros_ws/RosSystem/install/beckhoff/lib/python3.10/site-packages/beckhoff-0.0.0-py3.10.egg-info' (and everything under it)
[0.876s] Copying ../../build/beckhoff/beckhoff.egg-info to /home/student/ros_ws/RosSystem/install/beckhoff/lib/python3.10/site-packages/beckhoff-0.0.0-py3.10.egg-info
[0.877s] running install_scripts
[0.894s] Installing Communication script to /home/student/ros_ws/RosSystem/install/beckhoff/lib/beckhoff
[0.894s] Installing command script to /home/student/ros_ws/RosSystem/install/beckhoff/lib/beckhoff
[0.894s] Installing listener script to /home/student/ros_ws/RosSystem/install/beckhoff/lib/beckhoff
[0.895s] Installing plan script to /home/student/ros_ws/RosSystem/install/beckhoff/lib/beckhoff
[0.895s] writing list of installed files to '/home/student/ros_ws/RosSystem/build/beckhoff/install.log'
[0.940s] Invoked command in '/home/student/ros_ws/RosSystem/src/beckhoff' returned '0': PYTHONPATH=/home/student/ros_ws/RosSystem/build/beckhoff/prefix_override:/home/student/ros_ws/RosSystem/install/beckhoff/lib/python3.10/site-packages:${PYTHONPATH} /usr/bin/python3 -W ignore:setup.py install is deprecated setup.py egg_info --egg-base ../../build/beckhoff build --build-base /home/student/ros_ws/RosSystem/build/beckhoff/build install --record /home/student/ros_ws/RosSystem/build/beckhoff/install.log --single-version-externally-managed install_data
