[0.109s] DEBUG:colcon:Command line arguments: ['/usr/bin/colcon', 'build']
[0.109s] DEBUG:colcon:Parsed command line arguments: Namespace(log_base=None, log_level=None, verb_name='build', build_base='build', install_base='install', merge_install=False, symlink_install=False, test_result_base=None, continue_on_error=False, executor='parallel', parallel_workers=16, event_handlers=None, ignore_user_meta=False, metas=['./colcon.meta'], base_paths=['.'], packages_ignore=None, packages_ignore_regex=None, paths=None, packages_up_to=None, packages_up_to_regex=None, packages_above=None, packages_above_and_dependencies=None, packages_above_depth=None, packages_select_by_dep=None, packages_skip_by_dep=None, packages_skip_up_to=None, packages_select_build_failed=False, packages_skip_build_finished=False, packages_select_test_failures=False, packages_skip_test_passed=False, packages_select=None, packages_skip=None, packages_select_regex=None, packages_skip_regex=None, packages_start=None, packages_end=None, allow_overriding=[], cmake_args=None, cmake_target=None, cmake_target_skip_unavailable=False, cmake_clean_cache=False, cmake_clean_first=False, cmake_force_configure=False, ament_cmake_args=None, catkin_cmake_args=None, catkin_skip_building_tests=False, mixin_files=None, mixin=None, verb_parser=<colcon_mixin.mixin.mixin_argument.MixinArgumentDecorator object at 0x78d5f132f6a0>, verb_extension=<colcon_core.verb.build.BuildVerb object at 0x78d5f14e0d90>, main=<bound method BuildVerb.main of <colcon_core.verb.build.BuildVerb object at 0x78d5f14e0d90>>, mixin_verb=('build',))
[0.261s] Level 1:colcon.colcon_core.package_discovery:discover_packages(colcon_meta) check parameters
[0.261s] Level 1:colcon.colcon_core.package_discovery:discover_packages(recursive) check parameters
[0.261s] Level 1:colcon.colcon_core.package_discovery:discover_packages(ignore) check parameters
[0.261s] Level 1:colcon.colcon_core.package_discovery:discover_packages(path) check parameters
[0.261s] Level 1:colcon.colcon_core.package_discovery:discover_packages(colcon_meta) discover
[0.261s] Level 1:colcon.colcon_core.package_discovery:discover_packages(recursive) discover
[0.261s] INFO:colcon.colcon_core.package_discovery:Crawling recursively for packages in '/home/student/ros_ws/RosSystem'
[0.261s] Level 1:colcon.colcon_core.package_identification:_identify(.) by extensions ['ignore', 'ignore_ament_install']
[0.262s] Level 1:colcon.colcon_core.package_identification:_identify(.) by extension 'ignore'
[0.262s] Level 1:colcon.colcon_core.package_identification:_identify(.) by extension 'ignore_ament_install'
[0.262s] Level 1:colcon.colcon_core.package_identification:_identify(.) by extensions ['colcon_pkg']
[0.262s] Level 1:colcon.colcon_core.package_identification:_identify(.) by extension 'colcon_pkg'
[0.262s] Level 1:colcon.colcon_core.package_identification:_identify(.) by extensions ['colcon_meta']
[0.262s] Level 1:colcon.colcon_core.package_identification:_identify(.) by extension 'colcon_meta'
[0.262s] Level 1:colcon.colcon_core.package_identification:_identify(.) by extensions ['ros']
[0.262s] Level 1:colcon.colcon_core.package_identification:_identify(.) by extension 'ros'
[0.271s] Level 1:colcon.colcon_core.package_identification:_identify(.) by extensions ['cmake', 'python']
[0.271s] Level 1:colcon.colcon_core.package_identification:_identify(.) by extension 'cmake'
[0.271s] Level 1:colcon.colcon_core.package_identification:_identify(.) by extension 'python'
[0.271s] Level 1:colcon.colcon_core.package_identification:_identify(.) by extensions ['python_setup_py']
[0.271s] Level 1:colcon.colcon_core.package_identification:_identify(.) by extension 'python_setup_py'
[0.271s] Level 1:colcon.colcon_core.package_identification:_identify(build) by extensions ['ignore', 'ignore_ament_install']
[0.271s] Level 1:colcon.colcon_core.package_identification:_identify(build) by extension 'ignore'
[0.272s] Level 1:colcon.colcon_core.package_identification:_identify(build) ignored
[0.272s] Level 1:colcon.colcon_core.package_identification:_identify(install) by extensions ['ignore', 'ignore_ament_install']
[0.272s] Level 1:colcon.colcon_core.package_identification:_identify(install) by extension 'ignore'
[0.272s] Level 1:colcon.colcon_core.package_identification:_identify(install) ignored
[0.272s] Level 1:colcon.colcon_core.package_identification:_identify(log) by extensions ['ignore', 'ignore_ament_install']
[0.272s] Level 1:colcon.colcon_core.package_identification:_identify(log) by extension 'ignore'
[0.272s] Level 1:colcon.colcon_core.package_identification:_identify(log) ignored
[0.272s] Level 1:colcon.colcon_core.package_identification:_identify(src) by extensions ['ignore', 'ignore_ament_install']
[0.272s] Level 1:colcon.colcon_core.package_identification:_identify(src) by extension 'ignore'
[0.272s] Level 1:colcon.colcon_core.package_identification:_identify(src) by extension 'ignore_ament_install'
[0.272s] Level 1:colcon.colcon_core.package_identification:_identify(src) by extensions ['colcon_pkg']
[0.272s] Level 1:colcon.colcon_core.package_identification:_identify(src) by extension 'colcon_pkg'
[0.272s] Level 1:colcon.colcon_core.package_identification:_identify(src) by extensions ['colcon_meta']
[0.272s] Level 1:colcon.colcon_core.package_identification:_identify(src) by extension 'colcon_meta'
[0.272s] Level 1:colcon.colcon_core.package_identification:_identify(src) by extensions ['ros']
[0.272s] Level 1:colcon.colcon_core.package_identification:_identify(src) by extension 'ros'
[0.273s] Level 1:colcon.colcon_core.package_identification:_identify(src) by extensions ['cmake', 'python']
[0.273s] Level 1:colcon.colcon_core.package_identification:_identify(src) by extension 'cmake'
[0.273s] Level 1:colcon.colcon_core.package_identification:_identify(src) by extension 'python'
[0.273s] Level 1:colcon.colcon_core.package_identification:_identify(src) by extensions ['python_setup_py']
[0.273s] Level 1:colcon.colcon_core.package_identification:_identify(src) by extension 'python_setup_py'
[0.273s] Level 1:colcon.colcon_core.package_identification:_identify(src/beckhoff) by extensions ['ignore', 'ignore_ament_install']
[0.273s] Level 1:colcon.colcon_core.package_identification:_identify(src/beckhoff) by extension 'ignore'
[0.273s] Level 1:colcon.colcon_core.package_identification:_identify(src/beckhoff) by extension 'ignore_ament_install'
[0.273s] Level 1:colcon.colcon_core.package_identification:_identify(src/beckhoff) by extensions ['colcon_pkg']
[0.273s] Level 1:colcon.colcon_core.package_identification:_identify(src/beckhoff) by extension 'colcon_pkg'
[0.273s] Level 1:colcon.colcon_core.package_identification:_identify(src/beckhoff) by extensions ['colcon_meta']
[0.273s] Level 1:colcon.colcon_core.package_identification:_identify(src/beckhoff) by extension 'colcon_meta'
[0.273s] Level 1:colcon.colcon_core.package_identification:_identify(src/beckhoff) by extensions ['ros']
[0.273s] Level 1:colcon.colcon_core.package_identification:_identify(src/beckhoff) by extension 'ros'
[0.275s] DEBUG:colcon.colcon_core.package_identification:Package 'src/beckhoff' with type 'ros.ament_python' and name 'beckhoff'
[0.275s] Level 1:colcon.colcon_core.package_identification:_identify(src/beckhoff_interfaces) by extensions ['ignore', 'ignore_ament_install']
[0.275s] Level 1:colcon.colcon_core.package_identification:_identify(src/beckhoff_interfaces) by extension 'ignore'
[0.275s] Level 1:colcon.colcon_core.package_identification:_identify(src/beckhoff_interfaces) by extension 'ignore_ament_install'
[0.275s] Level 1:colcon.colcon_core.package_identification:_identify(src/beckhoff_interfaces) by extensions ['colcon_pkg']
[0.275s] Level 1:colcon.colcon_core.package_identification:_identify(src/beckhoff_interfaces) by extension 'colcon_pkg'
[0.275s] Level 1:colcon.colcon_core.package_identification:_identify(src/beckhoff_interfaces) by extensions ['colcon_meta']
[0.275s] Level 1:colcon.colcon_core.package_identification:_identify(src/beckhoff_interfaces) by extension 'colcon_meta'
[0.275s] Level 1:colcon.colcon_core.package_identification:_identify(src/beckhoff_interfaces) by extensions ['ros']
[0.275s] Level 1:colcon.colcon_core.package_identification:_identify(src/beckhoff_interfaces) by extension 'ros'
[0.276s] DEBUG:colcon.colcon_core.package_identification:Package 'src/beckhoff_interfaces' with type 'ros.ament_cmake' and name 'beckhoff_interfaces'
[0.276s] Level 1:colcon.colcon_core.package_identification:_identify(src/hello_moveit) by extensions ['ignore', 'ignore_ament_install']
[0.276s] Level 1:colcon.colcon_core.package_identification:_identify(src/hello_moveit) by extension 'ignore'
[0.276s] Level 1:colcon.colcon_core.package_identification:_identify(src/hello_moveit) by extension 'ignore_ament_install'
[0.276s] Level 1:colcon.colcon_core.package_identification:_identify(src/hello_moveit) by extensions ['colcon_pkg']
[0.276s] Level 1:colcon.colcon_core.package_identification:_identify(src/hello_moveit) by extension 'colcon_pkg'
[0.276s] Level 1:colcon.colcon_core.package_identification:_identify(src/hello_moveit) by extensions ['colcon_meta']
[0.276s] Level 1:colcon.colcon_core.package_identification:_identify(src/hello_moveit) by extension 'colcon_meta'
[0.276s] Level 1:colcon.colcon_core.package_identification:_identify(src/hello_moveit) by extensions ['ros']
[0.276s] Level 1:colcon.colcon_core.package_identification:_identify(src/hello_moveit) by extension 'ros'
[0.277s] DEBUG:colcon.colcon_core.package_identification:Package 'src/hello_moveit' with type 'ros.ament_cmake' and name 'hello_moveit'
[0.277s] Level 1:colcon.colcon_core.package_identification:_identify(src/moveit_config) by extensions ['ignore', 'ignore_ament_install']
[0.277s] Level 1:colcon.colcon_core.package_identification:_identify(src/moveit_config) by extension 'ignore'
[0.277s] Level 1:colcon.colcon_core.package_identification:_identify(src/moveit_config) by extension 'ignore_ament_install'
[0.277s] Level 1:colcon.colcon_core.package_identification:_identify(src/moveit_config) by extensions ['colcon_pkg']
[0.277s] Level 1:colcon.colcon_core.package_identification:_identify(src/moveit_config) by extension 'colcon_pkg'
[0.277s] Level 1:colcon.colcon_core.package_identification:_identify(src/moveit_config) by extensions ['colcon_meta']
[0.277s] Level 1:colcon.colcon_core.package_identification:_identify(src/moveit_config) by extension 'colcon_meta'
[0.277s] Level 1:colcon.colcon_core.package_identification:_identify(src/moveit_config) by extensions ['ros']
[0.277s] Level 1:colcon.colcon_core.package_identification:_identify(src/moveit_config) by extension 'ros'
[0.278s] DEBUG:colcon.colcon_core.package_identification:Package 'src/moveit_config' with type 'ros.ament_cmake' and name 'moveit_config'
[0.278s] Level 1:colcon.colcon_core.package_identification:_identify(src/urdf_tutorial) by extensions ['ignore', 'ignore_ament_install']
[0.278s] Level 1:colcon.colcon_core.package_identification:_identify(src/urdf_tutorial) by extension 'ignore'
[0.278s] Level 1:colcon.colcon_core.package_identification:_identify(src/urdf_tutorial) by extension 'ignore_ament_install'
[0.278s] Level 1:colcon.colcon_core.package_identification:_identify(src/urdf_tutorial) by extensions ['colcon_pkg']
[0.278s] Level 1:colcon.colcon_core.package_identification:_identify(src/urdf_tutorial) by extension 'colcon_pkg'
[0.278s] Level 1:colcon.colcon_core.package_identification:_identify(src/urdf_tutorial) by extensions ['colcon_meta']
[0.278s] Level 1:colcon.colcon_core.package_identification:_identify(src/urdf_tutorial) by extension 'colcon_meta'
[0.278s] Level 1:colcon.colcon_core.package_identification:_identify(src/urdf_tutorial) by extensions ['ros']
[0.278s] Level 1:colcon.colcon_core.package_identification:_identify(src/urdf_tutorial) by extension 'ros'
[0.279s] DEBUG:colcon.colcon_core.package_identification:Package 'src/urdf_tutorial' with type 'ros.ament_cmake' and name 'urdf_tutorial'
[0.279s] Level 1:colcon.colcon_core.package_discovery:discover_packages(recursive) using defaults
[0.279s] Level 1:colcon.colcon_core.package_discovery:discover_packages(ignore) discover
[0.279s] Level 1:colcon.colcon_core.package_discovery:discover_packages(ignore) using defaults
[0.279s] Level 1:colcon.colcon_core.package_discovery:discover_packages(path) discover
[0.279s] Level 1:colcon.colcon_core.package_discovery:discover_packages(path) using defaults
[0.312s] Level 1:colcon.colcon_core.package_discovery:discover_packages(prefix_path) check parameters
[0.312s] Level 1:colcon.colcon_core.package_discovery:discover_packages(prefix_path) discover
[0.316s] DEBUG:colcon.colcon_installed_package_information.package_discovery:Found 6 installed packages in /home/student/ros_ws/RosSystem/install
[0.318s] DEBUG:colcon.colcon_installed_package_information.package_discovery:Found 55 installed packages in /home/student/ws_moveit2/install
[0.320s] DEBUG:colcon.colcon_installed_package_information.package_discovery:Found 379 installed packages in /opt/ros/humble
[0.322s] Level 1:colcon.colcon_core.package_discovery:discover_packages(prefix_path) using defaults
[0.368s] Level 5:colcon.colcon_core.verb:set package 'beckhoff' build argument 'cmake_args' from command line to 'None'
[0.368s] Level 5:colcon.colcon_core.verb:set package 'beckhoff' build argument 'cmake_target' from command line to 'None'
[0.368s] Level 5:colcon.colcon_core.verb:set package 'beckhoff' build argument 'cmake_target_skip_unavailable' from command line to 'False'
[0.368s] Level 5:colcon.colcon_core.verb:set package 'beckhoff' build argument 'cmake_clean_cache' from command line to 'False'
[0.368s] Level 5:colcon.colcon_core.verb:set package 'beckhoff' build argument 'cmake_clean_first' from command line to 'False'
[0.368s] Level 5:colcon.colcon_core.verb:set package 'beckhoff' build argument 'cmake_force_configure' from command line to 'False'
[0.368s] Level 5:colcon.colcon_core.verb:set package 'beckhoff' build argument 'ament_cmake_args' from command line to 'None'
[0.368s] Level 5:colcon.colcon_core.verb:set package 'beckhoff' build argument 'catkin_cmake_args' from command line to 'None'
[0.368s] Level 5:colcon.colcon_core.verb:set package 'beckhoff' build argument 'catkin_skip_building_tests' from command line to 'False'
[0.368s] DEBUG:colcon.colcon_core.verb:Building package 'beckhoff' with the following arguments: {'ament_cmake_args': None, 'build_base': '/home/student/ros_ws/RosSystem/build/beckhoff', 'catkin_cmake_args': None, 'catkin_skip_building_tests': False, 'cmake_args': None, 'cmake_clean_cache': False, 'cmake_clean_first': False, 'cmake_force_configure': False, 'cmake_target': None, 'cmake_target_skip_unavailable': False, 'install_base': '/home/student/ros_ws/RosSystem/install/beckhoff', 'merge_install': False, 'path': '/home/student/ros_ws/RosSystem/src/beckhoff', 'symlink_install': False, 'test_result_base': None}
[0.369s] Level 5:colcon.colcon_core.verb:set package 'beckhoff_interfaces' build argument 'cmake_args' from command line to 'None'
[0.369s] Level 5:colcon.colcon_core.verb:set package 'beckhoff_interfaces' build argument 'cmake_target' from command line to 'None'
[0.369s] Level 5:colcon.colcon_core.verb:set package 'beckhoff_interfaces' build argument 'cmake_target_skip_unavailable' from command line to 'False'
[0.369s] Level 5:colcon.colcon_core.verb:set package 'beckhoff_interfaces' build argument 'cmake_clean_cache' from command line to 'False'
[0.369s] Level 5:colcon.colcon_core.verb:set package 'beckhoff_interfaces' build argument 'cmake_clean_first' from command line to 'False'
[0.369s] Level 5:colcon.colcon_core.verb:set package 'beckhoff_interfaces' build argument 'cmake_force_configure' from command line to 'False'
[0.369s] Level 5:colcon.colcon_core.verb:set package 'beckhoff_interfaces' build argument 'ament_cmake_args' from command line to 'None'
[0.369s] Level 5:colcon.colcon_core.verb:set package 'beckhoff_interfaces' build argument 'catkin_cmake_args' from command line to 'None'
[0.369s] Level 5:colcon.colcon_core.verb:set package 'beckhoff_interfaces' build argument 'catkin_skip_building_tests' from command line to 'False'
[0.369s] DEBUG:colcon.colcon_core.verb:Building package 'beckhoff_interfaces' with the following arguments: {'ament_cmake_args': None, 'build_base': '/home/student/ros_ws/RosSystem/build/beckhoff_interfaces', 'catkin_cmake_args': None, 'catkin_skip_building_tests': False, 'cmake_args': None, 'cmake_clean_cache': False, 'cmake_clean_first': False, 'cmake_force_configure': False, 'cmake_target': None, 'cmake_target_skip_unavailable': False, 'install_base': '/home/student/ros_ws/RosSystem/install/beckhoff_interfaces', 'merge_install': False, 'path': '/home/student/ros_ws/RosSystem/src/beckhoff_interfaces', 'symlink_install': False, 'test_result_base': None}
[0.369s] Level 5:colcon.colcon_core.verb:set package 'hello_moveit' build argument 'cmake_args' from command line to 'None'
[0.369s] Level 5:colcon.colcon_core.verb:set package 'hello_moveit' build argument 'cmake_target' from command line to 'None'
[0.369s] Level 5:colcon.colcon_core.verb:set package 'hello_moveit' build argument 'cmake_target_skip_unavailable' from command line to 'False'
[0.369s] Level 5:colcon.colcon_core.verb:set package 'hello_moveit' build argument 'cmake_clean_cache' from command line to 'False'
[0.369s] Level 5:colcon.colcon_core.verb:set package 'hello_moveit' build argument 'cmake_clean_first' from command line to 'False'
[0.369s] Level 5:colcon.colcon_core.verb:set package 'hello_moveit' build argument 'cmake_force_configure' from command line to 'False'
[0.369s] Level 5:colcon.colcon_core.verb:set package 'hello_moveit' build argument 'ament_cmake_args' from command line to 'None'
[0.369s] Level 5:colcon.colcon_core.verb:set package 'hello_moveit' build argument 'catkin_cmake_args' from command line to 'None'
[0.369s] Level 5:colcon.colcon_core.verb:set package 'hello_moveit' build argument 'catkin_skip_building_tests' from command line to 'False'
[0.369s] DEBUG:colcon.colcon_core.verb:Building package 'hello_moveit' with the following arguments: {'ament_cmake_args': None, 'build_base': '/home/student/ros_ws/RosSystem/build/hello_moveit', 'catkin_cmake_args': None, 'catkin_skip_building_tests': False, 'cmake_args': None, 'cmake_clean_cache': False, 'cmake_clean_first': False, 'cmake_force_configure': False, 'cmake_target': None, 'cmake_target_skip_unavailable': False, 'install_base': '/home/student/ros_ws/RosSystem/install/hello_moveit', 'merge_install': False, 'path': '/home/student/ros_ws/RosSystem/src/hello_moveit', 'symlink_install': False, 'test_result_base': None}
[0.370s] Level 5:colcon.colcon_core.verb:set package 'urdf_tutorial' build argument 'cmake_args' from command line to 'None'
[0.370s] Level 5:colcon.colcon_core.verb:set package 'urdf_tutorial' build argument 'cmake_target' from command line to 'None'
[0.370s] Level 5:colcon.colcon_core.verb:set package 'urdf_tutorial' build argument 'cmake_target_skip_unavailable' from command line to 'False'
[0.370s] Level 5:colcon.colcon_core.verb:set package 'urdf_tutorial' build argument 'cmake_clean_cache' from command line to 'False'
[0.370s] Level 5:colcon.colcon_core.verb:set package 'urdf_tutorial' build argument 'cmake_clean_first' from command line to 'False'
[0.370s] Level 5:colcon.colcon_core.verb:set package 'urdf_tutorial' build argument 'cmake_force_configure' from command line to 'False'
[0.370s] Level 5:colcon.colcon_core.verb:set package 'urdf_tutorial' build argument 'ament_cmake_args' from command line to 'None'
[0.370s] Level 5:colcon.colcon_core.verb:set package 'urdf_tutorial' build argument 'catkin_cmake_args' from command line to 'None'
[0.370s] Level 5:colcon.colcon_core.verb:set package 'urdf_tutorial' build argument 'catkin_skip_building_tests' from command line to 'False'
[0.370s] DEBUG:colcon.colcon_core.verb:Building package 'urdf_tutorial' with the following arguments: {'ament_cmake_args': None, 'build_base': '/home/student/ros_ws/RosSystem/build/urdf_tutorial', 'catkin_cmake_args': None, 'catkin_skip_building_tests': False, 'cmake_args': None, 'cmake_clean_cache': False, 'cmake_clean_first': False, 'cmake_force_configure': False, 'cmake_target': None, 'cmake_target_skip_unavailable': False, 'install_base': '/home/student/ros_ws/RosSystem/install/urdf_tutorial', 'merge_install': False, 'path': '/home/student/ros_ws/RosSystem/src/urdf_tutorial', 'symlink_install': False, 'test_result_base': None}
[0.370s] Level 5:colcon.colcon_core.verb:set package 'moveit_config' build argument 'cmake_args' from command line to 'None'
[0.370s] Level 5:colcon.colcon_core.verb:set package 'moveit_config' build argument 'cmake_target' from command line to 'None'
[0.370s] Level 5:colcon.colcon_core.verb:set package 'moveit_config' build argument 'cmake_target_skip_unavailable' from command line to 'False'
[0.370s] Level 5:colcon.colcon_core.verb:set package 'moveit_config' build argument 'cmake_clean_cache' from command line to 'False'
[0.370s] Level 5:colcon.colcon_core.verb:set package 'moveit_config' build argument 'cmake_clean_first' from command line to 'False'
[0.370s] Level 5:colcon.colcon_core.verb:set package 'moveit_config' build argument 'cmake_force_configure' from command line to 'False'
[0.370s] Level 5:colcon.colcon_core.verb:set package 'moveit_config' build argument 'ament_cmake_args' from command line to 'None'
[0.370s] Level 5:colcon.colcon_core.verb:set package 'moveit_config' build argument 'catkin_cmake_args' from command line to 'None'
[0.370s] Level 5:colcon.colcon_core.verb:set package 'moveit_config' build argument 'catkin_skip_building_tests' from command line to 'False'
[0.370s] DEBUG:colcon.colcon_core.verb:Building package 'moveit_config' with the following arguments: {'ament_cmake_args': None, 'build_base': '/home/student/ros_ws/RosSystem/build/moveit_config', 'catkin_cmake_args': None, 'catkin_skip_building_tests': False, 'cmake_args': None, 'cmake_clean_cache': False, 'cmake_clean_first': False, 'cmake_force_configure': False, 'cmake_target': None, 'cmake_target_skip_unavailable': False, 'install_base': '/home/student/ros_ws/RosSystem/install/moveit_config', 'merge_install': False, 'path': '/home/student/ros_ws/RosSystem/src/moveit_config', 'symlink_install': False, 'test_result_base': None}
[0.370s] INFO:colcon.colcon_core.executor:Executing jobs using 'parallel' executor
[0.371s] DEBUG:colcon.colcon_parallel_executor.executor.parallel:run_until_complete
[0.371s] INFO:colcon.colcon_ros.task.ament_cmake.build:Building ROS package in '/home/student/ros_ws/RosSystem/src/urdf_tutorial' with build type 'ament_cmake'
[0.371s] INFO:colcon.colcon_cmake.task.cmake.build:Building CMake package in '/home/student/ros_ws/RosSystem/src/urdf_tutorial'
[0.374s] INFO:colcon.colcon_core.plugin_system:Skipping extension 'colcon_core.shell.bat': Not used on non-Windows systems
[0.374s] INFO:colcon.colcon_core.shell:Skip shell extension 'powershell' for command environment: Not usable outside of PowerShell
[0.374s] DEBUG:colcon.colcon_core.shell:Skip shell extension 'dsv' for command environment
[0.381s] INFO:colcon.colcon_ros.task.ament_python.build:Building ROS package in '/home/student/ros_ws/RosSystem/src/beckhoff' with build type 'ament_python'
[0.382s] Level 1:colcon.colcon_core.shell:create_environment_hook('beckhoff', 'ament_prefix_path')
[0.382s] INFO:colcon.colcon_core.shell:Creating environment hook '/home/student/ros_ws/RosSystem/install/beckhoff/share/beckhoff/hook/ament_prefix_path.ps1'
[0.383s] INFO:colcon.colcon_core.shell:Creating environment descriptor '/home/student/ros_ws/RosSystem/install/beckhoff/share/beckhoff/hook/ament_prefix_path.dsv'
[0.383s] INFO:colcon.colcon_core.shell:Creating environment hook '/home/student/ros_ws/RosSystem/install/beckhoff/share/beckhoff/hook/ament_prefix_path.sh'
[0.384s] INFO:colcon.colcon_core.shell:Skip shell extension 'powershell' for command environment: Not usable outside of PowerShell
[0.384s] DEBUG:colcon.colcon_core.shell:Skip shell extension 'dsv' for command environment
[0.392s] INFO:colcon.colcon_ros.task.ament_cmake.build:Building ROS package in '/home/student/ros_ws/RosSystem/src/beckhoff_interfaces' with build type 'ament_cmake'
[0.392s] INFO:colcon.colcon_cmake.task.cmake.build:Building CMake package in '/home/student/ros_ws/RosSystem/src/beckhoff_interfaces'
[0.393s] INFO:colcon.colcon_core.shell:Skip shell extension 'powershell' for command environment: Not usable outside of PowerShell
[0.393s] DEBUG:colcon.colcon_core.shell:Skip shell extension 'dsv' for command environment
[0.401s] INFO:colcon.colcon_ros.task.ament_cmake.build:Building ROS package in '/home/student/ros_ws/RosSystem/src/hello_moveit' with build type 'ament_cmake'
[0.401s] INFO:colcon.colcon_cmake.task.cmake.build:Building CMake package in '/home/student/ros_ws/RosSystem/src/hello_moveit'
[0.401s] INFO:colcon.colcon_core.shell:Skip shell extension 'powershell' for command environment: Not usable outside of PowerShell
[0.401s] DEBUG:colcon.colcon_core.shell:Skip shell extension 'dsv' for command environment
[0.415s] DEBUG:colcon.colcon_core.event_handler.log_command:Invoking command in '/home/student/ros_ws/RosSystem/build/urdf_tutorial': CMAKE_PREFIX_PATH=${CMAKE_PREFIX_PATH}:/home/student/ws_moveit2/install/moveit_configs_utils:/home/student/ws_moveit2/install/launch_param_builder:/home/student/ros_ws/RosSystem/install/urdf_robot:/home/student/ros_ws/RosSystem/install/beckhoff:/opt/ros/humble /usr/bin/cmake --build /home/student/ros_ws/RosSystem/build/urdf_tutorial -- -j16 -l16
[0.671s] INFO:colcon.colcon_core.task.python.build:Building Python package in '/home/student/ros_ws/RosSystem/src/beckhoff'
[0.671s] INFO:colcon.colcon_core.shell:Skip shell extension 'powershell' for command environment: Not usable outside of PowerShell
[0.671s] DEBUG:colcon.colcon_core.shell:Skip shell extension 'dsv' for command environment
[0.685s] DEBUG:colcon.colcon_core.event_handler.log_command:Invoking command in '/home/student/ros_ws/RosSystem/build/beckhoff_interfaces': CMAKE_PREFIX_PATH=${CMAKE_PREFIX_PATH}:/home/student/ws_moveit2/install/moveit_configs_utils:/home/student/ws_moveit2/install/launch_param_builder:/home/student/ros_ws/RosSystem/install/urdf_robot:/home/student/ros_ws/RosSystem/install/beckhoff:/opt/ros/humble /usr/bin/cmake --build /home/student/ros_ws/RosSystem/build/beckhoff_interfaces -- -j16 -l16
[0.690s] DEBUG:colcon.colcon_core.event_handler.log_command:Invoking command in '/home/student/ros_ws/RosSystem/build/hello_moveit': CMAKE_PREFIX_PATH=${CMAKE_PREFIX_PATH}:/home/student/ws_moveit2/install/moveit_configs_utils:/home/student/ws_moveit2/install/launch_param_builder:/home/student/ros_ws/RosSystem/install/urdf_robot:/home/student/ros_ws/RosSystem/install/beckhoff:/opt/ros/humble /usr/bin/cmake --build /home/student/ros_ws/RosSystem/build/hello_moveit -- -j16 -l16
[0.722s] DEBUG:colcon.colcon_core.event_handler.log_command:Invoked command in '/home/student/ros_ws/RosSystem/build/urdf_tutorial' returned '0': CMAKE_PREFIX_PATH=${CMAKE_PREFIX_PATH}:/home/student/ws_moveit2/install/moveit_configs_utils:/home/student/ws_moveit2/install/launch_param_builder:/home/student/ros_ws/RosSystem/install/urdf_robot:/home/student/ros_ws/RosSystem/install/beckhoff:/opt/ros/humble /usr/bin/cmake --build /home/student/ros_ws/RosSystem/build/urdf_tutorial -- -j16 -l16
[0.804s] DEBUG:colcon.colcon_core.event_handler.log_command:Invoking command in '/home/student/ros_ws/RosSystem/build/urdf_tutorial': CMAKE_PREFIX_PATH=${CMAKE_PREFIX_PATH}:/home/student/ws_moveit2/install/moveit_configs_utils:/home/student/ws_moveit2/install/launch_param_builder:/home/student/ros_ws/RosSystem/install/urdf_robot:/home/student/ros_ws/RosSystem/install/beckhoff:/opt/ros/humble /usr/bin/cmake --install /home/student/ros_ws/RosSystem/build/urdf_tutorial
[0.831s] Level 1:colcon.colcon_core.environment:create_environment_scripts_only(urdf_tutorial)
[0.834s] DEBUG:colcon.colcon_core.event_handler.log_command:Invoked command in '/home/student/ros_ws/RosSystem/build/urdf_tutorial' returned '0': CMAKE_PREFIX_PATH=${CMAKE_PREFIX_PATH}:/home/student/ws_moveit2/install/moveit_configs_utils:/home/student/ws_moveit2/install/launch_param_builder:/home/student/ros_ws/RosSystem/install/urdf_robot:/home/student/ros_ws/RosSystem/install/beckhoff:/opt/ros/humble /usr/bin/cmake --install /home/student/ros_ws/RosSystem/build/urdf_tutorial
[0.838s] Level 1:colcon.colcon_core.environment:checking '/home/student/ros_ws/RosSystem/install/urdf_tutorial' for CMake module files
[0.839s] Level 1:colcon.colcon_core.environment:checking '/home/student/ros_ws/RosSystem/install/urdf_tutorial' for CMake config files
[0.840s] Level 1:colcon.colcon_core.shell:create_environment_hook('urdf_tutorial', 'cmake_prefix_path')
[0.840s] INFO:colcon.colcon_core.shell:Creating environment hook '/home/student/ros_ws/RosSystem/install/urdf_tutorial/share/urdf_tutorial/hook/cmake_prefix_path.ps1'
[0.842s] INFO:colcon.colcon_core.shell:Creating environment descriptor '/home/student/ros_ws/RosSystem/install/urdf_tutorial/share/urdf_tutorial/hook/cmake_prefix_path.dsv'
[0.843s] INFO:colcon.colcon_core.shell:Creating environment hook '/home/student/ros_ws/RosSystem/install/urdf_tutorial/share/urdf_tutorial/hook/cmake_prefix_path.sh'
[0.845s] Level 1:colcon.colcon_core.environment:checking '/home/student/ros_ws/RosSystem/install/urdf_tutorial/bin'
[0.845s] Level 1:colcon.colcon_core.environment:checking '/home/student/ros_ws/RosSystem/install/urdf_tutorial/lib/pkgconfig/urdf_tutorial.pc'
[0.845s] Level 1:colcon.colcon_core.environment:checking '/home/student/ros_ws/RosSystem/install/urdf_tutorial/lib/python3.10/site-packages'
[0.846s] Level 1:colcon.colcon_core.environment:checking '/home/student/ros_ws/RosSystem/install/urdf_tutorial/bin'
[0.847s] INFO:colcon.colcon_core.shell:Creating package script '/home/student/ros_ws/RosSystem/install/urdf_tutorial/share/urdf_tutorial/package.ps1'
[0.848s] INFO:colcon.colcon_core.shell:Creating package descriptor '/home/student/ros_ws/RosSystem/install/urdf_tutorial/share/urdf_tutorial/package.dsv'
[0.849s] INFO:colcon.colcon_core.shell:Creating package script '/home/student/ros_ws/RosSystem/install/urdf_tutorial/share/urdf_tutorial/package.sh'
[0.849s] INFO:colcon.colcon_core.shell:Creating package script '/home/student/ros_ws/RosSystem/install/urdf_tutorial/share/urdf_tutorial/package.bash'
[0.850s] INFO:colcon.colcon_core.shell:Creating package script '/home/student/ros_ws/RosSystem/install/urdf_tutorial/share/urdf_tutorial/package.zsh'
[0.851s] Level 1:colcon.colcon_core.environment:create_file_with_runtime_dependencies(/home/student/ros_ws/RosSystem/install/urdf_tutorial/share/colcon-core/packages/urdf_tutorial)
[0.855s] DEBUG:colcon.colcon_core.event_handler.log_command:Invoked command in '/home/student/ros_ws/RosSystem/build/hello_moveit' returned '0': CMAKE_PREFIX_PATH=${CMAKE_PREFIX_PATH}:/home/student/ws_moveit2/install/moveit_configs_utils:/home/student/ws_moveit2/install/launch_param_builder:/home/student/ros_ws/RosSystem/install/urdf_robot:/home/student/ros_ws/RosSystem/install/beckhoff:/opt/ros/humble /usr/bin/cmake --build /home/student/ros_ws/RosSystem/build/hello_moveit -- -j16 -l16
[0.909s] Level 1:colcon.colcon_core.environment:create_environment_scripts_only(urdf_tutorial)
[0.909s] Level 1:colcon.colcon_core.environment:checking '/home/student/ros_ws/RosSystem/install/urdf_tutorial' for CMake module files
[0.909s] Level 1:colcon.colcon_core.environment:checking '/home/student/ros_ws/RosSystem/install/urdf_tutorial' for CMake config files
[0.910s] Level 1:colcon.colcon_core.shell:create_environment_hook('urdf_tutorial', 'cmake_prefix_path')
[0.910s] INFO:colcon.colcon_core.shell:Creating environment hook '/home/student/ros_ws/RosSystem/install/urdf_tutorial/share/urdf_tutorial/hook/cmake_prefix_path.ps1'
[0.910s] INFO:colcon.colcon_core.shell:Creating environment descriptor '/home/student/ros_ws/RosSystem/install/urdf_tutorial/share/urdf_tutorial/hook/cmake_prefix_path.dsv'
[0.911s] INFO:colcon.colcon_core.shell:Creating environment hook '/home/student/ros_ws/RosSystem/install/urdf_tutorial/share/urdf_tutorial/hook/cmake_prefix_path.sh'
[0.911s] Level 1:colcon.colcon_core.environment:checking '/home/student/ros_ws/RosSystem/install/urdf_tutorial/bin'
[0.911s] Level 1:colcon.colcon_core.environment:checking '/home/student/ros_ws/RosSystem/install/urdf_tutorial/lib/pkgconfig/urdf_tutorial.pc'
[0.912s] Level 1:colcon.colcon_core.environment:checking '/home/student/ros_ws/RosSystem/install/urdf_tutorial/lib/python3.10/site-packages'
[0.912s] Level 1:colcon.colcon_core.environment:checking '/home/student/ros_ws/RosSystem/install/urdf_tutorial/bin'
[0.912s] INFO:colcon.colcon_core.shell:Creating package script '/home/student/ros_ws/RosSystem/install/urdf_tutorial/share/urdf_tutorial/package.ps1'
[0.913s] INFO:colcon.colcon_core.shell:Creating package descriptor '/home/student/ros_ws/RosSystem/install/urdf_tutorial/share/urdf_tutorial/package.dsv'
[0.913s] INFO:colcon.colcon_core.shell:Creating package script '/home/student/ros_ws/RosSystem/install/urdf_tutorial/share/urdf_tutorial/package.sh'
[0.914s] INFO:colcon.colcon_core.shell:Creating package script '/home/student/ros_ws/RosSystem/install/urdf_tutorial/share/urdf_tutorial/package.bash'
[0.914s] INFO:colcon.colcon_core.shell:Creating package script '/home/student/ros_ws/RosSystem/install/urdf_tutorial/share/urdf_tutorial/package.zsh'
[0.914s] Level 1:colcon.colcon_core.environment:create_file_with_runtime_dependencies(/home/student/ros_ws/RosSystem/install/urdf_tutorial/share/colcon-core/packages/urdf_tutorial)
[0.915s] INFO:colcon.colcon_ros.task.ament_cmake.build:Building ROS package in '/home/student/ros_ws/RosSystem/src/moveit_config' with build type 'ament_cmake'
[0.915s] INFO:colcon.colcon_cmake.task.cmake.build:Building CMake package in '/home/student/ros_ws/RosSystem/src/moveit_config'
[0.915s] INFO:colcon.colcon_core.shell:Skip shell extension 'powershell' for command environment: Not usable outside of PowerShell
[0.915s] DEBUG:colcon.colcon_core.shell:Skip shell extension 'dsv' for command environment
[0.929s] DEBUG:colcon.colcon_core.event_handler.log_command:Invoking command in '/home/student/ros_ws/RosSystem/build/hello_moveit': CMAKE_PREFIX_PATH=${CMAKE_PREFIX_PATH}:/home/student/ws_moveit2/install/moveit_configs_utils:/home/student/ws_moveit2/install/launch_param_builder:/home/student/ros_ws/RosSystem/install/urdf_robot:/home/student/ros_ws/RosSystem/install/beckhoff:/opt/ros/humble /usr/bin/cmake --install /home/student/ros_ws/RosSystem/build/hello_moveit
[0.937s] DEBUG:colcon.colcon_core.event_handler.log_command:Invoking command in '/home/student/ros_ws/RosSystem/build/moveit_config': CMAKE_PREFIX_PATH=/home/student/ros_ws/RosSystem/install/urdf_tutorial:/home/student/ws_moveit2/install/pilz_industrial_motion_planner_testutils:/home/student/ws_moveit2/install/moveit_runtime:/home/student/ws_moveit2/install/moveit2_tutorials:/home/student/ws_moveit2/install/moveit:/home/student/ws_moveit2/install/moveit_planners:/home/student/ws_moveit2/install/pilz_industrial_motion_planner:/home/student/ws_moveit2/install/moveit_visual_tools:/home/student/ws_moveit2/install/moveit_task_constructor_visualization:/home/student/ws_moveit2/install/moveit_task_constructor_demo:/home/student/ws_moveit2/install/moveit_task_constructor_capabilities:/home/student/ws_moveit2/install/moveit_task_constructor_core:/home/student/ws_moveit2/install/moveit_ros_control_interface:/home/student/ws_moveit2/install/moveit_plugins:/home/student/ws_moveit2/install/moveit_simple_controller_manager:/home/student/ws_moveit2/install/moveit_setup_assistant:/home/student/ws_moveit2/install/moveit_setup_srdf_plugins:/home/student/ws_moveit2/install/moveit_setup_core_plugins:/home/student/ws_moveit2/install/moveit_setup_controllers:/home/student/ws_moveit2/install/moveit_setup_app_plugins:/home/student/ws_moveit2/install/moveit_setup_framework:/home/student/ws_moveit2/install/moveit_servo:/home/student/ws_moveit2/install/moveit_ros:/home/student/ws_moveit2/install/moveit_ros_visualization:/home/student/ws_moveit2/install/moveit_hybrid_planning:/home/student/ws_moveit2/install/moveit_ros_planning_interface:/home/student/ws_moveit2/install/moveit_ros_benchmarks:/home/student/ws_moveit2/install/moveit_ros_warehouse:/home/student/ws_moveit2/install/moveit_ros_robot_interaction:/home/student/ws_moveit2/install/moveit_ros_perception:/home/student/ws_moveit2/install/moveit_resources_prbt_pg70_support:/home/student/ws_moveit2/install/moveit_resources_prbt_moveit_config:/home/student/ws_moveit2/install/moveit_ros_move_group:/home/student/ws_moveit2/install/moveit_planners_ompl:/home/student/ws_moveit2/install/moveit_ros_planning:/home/student/ws_moveit2/install/moveit_ros_occupancy_map_monitor:/home/student/ws_moveit2/install/moveit_resources_prbt_ikfast_manipulator_plugin:/home/student/ws_moveit2/install/moveit_planners_chomp:/home/student/ws_moveit2/install/moveit_kinematics:/home/student/ws_moveit2/install/moveit_chomp_optimizer_adapter:/home/student/ws_moveit2/install/chomp_motion_planner:/home/student/ws_moveit2/install/moveit_core:/home/student/ws_moveit2/install/srdfdom:/home/student/ws_moveit2/install/rviz_marker_tools:/home/student/ws_moveit2/install/rosparam_shortcuts:/home/student/ws_moveit2/install/moveit_task_constructor_msgs:/home/student/ws_moveit2/install/moveit_resources_prbt_support:/home/student/ws_moveit2/install/moveit_resources:/home/student/ws_moveit2/install/moveit_resources_pr2_description:/home/student/ws_moveit2/install/moveit_resources_panda_moveit_config:/home/student/ws_moveit2/install/moveit_resources_panda_description:/home/student/ws_moveit2/install/moveit_resources_fanuc_moveit_config:/home/student/ws_moveit2/install/moveit_resources_fanuc_description:/home/student/ws_moveit2/install/moveit_common:/home/student/ros_ws/RosSystem/install/moveit_config:/home/student/ros_ws/RosSystem/install/hello_moveit:/home/student/ros_ws/RosSystem/install/beckhoff_interfaces:/home/student/ws_moveit2/install/moveit_configs_utils:/home/student/ws_moveit2/install/launch_param_builder:/home/student/ros_ws/RosSystem/install/urdf_robot:/home/student/ros_ws/RosSystem/install/beckhoff:/opt/ros/humble /usr/bin/cmake --build /home/student/ros_ws/RosSystem/build/moveit_config -- -j16 -l16
[0.955s] Level 1:colcon.colcon_core.environment:create_environment_scripts_only(hello_moveit)
[0.956s] Level 1:colcon.colcon_core.environment:checking '/home/student/ros_ws/RosSystem/install/hello_moveit' for CMake module files
[0.956s] DEBUG:colcon.colcon_core.event_handler.log_command:Invoked command in '/home/student/ros_ws/RosSystem/build/hello_moveit' returned '0': CMAKE_PREFIX_PATH=${CMAKE_PREFIX_PATH}:/home/student/ws_moveit2/install/moveit_configs_utils:/home/student/ws_moveit2/install/launch_param_builder:/home/student/ros_ws/RosSystem/install/urdf_robot:/home/student/ros_ws/RosSystem/install/beckhoff:/opt/ros/humble /usr/bin/cmake --install /home/student/ros_ws/RosSystem/build/hello_moveit
[0.957s] Level 1:colcon.colcon_core.environment:checking '/home/student/ros_ws/RosSystem/install/hello_moveit' for CMake config files
[0.957s] Level 1:colcon.colcon_core.shell:create_environment_hook('hello_moveit', 'cmake_prefix_path')
[0.957s] INFO:colcon.colcon_core.shell:Creating environment hook '/home/student/ros_ws/RosSystem/install/hello_moveit/share/hello_moveit/hook/cmake_prefix_path.ps1'
[0.958s] INFO:colcon.colcon_core.shell:Creating environment descriptor '/home/student/ros_ws/RosSystem/install/hello_moveit/share/hello_moveit/hook/cmake_prefix_path.dsv'
[0.958s] INFO:colcon.colcon_core.shell:Creating environment hook '/home/student/ros_ws/RosSystem/install/hello_moveit/share/hello_moveit/hook/cmake_prefix_path.sh'
[0.959s] Level 1:colcon.colcon_core.environment:checking '/home/student/ros_ws/RosSystem/install/hello_moveit/lib'
[0.959s] Level 1:colcon.colcon_core.environment:checking '/home/student/ros_ws/RosSystem/install/hello_moveit/bin'
[0.959s] Level 1:colcon.colcon_core.environment:checking '/home/student/ros_ws/RosSystem/install/hello_moveit/lib/pkgconfig/hello_moveit.pc'
[0.959s] Level 1:colcon.colcon_core.environment:checking '/home/student/ros_ws/RosSystem/install/hello_moveit/lib/python3.10/site-packages'
[0.960s] Level 1:colcon.colcon_core.environment:checking '/home/student/ros_ws/RosSystem/install/hello_moveit/bin'
[0.960s] INFO:colcon.colcon_core.shell:Creating package script '/home/student/ros_ws/RosSystem/install/hello_moveit/share/hello_moveit/package.ps1'
[0.961s] INFO:colcon.colcon_core.shell:Creating package descriptor '/home/student/ros_ws/RosSystem/install/hello_moveit/share/hello_moveit/package.dsv'
[0.962s] INFO:colcon.colcon_core.shell:Creating package script '/home/student/ros_ws/RosSystem/install/hello_moveit/share/hello_moveit/package.sh'
[0.963s] INFO:colcon.colcon_core.shell:Creating package script '/home/student/ros_ws/RosSystem/install/hello_moveit/share/hello_moveit/package.bash'
[0.964s] INFO:colcon.colcon_core.shell:Creating package script '/home/student/ros_ws/RosSystem/install/hello_moveit/share/hello_moveit/package.zsh'
[0.965s] Level 1:colcon.colcon_core.environment:create_file_with_runtime_dependencies(/home/student/ros_ws/RosSystem/install/hello_moveit/share/colcon-core/packages/hello_moveit)
[1.027s] DEBUG:colcon.colcon_core.event_handler.log_command:Invoked command in '/home/student/ros_ws/RosSystem/build/moveit_config' returned '0': CMAKE_PREFIX_PATH=/home/student/ros_ws/RosSystem/install/urdf_tutorial:/home/student/ws_moveit2/install/pilz_industrial_motion_planner_testutils:/home/student/ws_moveit2/install/moveit_runtime:/home/student/ws_moveit2/install/moveit2_tutorials:/home/student/ws_moveit2/install/moveit:/home/student/ws_moveit2/install/moveit_planners:/home/student/ws_moveit2/install/pilz_industrial_motion_planner:/home/student/ws_moveit2/install/moveit_visual_tools:/home/student/ws_moveit2/install/moveit_task_constructor_visualization:/home/student/ws_moveit2/install/moveit_task_constructor_demo:/home/student/ws_moveit2/install/moveit_task_constructor_capabilities:/home/student/ws_moveit2/install/moveit_task_constructor_core:/home/student/ws_moveit2/install/moveit_ros_control_interface:/home/student/ws_moveit2/install/moveit_plugins:/home/student/ws_moveit2/install/moveit_simple_controller_manager:/home/student/ws_moveit2/install/moveit_setup_assistant:/home/student/ws_moveit2/install/moveit_setup_srdf_plugins:/home/student/ws_moveit2/install/moveit_setup_core_plugins:/home/student/ws_moveit2/install/moveit_setup_controllers:/home/student/ws_moveit2/install/moveit_setup_app_plugins:/home/student/ws_moveit2/install/moveit_setup_framework:/home/student/ws_moveit2/install/moveit_servo:/home/student/ws_moveit2/install/moveit_ros:/home/student/ws_moveit2/install/moveit_ros_visualization:/home/student/ws_moveit2/install/moveit_hybrid_planning:/home/student/ws_moveit2/install/moveit_ros_planning_interface:/home/student/ws_moveit2/install/moveit_ros_benchmarks:/home/student/ws_moveit2/install/moveit_ros_warehouse:/home/student/ws_moveit2/install/moveit_ros_robot_interaction:/home/student/ws_moveit2/install/moveit_ros_perception:/home/student/ws_moveit2/install/moveit_resources_prbt_pg70_support:/home/student/ws_moveit2/install/moveit_resources_prbt_moveit_config:/home/student/ws_moveit2/install/moveit_ros_move_group:/home/student/ws_moveit2/install/moveit_planners_ompl:/home/student/ws_moveit2/install/moveit_ros_planning:/home/student/ws_moveit2/install/moveit_ros_occupancy_map_monitor:/home/student/ws_moveit2/install/moveit_resources_prbt_ikfast_manipulator_plugin:/home/student/ws_moveit2/install/moveit_planners_chomp:/home/student/ws_moveit2/install/moveit_kinematics:/home/student/ws_moveit2/install/moveit_chomp_optimizer_adapter:/home/student/ws_moveit2/install/chomp_motion_planner:/home/student/ws_moveit2/install/moveit_core:/home/student/ws_moveit2/install/srdfdom:/home/student/ws_moveit2/install/rviz_marker_tools:/home/student/ws_moveit2/install/rosparam_shortcuts:/home/student/ws_moveit2/install/moveit_task_constructor_msgs:/home/student/ws_moveit2/install/moveit_resources_prbt_support:/home/student/ws_moveit2/install/moveit_resources:/home/student/ws_moveit2/install/moveit_resources_pr2_description:/home/student/ws_moveit2/install/moveit_resources_panda_moveit_config:/home/student/ws_moveit2/install/moveit_resources_panda_description:/home/student/ws_moveit2/install/moveit_resources_fanuc_moveit_config:/home/student/ws_moveit2/install/moveit_resources_fanuc_description:/home/student/ws_moveit2/install/moveit_common:/home/student/ros_ws/RosSystem/install/moveit_config:/home/student/ros_ws/RosSystem/install/hello_moveit:/home/student/ros_ws/RosSystem/install/beckhoff_interfaces:/home/student/ws_moveit2/install/moveit_configs_utils:/home/student/ws_moveit2/install/launch_param_builder:/home/student/ros_ws/RosSystem/install/urdf_robot:/home/student/ros_ws/RosSystem/install/beckhoff:/opt/ros/humble /usr/bin/cmake --build /home/student/ros_ws/RosSystem/build/moveit_config -- -j16 -l16
[1.041s] Level 1:colcon.colcon_core.environment:create_environment_scripts_only(hello_moveit)
[1.042s] Level 1:colcon.colcon_core.environment:checking '/home/student/ros_ws/RosSystem/install/hello_moveit' for CMake module files
[1.042s] Level 1:colcon.colcon_core.environment:checking '/home/student/ros_ws/RosSystem/install/hello_moveit' for CMake config files
[1.043s] Level 1:colcon.colcon_core.shell:create_environment_hook('hello_moveit', 'cmake_prefix_path')
[1.043s] INFO:colcon.colcon_core.shell:Creating environment hook '/home/student/ros_ws/RosSystem/install/hello_moveit/share/hello_moveit/hook/cmake_prefix_path.ps1'
[1.044s] INFO:colcon.colcon_core.shell:Creating environment descriptor '/home/student/ros_ws/RosSystem/install/hello_moveit/share/hello_moveit/hook/cmake_prefix_path.dsv'
[1.044s] INFO:colcon.colcon_core.shell:Creating environment hook '/home/student/ros_ws/RosSystem/install/hello_moveit/share/hello_moveit/hook/cmake_prefix_path.sh'
[1.045s] Level 1:colcon.colcon_core.environment:checking '/home/student/ros_ws/RosSystem/install/hello_moveit/lib'
[1.045s] Level 1:colcon.colcon_core.environment:checking '/home/student/ros_ws/RosSystem/install/hello_moveit/bin'
[1.045s] Level 1:colcon.colcon_core.environment:checking '/home/student/ros_ws/RosSystem/install/hello_moveit/lib/pkgconfig/hello_moveit.pc'
[1.045s] Level 1:colcon.colcon_core.environment:checking '/home/student/ros_ws/RosSystem/install/hello_moveit/lib/python3.10/site-packages'
[1.046s] Level 1:colcon.colcon_core.environment:checking '/home/student/ros_ws/RosSystem/install/hello_moveit/bin'
[1.046s] INFO:colcon.colcon_core.shell:Creating package script '/home/student/ros_ws/RosSystem/install/hello_moveit/share/hello_moveit/package.ps1'
[1.046s] INFO:colcon.colcon_core.shell:Creating package descriptor '/home/student/ros_ws/RosSystem/install/hello_moveit/share/hello_moveit/package.dsv'
[1.047s] INFO:colcon.colcon_core.shell:Creating package script '/home/student/ros_ws/RosSystem/install/hello_moveit/share/hello_moveit/package.sh'
[1.047s] INFO:colcon.colcon_core.shell:Creating package script '/home/student/ros_ws/RosSystem/install/hello_moveit/share/hello_moveit/package.bash'
[1.048s] INFO:colcon.colcon_core.shell:Creating package script '/home/student/ros_ws/RosSystem/install/hello_moveit/share/hello_moveit/package.zsh'
[1.048s] Level 1:colcon.colcon_core.environment:create_file_with_runtime_dependencies(/home/student/ros_ws/RosSystem/install/hello_moveit/share/colcon-core/packages/hello_moveit)
[1.091s] DEBUG:colcon.colcon_core.event_handler.log_command:Invoking command in '/home/student/ros_ws/RosSystem/build/moveit_config': CMAKE_PREFIX_PATH=/home/student/ros_ws/RosSystem/install/urdf_tutorial:/home/student/ws_moveit2/install/pilz_industrial_motion_planner_testutils:/home/student/ws_moveit2/install/moveit_runtime:/home/student/ws_moveit2/install/moveit2_tutorials:/home/student/ws_moveit2/install/moveit:/home/student/ws_moveit2/install/moveit_planners:/home/student/ws_moveit2/install/pilz_industrial_motion_planner:/home/student/ws_moveit2/install/moveit_visual_tools:/home/student/ws_moveit2/install/moveit_task_constructor_visualization:/home/student/ws_moveit2/install/moveit_task_constructor_demo:/home/student/ws_moveit2/install/moveit_task_constructor_capabilities:/home/student/ws_moveit2/install/moveit_task_constructor_core:/home/student/ws_moveit2/install/moveit_ros_control_interface:/home/student/ws_moveit2/install/moveit_plugins:/home/student/ws_moveit2/install/moveit_simple_controller_manager:/home/student/ws_moveit2/install/moveit_setup_assistant:/home/student/ws_moveit2/install/moveit_setup_srdf_plugins:/home/student/ws_moveit2/install/moveit_setup_core_plugins:/home/student/ws_moveit2/install/moveit_setup_controllers:/home/student/ws_moveit2/install/moveit_setup_app_plugins:/home/student/ws_moveit2/install/moveit_setup_framework:/home/student/ws_moveit2/install/moveit_servo:/home/student/ws_moveit2/install/moveit_ros:/home/student/ws_moveit2/install/moveit_ros_visualization:/home/student/ws_moveit2/install/moveit_hybrid_planning:/home/student/ws_moveit2/install/moveit_ros_planning_interface:/home/student/ws_moveit2/install/moveit_ros_benchmarks:/home/student/ws_moveit2/install/moveit_ros_warehouse:/home/student/ws_moveit2/install/moveit_ros_robot_interaction:/home/student/ws_moveit2/install/moveit_ros_perception:/home/student/ws_moveit2/install/moveit_resources_prbt_pg70_support:/home/student/ws_moveit2/install/moveit_resources_prbt_moveit_config:/home/student/ws_moveit2/install/moveit_ros_move_group:/home/student/ws_moveit2/install/moveit_planners_ompl:/home/student/ws_moveit2/install/moveit_ros_planning:/home/student/ws_moveit2/install/moveit_ros_occupancy_map_monitor:/home/student/ws_moveit2/install/moveit_resources_prbt_ikfast_manipulator_plugin:/home/student/ws_moveit2/install/moveit_planners_chomp:/home/student/ws_moveit2/install/moveit_kinematics:/home/student/ws_moveit2/install/moveit_chomp_optimizer_adapter:/home/student/ws_moveit2/install/chomp_motion_planner:/home/student/ws_moveit2/install/moveit_core:/home/student/ws_moveit2/install/srdfdom:/home/student/ws_moveit2/install/rviz_marker_tools:/home/student/ws_moveit2/install/rosparam_shortcuts:/home/student/ws_moveit2/install/moveit_task_constructor_msgs:/home/student/ws_moveit2/install/moveit_resources_prbt_support:/home/student/ws_moveit2/install/moveit_resources:/home/student/ws_moveit2/install/moveit_resources_pr2_description:/home/student/ws_moveit2/install/moveit_resources_panda_moveit_config:/home/student/ws_moveit2/install/moveit_resources_panda_description:/home/student/ws_moveit2/install/moveit_resources_fanuc_moveit_config:/home/student/ws_moveit2/install/moveit_resources_fanuc_description:/home/student/ws_moveit2/install/moveit_common:/home/student/ros_ws/RosSystem/install/moveit_config:/home/student/ros_ws/RosSystem/install/hello_moveit:/home/student/ros_ws/RosSystem/install/beckhoff_interfaces:/home/student/ws_moveit2/install/moveit_configs_utils:/home/student/ws_moveit2/install/launch_param_builder:/home/student/ros_ws/RosSystem/install/urdf_robot:/home/student/ros_ws/RosSystem/install/beckhoff:/opt/ros/humble /usr/bin/cmake --install /home/student/ros_ws/RosSystem/build/moveit_config
[1.112s] Level 1:colcon.colcon_core.environment:create_environment_scripts_only(moveit_config)
[1.113s] Level 1:colcon.colcon_core.environment:checking '/home/student/ros_ws/RosSystem/install/moveit_config' for CMake module files
[1.113s] DEBUG:colcon.colcon_core.event_handler.log_command:Invoked command in '/home/student/ros_ws/RosSystem/build/moveit_config' returned '0': CMAKE_PREFIX_PATH=/home/student/ros_ws/RosSystem/install/urdf_tutorial:/home/student/ws_moveit2/install/pilz_industrial_motion_planner_testutils:/home/student/ws_moveit2/install/moveit_runtime:/home/student/ws_moveit2/install/moveit2_tutorials:/home/student/ws_moveit2/install/moveit:/home/student/ws_moveit2/install/moveit_planners:/home/student/ws_moveit2/install/pilz_industrial_motion_planner:/home/student/ws_moveit2/install/moveit_visual_tools:/home/student/ws_moveit2/install/moveit_task_constructor_visualization:/home/student/ws_moveit2/install/moveit_task_constructor_demo:/home/student/ws_moveit2/install/moveit_task_constructor_capabilities:/home/student/ws_moveit2/install/moveit_task_constructor_core:/home/student/ws_moveit2/install/moveit_ros_control_interface:/home/student/ws_moveit2/install/moveit_plugins:/home/student/ws_moveit2/install/moveit_simple_controller_manager:/home/student/ws_moveit2/install/moveit_setup_assistant:/home/student/ws_moveit2/install/moveit_setup_srdf_plugins:/home/student/ws_moveit2/install/moveit_setup_core_plugins:/home/student/ws_moveit2/install/moveit_setup_controllers:/home/student/ws_moveit2/install/moveit_setup_app_plugins:/home/student/ws_moveit2/install/moveit_setup_framework:/home/student/ws_moveit2/install/moveit_servo:/home/student/ws_moveit2/install/moveit_ros:/home/student/ws_moveit2/install/moveit_ros_visualization:/home/student/ws_moveit2/install/moveit_hybrid_planning:/home/student/ws_moveit2/install/moveit_ros_planning_interface:/home/student/ws_moveit2/install/moveit_ros_benchmarks:/home/student/ws_moveit2/install/moveit_ros_warehouse:/home/student/ws_moveit2/install/moveit_ros_robot_interaction:/home/student/ws_moveit2/install/moveit_ros_perception:/home/student/ws_moveit2/install/moveit_resources_prbt_pg70_support:/home/student/ws_moveit2/install/moveit_resources_prbt_moveit_config:/home/student/ws_moveit2/install/moveit_ros_move_group:/home/student/ws_moveit2/install/moveit_planners_ompl:/home/student/ws_moveit2/install/moveit_ros_planning:/home/student/ws_moveit2/install/moveit_ros_occupancy_map_monitor:/home/student/ws_moveit2/install/moveit_resources_prbt_ikfast_manipulator_plugin:/home/student/ws_moveit2/install/moveit_planners_chomp:/home/student/ws_moveit2/install/moveit_kinematics:/home/student/ws_moveit2/install/moveit_chomp_optimizer_adapter:/home/student/ws_moveit2/install/chomp_motion_planner:/home/student/ws_moveit2/install/moveit_core:/home/student/ws_moveit2/install/srdfdom:/home/student/ws_moveit2/install/rviz_marker_tools:/home/student/ws_moveit2/install/rosparam_shortcuts:/home/student/ws_moveit2/install/moveit_task_constructor_msgs:/home/student/ws_moveit2/install/moveit_resources_prbt_support:/home/student/ws_moveit2/install/moveit_resources:/home/student/ws_moveit2/install/moveit_resources_pr2_description:/home/student/ws_moveit2/install/moveit_resources_panda_moveit_config:/home/student/ws_moveit2/install/moveit_resources_panda_description:/home/student/ws_moveit2/install/moveit_resources_fanuc_moveit_config:/home/student/ws_moveit2/install/moveit_resources_fanuc_description:/home/student/ws_moveit2/install/moveit_common:/home/student/ros_ws/RosSystem/install/moveit_config:/home/student/ros_ws/RosSystem/install/hello_moveit:/home/student/ros_ws/RosSystem/install/beckhoff_interfaces:/home/student/ws_moveit2/install/moveit_configs_utils:/home/student/ws_moveit2/install/launch_param_builder:/home/student/ros_ws/RosSystem/install/urdf_robot:/home/student/ros_ws/RosSystem/install/beckhoff:/opt/ros/humble /usr/bin/cmake --install /home/student/ros_ws/RosSystem/build/moveit_config
[1.114s] Level 1:colcon.colcon_core.environment:checking '/home/student/ros_ws/RosSystem/install/moveit_config' for CMake config files
[1.114s] Level 1:colcon.colcon_core.shell:create_environment_hook('moveit_config', 'cmake_prefix_path')
[1.114s] INFO:colcon.colcon_core.shell:Creating environment hook '/home/student/ros_ws/RosSystem/install/moveit_config/share/moveit_config/hook/cmake_prefix_path.ps1'
[1.115s] INFO:colcon.colcon_core.shell:Creating environment descriptor '/home/student/ros_ws/RosSystem/install/moveit_config/share/moveit_config/hook/cmake_prefix_path.dsv'
[1.115s] INFO:colcon.colcon_core.shell:Creating environment hook '/home/student/ros_ws/RosSystem/install/moveit_config/share/moveit_config/hook/cmake_prefix_path.sh'
[1.115s] Level 1:colcon.colcon_core.environment:checking '/home/student/ros_ws/RosSystem/install/moveit_config/bin'
[1.115s] Level 1:colcon.colcon_core.environment:checking '/home/student/ros_ws/RosSystem/install/moveit_config/lib/pkgconfig/moveit_config.pc'
[1.116s] Level 1:colcon.colcon_core.environment:checking '/home/student/ros_ws/RosSystem/install/moveit_config/lib/python3.10/site-packages'
[1.116s] Level 1:colcon.colcon_core.environment:checking '/home/student/ros_ws/RosSystem/install/moveit_config/bin'
[1.116s] INFO:colcon.colcon_core.shell:Creating package script '/home/student/ros_ws/RosSystem/install/moveit_config/share/moveit_config/package.ps1'
[1.117s] INFO:colcon.colcon_core.shell:Creating package descriptor '/home/student/ros_ws/RosSystem/install/moveit_config/share/moveit_config/package.dsv'
[1.117s] INFO:colcon.colcon_core.shell:Creating package script '/home/student/ros_ws/RosSystem/install/moveit_config/share/moveit_config/package.sh'
[1.117s] INFO:colcon.colcon_core.shell:Creating package script '/home/student/ros_ws/RosSystem/install/moveit_config/share/moveit_config/package.bash'
[1.118s] INFO:colcon.colcon_core.shell:Creating package script '/home/student/ros_ws/RosSystem/install/moveit_config/share/moveit_config/package.zsh'
[1.118s] Level 1:colcon.colcon_core.environment:create_file_with_runtime_dependencies(/home/student/ros_ws/RosSystem/install/moveit_config/share/colcon-core/packages/moveit_config)
[1.153s] DEBUG:colcon.colcon_core.event_handler.log_command:Invoking command in '/home/student/ros_ws/RosSystem/src/beckhoff': PYTHONPATH=/home/student/ros_ws/RosSystem/build/beckhoff/prefix_override:/home/student/ros_ws/RosSystem/install/beckhoff/lib/python3.10/site-packages:${PYTHONPATH} /usr/bin/python3 -W ignore:setup.py install is deprecated setup.py egg_info --egg-base ../../build/beckhoff build --build-base /home/student/ros_ws/RosSystem/build/beckhoff/build install --record /home/student/ros_ws/RosSystem/build/beckhoff/install.log --single-version-externally-managed install_data
[1.174s] Level 1:colcon.colcon_core.environment:create_environment_scripts_only(moveit_config)
[1.175s] Level 1:colcon.colcon_core.environment:checking '/home/student/ros_ws/RosSystem/install/moveit_config' for CMake module files
[1.175s] Level 1:colcon.colcon_core.environment:checking '/home/student/ros_ws/RosSystem/install/moveit_config' for CMake config files
[1.175s] Level 1:colcon.colcon_core.shell:create_environment_hook('moveit_config', 'cmake_prefix_path')
[1.175s] INFO:colcon.colcon_core.shell:Creating environment hook '/home/student/ros_ws/RosSystem/install/moveit_config/share/moveit_config/hook/cmake_prefix_path.ps1'
[1.176s] INFO:colcon.colcon_core.shell:Creating environment descriptor '/home/student/ros_ws/RosSystem/install/moveit_config/share/moveit_config/hook/cmake_prefix_path.dsv'
[1.176s] INFO:colcon.colcon_core.shell:Creating environment hook '/home/student/ros_ws/RosSystem/install/moveit_config/share/moveit_config/hook/cmake_prefix_path.sh'
[1.177s] Level 1:colcon.colcon_core.environment:checking '/home/student/ros_ws/RosSystem/install/moveit_config/bin'
[1.177s] Level 1:colcon.colcon_core.environment:checking '/home/student/ros_ws/RosSystem/install/moveit_config/lib/pkgconfig/moveit_config.pc'
[1.177s] Level 1:colcon.colcon_core.environment:checking '/home/student/ros_ws/RosSystem/install/moveit_config/lib/python3.10/site-packages'
[1.177s] Level 1:colcon.colcon_core.environment:checking '/home/student/ros_ws/RosSystem/install/moveit_config/bin'
[1.178s] INFO:colcon.colcon_core.shell:Creating package script '/home/student/ros_ws/RosSystem/install/moveit_config/share/moveit_config/package.ps1'
[1.178s] INFO:colcon.colcon_core.shell:Creating package descriptor '/home/student/ros_ws/RosSystem/install/moveit_config/share/moveit_config/package.dsv'
[1.179s] INFO:colcon.colcon_core.shell:Creating package script '/home/student/ros_ws/RosSystem/install/moveit_config/share/moveit_config/package.sh'
[1.179s] INFO:colcon.colcon_core.shell:Creating package script '/home/student/ros_ws/RosSystem/install/moveit_config/share/moveit_config/package.bash'
[1.180s] INFO:colcon.colcon_core.shell:Creating package script '/home/student/ros_ws/RosSystem/install/moveit_config/share/moveit_config/package.zsh'
[1.181s] Level 1:colcon.colcon_core.environment:create_file_with_runtime_dependencies(/home/student/ros_ws/RosSystem/install/moveit_config/share/colcon-core/packages/moveit_config)
[1.204s] DEBUG:colcon.colcon_core.event_handler.log_command:Invoked command in '/home/student/ros_ws/RosSystem/build/beckhoff_interfaces' returned '0': CMAKE_PREFIX_PATH=${CMAKE_PREFIX_PATH}:/home/student/ws_moveit2/install/moveit_configs_utils:/home/student/ws_moveit2/install/launch_param_builder:/home/student/ros_ws/RosSystem/install/urdf_robot:/home/student/ros_ws/RosSystem/install/beckhoff:/opt/ros/humble /usr/bin/cmake --build /home/student/ros_ws/RosSystem/build/beckhoff_interfaces -- -j16 -l16
[1.451s] Level 1:colcon.colcon_core.environment:checking '/home/student/ros_ws/RosSystem/install/beckhoff' for CMake module files
[1.451s] DEBUG:colcon.colcon_core.event_handler.log_command:Invoked command in '/home/student/ros_ws/RosSystem/src/beckhoff' returned '0': PYTHONPATH=/home/student/ros_ws/RosSystem/build/beckhoff/prefix_override:/home/student/ros_ws/RosSystem/install/beckhoff/lib/python3.10/site-packages:${PYTHONPATH} /usr/bin/python3 -W ignore:setup.py install is deprecated setup.py egg_info --egg-base ../../build/beckhoff build --build-base /home/student/ros_ws/RosSystem/build/beckhoff/build install --record /home/student/ros_ws/RosSystem/build/beckhoff/install.log --single-version-externally-managed install_data
[1.452s] Level 1:colcon.colcon_core.environment:checking '/home/student/ros_ws/RosSystem/install/beckhoff' for CMake config files
[1.452s] Level 1:colcon.colcon_core.environment:checking '/home/student/ros_ws/RosSystem/install/beckhoff/lib'
[1.452s] Level 1:colcon.colcon_core.environment:checking '/home/student/ros_ws/RosSystem/install/beckhoff/bin'
[1.452s] Level 1:colcon.colcon_core.environment:checking '/home/student/ros_ws/RosSystem/install/beckhoff/lib/pkgconfig/beckhoff.pc'
[1.453s] Level 1:colcon.colcon_core.environment:checking '/home/student/ros_ws/RosSystem/install/beckhoff/lib/python3.10/site-packages'
[1.453s] Level 1:colcon.colcon_core.shell:create_environment_hook('beckhoff', 'pythonpath')
[1.453s] INFO:colcon.colcon_core.shell:Creating environment hook '/home/student/ros_ws/RosSystem/install/beckhoff/share/beckhoff/hook/pythonpath.ps1'
[1.453s] INFO:colcon.colcon_core.shell:Creating environment descriptor '/home/student/ros_ws/RosSystem/install/beckhoff/share/beckhoff/hook/pythonpath.dsv'
[1.453s] INFO:colcon.colcon_core.shell:Creating environment hook '/home/student/ros_ws/RosSystem/install/beckhoff/share/beckhoff/hook/pythonpath.sh'
[1.454s] Level 1:colcon.colcon_core.environment:checking '/home/student/ros_ws/RosSystem/install/beckhoff/bin'
[1.454s] Level 1:colcon.colcon_core.environment:create_environment_scripts_only(beckhoff)
[1.454s] INFO:colcon.colcon_core.shell:Creating package script '/home/student/ros_ws/RosSystem/install/beckhoff/share/beckhoff/package.ps1'
[1.455s] INFO:colcon.colcon_core.shell:Creating package descriptor '/home/student/ros_ws/RosSystem/install/beckhoff/share/beckhoff/package.dsv'
[1.455s] INFO:colcon.colcon_core.shell:Creating package script '/home/student/ros_ws/RosSystem/install/beckhoff/share/beckhoff/package.sh'
[1.455s] INFO:colcon.colcon_core.shell:Creating package script '/home/student/ros_ws/RosSystem/install/beckhoff/share/beckhoff/package.bash'
[1.456s] INFO:colcon.colcon_core.shell:Creating package script '/home/student/ros_ws/RosSystem/install/beckhoff/share/beckhoff/package.zsh'
[1.456s] Level 1:colcon.colcon_core.environment:create_file_with_runtime_dependencies(/home/student/ros_ws/RosSystem/install/beckhoff/share/colcon-core/packages/beckhoff)
[1.526s] DEBUG:colcon.colcon_core.event_handler.log_command:Invoking command in '/home/student/ros_ws/RosSystem/build/beckhoff_interfaces': CMAKE_PREFIX_PATH=${CMAKE_PREFIX_PATH}:/home/student/ws_moveit2/install/moveit_configs_utils:/home/student/ws_moveit2/install/launch_param_builder:/home/student/ros_ws/RosSystem/install/urdf_robot:/home/student/ros_ws/RosSystem/install/beckhoff:/opt/ros/humble /usr/bin/cmake --install /home/student/ros_ws/RosSystem/build/beckhoff_interfaces
[1.587s] Level 1:colcon.colcon_core.environment:create_environment_scripts_only(beckhoff_interfaces)
[1.587s] Level 1:colcon.colcon_core.environment:checking '/home/student/ros_ws/RosSystem/install/beckhoff_interfaces' for CMake module files
[1.588s] DEBUG:colcon.colcon_core.event_handler.log_command:Invoked command in '/home/student/ros_ws/RosSystem/build/beckhoff_interfaces' returned '0': CMAKE_PREFIX_PATH=${CMAKE_PREFIX_PATH}:/home/student/ws_moveit2/install/moveit_configs_utils:/home/student/ws_moveit2/install/launch_param_builder:/home/student/ros_ws/RosSystem/install/urdf_robot:/home/student/ros_ws/RosSystem/install/beckhoff:/opt/ros/humble /usr/bin/cmake --install /home/student/ros_ws/RosSystem/build/beckhoff_interfaces
[1.588s] Level 1:colcon.colcon_core.environment:checking '/home/student/ros_ws/RosSystem/install/beckhoff_interfaces' for CMake config files
[1.589s] Level 1:colcon.colcon_core.shell:create_environment_hook('beckhoff_interfaces', 'cmake_prefix_path')
[1.589s] INFO:colcon.colcon_core.shell:Creating environment hook '/home/student/ros_ws/RosSystem/install/beckhoff_interfaces/share/beckhoff_interfaces/hook/cmake_prefix_path.ps1'
[1.590s] INFO:colcon.colcon_core.shell:Creating environment descriptor '/home/student/ros_ws/RosSystem/install/beckhoff_interfaces/share/beckhoff_interfaces/hook/cmake_prefix_path.dsv'
[1.591s] INFO:colcon.colcon_core.shell:Creating environment hook '/home/student/ros_ws/RosSystem/install/beckhoff_interfaces/share/beckhoff_interfaces/hook/cmake_prefix_path.sh'
[1.591s] Level 1:colcon.colcon_core.environment:checking '/home/student/ros_ws/RosSystem/install/beckhoff_interfaces/lib'
[1.591s] Level 1:colcon.colcon_core.shell:create_environment_hook('beckhoff_interfaces', 'ld_library_path_lib')
[1.592s] INFO:colcon.colcon_core.shell:Creating environment hook '/home/student/ros_ws/RosSystem/install/beckhoff_interfaces/share/beckhoff_interfaces/hook/ld_library_path_lib.ps1'
[1.592s] INFO:colcon.colcon_core.shell:Creating environment descriptor '/home/student/ros_ws/RosSystem/install/beckhoff_interfaces/share/beckhoff_interfaces/hook/ld_library_path_lib.dsv'
[1.592s] INFO:colcon.colcon_core.shell:Creating environment hook '/home/student/ros_ws/RosSystem/install/beckhoff_interfaces/share/beckhoff_interfaces/hook/ld_library_path_lib.sh'
[1.592s] Level 1:colcon.colcon_core.environment:checking '/home/student/ros_ws/RosSystem/install/beckhoff_interfaces/bin'
[1.592s] Level 1:colcon.colcon_core.environment:checking '/home/student/ros_ws/RosSystem/install/beckhoff_interfaces/lib/pkgconfig/beckhoff_interfaces.pc'
[1.593s] Level 1:colcon.colcon_core.environment:checking '/home/student/ros_ws/RosSystem/install/beckhoff_interfaces/lib/python3.10/site-packages'
[1.593s] Level 1:colcon.colcon_core.environment:checking '/home/student/ros_ws/RosSystem/install/beckhoff_interfaces/bin'
[1.593s] INFO:colcon.colcon_core.shell:Creating package script '/home/student/ros_ws/RosSystem/install/beckhoff_interfaces/share/beckhoff_interfaces/package.ps1'
[1.594s] INFO:colcon.colcon_core.shell:Creating package descriptor '/home/student/ros_ws/RosSystem/install/beckhoff_interfaces/share/beckhoff_interfaces/package.dsv'
[1.594s] INFO:colcon.colcon_core.shell:Creating package script '/home/student/ros_ws/RosSystem/install/beckhoff_interfaces/share/beckhoff_interfaces/package.sh'
[1.594s] INFO:colcon.colcon_core.shell:Creating package script '/home/student/ros_ws/RosSystem/install/beckhoff_interfaces/share/beckhoff_interfaces/package.bash'
[1.594s] INFO:colcon.colcon_core.shell:Creating package script '/home/student/ros_ws/RosSystem/install/beckhoff_interfaces/share/beckhoff_interfaces/package.zsh'
[1.595s] Level 1:colcon.colcon_core.environment:create_file_with_runtime_dependencies(/home/student/ros_ws/RosSystem/install/beckhoff_interfaces/share/colcon-core/packages/beckhoff_interfaces)
[1.880s] Level 1:colcon.colcon_core.environment:create_environment_scripts_only(beckhoff_interfaces)
[1.880s] Level 1:colcon.colcon_core.environment:checking '/home/student/ros_ws/RosSystem/install/beckhoff_interfaces' for CMake module files
[1.881s] Level 1:colcon.colcon_core.environment:checking '/home/student/ros_ws/RosSystem/install/beckhoff_interfaces' for CMake config files
[1.882s] Level 1:colcon.colcon_core.shell:create_environment_hook('beckhoff_interfaces', 'cmake_prefix_path')
[1.882s] INFO:colcon.colcon_core.shell:Creating environment hook '/home/student/ros_ws/RosSystem/install/beckhoff_interfaces/share/beckhoff_interfaces/hook/cmake_prefix_path.ps1'
[1.882s] INFO:colcon.colcon_core.shell:Creating environment descriptor '/home/student/ros_ws/RosSystem/install/beckhoff_interfaces/share/beckhoff_interfaces/hook/cmake_prefix_path.dsv'
[1.883s] INFO:colcon.colcon_core.shell:Creating environment hook '/home/student/ros_ws/RosSystem/install/beckhoff_interfaces/share/beckhoff_interfaces/hook/cmake_prefix_path.sh'
[1.883s] Level 1:colcon.colcon_core.environment:checking '/home/student/ros_ws/RosSystem/install/beckhoff_interfaces/lib'
[1.883s] Level 1:colcon.colcon_core.shell:create_environment_hook('beckhoff_interfaces', 'ld_library_path_lib')
[1.883s] INFO:colcon.colcon_core.shell:Creating environment hook '/home/student/ros_ws/RosSystem/install/beckhoff_interfaces/share/beckhoff_interfaces/hook/ld_library_path_lib.ps1'
[1.884s] INFO:colcon.colcon_core.shell:Creating environment descriptor '/home/student/ros_ws/RosSystem/install/beckhoff_interfaces/share/beckhoff_interfaces/hook/ld_library_path_lib.dsv'
[1.884s] INFO:colcon.colcon_core.shell:Creating environment hook '/home/student/ros_ws/RosSystem/install/beckhoff_interfaces/share/beckhoff_interfaces/hook/ld_library_path_lib.sh'
[1.884s] Level 1:colcon.colcon_core.environment:checking '/home/student/ros_ws/RosSystem/install/beckhoff_interfaces/bin'
[1.884s] Level 1:colcon.colcon_core.environment:checking '/home/student/ros_ws/RosSystem/install/beckhoff_interfaces/lib/pkgconfig/beckhoff_interfaces.pc'
[1.885s] Level 1:colcon.colcon_core.environment:checking '/home/student/ros_ws/RosSystem/install/beckhoff_interfaces/lib/python3.10/site-packages'
[1.885s] Level 1:colcon.colcon_core.environment:checking '/home/student/ros_ws/RosSystem/install/beckhoff_interfaces/bin'
[1.885s] INFO:colcon.colcon_core.shell:Creating package script '/home/student/ros_ws/RosSystem/install/beckhoff_interfaces/share/beckhoff_interfaces/package.ps1'
[1.886s] INFO:colcon.colcon_core.shell:Creating package descriptor '/home/student/ros_ws/RosSystem/install/beckhoff_interfaces/share/beckhoff_interfaces/package.dsv'
[1.887s] INFO:colcon.colcon_core.shell:Creating package script '/home/student/ros_ws/RosSystem/install/beckhoff_interfaces/share/beckhoff_interfaces/package.sh'
[1.887s] INFO:colcon.colcon_core.shell:Creating package script '/home/student/ros_ws/RosSystem/install/beckhoff_interfaces/share/beckhoff_interfaces/package.bash'
[1.888s] INFO:colcon.colcon_core.shell:Creating package script '/home/student/ros_ws/RosSystem/install/beckhoff_interfaces/share/beckhoff_interfaces/package.zsh'
[1.888s] Level 1:colcon.colcon_core.environment:create_file_with_runtime_dependencies(/home/student/ros_ws/RosSystem/install/beckhoff_interfaces/share/colcon-core/packages/beckhoff_interfaces)
[1.889s] DEBUG:colcon.colcon_parallel_executor.executor.parallel:closing loop
[1.889s] DEBUG:colcon.colcon_parallel_executor.executor.parallel:loop closed
[1.889s] DEBUG:colcon.colcon_parallel_executor.executor.parallel:run_until_complete finished with '0'
[1.889s] DEBUG:colcon.colcon_core.event_reactor:joining thread
[1.897s] INFO:colcon.colcon_core.plugin_system:Skipping extension 'colcon_notification.desktop_notification.terminal_notifier': Not used on non-Darwin systems
[1.897s] INFO:colcon.colcon_core.plugin_system:Skipping extension 'colcon_notification.desktop_notification.win32': Not used on non-Windows systems
[1.897s] INFO:colcon.colcon_notification.desktop_notification:Sending desktop notification using 'notify2'
[1.908s] DEBUG:colcon.colcon_core.event_reactor:joined thread
[1.909s] INFO:colcon.colcon_core.shell:Creating prefix script '/home/student/ros_ws/RosSystem/install/local_setup.ps1'
[1.910s] INFO:colcon.colcon_core.shell:Creating prefix util module '/home/student/ros_ws/RosSystem/install/_local_setup_util_ps1.py'
[1.912s] INFO:colcon.colcon_core.shell:Creating prefix chain script '/home/student/ros_ws/RosSystem/install/setup.ps1'
[1.916s] INFO:colcon.colcon_core.shell:Creating prefix script '/home/student/ros_ws/RosSystem/install/local_setup.sh'
[1.916s] INFO:colcon.colcon_core.shell:Creating prefix util module '/home/student/ros_ws/RosSystem/install/_local_setup_util_sh.py'
[1.916s] INFO:colcon.colcon_core.shell:Creating prefix chain script '/home/student/ros_ws/RosSystem/install/setup.sh'
[1.920s] INFO:colcon.colcon_core.shell:Creating prefix script '/home/student/ros_ws/RosSystem/install/local_setup.bash'
[1.921s] INFO:colcon.colcon_core.shell:Creating prefix chain script '/home/student/ros_ws/RosSystem/install/setup.bash'
[1.925s] INFO:colcon.colcon_core.shell:Creating prefix script '/home/student/ros_ws/RosSystem/install/local_setup.zsh'
[1.925s] INFO:colcon.colcon_core.shell:Creating prefix chain script '/home/student/ros_ws/RosSystem/install/setup.zsh'
