[0.044s] Invoking command in '/home/student/ros_ws/RosSystem/build/urdf_tutorial': CMAKE_PREFIX_PATH=${CMAKE_PREFIX_PATH}:/home/student/ws_moveit2/install/moveit_configs_utils:/home/student/ws_moveit2/install/launch_param_builder:/home/student/ros_ws/RosSystem/install/urdf_robot:/home/student/ros_ws/RosSystem/install/beckhoff:/opt/ros/humble /usr/bin/cmake --build /home/student/ros_ws/RosSystem/build/urdf_tutorial -- -j16 -l16
[0.300s] Invoked command in '/home/student/ros_ws/RosSystem/build/urdf_tutorial' returned '0': CMAKE_PREFIX_PATH=${CMAKE_PREFIX_PATH}:/home/student/ws_moveit2/install/moveit_configs_utils:/home/student/ws_moveit2/install/launch_param_builder:/home/student/ros_ws/RosSystem/install/urdf_robot:/home/student/ros_ws/RosSystem/install/beckhoff:/opt/ros/humble /usr/bin/cmake --build /home/student/ros_ws/RosSystem/build/urdf_tutorial -- -j16 -l16
[0.374s] Invoking command in '/home/student/ros_ws/RosSystem/build/urdf_tutorial': CMAKE_PREFIX_PATH=${CMAKE_PREFIX_PATH}:/home/student/ws_moveit2/install/moveit_configs_utils:/home/student/ws_moveit2/install/launch_param_builder:/home/student/ros_ws/RosSystem/install/urdf_robot:/home/student/ros_ws/RosSystem/install/beckhoff:/opt/ros/humble /usr/bin/cmake --install /home/student/ros_ws/RosSystem/build/urdf_tutorial
[0.389s] -- Install configuration: ""
[0.389s] -- Up-to-date: /home/student/ros_ws/RosSystem/install/urdf_tutorial/share/urdf_tutorial/images
[0.389s] -- Up-to-date: /home/student/ros_ws/RosSystem/install/urdf_tutorial/share/urdf_tutorial/images/myfirst.png
[0.389s] -- Up-to-date: /home/student/ros_ws/RosSystem/install/urdf_tutorial/share/urdf_tutorial/images/materials.png
[0.390s] -- Up-to-date: /home/student/ros_ws/RosSystem/install/urdf_tutorial/share/urdf_tutorial/images/flexible.png
[0.390s] -- Up-to-date: /home/student/ros_ws/RosSystem/install/urdf_tutorial/share/urdf_tutorial/images/multipleshapes.png
[0.390s] -- Up-to-date: /home/student/ros_ws/RosSystem/install/urdf_tutorial/share/urdf_tutorial/images/visual.png
[0.390s] -- Up-to-date: /home/student/ros_ws/RosSystem/install/urdf_tutorial/share/urdf_tutorial/images/origins.png
[0.390s] -- Up-to-date: /home/student/ros_ws/RosSystem/install/urdf_tutorial/share/urdf_tutorial/launch
[0.390s] -- Up-to-date: /home/student/ros_ws/RosSystem/install/urdf_tutorial/share/urdf_tutorial/launch/display.launch.py
[0.390s] -- Up-to-date: /home/student/ros_ws/RosSystem/install/urdf_tutorial/share/urdf_tutorial/meshes
[0.390s] -- Up-to-date: /home/student/ros_ws/RosSystem/install/urdf_tutorial/share/urdf_tutorial/meshes/l_finger_tip_color.png
[0.391s] -- Up-to-date: /home/student/ros_ws/RosSystem/install/urdf_tutorial/share/urdf_tutorial/meshes/l_finger_tip.dae
[0.391s] -- Up-to-date: /home/student/ros_ws/RosSystem/install/urdf_tutorial/share/urdf_tutorial/meshes/l_finger_color.png
[0.391s] -- Up-to-date: /home/student/ros_ws/RosSystem/install/urdf_tutorial/share/urdf_tutorial/meshes/l_finger.dae
[0.392s] -- Up-to-date: /home/student/ros_ws/RosSystem/install/urdf_tutorial/share/urdf_tutorial/rviz
[0.392s] -- Up-to-date: /home/student/ros_ws/RosSystem/install/urdf_tutorial/share/urdf_tutorial/rviz/urdf.rviz
[0.392s] -- Up-to-date: /home/student/ros_ws/RosSystem/install/urdf_tutorial/share/urdf_tutorial/urdf
[0.392s] -- Up-to-date: /home/student/ros_ws/RosSystem/install/urdf_tutorial/share/urdf_tutorial/urdf/robot.urdf
[0.392s] -- Up-to-date: /home/student/ros_ws/RosSystem/install/urdf_tutorial/share/urdf_tutorial/urdf/08-macroed.urdf.xacro
[0.392s] -- Up-to-date: /home/student/ros_ws/RosSystem/install/urdf_tutorial/share/urdf_tutorial/urdf/04-materials.urdf
[0.392s] -- Up-to-date: /home/student/ros_ws/RosSystem/install/urdf_tutorial/share/urdf_tutorial/urdf/07-physics.urdf
[0.392s] -- Up-to-date: /home/student/ros_ws/RosSystem/install/urdf_tutorial/share/urdf_tutorial/urdf/06-flexible.urdf
[0.392s] -- Up-to-date: /home/student/ros_ws/RosSystem/install/urdf_tutorial/share/urdf_tutorial/urdf/01-myfirst.urdf
[0.392s] -- Up-to-date: /home/student/ros_ws/RosSystem/install/urdf_tutorial/share/urdf_tutorial/urdf/05-visual.urdf
[0.392s] -- Up-to-date: /home/student/ros_ws/RosSystem/install/urdf_tutorial/share/urdf_tutorial/urdf/02-multipleshapes.urdf
[0.392s] -- Up-to-date: /home/student/ros_ws/RosSystem/install/urdf_tutorial/share/urdf_tutorial/urdf/03-origins.urdf
[0.392s] -- Up-to-date: /home/student/ros_ws/RosSystem/install/urdf_tutorial/share/ament_index/resource_index/package_run_dependencies/urdf_tutorial
[0.392s] -- Up-to-date: /home/student/ros_ws/RosSystem/install/urdf_tutorial/share/ament_index/resource_index/parent_prefix_path/urdf_tutorial
[0.392s] -- Up-to-date: /home/student/ros_ws/RosSystem/install/urdf_tutorial/share/urdf_tutorial/environment/ament_prefix_path.sh
[0.393s] -- Up-to-date: /home/student/ros_ws/RosSystem/install/urdf_tutorial/share/urdf_tutorial/environment/ament_prefix_path.dsv
[0.393s] -- Up-to-date: /home/student/ros_ws/RosSystem/install/urdf_tutorial/share/urdf_tutorial/environment/path.sh
[0.393s] -- Up-to-date: /home/student/ros_ws/RosSystem/install/urdf_tutorial/share/urdf_tutorial/environment/path.dsv
[0.393s] -- Up-to-date: /home/student/ros_ws/RosSystem/install/urdf_tutorial/share/urdf_tutorial/local_setup.bash
[0.393s] -- Up-to-date: /home/student/ros_ws/RosSystem/install/urdf_tutorial/share/urdf_tutorial/local_setup.sh
[0.393s] -- Up-to-date: /home/student/ros_ws/RosSystem/install/urdf_tutorial/share/urdf_tutorial/local_setup.zsh
[0.393s] -- Up-to-date: /home/student/ros_ws/RosSystem/install/urdf_tutorial/share/urdf_tutorial/local_setup.dsv
[0.393s] -- Installing: /home/student/ros_ws/RosSystem/install/urdf_tutorial/share/urdf_tutorial/package.dsv
[0.394s] -- Up-to-date: /home/student/ros_ws/RosSystem/install/urdf_tutorial/share/ament_index/resource_index/packages/urdf_tutorial
[0.394s] -- Up-to-date: /home/student/ros_ws/RosSystem/install/urdf_tutorial/share/urdf_tutorial/cmake/urdf_tutorialConfig.cmake
[0.394s] -- Up-to-date: /home/student/ros_ws/RosSystem/install/urdf_tutorial/share/urdf_tutorial/cmake/urdf_tutorialConfig-version.cmake
[0.394s] -- Up-to-date: /home/student/ros_ws/RosSystem/install/urdf_tutorial/share/urdf_tutorial/package.xml
[0.395s] Invoked command in '/home/student/ros_ws/RosSystem/build/urdf_tutorial' returned '0': CMAKE_PREFIX_PATH=${CMAKE_PREFIX_PATH}:/home/student/ws_moveit2/install/moveit_configs_utils:/home/student/ws_moveit2/install/launch_param_builder:/home/student/ros_ws/RosSystem/install/urdf_robot:/home/student/ros_ws/RosSystem/install/beckhoff:/opt/ros/humble /usr/bin/cmake --install /home/student/ros_ws/RosSystem/build/urdf_tutorial
