[0.269s] Invoking command in '/home/student/ros_ws/RosSystem/build/beckhoff_interfaces': CMAKE_PREFIX_PATH=${CMAKE_PREFIX_PATH}:/home/student/ws_moveit2/install/moveit_configs_utils:/home/student/ws_moveit2/install/launch_param_builder:/home/student/ros_ws/RosSystem/install/beckhoff:/opt/ros/humble /usr/bin/cmake --build /home/student/ros_ws/RosSystem/build/beckhoff_interfaces -- -j16 -l16
[0.307s] -- Found ament_cmake: 1.3.9 (/opt/ros/humble/share/ament_cmake/cmake)
[0.441s] -- Found rosidl_default_generators: 1.2.0 (/opt/ros/humble/share/rosidl_default_generators/cmake)
[0.450s] -- Using all available rosidl_typesupport_c: rosidl_typesupport_fastrtps_c;rosidl_typesupport_introspection_c
[0.452s] -- Found rosidl_adapter: 3.1.5 (/opt/ros/humble/share/rosidl_adapter/cmake)
[0.485s] -- Using all available rosidl_typesupport_cpp: rosidl_typesupport_fastrtps_cpp;rosidl_typesupport_introspection_cpp
[0.728s] [31mCMake Error at /opt/ros/humble/share/rosidl_adapter/cmake/rosidl_adapt_interfaces.cmake:59 (message):
[0.728s]   execute_process(/usr/bin/python3 -m rosidl_adapter --package-name
[0.728s]   beckhoff_interfaces --arguments-file
[0.728s]   /home/student/ros_ws/RosSystem/build/beckhoff_interfaces/rosidl_adapter__arguments__beckhoff_interfaces.json
[0.728s]   --output-dir
[0.728s]   /home/student/ros_ws/RosSystem/build/beckhoff_interfaces/rosidl_adapter/beckhoff_interfaces
[0.729s]   --output-file
[0.729s]   /home/student/ros_ws/RosSystem/build/beckhoff_interfaces/rosidl_adapter/beckhoff_interfaces.idls)
[0.729s]   returned error code 1:
[0.729s] 
[0.729s]   Error processing 'float64 velX' of
[0.729s]   'beckhoff_interfaces/CartesianMove_Request': ''velX' is an invalid field
[0.729s]   name.  It should have the pattern '^(?!.*__)(?!.*_$)[a-z][a-z0-9_]*$''
[0.729s] 
[0.729s]   Traceback (most recent call last):
[0.729s] 
[0.729s]     File "/usr/lib/python3.10/runpy.py", line 196, in _run_module_as_main
[0.729s]       return _run_code(code, main_globals, None,
[0.729s]     File "/usr/lib/python3.10/runpy.py", line 86, in _run_code
[0.729s]       exec(code, run_globals)
[0.729s]     File "/opt/ros/humble/local/lib/python3.10/dist-packages/rosidl_adapter/__main__.py", line 19, in <module>
[0.730s]       sys.exit(main())
[0.730s]     File "/opt/ros/humble/local/lib/python3.10/dist-packages/rosidl_adapter/main.py", line 53, in main
[0.730s]       abs_idl_file = convert_to_idl(
[0.730s]     File "/opt/ros/humble/local/lib/python3.10/dist-packages/rosidl_adapter/__init__.py", line 24, in convert_to_idl
[0.730s]       return convert_srv_to_idl(
[0.730s]     File "/opt/ros/humble/local/lib/python3.10/dist-packages/rosidl_adapter/srv/__init__.py", line 28, in convert_srv_to_idl
[0.730s]       srv = parse_service_string(package_name, input_file.stem, content)
[0.730s]     File "/opt/ros/humble/local/lib/python3.10/dist-packages/rosidl_adapter/parser.py", line 859, in parse_service_string
[0.730s]       request_message = parse_message_string(
[0.730s]     File "/opt/ros/humble/local/lib/python3.10/dist-packages/rosidl_adapter/parser.py", line 519, in parse_message_string
[0.730s]       fields.append(Field(
[0.730s]     File "/opt/ros/humble/local/lib/python3.10/dist-packages/rosidl_adapter/parser.py", line 354, in __init__
[0.730s]       raise NameError(
[0.730s] 
[0.730s]   NameError: 'velX' is an invalid field name.  It should have the pattern
[0.730s]   '^(?!.*__)(?!.*_$)[a-z][a-z0-9_]*$'
[0.730s] 
[0.730s] Call Stack (most recent call first):
[0.730s]   /opt/ros/humble/share/rosidl_cmake/cmake/rosidl_generate_interfaces.cmake:130 (rosidl_adapt_interfaces)
[0.730s]   CMakeLists.txt:16 (rosidl_generate_interfaces)
[0.731s] 
[0.731s] [0m
[0.731s] -- Configuring incomplete, errors occurred!
[0.731s] See also "/home/student/ros_ws/RosSystem/build/beckhoff_interfaces/CMakeFiles/CMakeOutput.log".
[0.736s] gmake: *** [Makefile:1395: cmake_check_build_system] Error 1
[0.739s] Invoked command in '/home/student/ros_ws/RosSystem/build/beckhoff_interfaces' returned '2': CMAKE_PREFIX_PATH=${CMAKE_PREFIX_PATH}:/home/student/ws_moveit2/install/moveit_configs_utils:/home/student/ws_moveit2/install/launch_param_builder:/home/student/ros_ws/RosSystem/install/beckhoff:/opt/ros/humble /usr/bin/cmake --build /home/student/ros_ws/RosSystem/build/beckhoff_interfaces -- -j16 -l16
