[0.248s] Invoking command in '/home/student/ros_ws/RosSystem/build/beckhoff_interfaces': CMAKE_PREFIX_PATH=${CMAKE_PREFIX_PATH}:/home/student/ws_moveit2/install/moveit_configs_utils:/home/student/ws_moveit2/install/launch_param_builder:/home/student/ros_ws/RosSystem/install/beckhoff:/opt/ros/humble /usr/bin/cmake /home/student/ros_ws/RosSystem/src/beckhoff_interfaces -DCMAKE_INSTALL_PREFIX=/home/student/ros_ws/RosSystem/install/beckhoff_interfaces
[0.330s] -- The C compiler identification is GNU 11.4.0
[0.396s] -- The CXX compiler identification is GNU 11.4.0
[0.406s] -- Detecting C compiler ABI info
[0.514s] -- Detecting C compiler ABI info - done
[0.520s] -- Check for working C compiler: /usr/bin/cc - skipped
[0.520s] -- Detecting C compile features
[0.521s] -- Detecting C compile features - done
[0.524s] -- Detecting CXX compiler ABI info
[0.651s] -- Detecting CXX compiler ABI info - done
[0.658s] -- Check for working CXX compiler: /usr/bin/c++ - skipped
[0.658s] -- Detecting CXX compile features
[0.658s] -- Detecting CXX compile features - done
[0.668s] -- Found ament_cmake: 1.3.9 (/opt/ros/humble/share/ament_cmake/cmake)
[0.843s] -- Found Python3: /usr/bin/python3 (found version "3.10.12") found components: Interpreter 
[1.027s] -- Found rosidl_default_generators: 1.2.0 (/opt/ros/humble/share/rosidl_default_generators/cmake)
[1.044s] -- Using all available rosidl_typesupport_c: rosidl_typesupport_fastrtps_c;rosidl_typesupport_introspection_c
[1.069s] -- Found rosidl_adapter: 3.1.5 (/opt/ros/humble/share/rosidl_adapter/cmake)
[1.169s] -- Using all available rosidl_typesupport_cpp: rosidl_typesupport_fastrtps_cpp;rosidl_typesupport_introspection_cpp
[1.402s] [31mCMake Error at /opt/ros/humble/share/rosidl_adapter/cmake/rosidl_adapt_interfaces.cmake:59 (message):
[1.402s]   execute_process(/usr/bin/python3 -m rosidl_adapter --package-name
[1.402s]   beckhoff_interfaces --arguments-file
[1.402s]   /home/student/ros_ws/RosSystem/build/beckhoff_interfaces/rosidl_adapter__arguments__beckhoff_interfaces.json
[1.402s]   --output-dir
[1.402s]   /home/student/ros_ws/RosSystem/build/beckhoff_interfaces/rosidl_adapter/beckhoff_interfaces
[1.402s]   --output-file
[1.402s]   /home/student/ros_ws/RosSystem/build/beckhoff_interfaces/rosidl_adapter/beckhoff_interfaces.idls)
[1.402s]   returned error code 1:
[1.402s] 
[1.402s]   Error processing 'float dz' of 'beckhoff_interfaces/TargetPose_Request':
[1.402s]   ''float' is an invalid message name.  It should have the pattern
[1.402s]   '^[A-Z][A-Za-z0-9]*$''
[1.402s] 
[1.403s]   Traceback (most recent call last):
[1.403s] 
[1.403s]     File "/usr/lib/python3.10/runpy.py", line 196, in _run_module_as_main
[1.403s]       return _run_code(code, main_globals, None,
[1.403s]     File "/usr/lib/python3.10/runpy.py", line 86, in _run_code
[1.403s]       exec(code, run_globals)
[1.403s]     File "/opt/ros/humble/local/lib/python3.10/dist-packages/rosidl_adapter/__main__.py", line 19, in <module>
[1.403s]       sys.exit(main())
[1.403s]     File "/opt/ros/humble/local/lib/python3.10/dist-packages/rosidl_adapter/main.py", line 53, in main
[1.403s]       abs_idl_file = convert_to_idl(
[1.403s]     File "/opt/ros/humble/local/lib/python3.10/dist-packages/rosidl_adapter/__init__.py", line 24, in convert_to_idl
[1.403s]       return convert_srv_to_idl(
[1.403s]     File "/opt/ros/humble/local/lib/python3.10/dist-packages/rosidl_adapter/srv/__init__.py", line 28, in convert_srv_to_idl
[1.403s]       srv = parse_service_string(package_name, input_file.stem, content)
[1.403s]     File "/opt/ros/humble/local/lib/python3.10/dist-packages/rosidl_adapter/parser.py", line 859, in parse_service_string
[1.403s]       request_message = parse_message_string(
[1.403s]     File "/opt/ros/humble/local/lib/python3.10/dist-packages/rosidl_adapter/parser.py", line 520, in parse_message_string
[1.403s]       Type(type_string, context_package_name=pkg_name),
[1.403s]     File "/opt/ros/humble/local/lib/python3.10/dist-packages/rosidl_adapter/parser.py", line 277, in __init__
[1.403s]       super(Type, self).__init__(
[1.404s]     File "/opt/ros/humble/local/lib/python3.10/dist-packages/rosidl_adapter/parser.py", line 205, in __init__
[1.404s]       raise InvalidResourceName(
[1.404s] 
[1.404s]   rosidl_adapter.parser.InvalidResourceName: 'float' is an invalid message
[1.404s]   name.  It should have the pattern '^[A-Z][A-Za-z0-9]*$'
[1.404s] 
[1.404s] Call Stack (most recent call first):
[1.404s]   /opt/ros/humble/share/rosidl_cmake/cmake/rosidl_generate_interfaces.cmake:130 (rosidl_adapt_interfaces)
[1.404s]   CMakeLists.txt:16 (rosidl_generate_interfaces)
[1.404s] 
[1.404s] [0m
[1.404s] -- Configuring incomplete, errors occurred!
[1.404s] See also "/home/student/ros_ws/RosSystem/build/beckhoff_interfaces/CMakeFiles/CMakeOutput.log".
[1.413s] Invoked command in '/home/student/ros_ws/RosSystem/build/beckhoff_interfaces' returned '1': CMAKE_PREFIX_PATH=${CMAKE_PREFIX_PATH}:/home/student/ws_moveit2/install/moveit_configs_utils:/home/student/ws_moveit2/install/launch_param_builder:/home/student/ros_ws/RosSystem/install/beckhoff:/opt/ros/humble /usr/bin/cmake /home/student/ros_ws/RosSystem/src/beckhoff_interfaces -DCMAKE_INSTALL_PREFIX=/home/student/ros_ws/RosSystem/install/beckhoff_interfaces
