running egg_info
creating ../../build/moveit_command/moveit_command.egg-info
writing ../../build/moveit_command/moveit_command.egg-info/PKG-INFO
writing dependency_links to ../../build/moveit_command/moveit_command.egg-info/dependency_links.txt
writing entry points to ../../build/moveit_command/moveit_command.egg-info/entry_points.txt
writing requirements to ../../build/moveit_command/moveit_command.egg-info/requires.txt
writing top-level names to ../../build/moveit_command/moveit_command.egg-info/top_level.txt
writing manifest file '../../build/moveit_command/moveit_command.egg-info/SOURCES.txt'
reading manifest file '../../build/moveit_command/moveit_command.egg-info/SOURCES.txt'
adding license file 'LICENSE'
writing manifest file '../../build/moveit_command/moveit_command.egg-info/SOURCES.txt'
running build
running build_py
creating /home/student/ros_ws/RosSystem/build/moveit_command/build
creating /home/student/ros_ws/RosSystem/build/moveit_command/build/lib
creating /home/student/ros_ws/RosSystem/build/moveit_command/build/lib/moveit_command
copying moveit_command/moveit_command.py -> /home/student/ros_ws/RosSystem/build/moveit_command/build/lib/moveit_command
copying moveit_command/__init__.py -> /home/student/ros_ws/RosSystem/build/moveit_command/build/lib/moveit_command
running install
running install_lib
creating /home/student/ros_ws/RosSystem/install/moveit_command/lib/python3.10/site-packages/moveit_command
copying /home/student/ros_ws/RosSystem/build/moveit_command/build/lib/moveit_command/moveit_command.py -> /home/student/ros_ws/RosSystem/install/moveit_command/lib/python3.10/site-packages/moveit_command
copying /home/student/ros_ws/RosSystem/build/moveit_command/build/lib/moveit_command/__init__.py -> /home/student/ros_ws/RosSystem/install/moveit_command/lib/python3.10/site-packages/moveit_command
byte-compiling /home/student/ros_ws/RosSystem/install/moveit_command/lib/python3.10/site-packages/moveit_command/moveit_command.py to moveit_command.cpython-310.pyc
byte-compiling /home/student/ros_ws/RosSystem/install/moveit_command/lib/python3.10/site-packages/moveit_command/__init__.py to __init__.cpython-310.pyc
running install_data
creating /home/student/ros_ws/RosSystem/install/moveit_command/share/ament_index
creating /home/student/ros_ws/RosSystem/install/moveit_command/share/ament_index/resource_index
creating /home/student/ros_ws/RosSystem/install/moveit_command/share/ament_index/resource_index/packages
copying resource/moveit_command -> /home/student/ros_ws/RosSystem/install/moveit_command/share/ament_index/resource_index/packages
copying package.xml -> /home/student/ros_ws/RosSystem/install/moveit_command/share/moveit_command
running install_egg_info
Copying ../../build/moveit_command/moveit_command.egg-info to /home/student/ros_ws/RosSystem/install/moveit_command/lib/python3.10/site-packages/moveit_command-0.0.0-py3.10.egg-info
running install_scripts
Installing moveit_command script to /home/student/ros_ws/RosSystem/install/moveit_command/lib/moveit_command
writing list of installed files to '/home/student/ros_ws/RosSystem/build/moveit_command/install.log'
