[1.171s] Invoking command in '/home/student/ros_ws/RosSystem/src/platform_lift': PYTHONPATH=/home/student/ros_ws/RosSystem/build/platform_lift/prefix_override:/home/student/ros_ws/RosSystem/install/platform_lift/lib/python3.10/site-packages:${PYTHONPATH} /usr/bin/python3 -W ignore:setup.py install is deprecated setup.py egg_info --egg-base ../../build/platform_lift build --build-base /home/student/ros_ws/RosSystem/build/platform_lift/build install --record /home/student/ros_ws/RosSystem/build/platform_lift/install.log --single-version-externally-managed install_data
[1.441s] running egg_info
[1.442s] writing ../../build/platform_lift/platform_lift.egg-info/PKG-INFO
[1.442s] writing dependency_links to ../../build/platform_lift/platform_lift.egg-info/dependency_links.txt
[1.443s] writing entry points to ../../build/platform_lift/platform_lift.egg-info/entry_points.txt
[1.443s] writing requirements to ../../build/platform_lift/platform_lift.egg-info/requires.txt
[1.443s] writing top-level names to ../../build/platform_lift/platform_lift.egg-info/top_level.txt
[1.445s] reading manifest file '../../build/platform_lift/platform_lift.egg-info/SOURCES.txt'
[1.445s] adding license file 'LICENSE'
[1.446s] writing manifest file '../../build/platform_lift/platform_lift.egg-info/SOURCES.txt'
[1.446s] running build
[1.446s] running build_py
[1.447s] copying platform_lift/lift_communication.py -> /home/student/ros_ws/RosSystem/build/platform_lift/build/lib/platform_lift
[1.447s] copying platform_lift/lift_pilote.py -> /home/student/ros_ws/RosSystem/build/platform_lift/build/lib/platform_lift
[1.447s] running install
[1.447s] running install_lib
[1.448s] copying /home/student/ros_ws/RosSystem/build/platform_lift/build/lib/platform_lift/lift_communication.py -> /home/student/ros_ws/RosSystem/install/platform_lift/lib/python3.10/site-packages/platform_lift
[1.449s] copying /home/student/ros_ws/RosSystem/build/platform_lift/build/lib/platform_lift/lift_pilote.py -> /home/student/ros_ws/RosSystem/install/platform_lift/lib/python3.10/site-packages/platform_lift
[1.449s] byte-compiling /home/student/ros_ws/RosSystem/install/platform_lift/lib/python3.10/site-packages/platform_lift/lift_communication.py to lift_communication.cpython-310.pyc
[1.450s] byte-compiling /home/student/ros_ws/RosSystem/install/platform_lift/lib/python3.10/site-packages/platform_lift/lift_pilote.py to lift_pilote.cpython-310.pyc
[1.451s] running install_data
[1.451s] running install_egg_info
[1.454s] removing '/home/student/ros_ws/RosSystem/install/platform_lift/lib/python3.10/site-packages/platform_lift-0.0.0-py3.10.egg-info' (and everything under it)
[1.454s] Copying ../../build/platform_lift/platform_lift.egg-info to /home/student/ros_ws/RosSystem/install/platform_lift/lib/python3.10/site-packages/platform_lift-0.0.0-py3.10.egg-info
[1.455s] running install_scripts
[1.477s] Installing command script to /home/student/ros_ws/RosSystem/install/platform_lift/lib/platform_lift
[1.477s] Installing lift_communication script to /home/student/ros_ws/RosSystem/install/platform_lift/lib/platform_lift
[1.478s] Installing srv_client script to /home/student/ros_ws/RosSystem/install/platform_lift/lib/platform_lift
[1.478s] writing list of installed files to '/home/student/ros_ws/RosSystem/build/platform_lift/install.log'
[1.541s] Invoked command in '/home/student/ros_ws/RosSystem/src/platform_lift' returned '0': PYTHONPATH=/home/student/ros_ws/RosSystem/build/platform_lift/prefix_override:/home/student/ros_ws/RosSystem/install/platform_lift/lib/python3.10/site-packages:${PYTHONPATH} /usr/bin/python3 -W ignore:setup.py install is deprecated setup.py egg_info --egg-base ../../build/platform_lift build --build-base /home/student/ros_ws/RosSystem/build/platform_lift/build install --record /home/student/ros_ws/RosSystem/build/platform_lift/install.log --single-version-externally-managed install_data
