[1.003s] Invoking command in '/home/student/ros_ws/RosSystem/src/beckhoff': PYTHONPATH=/home/student/ros_ws/RosSystem/build/beckhoff/prefix_override:/home/student/ros_ws/RosSystem/install/beckhoff/lib/python3.10/site-packages:${PYTHONPATH} /usr/bin/python3 -W ignore:setup.py install is deprecated setup.py egg_info --egg-base ../../build/beckhoff build --build-base /home/student/ros_ws/RosSystem/build/beckhoff/build install --record /home/student/ros_ws/RosSystem/build/beckhoff/install.log --single-version-externally-managed install_data
[1.231s] running egg_info
[1.232s] writing ../../build/beckhoff/beckhoff.egg-info/PKG-INFO
[1.232s] writing dependency_links to ../../build/beckhoff/beckhoff.egg-info/dependency_links.txt
[1.232s] writing entry points to ../../build/beckhoff/beckhoff.egg-info/entry_points.txt
[1.233s] writing requirements to ../../build/beckhoff/beckhoff.egg-info/requires.txt
[1.233s] writing top-level names to ../../build/beckhoff/beckhoff.egg-info/top_level.txt
[1.235s] reading manifest file '../../build/beckhoff/beckhoff.egg-info/SOURCES.txt'
[1.235s] adding license file 'LICENSE'
[1.236s] writing manifest file '../../build/beckhoff/beckhoff.egg-info/SOURCES.txt'
[1.236s] running build
[1.236s] running build_py
[1.236s] copying beckhoff/Communication.py -> /home/student/ros_ws/RosSystem/build/beckhoff/build/lib/beckhoff
[1.236s] running install
[1.237s] running install_lib
[1.238s] copying /home/student/ros_ws/RosSystem/build/beckhoff/build/lib/beckhoff/Communication.py -> /home/student/ros_ws/RosSystem/install/beckhoff/lib/python3.10/site-packages/beckhoff
[1.238s] byte-compiling /home/student/ros_ws/RosSystem/install/beckhoff/lib/python3.10/site-packages/beckhoff/Communication.py to Communication.cpython-310.pyc
[1.239s] running install_data
[1.240s] running install_egg_info
[1.244s] removing '/home/student/ros_ws/RosSystem/install/beckhoff/lib/python3.10/site-packages/beckhoff-0.0.0-py3.10.egg-info' (and everything under it)
[1.244s] Copying ../../build/beckhoff/beckhoff.egg-info to /home/student/ros_ws/RosSystem/install/beckhoff/lib/python3.10/site-packages/beckhoff-0.0.0-py3.10.egg-info
[1.244s] running install_scripts
[1.263s] Installing Communication script to /home/student/ros_ws/RosSystem/install/beckhoff/lib/beckhoff
[1.264s] Installing commandAxis script to /home/student/ros_ws/RosSystem/install/beckhoff/lib/beckhoff
[1.264s] Installing commandHead script to /home/student/ros_ws/RosSystem/install/beckhoff/lib/beckhoff
[1.264s] Installing listener script to /home/student/ros_ws/RosSystem/install/beckhoff/lib/beckhoff
[1.264s] Installing plan script to /home/student/ros_ws/RosSystem/install/beckhoff/lib/beckhoff
[1.264s] writing list of installed files to '/home/student/ros_ws/RosSystem/build/beckhoff/install.log'
[1.318s] Invoked command in '/home/student/ros_ws/RosSystem/src/beckhoff' returned '0': PYTHONPATH=/home/student/ros_ws/RosSystem/build/beckhoff/prefix_override:/home/student/ros_ws/RosSystem/install/beckhoff/lib/python3.10/site-packages:${PYTHONPATH} /usr/bin/python3 -W ignore:setup.py install is deprecated setup.py egg_info --egg-base ../../build/beckhoff build --build-base /home/student/ros_ws/RosSystem/build/beckhoff/build install --record /home/student/ros_ws/RosSystem/build/beckhoff/install.log --single-version-externally-managed install_data
