[1.118s] Invoking command in '/home/student/ros_ws/RosSystem/src/beckhoff': PYTHONPATH=/home/student/ros_ws/RosSystem/build/beckhoff/prefix_override:/home/student/ros_ws/RosSystem/install/beckhoff/lib/python3.10/site-packages:${PYTHONPATH} /usr/bin/python3 -W ignore:setup.py install is deprecated setup.py egg_info --egg-base ../../build/beckhoff build --build-base /home/student/ros_ws/RosSystem/build/beckhoff/build install --record /home/student/ros_ws/RosSystem/build/beckhoff/install.log --single-version-externally-managed install_data
[1.391s] running egg_info
[1.392s] writing ../../build/beckhoff/beckhoff.egg-info/PKG-INFO
[1.392s] writing dependency_links to ../../build/beckhoff/beckhoff.egg-info/dependency_links.txt
[1.393s] writing entry points to ../../build/beckhoff/beckhoff.egg-info/entry_points.txt
[1.393s] writing requirements to ../../build/beckhoff/beckhoff.egg-info/requires.txt
[1.393s] writing top-level names to ../../build/beckhoff/beckhoff.egg-info/top_level.txt
[1.395s] reading manifest file '../../build/beckhoff/beckhoff.egg-info/SOURCES.txt'
[1.395s] adding license file 'LICENSE'
[1.396s] writing manifest file '../../build/beckhoff/beckhoff.egg-info/SOURCES.txt'
[1.396s] running build
[1.396s] running build_py
[1.396s] copying beckhoff/cinematicRobot.py -> /home/student/ros_ws/RosSystem/build/beckhoff/build/lib/beckhoff
[1.396s] copying beckhoff/cinematicCommand.py -> /home/student/ros_ws/RosSystem/build/beckhoff/build/lib/beckhoff
[1.397s] running install
[1.397s] running install_lib
[1.399s] copying /home/student/ros_ws/RosSystem/build/beckhoff/build/lib/beckhoff/cinematicRobot.py -> /home/student/ros_ws/RosSystem/install/beckhoff/lib/python3.10/site-packages/beckhoff
[1.399s] copying /home/student/ros_ws/RosSystem/build/beckhoff/build/lib/beckhoff/cinematicCommand.py -> /home/student/ros_ws/RosSystem/install/beckhoff/lib/python3.10/site-packages/beckhoff
[1.400s] byte-compiling /home/student/ros_ws/RosSystem/install/beckhoff/lib/python3.10/site-packages/beckhoff/cinematicRobot.py to cinematicRobot.cpython-310.pyc
[1.402s] byte-compiling /home/student/ros_ws/RosSystem/install/beckhoff/lib/python3.10/site-packages/beckhoff/cinematicCommand.py to cinematicCommand.cpython-310.pyc
[1.403s] running install_data
[1.403s] running install_egg_info
[1.409s] removing '/home/student/ros_ws/RosSystem/install/beckhoff/lib/python3.10/site-packages/beckhoff-0.0.0-py3.10.egg-info' (and everything under it)
[1.409s] Copying ../../build/beckhoff/beckhoff.egg-info to /home/student/ros_ws/RosSystem/install/beckhoff/lib/python3.10/site-packages/beckhoff-0.0.0-py3.10.egg-info
[1.410s] running install_scripts
[1.436s] Installing Communication script to /home/student/ros_ws/RosSystem/install/beckhoff/lib/beckhoff
[1.436s] Installing command script to /home/student/ros_ws/RosSystem/install/beckhoff/lib/beckhoff
[1.437s] Installing listener script to /home/student/ros_ws/RosSystem/install/beckhoff/lib/beckhoff
[1.437s] Installing plan script to /home/student/ros_ws/RosSystem/install/beckhoff/lib/beckhoff
[1.437s] writing list of installed files to '/home/student/ros_ws/RosSystem/build/beckhoff/install.log'
[1.506s] Invoked command in '/home/student/ros_ws/RosSystem/src/beckhoff' returned '0': PYTHONPATH=/home/student/ros_ws/RosSystem/build/beckhoff/prefix_override:/home/student/ros_ws/RosSystem/install/beckhoff/lib/python3.10/site-packages:${PYTHONPATH} /usr/bin/python3 -W ignore:setup.py install is deprecated setup.py egg_info --egg-base ../../build/beckhoff build --build-base /home/student/ros_ws/RosSystem/build/beckhoff/build install --record /home/student/ros_ws/RosSystem/build/beckhoff/install.log --single-version-externally-managed install_data
