[1.092s] Invoking command in '/home/student/ros_ws/RosSystem/src/platform_lift': PYTHONPATH=/home/student/ros_ws/RosSystem/build/platform_lift/prefix_override:/home/student/ros_ws/RosSystem/install/platform_lift/lib/python3.10/site-packages:${PYTHONPATH} /usr/bin/python3 -W ignore:setup.py install is deprecated setup.py egg_info --egg-base ../../build/platform_lift build --build-base /home/student/ros_ws/RosSystem/build/platform_lift/build install --record /home/student/ros_ws/RosSystem/build/platform_lift/install.log --single-version-externally-managed install_data
[1.372s] running egg_info
[1.372s] writing ../../build/platform_lift/platform_lift.egg-info/PKG-INFO
[1.373s] writing dependency_links to ../../build/platform_lift/platform_lift.egg-info/dependency_links.txt
[1.373s] writing entry points to ../../build/platform_lift/platform_lift.egg-info/entry_points.txt
[1.373s] writing requirements to ../../build/platform_lift/platform_lift.egg-info/requires.txt
[1.373s] writing top-level names to ../../build/platform_lift/platform_lift.egg-info/top_level.txt
[1.376s] reading manifest file '../../build/platform_lift/platform_lift.egg-info/SOURCES.txt'
[1.376s] adding license file 'LICENSE'
[1.377s] writing manifest file '../../build/platform_lift/platform_lift.egg-info/SOURCES.txt'
[1.377s] running build
[1.377s] running build_py
[1.377s] copying platform_lift/serial_interface.py -> /home/student/ros_ws/RosSystem/build/platform_lift/build/lib/platform_lift
[1.377s] running install
[1.378s] running install_lib
[1.379s] copying /home/student/ros_ws/RosSystem/build/platform_lift/build/lib/platform_lift/serial_interface.py -> /home/student/ros_ws/RosSystem/install/platform_lift/lib/python3.10/site-packages/platform_lift
[1.380s] byte-compiling /home/student/ros_ws/RosSystem/install/platform_lift/lib/python3.10/site-packages/platform_lift/serial_interface.py to serial_interface.cpython-310.pyc
[1.381s] running install_data
[1.382s] running install_egg_info
[1.387s] removing '/home/student/ros_ws/RosSystem/install/platform_lift/lib/python3.10/site-packages/platform_lift-0.0.0-py3.10.egg-info' (and everything under it)
[1.387s] Copying ../../build/platform_lift/platform_lift.egg-info to /home/student/ros_ws/RosSystem/install/platform_lift/lib/python3.10/site-packages/platform_lift-0.0.0-py3.10.egg-info
[1.388s] running install_scripts
[1.416s] Installing command script to /home/student/ros_ws/RosSystem/install/platform_lift/lib/platform_lift
[1.416s] Installing lift_communication script to /home/student/ros_ws/RosSystem/install/platform_lift/lib/platform_lift
[1.416s] Installing srv_client script to /home/student/ros_ws/RosSystem/install/platform_lift/lib/platform_lift
[1.417s] writing list of installed files to '/home/student/ros_ws/RosSystem/build/platform_lift/install.log'
[1.465s] Invoked command in '/home/student/ros_ws/RosSystem/src/platform_lift' returned '0': PYTHONPATH=/home/student/ros_ws/RosSystem/build/platform_lift/prefix_override:/home/student/ros_ws/RosSystem/install/platform_lift/lib/python3.10/site-packages:${PYTHONPATH} /usr/bin/python3 -W ignore:setup.py install is deprecated setup.py egg_info --egg-base ../../build/platform_lift build --build-base /home/student/ros_ws/RosSystem/build/platform_lift/build install --record /home/student/ros_ws/RosSystem/build/platform_lift/install.log --single-version-externally-managed install_data
