[1.125s] Invoking command in '/home/student/ros_ws/RosSystem/src/beckhoff': PYTHONPATH=/home/student/ros_ws/RosSystem/build/beckhoff/prefix_override:/home/student/ros_ws/RosSystem/install/beckhoff/lib/python3.10/site-packages:${PYTHONPATH} /usr/bin/python3 -W ignore:setup.py install is deprecated setup.py egg_info --egg-base ../../build/beckhoff build --build-base /home/student/ros_ws/RosSystem/build/beckhoff/build install --record /home/student/ros_ws/RosSystem/build/beckhoff/install.log --single-version-externally-managed install_data
[1.394s] running egg_info
[1.395s] writing ../../build/beckhoff/beckhoff.egg-info/PKG-INFO
[1.396s] writing dependency_links to ../../build/beckhoff/beckhoff.egg-info/dependency_links.txt
[1.396s] writing entry points to ../../build/beckhoff/beckhoff.egg-info/entry_points.txt
[1.396s] writing requirements to ../../build/beckhoff/beckhoff.egg-info/requires.txt
[1.396s] writing top-level names to ../../build/beckhoff/beckhoff.egg-info/top_level.txt
[1.398s] reading manifest file '../../build/beckhoff/beckhoff.egg-info/SOURCES.txt'
[1.398s] adding license file 'LICENSE'
[1.399s] writing manifest file '../../build/beckhoff/beckhoff.egg-info/SOURCES.txt'
[1.399s] running build
[1.399s] running build_py
[1.400s] running install
[1.400s] running install_lib
[1.402s] running install_data
[1.402s] running install_egg_info
[1.405s] removing '/home/student/ros_ws/RosSystem/install/beckhoff/lib/python3.10/site-packages/beckhoff-0.0.0-py3.10.egg-info' (and everything under it)
[1.405s] Copying ../../build/beckhoff/beckhoff.egg-info to /home/student/ros_ws/RosSystem/install/beckhoff/lib/python3.10/site-packages/beckhoff-0.0.0-py3.10.egg-info
[1.406s] running install_scripts
[1.430s] Installing Communication script to /home/student/ros_ws/RosSystem/install/beckhoff/lib/beckhoff
[1.430s] Installing command script to /home/student/ros_ws/RosSystem/install/beckhoff/lib/beckhoff
[1.430s] Installing listener script to /home/student/ros_ws/RosSystem/install/beckhoff/lib/beckhoff
[1.430s] Installing plan script to /home/student/ros_ws/RosSystem/install/beckhoff/lib/beckhoff
[1.431s] writing list of installed files to '/home/student/ros_ws/RosSystem/build/beckhoff/install.log'
[1.492s] Invoked command in '/home/student/ros_ws/RosSystem/src/beckhoff' returned '0': PYTHONPATH=/home/student/ros_ws/RosSystem/build/beckhoff/prefix_override:/home/student/ros_ws/RosSystem/install/beckhoff/lib/python3.10/site-packages:${PYTHONPATH} /usr/bin/python3 -W ignore:setup.py install is deprecated setup.py egg_info --egg-base ../../build/beckhoff build --build-base /home/student/ros_ws/RosSystem/build/beckhoff/build install --record /home/student/ros_ws/RosSystem/build/beckhoff/install.log --single-version-externally-managed install_data
