[1.221s] Invoking command in '/home/student/ros_ws/RosSystem/src/beckhoff': PYTHONPATH=/home/student/ros_ws/RosSystem/build/beckhoff/prefix_override:/home/student/ros_ws/RosSystem/install/beckhoff/lib/python3.10/site-packages:${PYTHONPATH} /usr/bin/python3 -W ignore:setup.py install is deprecated setup.py egg_info --egg-base ../../build/beckhoff build --build-base /home/student/ros_ws/RosSystem/build/beckhoff/build install --record /home/student/ros_ws/RosSystem/build/beckhoff/install.log --single-version-externally-managed install_data
[1.483s] running egg_info
[1.484s] writing ../../build/beckhoff/beckhoff.egg-info/PKG-INFO
[1.484s] writing dependency_links to ../../build/beckhoff/beckhoff.egg-info/dependency_links.txt
[1.485s] writing entry points to ../../build/beckhoff/beckhoff.egg-info/entry_points.txt
[1.485s] writing requirements to ../../build/beckhoff/beckhoff.egg-info/requires.txt
[1.485s] writing top-level names to ../../build/beckhoff/beckhoff.egg-info/top_level.txt
[1.488s] reading manifest file '../../build/beckhoff/beckhoff.egg-info/SOURCES.txt'
[1.488s] adding license file 'LICENSE'
[1.489s] writing manifest file '../../build/beckhoff/beckhoff.egg-info/SOURCES.txt'
[1.489s] running build
[1.489s] running build_py
[1.489s] copying beckhoff/commandHeadRotation.py -> /home/student/ros_ws/RosSystem/build/beckhoff/build/lib/beckhoff
[1.490s] copying beckhoff/Communication.py -> /home/student/ros_ws/RosSystem/build/beckhoff/build/lib/beckhoff
[1.491s] copying beckhoff/commandAxis.py -> /home/student/ros_ws/RosSystem/build/beckhoff/build/lib/beckhoff
[1.491s] running install
[1.491s] running install_lib
[1.493s] copying /home/student/ros_ws/RosSystem/build/beckhoff/build/lib/beckhoff/commandHeadRotation.py -> /home/student/ros_ws/RosSystem/install/beckhoff/lib/python3.10/site-packages/beckhoff
[1.493s] copying /home/student/ros_ws/RosSystem/build/beckhoff/build/lib/beckhoff/Communication.py -> /home/student/ros_ws/RosSystem/install/beckhoff/lib/python3.10/site-packages/beckhoff
[1.493s] copying /home/student/ros_ws/RosSystem/build/beckhoff/build/lib/beckhoff/commandAxis.py -> /home/student/ros_ws/RosSystem/install/beckhoff/lib/python3.10/site-packages/beckhoff
[1.493s] byte-compiling /home/student/ros_ws/RosSystem/install/beckhoff/lib/python3.10/site-packages/beckhoff/commandHeadRotation.py to commandHeadRotation.cpython-310.pyc
[1.493s] byte-compiling /home/student/ros_ws/RosSystem/install/beckhoff/lib/python3.10/site-packages/beckhoff/Communication.py to Communication.cpython-310.pyc
[1.494s] byte-compiling /home/student/ros_ws/RosSystem/install/beckhoff/lib/python3.10/site-packages/beckhoff/commandAxis.py to commandAxis.cpython-310.pyc
[1.495s] running install_data
[1.495s] running install_egg_info
[1.497s] removing '/home/student/ros_ws/RosSystem/install/beckhoff/lib/python3.10/site-packages/beckhoff-0.0.0-py3.10.egg-info' (and everything under it)
[1.498s] Copying ../../build/beckhoff/beckhoff.egg-info to /home/student/ros_ws/RosSystem/install/beckhoff/lib/python3.10/site-packages/beckhoff-0.0.0-py3.10.egg-info
[1.499s] running install_scripts
[1.524s] Installing Communication script to /home/student/ros_ws/RosSystem/install/beckhoff/lib/beckhoff
[1.524s] Installing commandAxis script to /home/student/ros_ws/RosSystem/install/beckhoff/lib/beckhoff
[1.524s] Installing commandHead script to /home/student/ros_ws/RosSystem/install/beckhoff/lib/beckhoff
[1.524s] Installing listener script to /home/student/ros_ws/RosSystem/install/beckhoff/lib/beckhoff
[1.524s] Installing plan script to /home/student/ros_ws/RosSystem/install/beckhoff/lib/beckhoff
[1.525s] writing list of installed files to '/home/student/ros_ws/RosSystem/build/beckhoff/install.log'
[1.589s] Invoked command in '/home/student/ros_ws/RosSystem/src/beckhoff' returned '0': PYTHONPATH=/home/student/ros_ws/RosSystem/build/beckhoff/prefix_override:/home/student/ros_ws/RosSystem/install/beckhoff/lib/python3.10/site-packages:${PYTHONPATH} /usr/bin/python3 -W ignore:setup.py install is deprecated setup.py egg_info --egg-base ../../build/beckhoff build --build-base /home/student/ros_ws/RosSystem/build/beckhoff/build install --record /home/student/ros_ws/RosSystem/build/beckhoff/install.log --single-version-externally-managed install_data
