[1.189s] Invoking command in '/home/student/ros_ws/RosSystem/src/beckhoff': PYTHONPATH=/home/student/ros_ws/RosSystem/build/beckhoff/prefix_override:/home/student/ros_ws/RosSystem/install/beckhoff/lib/python3.10/site-packages:${PYTHONPATH} /usr/bin/python3 -W ignore:setup.py install is deprecated setup.py egg_info --egg-base ../../build/beckhoff build --build-base /home/student/ros_ws/RosSystem/build/beckhoff/build install --record /home/student/ros_ws/RosSystem/build/beckhoff/install.log --single-version-externally-managed install_data
[1.436s] running egg_info
[1.437s] writing ../../build/beckhoff/beckhoff.egg-info/PKG-INFO
[1.439s] writing dependency_links to ../../build/beckhoff/beckhoff.egg-info/dependency_links.txt
[1.439s] writing entry points to ../../build/beckhoff/beckhoff.egg-info/entry_points.txt
[1.439s] writing requirements to ../../build/beckhoff/beckhoff.egg-info/requires.txt
[1.439s] writing top-level names to ../../build/beckhoff/beckhoff.egg-info/top_level.txt
[1.439s] reading manifest file '../../build/beckhoff/beckhoff.egg-info/SOURCES.txt'
[1.439s] adding license file 'LICENSE'
[1.439s] writing manifest file '../../build/beckhoff/beckhoff.egg-info/SOURCES.txt'
[1.439s] running build
[1.439s] running build_py
[1.439s] copying beckhoff/commandHeadRotation.py -> /home/student/ros_ws/RosSystem/build/beckhoff/build/lib/beckhoff
[1.439s] running install
[1.440s] running install_lib
[1.440s] copying /home/student/ros_ws/RosSystem/build/beckhoff/build/lib/beckhoff/commandHeadRotation.py -> /home/student/ros_ws/RosSystem/install/beckhoff/lib/python3.10/site-packages/beckhoff
[1.440s] byte-compiling /home/student/ros_ws/RosSystem/install/beckhoff/lib/python3.10/site-packages/beckhoff/commandHeadRotation.py to commandHeadRotation.cpython-310.pyc
[1.440s] running install_data
[1.440s] running install_egg_info
[1.446s] removing '/home/student/ros_ws/RosSystem/install/beckhoff/lib/python3.10/site-packages/beckhoff-0.0.0-py3.10.egg-info' (and everything under it)
[1.446s] Copying ../../build/beckhoff/beckhoff.egg-info to /home/student/ros_ws/RosSystem/install/beckhoff/lib/python3.10/site-packages/beckhoff-0.0.0-py3.10.egg-info
[1.447s] running install_scripts
[1.470s] Installing Communication script to /home/student/ros_ws/RosSystem/install/beckhoff/lib/beckhoff
[1.471s] Installing commandAxis script to /home/student/ros_ws/RosSystem/install/beckhoff/lib/beckhoff
[1.471s] Installing commandHead script to /home/student/ros_ws/RosSystem/install/beckhoff/lib/beckhoff
[1.471s] Installing listener script to /home/student/ros_ws/RosSystem/install/beckhoff/lib/beckhoff
[1.471s] Installing plan script to /home/student/ros_ws/RosSystem/install/beckhoff/lib/beckhoff
[1.471s] writing list of installed files to '/home/student/ros_ws/RosSystem/build/beckhoff/install.log'
[1.537s] Invoked command in '/home/student/ros_ws/RosSystem/src/beckhoff' returned '0': PYTHONPATH=/home/student/ros_ws/RosSystem/build/beckhoff/prefix_override:/home/student/ros_ws/RosSystem/install/beckhoff/lib/python3.10/site-packages:${PYTHONPATH} /usr/bin/python3 -W ignore:setup.py install is deprecated setup.py egg_info --egg-base ../../build/beckhoff build --build-base /home/student/ros_ws/RosSystem/build/beckhoff/build install --record /home/student/ros_ws/RosSystem/build/beckhoff/install.log --single-version-externally-managed install_data
