[0.268s] Invoking command in '/home/student/ros_ws/RosSystem/build/beckhoff_interfaces': CMAKE_PREFIX_PATH=${CMAKE_PREFIX_PATH}:/home/student/ros_ws/RosSystem/install/platform_lift:/home/student/ws_moveit2/install/moveit_configs_utils:/home/student/ws_moveit2/install/launch_param_builder:/home/student/ros_ws/RosSystem/install/beckhoff:/opt/ros/humble /usr/bin/cmake --build /home/student/ros_ws/RosSystem/build/beckhoff_interfaces -- -j16 -l16
[0.370s] [  6%] Built target beckhoff_interfaces__cpp
[0.370s] [ 12%] Built target beckhoff_interfaces__rosidl_generator_c
[0.396s] [ 12%] Built target ament_cmake_python_copy_beckhoff_interfaces
[0.436s] [ 23%] Built target beckhoff_interfaces__rosidl_typesupport_fastrtps_cpp
[0.440s] [ 34%] Built target beckhoff_interfaces__rosidl_typesupport_introspection_cpp
[0.445s] [ 46%] Built target beckhoff_interfaces__rosidl_typesupport_cpp
[0.459s] [ 79%] Built target beckhoff_interfaces__rosidl_typesupport_fastrtps_c
[0.459s] [ 79%] Built target beckhoff_interfaces__rosidl_typesupport_c
[0.459s] [ 79%] Built target beckhoff_interfaces__rosidl_typesupport_introspection_c
[0.508s] [ 79%] Built target beckhoff_interfaces
[0.554s] [ 80%] Built target beckhoff_interfaces__py
[0.606s] [ 90%] Built target beckhoff_interfaces__rosidl_generator_py
[0.663s] [ 93%] Built target beckhoff_interfaces__rosidl_typesupport_introspection_c__pyext
[0.665s] [ 96%] Built target beckhoff_interfaces__rosidl_typesupport_fastrtps_c__pyext
[0.670s] [100%] Built target beckhoff_interfaces__rosidl_typesupport_c__pyext
[0.705s] running egg_info
[0.706s] writing beckhoff_interfaces.egg-info/PKG-INFO
[0.706s] writing dependency_links to beckhoff_interfaces.egg-info/dependency_links.txt
[0.707s] writing top-level names to beckhoff_interfaces.egg-info/top_level.txt
[0.710s] reading manifest file 'beckhoff_interfaces.egg-info/SOURCES.txt'
[0.710s] writing manifest file 'beckhoff_interfaces.egg-info/SOURCES.txt'
[0.767s] [100%] Built target ament_cmake_python_build_beckhoff_interfaces_egg
[0.788s] Invoked command in '/home/student/ros_ws/RosSystem/build/beckhoff_interfaces' returned '0': CMAKE_PREFIX_PATH=${CMAKE_PREFIX_PATH}:/home/student/ros_ws/RosSystem/install/platform_lift:/home/student/ws_moveit2/install/moveit_configs_utils:/home/student/ws_moveit2/install/launch_param_builder:/home/student/ros_ws/RosSystem/install/beckhoff:/opt/ros/humble /usr/bin/cmake --build /home/student/ros_ws/RosSystem/build/beckhoff_interfaces -- -j16 -l16
[1.226s] Invoking command in '/home/student/ros_ws/RosSystem/build/beckhoff_interfaces': CMAKE_PREFIX_PATH=${CMAKE_PREFIX_PATH}:/home/student/ros_ws/RosSystem/install/platform_lift:/home/student/ws_moveit2/install/moveit_configs_utils:/home/student/ws_moveit2/install/launch_param_builder:/home/student/ros_ws/RosSystem/install/beckhoff:/opt/ros/humble /usr/bin/cmake --install /home/student/ros_ws/RosSystem/build/beckhoff_interfaces
[1.240s] -- Install configuration: ""
[1.241s] -- Up-to-date: /home/student/ros_ws/RosSystem/install/beckhoff_interfaces/share/ament_index/resource_index/rosidl_interfaces/beckhoff_interfaces
[1.241s] -- Up-to-date: /home/student/ros_ws/RosSystem/install/beckhoff_interfaces/include/beckhoff_interfaces/beckhoff_interfaces
[1.241s] -- Up-to-date: /home/student/ros_ws/RosSystem/install/beckhoff_interfaces/include/beckhoff_interfaces/beckhoff_interfaces/action
[1.241s] -- Up-to-date: /home/student/ros_ws/RosSystem/install/beckhoff_interfaces/include/beckhoff_interfaces/beckhoff_interfaces/action/move.h
[1.241s] -- Up-to-date: /home/student/ros_ws/RosSystem/install/beckhoff_interfaces/include/beckhoff_interfaces/beckhoff_interfaces/action/detail
[1.241s] -- Up-to-date: /home/student/ros_ws/RosSystem/install/beckhoff_interfaces/include/beckhoff_interfaces/beckhoff_interfaces/action/detail/move__type_support.h
[1.241s] -- Up-to-date: /home/student/ros_ws/RosSystem/install/beckhoff_interfaces/include/beckhoff_interfaces/beckhoff_interfaces/action/detail/move__functions.h
[1.241s] -- Up-to-date: /home/student/ros_ws/RosSystem/install/beckhoff_interfaces/include/beckhoff_interfaces/beckhoff_interfaces/action/detail/move__struct.h
[1.241s] -- Up-to-date: /home/student/ros_ws/RosSystem/install/beckhoff_interfaces/include/beckhoff_interfaces/beckhoff_interfaces/action/detail/move__functions.c
[1.241s] -- Up-to-date: /home/student/ros_ws/RosSystem/install/beckhoff_interfaces/include/beckhoff_interfaces/beckhoff_interfaces/msg
[1.241s] -- Up-to-date: /home/student/ros_ws/RosSystem/install/beckhoff_interfaces/include/beckhoff_interfaces/beckhoff_interfaces/msg/position.h
[1.241s] -- Up-to-date: /home/student/ros_ws/RosSystem/install/beckhoff_interfaces/include/beckhoff_interfaces/beckhoff_interfaces/msg/rosidl_generator_c__visibility_control.h
[1.242s] -- Up-to-date: /home/student/ros_ws/RosSystem/install/beckhoff_interfaces/include/beckhoff_interfaces/beckhoff_interfaces/msg/detail
[1.242s] -- Up-to-date: /home/student/ros_ws/RosSystem/install/beckhoff_interfaces/include/beckhoff_interfaces/beckhoff_interfaces/msg/detail/position__struct.h
[1.242s] -- Up-to-date: /home/student/ros_ws/RosSystem/install/beckhoff_interfaces/include/beckhoff_interfaces/beckhoff_interfaces/msg/detail/position__type_support.h
[1.242s] -- Up-to-date: /home/student/ros_ws/RosSystem/install/beckhoff_interfaces/include/beckhoff_interfaces/beckhoff_interfaces/msg/detail/position__functions.c
[1.242s] -- Up-to-date: /home/student/ros_ws/RosSystem/install/beckhoff_interfaces/include/beckhoff_interfaces/beckhoff_interfaces/msg/detail/position__functions.h
[1.242s] -- Up-to-date: /home/student/ros_ws/RosSystem/install/beckhoff_interfaces/include/beckhoff_interfaces/beckhoff_interfaces/srv
[1.242s] -- Up-to-date: /home/student/ros_ws/RosSystem/install/beckhoff_interfaces/include/beckhoff_interfaces/beckhoff_interfaces/srv/head_rotation.h
[1.243s] -- Up-to-date: /home/student/ros_ws/RosSystem/install/beckhoff_interfaces/include/beckhoff_interfaces/beckhoff_interfaces/srv/cartesian_move.h
[1.243s] -- Up-to-date: /home/student/ros_ws/RosSystem/install/beckhoff_interfaces/include/beckhoff_interfaces/beckhoff_interfaces/srv/detail
[1.243s] -- Up-to-date: /home/student/ros_ws/RosSystem/install/beckhoff_interfaces/include/beckhoff_interfaces/beckhoff_interfaces/srv/detail/target_pose__functions.c
[1.243s] -- Up-to-date: /home/student/ros_ws/RosSystem/install/beckhoff_interfaces/include/beckhoff_interfaces/beckhoff_interfaces/srv/detail/head_rotation__functions.h
[1.243s] -- Up-to-date: /home/student/ros_ws/RosSystem/install/beckhoff_interfaces/include/beckhoff_interfaces/beckhoff_interfaces/srv/detail/cartesian_move__functions.h
[1.243s] -- Up-to-date: /home/student/ros_ws/RosSystem/install/beckhoff_interfaces/include/beckhoff_interfaces/beckhoff_interfaces/srv/detail/target_pose__struct.h
[1.243s] -- Up-to-date: /home/student/ros_ws/RosSystem/install/beckhoff_interfaces/include/beckhoff_interfaces/beckhoff_interfaces/srv/detail/cartesian_move__type_support.h
[1.243s] -- Up-to-date: /home/student/ros_ws/RosSystem/install/beckhoff_interfaces/include/beckhoff_interfaces/beckhoff_interfaces/srv/detail/head_rotation__functions.c
[1.243s] -- Up-to-date: /home/student/ros_ws/RosSystem/install/beckhoff_interfaces/include/beckhoff_interfaces/beckhoff_interfaces/srv/detail/target_pose__type_support.h
[1.243s] -- Up-to-date: /home/student/ros_ws/RosSystem/install/beckhoff_interfaces/include/beckhoff_interfaces/beckhoff_interfaces/srv/detail/head_rotation__struct.h
[1.243s] -- Up-to-date: /home/student/ros_ws/RosSystem/install/beckhoff_interfaces/include/beckhoff_interfaces/beckhoff_interfaces/srv/detail/target_pose__functions.h
[1.244s] -- Up-to-date: /home/student/ros_ws/RosSystem/install/beckhoff_interfaces/include/beckhoff_interfaces/beckhoff_interfaces/srv/detail/head_rotation__type_support.h
[1.244s] -- Up-to-date: /home/student/ros_ws/RosSystem/install/beckhoff_interfaces/include/beckhoff_interfaces/beckhoff_interfaces/srv/detail/cartesian_move__struct.h
[1.244s] -- Up-to-date: /home/student/ros_ws/RosSystem/install/beckhoff_interfaces/include/beckhoff_interfaces/beckhoff_interfaces/srv/detail/cartesian_move__functions.c
[1.244s] -- Up-to-date: /home/student/ros_ws/RosSystem/install/beckhoff_interfaces/include/beckhoff_interfaces/beckhoff_interfaces/srv/target_pose.h
[1.244s] -- Up-to-date: /home/student/ros_ws/RosSystem/install/beckhoff_interfaces/share/beckhoff_interfaces/environment/library_path.sh
[1.244s] -- Up-to-date: /home/student/ros_ws/RosSystem/install/beckhoff_interfaces/share/beckhoff_interfaces/environment/library_path.dsv
[1.244s] -- Up-to-date: /home/student/ros_ws/RosSystem/install/beckhoff_interfaces/lib/libbeckhoff_interfaces__rosidl_generator_c.so
[1.244s] -- Up-to-date: /home/student/ros_ws/RosSystem/install/beckhoff_interfaces/include/beckhoff_interfaces/beckhoff_interfaces
[1.244s] -- Up-to-date: /home/student/ros_ws/RosSystem/install/beckhoff_interfaces/include/beckhoff_interfaces/beckhoff_interfaces/action
[1.244s] -- Up-to-date: /home/student/ros_ws/RosSystem/install/beckhoff_interfaces/include/beckhoff_interfaces/beckhoff_interfaces/action/detail
[1.244s] -- Up-to-date: /home/student/ros_ws/RosSystem/install/beckhoff_interfaces/include/beckhoff_interfaces/beckhoff_interfaces/action/detail/move__rosidl_typesupport_fastrtps_c.h
[1.245s] -- Up-to-date: /home/student/ros_ws/RosSystem/install/beckhoff_interfaces/include/beckhoff_interfaces/beckhoff_interfaces/msg
[1.245s] -- Up-to-date: /home/student/ros_ws/RosSystem/install/beckhoff_interfaces/include/beckhoff_interfaces/beckhoff_interfaces/msg/rosidl_typesupport_fastrtps_c__visibility_control.h
[1.245s] -- Up-to-date: /home/student/ros_ws/RosSystem/install/beckhoff_interfaces/include/beckhoff_interfaces/beckhoff_interfaces/msg/detail
[1.245s] -- Up-to-date: /home/student/ros_ws/RosSystem/install/beckhoff_interfaces/include/beckhoff_interfaces/beckhoff_interfaces/msg/detail/position__rosidl_typesupport_fastrtps_c.h
[1.245s] -- Up-to-date: /home/student/ros_ws/RosSystem/install/beckhoff_interfaces/include/beckhoff_interfaces/beckhoff_interfaces/srv
[1.245s] -- Up-to-date: /home/student/ros_ws/RosSystem/install/beckhoff_interfaces/include/beckhoff_interfaces/beckhoff_interfaces/srv/detail
[1.245s] -- Up-to-date: /home/student/ros_ws/RosSystem/install/beckhoff_interfaces/include/beckhoff_interfaces/beckhoff_interfaces/srv/detail/head_rotation__rosidl_typesupport_fastrtps_c.h
[1.245s] -- Up-to-date: /home/student/ros_ws/RosSystem/install/beckhoff_interfaces/include/beckhoff_interfaces/beckhoff_interfaces/srv/detail/cartesian_move__rosidl_typesupport_fastrtps_c.h
[1.245s] -- Up-to-date: /home/student/ros_ws/RosSystem/install/beckhoff_interfaces/include/beckhoff_interfaces/beckhoff_interfaces/srv/detail/target_pose__rosidl_typesupport_fastrtps_c.h
[1.245s] -- Up-to-date: /home/student/ros_ws/RosSystem/install/beckhoff_interfaces/lib/libbeckhoff_interfaces__rosidl_typesupport_fastrtps_c.so
[1.245s] -- Up-to-date: /home/student/ros_ws/RosSystem/install/beckhoff_interfaces/include/beckhoff_interfaces/beckhoff_interfaces
[1.245s] -- Up-to-date: /home/student/ros_ws/RosSystem/install/beckhoff_interfaces/include/beckhoff_interfaces/beckhoff_interfaces/action
[1.246s] -- Up-to-date: /home/student/ros_ws/RosSystem/install/beckhoff_interfaces/include/beckhoff_interfaces/beckhoff_interfaces/action/detail
[1.246s] -- Up-to-date: /home/student/ros_ws/RosSystem/install/beckhoff_interfaces/include/beckhoff_interfaces/beckhoff_interfaces/action/detail/move__type_support.c
[1.246s] -- Up-to-date: /home/student/ros_ws/RosSystem/install/beckhoff_interfaces/include/beckhoff_interfaces/beckhoff_interfaces/action/detail/move__rosidl_typesupport_introspection_c.h
[1.246s] -- Up-to-date: /home/student/ros_ws/RosSystem/install/beckhoff_interfaces/include/beckhoff_interfaces/beckhoff_interfaces/msg
[1.246s] -- Up-to-date: /home/student/ros_ws/RosSystem/install/beckhoff_interfaces/include/beckhoff_interfaces/beckhoff_interfaces/msg/rosidl_typesupport_introspection_c__visibility_control.h
[1.246s] -- Up-to-date: /home/student/ros_ws/RosSystem/install/beckhoff_interfaces/include/beckhoff_interfaces/beckhoff_interfaces/msg/detail
[1.246s] -- Up-to-date: /home/student/ros_ws/RosSystem/install/beckhoff_interfaces/include/beckhoff_interfaces/beckhoff_interfaces/msg/detail/position__rosidl_typesupport_introspection_c.h
[1.246s] -- Up-to-date: /home/student/ros_ws/RosSystem/install/beckhoff_interfaces/include/beckhoff_interfaces/beckhoff_interfaces/msg/detail/position__type_support.c
[1.246s] -- Up-to-date: /home/student/ros_ws/RosSystem/install/beckhoff_interfaces/include/beckhoff_interfaces/beckhoff_interfaces/srv
[1.247s] -- Up-to-date: /home/student/ros_ws/RosSystem/install/beckhoff_interfaces/include/beckhoff_interfaces/beckhoff_interfaces/srv/detail
[1.247s] -- Up-to-date: /home/student/ros_ws/RosSystem/install/beckhoff_interfaces/include/beckhoff_interfaces/beckhoff_interfaces/srv/detail/target_pose__type_support.c
[1.247s] -- Up-to-date: /home/student/ros_ws/RosSystem/install/beckhoff_interfaces/include/beckhoff_interfaces/beckhoff_interfaces/srv/detail/cartesian_move__type_support.c
[1.247s] -- Up-to-date: /home/student/ros_ws/RosSystem/install/beckhoff_interfaces/include/beckhoff_interfaces/beckhoff_interfaces/srv/detail/target_pose__rosidl_typesupport_introspection_c.h
[1.247s] -- Up-to-date: /home/student/ros_ws/RosSystem/install/beckhoff_interfaces/include/beckhoff_interfaces/beckhoff_interfaces/srv/detail/head_rotation__type_support.c
[1.247s] -- Up-to-date: /home/student/ros_ws/RosSystem/install/beckhoff_interfaces/include/beckhoff_interfaces/beckhoff_interfaces/srv/detail/head_rotation__rosidl_typesupport_introspection_c.h
[1.247s] -- Up-to-date: /home/student/ros_ws/RosSystem/install/beckhoff_interfaces/include/beckhoff_interfaces/beckhoff_interfaces/srv/detail/cartesian_move__rosidl_typesupport_introspection_c.h
[1.247s] -- Up-to-date: /home/student/ros_ws/RosSystem/install/beckhoff_interfaces/lib/libbeckhoff_interfaces__rosidl_typesupport_introspection_c.so
[1.247s] -- Up-to-date: /home/student/ros_ws/RosSystem/install/beckhoff_interfaces/lib/libbeckhoff_interfaces__rosidl_typesupport_c.so
[1.247s] -- Up-to-date: /home/student/ros_ws/RosSystem/install/beckhoff_interfaces/include/beckhoff_interfaces/beckhoff_interfaces
[1.247s] -- Up-to-date: /home/student/ros_ws/RosSystem/install/beckhoff_interfaces/include/beckhoff_interfaces/beckhoff_interfaces/action
[1.247s] -- Up-to-date: /home/student/ros_ws/RosSystem/install/beckhoff_interfaces/include/beckhoff_interfaces/beckhoff_interfaces/action/detail
[1.247s] -- Up-to-date: /home/student/ros_ws/RosSystem/install/beckhoff_interfaces/include/beckhoff_interfaces/beckhoff_interfaces/action/detail/move__builder.hpp
[1.248s] -- Up-to-date: /home/student/ros_ws/RosSystem/install/beckhoff_interfaces/include/beckhoff_interfaces/beckhoff_interfaces/action/detail/move__struct.hpp
[1.248s] -- Up-to-date: /home/student/ros_ws/RosSystem/install/beckhoff_interfaces/include/beckhoff_interfaces/beckhoff_interfaces/action/detail/move__traits.hpp
[1.248s] -- Up-to-date: /home/student/ros_ws/RosSystem/install/beckhoff_interfaces/include/beckhoff_interfaces/beckhoff_interfaces/action/move.hpp
[1.248s] -- Up-to-date: /home/student/ros_ws/RosSystem/install/beckhoff_interfaces/include/beckhoff_interfaces/beckhoff_interfaces/msg
[1.248s] -- Up-to-date: /home/student/ros_ws/RosSystem/install/beckhoff_interfaces/include/beckhoff_interfaces/beckhoff_interfaces/msg/position.hpp
[1.248s] -- Up-to-date: /home/student/ros_ws/RosSystem/install/beckhoff_interfaces/include/beckhoff_interfaces/beckhoff_interfaces/msg/detail
[1.248s] -- Up-to-date: /home/student/ros_ws/RosSystem/install/beckhoff_interfaces/include/beckhoff_interfaces/beckhoff_interfaces/msg/detail/position__traits.hpp
[1.248s] -- Up-to-date: /home/student/ros_ws/RosSystem/install/beckhoff_interfaces/include/beckhoff_interfaces/beckhoff_interfaces/msg/detail/position__builder.hpp
[1.248s] -- Up-to-date: /home/student/ros_ws/RosSystem/install/beckhoff_interfaces/include/beckhoff_interfaces/beckhoff_interfaces/msg/detail/position__struct.hpp
[1.248s] -- Up-to-date: /home/student/ros_ws/RosSystem/install/beckhoff_interfaces/include/beckhoff_interfaces/beckhoff_interfaces/srv
[1.248s] -- Up-to-date: /home/student/ros_ws/RosSystem/install/beckhoff_interfaces/include/beckhoff_interfaces/beckhoff_interfaces/srv/head_rotation.hpp
[1.248s] -- Up-to-date: /home/student/ros_ws/RosSystem/install/beckhoff_interfaces/include/beckhoff_interfaces/beckhoff_interfaces/srv/cartesian_move.hpp
[1.248s] -- Up-to-date: /home/student/ros_ws/RosSystem/install/beckhoff_interfaces/include/beckhoff_interfaces/beckhoff_interfaces/srv/detail
[1.248s] -- Up-to-date: /home/student/ros_ws/RosSystem/install/beckhoff_interfaces/include/beckhoff_interfaces/beckhoff_interfaces/srv/detail/cartesian_move__builder.hpp
[1.248s] -- Up-to-date: /home/student/ros_ws/RosSystem/install/beckhoff_interfaces/include/beckhoff_interfaces/beckhoff_interfaces/srv/detail/target_pose__builder.hpp
[1.249s] -- Up-to-date: /home/student/ros_ws/RosSystem/install/beckhoff_interfaces/include/beckhoff_interfaces/beckhoff_interfaces/srv/detail/head_rotation__traits.hpp
[1.249s] -- Up-to-date: /home/student/ros_ws/RosSystem/install/beckhoff_interfaces/include/beckhoff_interfaces/beckhoff_interfaces/srv/detail/target_pose__traits.hpp
[1.249s] -- Up-to-date: /home/student/ros_ws/RosSystem/install/beckhoff_interfaces/include/beckhoff_interfaces/beckhoff_interfaces/srv/detail/head_rotation__builder.hpp
[1.249s] -- Up-to-date: /home/student/ros_ws/RosSystem/install/beckhoff_interfaces/include/beckhoff_interfaces/beckhoff_interfaces/srv/detail/target_pose__struct.hpp
[1.249s] -- Up-to-date: /home/student/ros_ws/RosSystem/install/beckhoff_interfaces/include/beckhoff_interfaces/beckhoff_interfaces/srv/detail/cartesian_move__struct.hpp
[1.249s] -- Up-to-date: /home/student/ros_ws/RosSystem/install/beckhoff_interfaces/include/beckhoff_interfaces/beckhoff_interfaces/srv/detail/cartesian_move__traits.hpp
[1.249s] -- Up-to-date: /home/student/ros_ws/RosSystem/install/beckhoff_interfaces/include/beckhoff_interfaces/beckhoff_interfaces/srv/detail/head_rotation__struct.hpp
[1.249s] -- Up-to-date: /home/student/ros_ws/RosSystem/install/beckhoff_interfaces/include/beckhoff_interfaces/beckhoff_interfaces/srv/target_pose.hpp
[1.249s] -- Up-to-date: /home/student/ros_ws/RosSystem/install/beckhoff_interfaces/include/beckhoff_interfaces/beckhoff_interfaces
[1.249s] -- Up-to-date: /home/student/ros_ws/RosSystem/install/beckhoff_interfaces/include/beckhoff_interfaces/beckhoff_interfaces/action
[1.249s] -- Up-to-date: /home/student/ros_ws/RosSystem/install/beckhoff_interfaces/include/beckhoff_interfaces/beckhoff_interfaces/action/detail
[1.249s] -- Up-to-date: /home/student/ros_ws/RosSystem/install/beckhoff_interfaces/include/beckhoff_interfaces/beckhoff_interfaces/action/detail/dds_fastrtps
[1.249s] -- Up-to-date: /home/student/ros_ws/RosSystem/install/beckhoff_interfaces/include/beckhoff_interfaces/beckhoff_interfaces/action/detail/move__rosidl_typesupport_fastrtps_cpp.hpp
[1.249s] -- Up-to-date: /home/student/ros_ws/RosSystem/install/beckhoff_interfaces/include/beckhoff_interfaces/beckhoff_interfaces/msg
[1.249s] -- Up-to-date: /home/student/ros_ws/RosSystem/install/beckhoff_interfaces/include/beckhoff_interfaces/beckhoff_interfaces/msg/rosidl_typesupport_fastrtps_cpp__visibility_control.h
[1.249s] -- Up-to-date: /home/student/ros_ws/RosSystem/install/beckhoff_interfaces/include/beckhoff_interfaces/beckhoff_interfaces/msg/detail
[1.249s] -- Up-to-date: /home/student/ros_ws/RosSystem/install/beckhoff_interfaces/include/beckhoff_interfaces/beckhoff_interfaces/msg/detail/dds_fastrtps
[1.249s] -- Up-to-date: /home/student/ros_ws/RosSystem/install/beckhoff_interfaces/include/beckhoff_interfaces/beckhoff_interfaces/msg/detail/position__rosidl_typesupport_fastrtps_cpp.hpp
[1.250s] -- Up-to-date: /home/student/ros_ws/RosSystem/install/beckhoff_interfaces/include/beckhoff_interfaces/beckhoff_interfaces/srv
[1.250s] -- Up-to-date: /home/student/ros_ws/RosSystem/install/beckhoff_interfaces/include/beckhoff_interfaces/beckhoff_interfaces/srv/detail
[1.250s] -- Up-to-date: /home/student/ros_ws/RosSystem/install/beckhoff_interfaces/include/beckhoff_interfaces/beckhoff_interfaces/srv/detail/dds_fastrtps
[1.250s] -- Up-to-date: /home/student/ros_ws/RosSystem/install/beckhoff_interfaces/include/beckhoff_interfaces/beckhoff_interfaces/srv/detail/head_rotation__rosidl_typesupport_fastrtps_cpp.hpp
[1.250s] -- Up-to-date: /home/student/ros_ws/RosSystem/install/beckhoff_interfaces/include/beckhoff_interfaces/beckhoff_interfaces/srv/detail/target_pose__rosidl_typesupport_fastrtps_cpp.hpp
[1.250s] -- Up-to-date: /home/student/ros_ws/RosSystem/install/beckhoff_interfaces/include/beckhoff_interfaces/beckhoff_interfaces/srv/detail/cartesian_move__rosidl_typesupport_fastrtps_cpp.hpp
[1.250s] -- Up-to-date: /home/student/ros_ws/RosSystem/install/beckhoff_interfaces/lib/libbeckhoff_interfaces__rosidl_typesupport_fastrtps_cpp.so
[1.250s] -- Up-to-date: /home/student/ros_ws/RosSystem/install/beckhoff_interfaces/include/beckhoff_interfaces/beckhoff_interfaces
[1.250s] -- Up-to-date: /home/student/ros_ws/RosSystem/install/beckhoff_interfaces/include/beckhoff_interfaces/beckhoff_interfaces/action
[1.250s] -- Up-to-date: /home/student/ros_ws/RosSystem/install/beckhoff_interfaces/include/beckhoff_interfaces/beckhoff_interfaces/action/detail
[1.250s] -- Up-to-date: /home/student/ros_ws/RosSystem/install/beckhoff_interfaces/include/beckhoff_interfaces/beckhoff_interfaces/action/detail/move__rosidl_typesupport_introspection_cpp.hpp
[1.250s] -- Up-to-date: /home/student/ros_ws/RosSystem/install/beckhoff_interfaces/include/beckhoff_interfaces/beckhoff_interfaces/action/detail/move__type_support.cpp
[1.250s] -- Up-to-date: /home/student/ros_ws/RosSystem/install/beckhoff_interfaces/include/beckhoff_interfaces/beckhoff_interfaces/msg
[1.250s] -- Up-to-date: /home/student/ros_ws/RosSystem/install/beckhoff_interfaces/include/beckhoff_interfaces/beckhoff_interfaces/msg/detail
[1.251s] -- Up-to-date: /home/student/ros_ws/RosSystem/install/beckhoff_interfaces/include/beckhoff_interfaces/beckhoff_interfaces/msg/detail/position__rosidl_typesupport_introspection_cpp.hpp
[1.251s] -- Up-to-date: /home/student/ros_ws/RosSystem/install/beckhoff_interfaces/include/beckhoff_interfaces/beckhoff_interfaces/msg/detail/position__type_support.cpp
[1.251s] -- Up-to-date: /home/student/ros_ws/RosSystem/install/beckhoff_interfaces/include/beckhoff_interfaces/beckhoff_interfaces/srv
[1.251s] -- Up-to-date: /home/student/ros_ws/RosSystem/install/beckhoff_interfaces/include/beckhoff_interfaces/beckhoff_interfaces/srv/detail
[1.251s] -- Up-to-date: /home/student/ros_ws/RosSystem/install/beckhoff_interfaces/include/beckhoff_interfaces/beckhoff_interfaces/srv/detail/head_rotation__rosidl_typesupport_introspection_cpp.hpp
[1.251s] -- Up-to-date: /home/student/ros_ws/RosSystem/install/beckhoff_interfaces/include/beckhoff_interfaces/beckhoff_interfaces/srv/detail/target_pose__type_support.cpp
[1.251s] -- Up-to-date: /home/student/ros_ws/RosSystem/install/beckhoff_interfaces/include/beckhoff_interfaces/beckhoff_interfaces/srv/detail/head_rotation__type_support.cpp
[1.251s] -- Up-to-date: /home/student/ros_ws/RosSystem/install/beckhoff_interfaces/include/beckhoff_interfaces/beckhoff_interfaces/srv/detail/cartesian_move__rosidl_typesupport_introspection_cpp.hpp
[1.251s] -- Up-to-date: /home/student/ros_ws/RosSystem/install/beckhoff_interfaces/include/beckhoff_interfaces/beckhoff_interfaces/srv/detail/target_pose__rosidl_typesupport_introspection_cpp.hpp
[1.251s] -- Up-to-date: /home/student/ros_ws/RosSystem/install/beckhoff_interfaces/include/beckhoff_interfaces/beckhoff_interfaces/srv/detail/cartesian_move__type_support.cpp
[1.251s] -- Up-to-date: /home/student/ros_ws/RosSystem/install/beckhoff_interfaces/lib/libbeckhoff_interfaces__rosidl_typesupport_introspection_cpp.so
[1.251s] -- Up-to-date: /home/student/ros_ws/RosSystem/install/beckhoff_interfaces/lib/libbeckhoff_interfaces__rosidl_typesupport_cpp.so
[1.251s] -- Up-to-date: /home/student/ros_ws/RosSystem/install/beckhoff_interfaces/share/beckhoff_interfaces/environment/pythonpath.sh
[1.251s] -- Up-to-date: /home/student/ros_ws/RosSystem/install/beckhoff_interfaces/share/beckhoff_interfaces/environment/pythonpath.dsv
[1.251s] -- Up-to-date: /home/student/ros_ws/RosSystem/install/beckhoff_interfaces/local/lib/python3.10/dist-packages/beckhoff_interfaces-0.0.0-py3.10.egg-info
[1.251s] -- Installing: /home/student/ros_ws/RosSystem/install/beckhoff_interfaces/local/lib/python3.10/dist-packages/beckhoff_interfaces-0.0.0-py3.10.egg-info/top_level.txt
[1.252s] -- Installing: /home/student/ros_ws/RosSystem/install/beckhoff_interfaces/local/lib/python3.10/dist-packages/beckhoff_interfaces-0.0.0-py3.10.egg-info/dependency_links.txt
[1.252s] -- Installing: /home/student/ros_ws/RosSystem/install/beckhoff_interfaces/local/lib/python3.10/dist-packages/beckhoff_interfaces-0.0.0-py3.10.egg-info/SOURCES.txt
[1.252s] -- Installing: /home/student/ros_ws/RosSystem/install/beckhoff_interfaces/local/lib/python3.10/dist-packages/beckhoff_interfaces-0.0.0-py3.10.egg-info/PKG-INFO
[1.252s] -- Up-to-date: /home/student/ros_ws/RosSystem/install/beckhoff_interfaces/local/lib/python3.10/dist-packages/beckhoff_interfaces
[1.252s] -- Up-to-date: /home/student/ros_ws/RosSystem/install/beckhoff_interfaces/local/lib/python3.10/dist-packages/beckhoff_interfaces/action
[1.252s] -- Up-to-date: /home/student/ros_ws/RosSystem/install/beckhoff_interfaces/local/lib/python3.10/dist-packages/beckhoff_interfaces/action/_move.py
[1.252s] -- Up-to-date: /home/student/ros_ws/RosSystem/install/beckhoff_interfaces/local/lib/python3.10/dist-packages/beckhoff_interfaces/action/__init__.py
[1.252s] -- Up-to-date: /home/student/ros_ws/RosSystem/install/beckhoff_interfaces/local/lib/python3.10/dist-packages/beckhoff_interfaces/action/_move_s.c
[1.252s] -- Up-to-date: /home/student/ros_ws/RosSystem/install/beckhoff_interfaces/local/lib/python3.10/dist-packages/beckhoff_interfaces/_beckhoff_interfaces_s.ep.rosidl_typesupport_fastrtps_c.c
[1.252s] -- Up-to-date: /home/student/ros_ws/RosSystem/install/beckhoff_interfaces/local/lib/python3.10/dist-packages/beckhoff_interfaces/_beckhoff_interfaces_s.ep.rosidl_typesupport_introspection_c.c
[1.252s] -- Up-to-date: /home/student/ros_ws/RosSystem/install/beckhoff_interfaces/local/lib/python3.10/dist-packages/beckhoff_interfaces/beckhoff_interfaces_s__rosidl_typesupport_fastrtps_c.cpython-310-x86_64-linux-gnu.so
[1.252s] -- Up-to-date: /home/student/ros_ws/RosSystem/install/beckhoff_interfaces/local/lib/python3.10/dist-packages/beckhoff_interfaces/beckhoff_interfaces_s__rosidl_typesupport_c.cpython-310-x86_64-linux-gnu.so
[1.252s] -- Up-to-date: /home/student/ros_ws/RosSystem/install/beckhoff_interfaces/local/lib/python3.10/dist-packages/beckhoff_interfaces/msg
[1.252s] -- Up-to-date: /home/student/ros_ws/RosSystem/install/beckhoff_interfaces/local/lib/python3.10/dist-packages/beckhoff_interfaces/msg/_position.py
[1.252s] -- Up-to-date: /home/student/ros_ws/RosSystem/install/beckhoff_interfaces/local/lib/python3.10/dist-packages/beckhoff_interfaces/msg/_position_s.c
[1.253s] -- Up-to-date: /home/student/ros_ws/RosSystem/install/beckhoff_interfaces/local/lib/python3.10/dist-packages/beckhoff_interfaces/msg/__init__.py
[1.253s] -- Up-to-date: /home/student/ros_ws/RosSystem/install/beckhoff_interfaces/local/lib/python3.10/dist-packages/beckhoff_interfaces/srv
[1.253s] -- Up-to-date: /home/student/ros_ws/RosSystem/install/beckhoff_interfaces/local/lib/python3.10/dist-packages/beckhoff_interfaces/srv/_cartesian_move.py
[1.253s] -- Up-to-date: /home/student/ros_ws/RosSystem/install/beckhoff_interfaces/local/lib/python3.10/dist-packages/beckhoff_interfaces/srv/_target_pose_s.c
[1.253s] -- Up-to-date: /home/student/ros_ws/RosSystem/install/beckhoff_interfaces/local/lib/python3.10/dist-packages/beckhoff_interfaces/srv/_head_rotation_s.c
[1.253s] -- Up-to-date: /home/student/ros_ws/RosSystem/install/beckhoff_interfaces/local/lib/python3.10/dist-packages/beckhoff_interfaces/srv/_target_pose.py
[1.253s] -- Up-to-date: /home/student/ros_ws/RosSystem/install/beckhoff_interfaces/local/lib/python3.10/dist-packages/beckhoff_interfaces/srv/_head_rotation.py
[1.253s] -- Up-to-date: /home/student/ros_ws/RosSystem/install/beckhoff_interfaces/local/lib/python3.10/dist-packages/beckhoff_interfaces/srv/_cartesian_move_s.c
[1.253s] -- Up-to-date: /home/student/ros_ws/RosSystem/install/beckhoff_interfaces/local/lib/python3.10/dist-packages/beckhoff_interfaces/srv/__init__.py
[1.253s] -- Up-to-date: /home/student/ros_ws/RosSystem/install/beckhoff_interfaces/local/lib/python3.10/dist-packages/beckhoff_interfaces/_beckhoff_interfaces_s.ep.rosidl_typesupport_c.c
[1.253s] -- Up-to-date: /home/student/ros_ws/RosSystem/install/beckhoff_interfaces/local/lib/python3.10/dist-packages/beckhoff_interfaces/__init__.py
[1.253s] -- Up-to-date: /home/student/ros_ws/RosSystem/install/beckhoff_interfaces/local/lib/python3.10/dist-packages/beckhoff_interfaces/beckhoff_interfaces_s__rosidl_typesupport_introspection_c.cpython-310-x86_64-linux-gnu.so
[1.253s] -- Up-to-date: /home/student/ros_ws/RosSystem/install/beckhoff_interfaces/local/lib/python3.10/dist-packages/beckhoff_interfaces/libbeckhoff_interfaces__rosidl_generator_py.so
[1.285s] Listing '/home/student/ros_ws/RosSystem/install/beckhoff_interfaces/local/lib/python3.10/dist-packages/beckhoff_interfaces'...
[1.285s] Listing '/home/student/ros_ws/RosSystem/install/beckhoff_interfaces/local/lib/python3.10/dist-packages/beckhoff_interfaces/action'...
[1.285s] Listing '/home/student/ros_ws/RosSystem/install/beckhoff_interfaces/local/lib/python3.10/dist-packages/beckhoff_interfaces/msg'...
[1.285s] Listing '/home/student/ros_ws/RosSystem/install/beckhoff_interfaces/local/lib/python3.10/dist-packages/beckhoff_interfaces/srv'...
[1.292s] -- Up-to-date: /home/student/ros_ws/RosSystem/install/beckhoff_interfaces/local/lib/python3.10/dist-packages/beckhoff_interfaces/beckhoff_interfaces_s__rosidl_typesupport_fastrtps_c.cpython-310-x86_64-linux-gnu.so
[1.293s] -- Up-to-date: /home/student/ros_ws/RosSystem/install/beckhoff_interfaces/local/lib/python3.10/dist-packages/beckhoff_interfaces/beckhoff_interfaces_s__rosidl_typesupport_introspection_c.cpython-310-x86_64-linux-gnu.so
[1.293s] -- Up-to-date: /home/student/ros_ws/RosSystem/install/beckhoff_interfaces/local/lib/python3.10/dist-packages/beckhoff_interfaces/beckhoff_interfaces_s__rosidl_typesupport_c.cpython-310-x86_64-linux-gnu.so
[1.293s] -- Up-to-date: /home/student/ros_ws/RosSystem/install/beckhoff_interfaces/lib/libbeckhoff_interfaces__rosidl_generator_py.so
[1.293s] -- Up-to-date: /home/student/ros_ws/RosSystem/install/beckhoff_interfaces/share/beckhoff_interfaces/msg/Position.idl
[1.294s] -- Up-to-date: /home/student/ros_ws/RosSystem/install/beckhoff_interfaces/share/beckhoff_interfaces/srv/TargetPose.idl
[1.294s] -- Up-to-date: /home/student/ros_ws/RosSystem/install/beckhoff_interfaces/share/beckhoff_interfaces/srv/CartesianMove.idl
[1.294s] -- Up-to-date: /home/student/ros_ws/RosSystem/install/beckhoff_interfaces/share/beckhoff_interfaces/srv/HeadRotation.idl
[1.294s] -- Up-to-date: /home/student/ros_ws/RosSystem/install/beckhoff_interfaces/share/beckhoff_interfaces/action/Move.idl
[1.295s] -- Up-to-date: /home/student/ros_ws/RosSystem/install/beckhoff_interfaces/share/beckhoff_interfaces/msg/Position.msg
[1.295s] -- Up-to-date: /home/student/ros_ws/RosSystem/install/beckhoff_interfaces/share/beckhoff_interfaces/srv/TargetPose.srv
[1.295s] -- Up-to-date: /home/student/ros_ws/RosSystem/install/beckhoff_interfaces/share/beckhoff_interfaces/srv/TargetPose_Request.msg
[1.295s] -- Up-to-date: /home/student/ros_ws/RosSystem/install/beckhoff_interfaces/share/beckhoff_interfaces/srv/TargetPose_Response.msg
[1.295s] -- Up-to-date: /home/student/ros_ws/RosSystem/install/beckhoff_interfaces/share/beckhoff_interfaces/srv/CartesianMove.srv
[1.295s] -- Up-to-date: /home/student/ros_ws/RosSystem/install/beckhoff_interfaces/share/beckhoff_interfaces/srv/CartesianMove_Request.msg
[1.295s] -- Up-to-date: /home/student/ros_ws/RosSystem/install/beckhoff_interfaces/share/beckhoff_interfaces/srv/CartesianMove_Response.msg
[1.295s] -- Up-to-date: /home/student/ros_ws/RosSystem/install/beckhoff_interfaces/share/beckhoff_interfaces/srv/HeadRotation.srv
[1.295s] -- Up-to-date: /home/student/ros_ws/RosSystem/install/beckhoff_interfaces/share/beckhoff_interfaces/srv/HeadRotation_Request.msg
[1.295s] -- Up-to-date: /home/student/ros_ws/RosSystem/install/beckhoff_interfaces/share/beckhoff_interfaces/srv/HeadRotation_Response.msg
[1.295s] -- Up-to-date: /home/student/ros_ws/RosSystem/install/beckhoff_interfaces/share/beckhoff_interfaces/action/Move.action
[1.295s] -- Up-to-date: /home/student/ros_ws/RosSystem/install/beckhoff_interfaces/share/ament_index/resource_index/package_run_dependencies/beckhoff_interfaces
[1.295s] -- Up-to-date: /home/student/ros_ws/RosSystem/install/beckhoff_interfaces/share/ament_index/resource_index/parent_prefix_path/beckhoff_interfaces
[1.295s] -- Up-to-date: /home/student/ros_ws/RosSystem/install/beckhoff_interfaces/share/beckhoff_interfaces/environment/ament_prefix_path.sh
[1.296s] -- Up-to-date: /home/student/ros_ws/RosSystem/install/beckhoff_interfaces/share/beckhoff_interfaces/environment/ament_prefix_path.dsv
[1.296s] -- Up-to-date: /home/student/ros_ws/RosSystem/install/beckhoff_interfaces/share/beckhoff_interfaces/environment/path.sh
[1.296s] -- Up-to-date: /home/student/ros_ws/RosSystem/install/beckhoff_interfaces/share/beckhoff_interfaces/environment/path.dsv
[1.296s] -- Up-to-date: /home/student/ros_ws/RosSystem/install/beckhoff_interfaces/share/beckhoff_interfaces/local_setup.bash
[1.296s] -- Up-to-date: /home/student/ros_ws/RosSystem/install/beckhoff_interfaces/share/beckhoff_interfaces/local_setup.sh
[1.296s] -- Up-to-date: /home/student/ros_ws/RosSystem/install/beckhoff_interfaces/share/beckhoff_interfaces/local_setup.zsh
[1.296s] -- Up-to-date: /home/student/ros_ws/RosSystem/install/beckhoff_interfaces/share/beckhoff_interfaces/local_setup.dsv
[1.296s] -- Installing: /home/student/ros_ws/RosSystem/install/beckhoff_interfaces/share/beckhoff_interfaces/package.dsv
[1.296s] -- Up-to-date: /home/student/ros_ws/RosSystem/install/beckhoff_interfaces/share/ament_index/resource_index/packages/beckhoff_interfaces
[1.296s] -- Up-to-date: /home/student/ros_ws/RosSystem/install/beckhoff_interfaces/share/beckhoff_interfaces/cmake/export_beckhoff_interfaces__rosidl_generator_cExport.cmake
[1.296s] -- Up-to-date: /home/student/ros_ws/RosSystem/install/beckhoff_interfaces/share/beckhoff_interfaces/cmake/export_beckhoff_interfaces__rosidl_generator_cExport-noconfig.cmake
[1.296s] -- Up-to-date: /home/student/ros_ws/RosSystem/install/beckhoff_interfaces/share/beckhoff_interfaces/cmake/export_beckhoff_interfaces__rosidl_typesupport_fastrtps_cExport.cmake
[1.296s] -- Up-to-date: /home/student/ros_ws/RosSystem/install/beckhoff_interfaces/share/beckhoff_interfaces/cmake/export_beckhoff_interfaces__rosidl_typesupport_fastrtps_cExport-noconfig.cmake
[1.297s] -- Up-to-date: /home/student/ros_ws/RosSystem/install/beckhoff_interfaces/share/beckhoff_interfaces/cmake/beckhoff_interfaces__rosidl_typesupport_introspection_cExport.cmake
[1.297s] -- Up-to-date: /home/student/ros_ws/RosSystem/install/beckhoff_interfaces/share/beckhoff_interfaces/cmake/beckhoff_interfaces__rosidl_typesupport_introspection_cExport-noconfig.cmake
[1.298s] -- Up-to-date: /home/student/ros_ws/RosSystem/install/beckhoff_interfaces/share/beckhoff_interfaces/cmake/beckhoff_interfaces__rosidl_typesupport_cExport.cmake
[1.298s] -- Up-to-date: /home/student/ros_ws/RosSystem/install/beckhoff_interfaces/share/beckhoff_interfaces/cmake/beckhoff_interfaces__rosidl_typesupport_cExport-noconfig.cmake
[1.298s] -- Up-to-date: /home/student/ros_ws/RosSystem/install/beckhoff_interfaces/share/beckhoff_interfaces/cmake/export_beckhoff_interfaces__rosidl_generator_cppExport.cmake
[1.298s] -- Up-to-date: /home/student/ros_ws/RosSystem/install/beckhoff_interfaces/share/beckhoff_interfaces/cmake/export_beckhoff_interfaces__rosidl_typesupport_fastrtps_cppExport.cmake
[1.298s] -- Up-to-date: /home/student/ros_ws/RosSystem/install/beckhoff_interfaces/share/beckhoff_interfaces/cmake/export_beckhoff_interfaces__rosidl_typesupport_fastrtps_cppExport-noconfig.cmake
[1.298s] -- Up-to-date: /home/student/ros_ws/RosSystem/install/beckhoff_interfaces/share/beckhoff_interfaces/cmake/beckhoff_interfaces__rosidl_typesupport_introspection_cppExport.cmake
[1.298s] -- Up-to-date: /home/student/ros_ws/RosSystem/install/beckhoff_interfaces/share/beckhoff_interfaces/cmake/beckhoff_interfaces__rosidl_typesupport_introspection_cppExport-noconfig.cmake
[1.298s] -- Up-to-date: /home/student/ros_ws/RosSystem/install/beckhoff_interfaces/share/beckhoff_interfaces/cmake/beckhoff_interfaces__rosidl_typesupport_cppExport.cmake
[1.298s] -- Up-to-date: /home/student/ros_ws/RosSystem/install/beckhoff_interfaces/share/beckhoff_interfaces/cmake/beckhoff_interfaces__rosidl_typesupport_cppExport-noconfig.cmake
[1.298s] -- Up-to-date: /home/student/ros_ws/RosSystem/install/beckhoff_interfaces/share/beckhoff_interfaces/cmake/export_beckhoff_interfaces__rosidl_generator_pyExport.cmake
[1.298s] -- Up-to-date: /home/student/ros_ws/RosSystem/install/beckhoff_interfaces/share/beckhoff_interfaces/cmake/export_beckhoff_interfaces__rosidl_generator_pyExport-noconfig.cmake
[1.298s] -- Up-to-date: /home/student/ros_ws/RosSystem/install/beckhoff_interfaces/share/beckhoff_interfaces/cmake/rosidl_cmake-extras.cmake
[1.299s] -- Up-to-date: /home/student/ros_ws/RosSystem/install/beckhoff_interfaces/share/beckhoff_interfaces/cmake/ament_cmake_export_dependencies-extras.cmake
[1.299s] -- Up-to-date: /home/student/ros_ws/RosSystem/install/beckhoff_interfaces/share/beckhoff_interfaces/cmake/ament_cmake_export_include_directories-extras.cmake
[1.299s] -- Up-to-date: /home/student/ros_ws/RosSystem/install/beckhoff_interfaces/share/beckhoff_interfaces/cmake/ament_cmake_export_libraries-extras.cmake
[1.299s] -- Up-to-date: /home/student/ros_ws/RosSystem/install/beckhoff_interfaces/share/beckhoff_interfaces/cmake/ament_cmake_export_targets-extras.cmake
[1.299s] -- Up-to-date: /home/student/ros_ws/RosSystem/install/beckhoff_interfaces/share/beckhoff_interfaces/cmake/rosidl_cmake_export_typesupport_targets-extras.cmake
[1.299s] -- Up-to-date: /home/student/ros_ws/RosSystem/install/beckhoff_interfaces/share/beckhoff_interfaces/cmake/rosidl_cmake_export_typesupport_libraries-extras.cmake
[1.299s] -- Up-to-date: /home/student/ros_ws/RosSystem/install/beckhoff_interfaces/share/beckhoff_interfaces/cmake/beckhoff_interfacesConfig.cmake
[1.299s] -- Up-to-date: /home/student/ros_ws/RosSystem/install/beckhoff_interfaces/share/beckhoff_interfaces/cmake/beckhoff_interfacesConfig-version.cmake
[1.299s] -- Up-to-date: /home/student/ros_ws/RosSystem/install/beckhoff_interfaces/share/beckhoff_interfaces/package.xml
[1.301s] Invoked command in '/home/student/ros_ws/RosSystem/build/beckhoff_interfaces' returned '0': CMAKE_PREFIX_PATH=${CMAKE_PREFIX_PATH}:/home/student/ros_ws/RosSystem/install/platform_lift:/home/student/ws_moveit2/install/moveit_configs_utils:/home/student/ws_moveit2/install/launch_param_builder:/home/student/ros_ws/RosSystem/install/beckhoff:/opt/ros/humble /usr/bin/cmake --install /home/student/ros_ws/RosSystem/build/beckhoff_interfaces
