[1.090s] Invoking command in '/home/student/ros_ws/RosSystem/src/beckhoff': PYTHONPATH=/home/student/ros_ws/RosSystem/build/beckhoff/prefix_override:/home/student/ros_ws/RosSystem/install/beckhoff/lib/python3.10/site-packages:${PYTHONPATH} /usr/bin/python3 -W ignore:setup.py install is deprecated setup.py egg_info --egg-base ../../build/beckhoff build --build-base /home/student/ros_ws/RosSystem/build/beckhoff/build install --record /home/student/ros_ws/RosSystem/build/beckhoff/install.log --single-version-externally-managed install_data
[1.333s] running egg_info
[1.334s] writing ../../build/beckhoff/beckhoff.egg-info/PKG-INFO
[1.334s] writing dependency_links to ../../build/beckhoff/beckhoff.egg-info/dependency_links.txt
[1.334s] writing entry points to ../../build/beckhoff/beckhoff.egg-info/entry_points.txt
[1.334s] writing requirements to ../../build/beckhoff/beckhoff.egg-info/requires.txt
[1.334s] writing top-level names to ../../build/beckhoff/beckhoff.egg-info/top_level.txt
[1.337s] reading manifest file '../../build/beckhoff/beckhoff.egg-info/SOURCES.txt'
[1.337s] adding license file 'LICENSE'
[1.338s] writing manifest file '../../build/beckhoff/beckhoff.egg-info/SOURCES.txt'
[1.338s] running build
[1.338s] running build_py
[1.339s] copying beckhoff/commandGripper.py -> /home/student/ros_ws/RosSystem/build/beckhoff/build/lib/beckhoff
[1.339s] running install
[1.340s] running install_lib
[1.340s] copying /home/student/ros_ws/RosSystem/build/beckhoff/build/lib/beckhoff/commandGripper.py -> /home/student/ros_ws/RosSystem/install/beckhoff/lib/python3.10/site-packages/beckhoff
[1.341s] byte-compiling /home/student/ros_ws/RosSystem/install/beckhoff/lib/python3.10/site-packages/beckhoff/commandGripper.py to commandGripper.cpython-310.pyc
[1.342s] running install_data
[1.342s] running install_egg_info
[1.345s] removing '/home/student/ros_ws/RosSystem/install/beckhoff/lib/python3.10/site-packages/beckhoff-0.0.0-py3.10.egg-info' (and everything under it)
[1.345s] Copying ../../build/beckhoff/beckhoff.egg-info to /home/student/ros_ws/RosSystem/install/beckhoff/lib/python3.10/site-packages/beckhoff-0.0.0-py3.10.egg-info
[1.346s] running install_scripts
[1.367s] Installing Communication script to /home/student/ros_ws/RosSystem/install/beckhoff/lib/beckhoff
[1.367s] Installing commandAxis script to /home/student/ros_ws/RosSystem/install/beckhoff/lib/beckhoff
[1.368s] Installing commandGripper script to /home/student/ros_ws/RosSystem/install/beckhoff/lib/beckhoff
[1.368s] Installing commandHead script to /home/student/ros_ws/RosSystem/install/beckhoff/lib/beckhoff
[1.368s] Installing listener script to /home/student/ros_ws/RosSystem/install/beckhoff/lib/beckhoff
[1.368s] Installing plan script to /home/student/ros_ws/RosSystem/install/beckhoff/lib/beckhoff
[1.368s] writing list of installed files to '/home/student/ros_ws/RosSystem/build/beckhoff/install.log'
[1.429s] Invoked command in '/home/student/ros_ws/RosSystem/src/beckhoff' returned '0': PYTHONPATH=/home/student/ros_ws/RosSystem/build/beckhoff/prefix_override:/home/student/ros_ws/RosSystem/install/beckhoff/lib/python3.10/site-packages:${PYTHONPATH} /usr/bin/python3 -W ignore:setup.py install is deprecated setup.py egg_info --egg-base ../../build/beckhoff build --build-base /home/student/ros_ws/RosSystem/build/beckhoff/build install --record /home/student/ros_ws/RosSystem/build/beckhoff/install.log --single-version-externally-managed install_data
