running egg_info
creating ../../build/urdf_robot/urdf_robot.egg-info
writing ../../build/urdf_robot/urdf_robot.egg-info/PKG-INFO
writing dependency_links to ../../build/urdf_robot/urdf_robot.egg-info/dependency_links.txt
writing entry points to ../../build/urdf_robot/urdf_robot.egg-info/entry_points.txt
writing requirements to ../../build/urdf_robot/urdf_robot.egg-info/requires.txt
writing top-level names to ../../build/urdf_robot/urdf_robot.egg-info/top_level.txt
writing manifest file '../../build/urdf_robot/urdf_robot.egg-info/SOURCES.txt'
reading manifest file '../../build/urdf_robot/urdf_robot.egg-info/SOURCES.txt'
adding license file 'LICENSE'
writing manifest file '../../build/urdf_robot/urdf_robot.egg-info/SOURCES.txt'
running build
running build_py
creating /home/student/ros_ws/RosSystem/build/urdf_robot/build
creating /home/student/ros_ws/RosSystem/build/urdf_robot/build/lib
creating /home/student/ros_ws/RosSystem/build/urdf_robot/build/lib/urdf_robot
copying urdf_robot/state_publisher.py -> /home/student/ros_ws/RosSystem/build/urdf_robot/build/lib/urdf_robot
copying urdf_robot/__init__.py -> /home/student/ros_ws/RosSystem/build/urdf_robot/build/lib/urdf_robot
running install
running install_lib
creating /home/student/ros_ws/RosSystem/install/urdf_robot/lib/python3.10/site-packages/urdf_robot
copying /home/student/ros_ws/RosSystem/build/urdf_robot/build/lib/urdf_robot/state_publisher.py -> /home/student/ros_ws/RosSystem/install/urdf_robot/lib/python3.10/site-packages/urdf_robot
copying /home/student/ros_ws/RosSystem/build/urdf_robot/build/lib/urdf_robot/__init__.py -> /home/student/ros_ws/RosSystem/install/urdf_robot/lib/python3.10/site-packages/urdf_robot
byte-compiling /home/student/ros_ws/RosSystem/install/urdf_robot/lib/python3.10/site-packages/urdf_robot/state_publisher.py to state_publisher.cpython-310.pyc
byte-compiling /home/student/ros_ws/RosSystem/install/urdf_robot/lib/python3.10/site-packages/urdf_robot/__init__.py to __init__.cpython-310.pyc
running install_data
creating /home/student/ros_ws/RosSystem/install/urdf_robot/share/ament_index
creating /home/student/ros_ws/RosSystem/install/urdf_robot/share/ament_index/resource_index
creating /home/student/ros_ws/RosSystem/install/urdf_robot/share/ament_index/resource_index/packages
copying resource/urdf_robot -> /home/student/ros_ws/RosSystem/install/urdf_robot/share/ament_index/resource_index/packages
copying package.xml -> /home/student/ros_ws/RosSystem/install/urdf_robot/share/urdf_robot
creating /home/student/ros_ws/RosSystem/install/urdf_robot/share/urdf_robot/launch
copying launch/demo.launch.py -> /home/student/ros_ws/RosSystem/install/urdf_robot/share/urdf_robot/launch
copying urdf/robot.urdf -> /home/student/ros_ws/RosSystem/install/urdf_robot/share/urdf_robot
running install_egg_info
Copying ../../build/urdf_robot/urdf_robot.egg-info to /home/student/ros_ws/RosSystem/install/urdf_robot/lib/python3.10/site-packages/urdf_robot-0.0.0-py3.10.egg-info
running install_scripts
Installing state_publisher script to /home/student/ros_ws/RosSystem/install/urdf_robot/lib/urdf_robot
writing list of installed files to '/home/student/ros_ws/RosSystem/build/urdf_robot/install.log'
