[0.916s] Invoking command in '/home/student/ros_ws/RosSystem/src/urdf_robot': PYTHONPATH=/home/student/ros_ws/RosSystem/build/urdf_robot/prefix_override:/home/student/ros_ws/RosSystem/install/urdf_robot/lib/python3.10/site-packages:${PYTHONPATH} /usr/bin/python3 -W ignore:setup.py install is deprecated setup.py egg_info --egg-base ../../build/urdf_robot build --build-base /home/student/ros_ws/RosSystem/build/urdf_robot/build install --record /home/student/ros_ws/RosSystem/build/urdf_robot/install.log --single-version-externally-managed install_data
[1.144s] running egg_info
[1.144s] creating ../../build/urdf_robot/urdf_robot.egg-info
[1.145s] writing ../../build/urdf_robot/urdf_robot.egg-info/PKG-INFO
[1.145s] writing dependency_links to ../../build/urdf_robot/urdf_robot.egg-info/dependency_links.txt
[1.145s] writing entry points to ../../build/urdf_robot/urdf_robot.egg-info/entry_points.txt
[1.145s] writing requirements to ../../build/urdf_robot/urdf_robot.egg-info/requires.txt
[1.145s] writing top-level names to ../../build/urdf_robot/urdf_robot.egg-info/top_level.txt
[1.145s] writing manifest file '../../build/urdf_robot/urdf_robot.egg-info/SOURCES.txt'
[1.147s] reading manifest file '../../build/urdf_robot/urdf_robot.egg-info/SOURCES.txt'
[1.148s] adding license file 'LICENSE'
[1.148s] writing manifest file '../../build/urdf_robot/urdf_robot.egg-info/SOURCES.txt'
[1.148s] running build
[1.148s] running build_py
[1.148s] creating /home/student/ros_ws/RosSystem/build/urdf_robot/build
[1.148s] creating /home/student/ros_ws/RosSystem/build/urdf_robot/build/lib
[1.148s] creating /home/student/ros_ws/RosSystem/build/urdf_robot/build/lib/urdf_robot
[1.149s] copying urdf_robot/state_publisher.py -> /home/student/ros_ws/RosSystem/build/urdf_robot/build/lib/urdf_robot
[1.149s] copying urdf_robot/__init__.py -> /home/student/ros_ws/RosSystem/build/urdf_robot/build/lib/urdf_robot
[1.149s] running install
[1.149s] running install_lib
[1.150s] creating /home/student/ros_ws/RosSystem/install/urdf_robot/lib/python3.10/site-packages/urdf_robot
[1.150s] copying /home/student/ros_ws/RosSystem/build/urdf_robot/build/lib/urdf_robot/state_publisher.py -> /home/student/ros_ws/RosSystem/install/urdf_robot/lib/python3.10/site-packages/urdf_robot
[1.150s] copying /home/student/ros_ws/RosSystem/build/urdf_robot/build/lib/urdf_robot/__init__.py -> /home/student/ros_ws/RosSystem/install/urdf_robot/lib/python3.10/site-packages/urdf_robot
[1.150s] byte-compiling /home/student/ros_ws/RosSystem/install/urdf_robot/lib/python3.10/site-packages/urdf_robot/state_publisher.py to state_publisher.cpython-310.pyc
[1.151s] byte-compiling /home/student/ros_ws/RosSystem/install/urdf_robot/lib/python3.10/site-packages/urdf_robot/__init__.py to __init__.cpython-310.pyc
[1.151s] running install_data
[1.151s] creating /home/student/ros_ws/RosSystem/install/urdf_robot/share/ament_index
[1.152s] creating /home/student/ros_ws/RosSystem/install/urdf_robot/share/ament_index/resource_index
[1.152s] creating /home/student/ros_ws/RosSystem/install/urdf_robot/share/ament_index/resource_index/packages
[1.152s] copying resource/urdf_robot -> /home/student/ros_ws/RosSystem/install/urdf_robot/share/ament_index/resource_index/packages
[1.152s] copying package.xml -> /home/student/ros_ws/RosSystem/install/urdf_robot/share/urdf_robot
[1.152s] creating /home/student/ros_ws/RosSystem/install/urdf_robot/share/urdf_robot/launch
[1.152s] copying launch/demo.launch.py -> /home/student/ros_ws/RosSystem/install/urdf_robot/share/urdf_robot/launch
[1.152s] copying urdf/robot.urdf -> /home/student/ros_ws/RosSystem/install/urdf_robot/share/urdf_robot
[1.152s] running install_egg_info
[1.154s] Copying ../../build/urdf_robot/urdf_robot.egg-info to /home/student/ros_ws/RosSystem/install/urdf_robot/lib/python3.10/site-packages/urdf_robot-0.0.0-py3.10.egg-info
[1.156s] running install_scripts
[1.174s] Installing state_publisher script to /home/student/ros_ws/RosSystem/install/urdf_robot/lib/urdf_robot
[1.175s] writing list of installed files to '/home/student/ros_ws/RosSystem/build/urdf_robot/install.log'
[1.237s] Invoked command in '/home/student/ros_ws/RosSystem/src/urdf_robot' returned '0': PYTHONPATH=/home/student/ros_ws/RosSystem/build/urdf_robot/prefix_override:/home/student/ros_ws/RosSystem/install/urdf_robot/lib/python3.10/site-packages:${PYTHONPATH} /usr/bin/python3 -W ignore:setup.py install is deprecated setup.py egg_info --egg-base ../../build/urdf_robot build --build-base /home/student/ros_ws/RosSystem/build/urdf_robot/build install --record /home/student/ros_ws/RosSystem/build/urdf_robot/install.log --single-version-externally-managed install_data
