[0.591s] Invoking command in '/home/student/ros_ws/RosSystem/src/beckhoff': PYTHONPATH=/home/student/ros_ws/RosSystem/build/beckhoff/prefix_override:/home/student/ros_ws/RosSystem/install/beckhoff/lib/python3.10/site-packages:${PYTHONPATH} /usr/bin/python3 -W ignore:setup.py install is deprecated setup.py egg_info --egg-base ../../build/beckhoff build --build-base /home/student/ros_ws/RosSystem/build/beckhoff/build install --record /home/student/ros_ws/RosSystem/build/beckhoff/install.log --single-version-externally-managed install_data
[0.817s] running egg_info
[0.818s] writing ../../build/beckhoff/beckhoff.egg-info/PKG-INFO
[0.818s] writing dependency_links to ../../build/beckhoff/beckhoff.egg-info/dependency_links.txt
[0.818s] writing entry points to ../../build/beckhoff/beckhoff.egg-info/entry_points.txt
[0.818s] writing requirements to ../../build/beckhoff/beckhoff.egg-info/requires.txt
[0.819s] writing top-level names to ../../build/beckhoff/beckhoff.egg-info/top_level.txt
[0.821s] reading manifest file '../../build/beckhoff/beckhoff.egg-info/SOURCES.txt'
[0.821s] adding license file 'LICENSE'
[0.821s] writing manifest file '../../build/beckhoff/beckhoff.egg-info/SOURCES.txt'
[0.822s] running build
[0.822s] running build_py
[0.822s] copying beckhoff/command.py -> /home/student/ros_ws/RosSystem/build/beckhoff/build/lib/beckhoff
[0.822s] running install
[0.823s] running install_lib
[0.823s] copying /home/student/ros_ws/RosSystem/build/beckhoff/build/lib/beckhoff/command.py -> /home/student/ros_ws/RosSystem/install/beckhoff/lib/python3.10/site-packages/beckhoff
[0.824s] byte-compiling /home/student/ros_ws/RosSystem/install/beckhoff/lib/python3.10/site-packages/beckhoff/command.py to command.cpython-310.pyc
[0.825s] running install_data
[0.825s] running install_egg_info
[0.826s] removing '/home/student/ros_ws/RosSystem/install/beckhoff/lib/python3.10/site-packages/beckhoff-0.0.0-py3.10.egg-info' (and everything under it)
[0.827s] Copying ../../build/beckhoff/beckhoff.egg-info to /home/student/ros_ws/RosSystem/install/beckhoff/lib/python3.10/site-packages/beckhoff-0.0.0-py3.10.egg-info
[0.827s] running install_scripts
[0.845s] Installing Communication script to /home/student/ros_ws/RosSystem/install/beckhoff/lib/beckhoff
[0.845s] Installing command script to /home/student/ros_ws/RosSystem/install/beckhoff/lib/beckhoff
[0.845s] writing list of installed files to '/home/student/ros_ws/RosSystem/build/beckhoff/install.log'
[0.884s] Invoked command in '/home/student/ros_ws/RosSystem/src/beckhoff' returned '0': PYTHONPATH=/home/student/ros_ws/RosSystem/build/beckhoff/prefix_override:/home/student/ros_ws/RosSystem/install/beckhoff/lib/python3.10/site-packages:${PYTHONPATH} /usr/bin/python3 -W ignore:setup.py install is deprecated setup.py egg_info --egg-base ../../build/beckhoff build --build-base /home/student/ros_ws/RosSystem/build/beckhoff/build install --record /home/student/ros_ws/RosSystem/build/beckhoff/install.log --single-version-externally-managed install_data
