[1.257s] Invoking command in '/home/student/ros_ws/RosSystem/src/platform_lift': PYTHONPATH=/home/student/ros_ws/RosSystem/build/platform_lift/prefix_override:/home/student/ros_ws/RosSystem/install/platform_lift/lib/python3.10/site-packages:${PYTHONPATH} /usr/bin/python3 -W ignore:setup.py install is deprecated setup.py egg_info --egg-base ../../build/platform_lift build --build-base /home/student/ros_ws/RosSystem/build/platform_lift/build install --record /home/student/ros_ws/RosSystem/build/platform_lift/install.log --single-version-externally-managed install_data
[1.569s] running egg_info
[1.569s] writing ../../build/platform_lift/platform_lift.egg-info/PKG-INFO
[1.570s] writing dependency_links to ../../build/platform_lift/platform_lift.egg-info/dependency_links.txt
[1.570s] writing entry points to ../../build/platform_lift/platform_lift.egg-info/entry_points.txt
[1.570s] writing requirements to ../../build/platform_lift/platform_lift.egg-info/requires.txt
[1.571s] writing top-level names to ../../build/platform_lift/platform_lift.egg-info/top_level.txt
[1.573s] reading manifest file '../../build/platform_lift/platform_lift.egg-info/SOURCES.txt'
[1.573s] adding license file 'LICENSE'
[1.574s] writing manifest file '../../build/platform_lift/platform_lift.egg-info/SOURCES.txt'
[1.574s] running build
[1.574s] running build_py
[1.574s] running install
[1.575s] running install_lib
[1.577s] running install_data
[1.577s] running install_egg_info
[1.581s] removing '/home/student/ros_ws/RosSystem/install/platform_lift/lib/python3.10/site-packages/platform_lift-0.0.0-py3.10.egg-info' (and everything under it)
[1.581s] Copying ../../build/platform_lift/platform_lift.egg-info to /home/student/ros_ws/RosSystem/install/platform_lift/lib/python3.10/site-packages/platform_lift-0.0.0-py3.10.egg-info
[1.582s] running install_scripts
[1.620s] Installing command script to /home/student/ros_ws/RosSystem/install/platform_lift/lib/platform_lift
[1.620s] Installing lift_communication script to /home/student/ros_ws/RosSystem/install/platform_lift/lib/platform_lift
[1.620s] Installing pilote script to /home/student/ros_ws/RosSystem/install/platform_lift/lib/platform_lift
[1.620s] Installing srv_client script to /home/student/ros_ws/RosSystem/install/platform_lift/lib/platform_lift
[1.621s] writing list of installed files to '/home/student/ros_ws/RosSystem/build/platform_lift/install.log'
[1.683s] Invoked command in '/home/student/ros_ws/RosSystem/src/platform_lift' returned '0': PYTHONPATH=/home/student/ros_ws/RosSystem/build/platform_lift/prefix_override:/home/student/ros_ws/RosSystem/install/platform_lift/lib/python3.10/site-packages:${PYTHONPATH} /usr/bin/python3 -W ignore:setup.py install is deprecated setup.py egg_info --egg-base ../../build/platform_lift build --build-base /home/student/ros_ws/RosSystem/build/platform_lift/build install --record /home/student/ros_ws/RosSystem/build/platform_lift/install.log --single-version-externally-managed install_data
