[0.555s] Invoking command in '/home/student/ros_ws/RosSystem/src/beckhoff': PYTHONPATH=/home/student/ros_ws/RosSystem/build/beckhoff/prefix_override:/home/student/ros_ws/RosSystem/install/beckhoff/lib/python3.10/site-packages:${PYTHONPATH} /usr/bin/python3 -W ignore:setup.py install is deprecated setup.py egg_info --egg-base ../../build/beckhoff build --build-base /home/student/ros_ws/RosSystem/build/beckhoff/build install --record /home/student/ros_ws/RosSystem/build/beckhoff/install.log --single-version-externally-managed install_data
[0.748s] running egg_info
[0.748s] writing ../../build/beckhoff/beckhoff.egg-info/PKG-INFO
[0.749s] writing dependency_links to ../../build/beckhoff/beckhoff.egg-info/dependency_links.txt
[0.749s] writing entry points to ../../build/beckhoff/beckhoff.egg-info/entry_points.txt
[0.749s] writing requirements to ../../build/beckhoff/beckhoff.egg-info/requires.txt
[0.749s] writing top-level names to ../../build/beckhoff/beckhoff.egg-info/top_level.txt
[0.750s] reading manifest file '../../build/beckhoff/beckhoff.egg-info/SOURCES.txt'
[0.751s] adding license file 'LICENSE'
[0.751s] writing manifest file '../../build/beckhoff/beckhoff.egg-info/SOURCES.txt'
[0.751s] running build
[0.751s] running build_py
[0.751s] running install
[0.752s] running install_lib
[0.753s] running install_data
[0.753s] running install_egg_info
[0.754s] removing '/home/student/ros_ws/RosSystem/install/beckhoff/lib/python3.10/site-packages/beckhoff-0.0.0-py3.10.egg-info' (and everything under it)
[0.754s] Copying ../../build/beckhoff/beckhoff.egg-info to /home/student/ros_ws/RosSystem/install/beckhoff/lib/python3.10/site-packages/beckhoff-0.0.0-py3.10.egg-info
[0.755s] running install_scripts
[0.772s] Installing Communication script to /home/student/ros_ws/RosSystem/install/beckhoff/lib/beckhoff
[0.772s] Installing command script to /home/student/ros_ws/RosSystem/install/beckhoff/lib/beckhoff
[0.773s] writing list of installed files to '/home/student/ros_ws/RosSystem/build/beckhoff/install.log'
[0.803s] Invoked command in '/home/student/ros_ws/RosSystem/src/beckhoff' returned '0': PYTHONPATH=/home/student/ros_ws/RosSystem/build/beckhoff/prefix_override:/home/student/ros_ws/RosSystem/install/beckhoff/lib/python3.10/site-packages:${PYTHONPATH} /usr/bin/python3 -W ignore:setup.py install is deprecated setup.py egg_info --egg-base ../../build/beckhoff build --build-base /home/student/ros_ws/RosSystem/build/beckhoff/build install --record /home/student/ros_ws/RosSystem/build/beckhoff/install.log --single-version-externally-managed install_data
