[1.120s] Invoking command in '/home/student/ros_ws/RosSystem/src/beckhoff': PYTHONPATH=/home/student/ros_ws/RosSystem/build/beckhoff/prefix_override:/home/student/ros_ws/RosSystem/install/beckhoff/lib/python3.10/site-packages:${PYTHONPATH} /usr/bin/python3 -W ignore:setup.py install is deprecated setup.py egg_info --egg-base ../../build/beckhoff build --build-base /home/student/ros_ws/RosSystem/build/beckhoff/build install --record /home/student/ros_ws/RosSystem/build/beckhoff/install.log --single-version-externally-managed install_data
[1.366s] running egg_info
[1.367s] writing ../../build/beckhoff/beckhoff.egg-info/PKG-INFO
[1.367s] writing dependency_links to ../../build/beckhoff/beckhoff.egg-info/dependency_links.txt
[1.367s] writing entry points to ../../build/beckhoff/beckhoff.egg-info/entry_points.txt
[1.367s] writing requirements to ../../build/beckhoff/beckhoff.egg-info/requires.txt
[1.367s] writing top-level names to ../../build/beckhoff/beckhoff.egg-info/top_level.txt
[1.369s] reading manifest file '../../build/beckhoff/beckhoff.egg-info/SOURCES.txt'
[1.369s] adding license file 'LICENSE'
[1.370s] writing manifest file '../../build/beckhoff/beckhoff.egg-info/SOURCES.txt'
[1.370s] running build
[1.371s] running build_py
[1.371s] running install
[1.371s] running install_lib
[1.373s] running install_data
[1.373s] running install_egg_info
[1.375s] removing '/home/student/ros_ws/RosSystem/install/beckhoff/lib/python3.10/site-packages/beckhoff-0.0.0-py3.10.egg-info' (and everything under it)
[1.376s] Copying ../../build/beckhoff/beckhoff.egg-info to /home/student/ros_ws/RosSystem/install/beckhoff/lib/python3.10/site-packages/beckhoff-0.0.0-py3.10.egg-info
[1.377s] running install_scripts
[1.397s] Installing Communication script to /home/student/ros_ws/RosSystem/install/beckhoff/lib/beckhoff
[1.397s] Installing command script to /home/student/ros_ws/RosSystem/install/beckhoff/lib/beckhoff
[1.397s] Installing listener script to /home/student/ros_ws/RosSystem/install/beckhoff/lib/beckhoff
[1.398s] writing list of installed files to '/home/student/ros_ws/RosSystem/build/beckhoff/install.log'
[1.456s] Invoked command in '/home/student/ros_ws/RosSystem/src/beckhoff' returned '0': PYTHONPATH=/home/student/ros_ws/RosSystem/build/beckhoff/prefix_override:/home/student/ros_ws/RosSystem/install/beckhoff/lib/python3.10/site-packages:${PYTHONPATH} /usr/bin/python3 -W ignore:setup.py install is deprecated setup.py egg_info --egg-base ../../build/beckhoff build --build-base /home/student/ros_ws/RosSystem/build/beckhoff/build install --record /home/student/ros_ws/RosSystem/build/beckhoff/install.log --single-version-externally-managed install_data
