[0.302s] Invoking command in '/home/student/ros_ws/RosSystem/build/lift_interfaces': CMAKE_PREFIX_PATH=${CMAKE_PREFIX_PATH}:/home/student/ws_moveit2/install/moveit_configs_utils:/home/student/ws_moveit2/install/launch_param_builder:/home/student/ros_ws/RosSystem/install/platform_lift:/home/student/ros_ws/RosSystem/install/beckhoff:/opt/ros/humble /usr/bin/cmake --build /home/student/ros_ws/RosSystem/build/lift_interfaces -- -j16 -l16
[0.403s] [  2%] Built target lift_interfaces__cpp
[0.407s] [ 12%] Built target lift_interfaces__rosidl_generator_c
[0.449s] [ 12%] Built target ament_cmake_python_copy_lift_interfaces
[0.488s] [ 23%] Built target lift_interfaces__rosidl_typesupport_introspection_cpp
[0.491s] [ 33%] Built target lift_interfaces__rosidl_typesupport_cpp
[0.492s] [ 43%] Built target lift_interfaces__rosidl_typesupport_fastrtps_cpp
[0.494s] [ 53%] Built target lift_interfaces__rosidl_typesupport_fastrtps_c
[0.499s] [ 64%] Built target lift_interfaces__rosidl_typesupport_introspection_c
[0.506s] [ 74%] Built target lift_interfaces__rosidl_typesupport_c
[0.552s] [ 74%] Built target lift_interfaces
[0.600s] [ 76%] Built target lift_interfaces__py
[0.647s] [ 84%] Built target lift_interfaces__rosidl_generator_py
[0.702s] [ 94%] Built target lift_interfaces__rosidl_typesupport_introspection_c__pyext
[0.702s] [ 94%] Built target lift_interfaces__rosidl_typesupport_fastrtps_c__pyext
[0.709s] [100%] Built target lift_interfaces__rosidl_typesupport_c__pyext
[0.794s] running egg_info
[0.795s] writing lift_interfaces.egg-info/PKG-INFO
[0.796s] writing dependency_links to lift_interfaces.egg-info/dependency_links.txt
[0.796s] writing top-level names to lift_interfaces.egg-info/top_level.txt
[0.799s] reading manifest file 'lift_interfaces.egg-info/SOURCES.txt'
[0.800s] writing manifest file 'lift_interfaces.egg-info/SOURCES.txt'
[0.867s] [100%] Built target ament_cmake_python_build_lift_interfaces_egg
[0.893s] Invoked command in '/home/student/ros_ws/RosSystem/build/lift_interfaces' returned '0': CMAKE_PREFIX_PATH=${CMAKE_PREFIX_PATH}:/home/student/ws_moveit2/install/moveit_configs_utils:/home/student/ws_moveit2/install/launch_param_builder:/home/student/ros_ws/RosSystem/install/platform_lift:/home/student/ros_ws/RosSystem/install/beckhoff:/opt/ros/humble /usr/bin/cmake --build /home/student/ros_ws/RosSystem/build/lift_interfaces -- -j16 -l16
[1.185s] Invoking command in '/home/student/ros_ws/RosSystem/build/lift_interfaces': CMAKE_PREFIX_PATH=${CMAKE_PREFIX_PATH}:/home/student/ws_moveit2/install/moveit_configs_utils:/home/student/ws_moveit2/install/launch_param_builder:/home/student/ros_ws/RosSystem/install/platform_lift:/home/student/ros_ws/RosSystem/install/beckhoff:/opt/ros/humble /usr/bin/cmake --install /home/student/ros_ws/RosSystem/build/lift_interfaces
[1.202s] -- Install configuration: ""
[1.203s] -- Up-to-date: /home/student/ros_ws/RosSystem/install/lift_interfaces/share/ament_index/resource_index/rosidl_interfaces/lift_interfaces
[1.203s] -- Up-to-date: /home/student/ros_ws/RosSystem/install/lift_interfaces/include/lift_interfaces/lift_interfaces
[1.203s] -- Up-to-date: /home/student/ros_ws/RosSystem/install/lift_interfaces/include/lift_interfaces/lift_interfaces/action
[1.203s] -- Up-to-date: /home/student/ros_ws/RosSystem/install/lift_interfaces/include/lift_interfaces/lift_interfaces/action/detail
[1.203s] -- Up-to-date: /home/student/ros_ws/RosSystem/install/lift_interfaces/include/lift_interfaces/lift_interfaces/action/detail/move_lift__functions.h
[1.203s] -- Up-to-date: /home/student/ros_ws/RosSystem/install/lift_interfaces/include/lift_interfaces/lift_interfaces/action/detail/move_lift__type_support.h
[1.203s] -- Up-to-date: /home/student/ros_ws/RosSystem/install/lift_interfaces/include/lift_interfaces/lift_interfaces/action/detail/move_lift__functions.c
[1.203s] -- Up-to-date: /home/student/ros_ws/RosSystem/install/lift_interfaces/include/lift_interfaces/lift_interfaces/action/detail/move_lift__struct.h
[1.203s] -- Up-to-date: /home/student/ros_ws/RosSystem/install/lift_interfaces/include/lift_interfaces/lift_interfaces/action/move_lift.h
[1.203s] -- Up-to-date: /home/student/ros_ws/RosSystem/install/lift_interfaces/include/lift_interfaces/lift_interfaces/msg
[1.203s] -- Up-to-date: /home/student/ros_ws/RosSystem/install/lift_interfaces/include/lift_interfaces/lift_interfaces/msg/rosidl_generator_c__visibility_control.h
[1.204s] -- Up-to-date: /home/student/ros_ws/RosSystem/install/lift_interfaces/include/lift_interfaces/lift_interfaces/srv
[1.204s] -- Up-to-date: /home/student/ros_ws/RosSystem/install/lift_interfaces/include/lift_interfaces/lift_interfaces/srv/position_lift.h
[1.204s] -- Up-to-date: /home/student/ros_ws/RosSystem/install/lift_interfaces/include/lift_interfaces/lift_interfaces/srv/detail
[1.204s] -- Up-to-date: /home/student/ros_ws/RosSystem/install/lift_interfaces/include/lift_interfaces/lift_interfaces/srv/detail/position_lift__type_support.h
[1.204s] -- Up-to-date: /home/student/ros_ws/RosSystem/install/lift_interfaces/include/lift_interfaces/lift_interfaces/srv/detail/position_lift__functions.h
[1.204s] -- Up-to-date: /home/student/ros_ws/RosSystem/install/lift_interfaces/include/lift_interfaces/lift_interfaces/srv/detail/position_lift__functions.c
[1.204s] -- Up-to-date: /home/student/ros_ws/RosSystem/install/lift_interfaces/include/lift_interfaces/lift_interfaces/srv/detail/position_lift__struct.h
[1.204s] -- Up-to-date: /home/student/ros_ws/RosSystem/install/lift_interfaces/share/lift_interfaces/environment/library_path.sh
[1.204s] -- Up-to-date: /home/student/ros_ws/RosSystem/install/lift_interfaces/share/lift_interfaces/environment/library_path.dsv
[1.205s] -- Up-to-date: /home/student/ros_ws/RosSystem/install/lift_interfaces/lib/liblift_interfaces__rosidl_generator_c.so
[1.205s] -- Up-to-date: /home/student/ros_ws/RosSystem/install/lift_interfaces/include/lift_interfaces/lift_interfaces
[1.205s] -- Up-to-date: /home/student/ros_ws/RosSystem/install/lift_interfaces/include/lift_interfaces/lift_interfaces/action
[1.205s] -- Up-to-date: /home/student/ros_ws/RosSystem/install/lift_interfaces/include/lift_interfaces/lift_interfaces/action/detail
[1.205s] -- Up-to-date: /home/student/ros_ws/RosSystem/install/lift_interfaces/include/lift_interfaces/lift_interfaces/action/detail/move_lift__rosidl_typesupport_fastrtps_c.h
[1.205s] -- Up-to-date: /home/student/ros_ws/RosSystem/install/lift_interfaces/include/lift_interfaces/lift_interfaces/msg
[1.205s] -- Up-to-date: /home/student/ros_ws/RosSystem/install/lift_interfaces/include/lift_interfaces/lift_interfaces/msg/rosidl_typesupport_fastrtps_c__visibility_control.h
[1.205s] -- Up-to-date: /home/student/ros_ws/RosSystem/install/lift_interfaces/include/lift_interfaces/lift_interfaces/srv
[1.205s] -- Up-to-date: /home/student/ros_ws/RosSystem/install/lift_interfaces/include/lift_interfaces/lift_interfaces/srv/detail
[1.205s] -- Up-to-date: /home/student/ros_ws/RosSystem/install/lift_interfaces/include/lift_interfaces/lift_interfaces/srv/detail/position_lift__rosidl_typesupport_fastrtps_c.h
[1.206s] -- Up-to-date: /home/student/ros_ws/RosSystem/install/lift_interfaces/lib/liblift_interfaces__rosidl_typesupport_fastrtps_c.so
[1.206s] -- Up-to-date: /home/student/ros_ws/RosSystem/install/lift_interfaces/include/lift_interfaces/lift_interfaces
[1.206s] -- Up-to-date: /home/student/ros_ws/RosSystem/install/lift_interfaces/include/lift_interfaces/lift_interfaces/action
[1.206s] -- Up-to-date: /home/student/ros_ws/RosSystem/install/lift_interfaces/include/lift_interfaces/lift_interfaces/action/detail
[1.206s] -- Up-to-date: /home/student/ros_ws/RosSystem/install/lift_interfaces/include/lift_interfaces/lift_interfaces/action/detail/move_lift__rosidl_typesupport_introspection_c.h
[1.206s] -- Up-to-date: /home/student/ros_ws/RosSystem/install/lift_interfaces/include/lift_interfaces/lift_interfaces/action/detail/move_lift__type_support.c
[1.206s] -- Up-to-date: /home/student/ros_ws/RosSystem/install/lift_interfaces/include/lift_interfaces/lift_interfaces/msg
[1.206s] -- Up-to-date: /home/student/ros_ws/RosSystem/install/lift_interfaces/include/lift_interfaces/lift_interfaces/msg/rosidl_typesupport_introspection_c__visibility_control.h
[1.206s] -- Up-to-date: /home/student/ros_ws/RosSystem/install/lift_interfaces/include/lift_interfaces/lift_interfaces/srv
[1.206s] -- Up-to-date: /home/student/ros_ws/RosSystem/install/lift_interfaces/include/lift_interfaces/lift_interfaces/srv/detail
[1.206s] -- Up-to-date: /home/student/ros_ws/RosSystem/install/lift_interfaces/include/lift_interfaces/lift_interfaces/srv/detail/position_lift__rosidl_typesupport_introspection_c.h
[1.207s] -- Up-to-date: /home/student/ros_ws/RosSystem/install/lift_interfaces/include/lift_interfaces/lift_interfaces/srv/detail/position_lift__type_support.c
[1.207s] -- Up-to-date: /home/student/ros_ws/RosSystem/install/lift_interfaces/lib/liblift_interfaces__rosidl_typesupport_introspection_c.so
[1.207s] -- Up-to-date: /home/student/ros_ws/RosSystem/install/lift_interfaces/lib/liblift_interfaces__rosidl_typesupport_c.so
[1.207s] -- Up-to-date: /home/student/ros_ws/RosSystem/install/lift_interfaces/include/lift_interfaces/lift_interfaces
[1.207s] -- Up-to-date: /home/student/ros_ws/RosSystem/install/lift_interfaces/include/lift_interfaces/lift_interfaces/action
[1.207s] -- Up-to-date: /home/student/ros_ws/RosSystem/install/lift_interfaces/include/lift_interfaces/lift_interfaces/action/move_lift.hpp
[1.207s] -- Up-to-date: /home/student/ros_ws/RosSystem/install/lift_interfaces/include/lift_interfaces/lift_interfaces/action/detail
[1.207s] -- Up-to-date: /home/student/ros_ws/RosSystem/install/lift_interfaces/include/lift_interfaces/lift_interfaces/action/detail/move_lift__traits.hpp
[1.207s] -- Up-to-date: /home/student/ros_ws/RosSystem/install/lift_interfaces/include/lift_interfaces/lift_interfaces/action/detail/move_lift__struct.hpp
[1.207s] -- Up-to-date: /home/student/ros_ws/RosSystem/install/lift_interfaces/include/lift_interfaces/lift_interfaces/action/detail/move_lift__builder.hpp
[1.207s] -- Up-to-date: /home/student/ros_ws/RosSystem/install/lift_interfaces/include/lift_interfaces/lift_interfaces/srv
[1.207s] -- Up-to-date: /home/student/ros_ws/RosSystem/install/lift_interfaces/include/lift_interfaces/lift_interfaces/srv/position_lift.hpp
[1.207s] -- Up-to-date: /home/student/ros_ws/RosSystem/install/lift_interfaces/include/lift_interfaces/lift_interfaces/srv/detail
[1.207s] -- Up-to-date: /home/student/ros_ws/RosSystem/install/lift_interfaces/include/lift_interfaces/lift_interfaces/srv/detail/position_lift__struct.hpp
[1.207s] -- Up-to-date: /home/student/ros_ws/RosSystem/install/lift_interfaces/include/lift_interfaces/lift_interfaces/srv/detail/position_lift__traits.hpp
[1.208s] -- Up-to-date: /home/student/ros_ws/RosSystem/install/lift_interfaces/include/lift_interfaces/lift_interfaces/srv/detail/position_lift__builder.hpp
[1.208s] -- Up-to-date: /home/student/ros_ws/RosSystem/install/lift_interfaces/include/lift_interfaces/lift_interfaces
[1.208s] -- Up-to-date: /home/student/ros_ws/RosSystem/install/lift_interfaces/include/lift_interfaces/lift_interfaces/action
[1.208s] -- Up-to-date: /home/student/ros_ws/RosSystem/install/lift_interfaces/include/lift_interfaces/lift_interfaces/action/detail
[1.208s] -- Up-to-date: /home/student/ros_ws/RosSystem/install/lift_interfaces/include/lift_interfaces/lift_interfaces/action/detail/dds_fastrtps
[1.208s] -- Up-to-date: /home/student/ros_ws/RosSystem/install/lift_interfaces/include/lift_interfaces/lift_interfaces/action/detail/move_lift__rosidl_typesupport_fastrtps_cpp.hpp
[1.208s] -- Up-to-date: /home/student/ros_ws/RosSystem/install/lift_interfaces/include/lift_interfaces/lift_interfaces/msg
[1.208s] -- Up-to-date: /home/student/ros_ws/RosSystem/install/lift_interfaces/include/lift_interfaces/lift_interfaces/msg/rosidl_typesupport_fastrtps_cpp__visibility_control.h
[1.208s] -- Up-to-date: /home/student/ros_ws/RosSystem/install/lift_interfaces/include/lift_interfaces/lift_interfaces/srv
[1.208s] -- Up-to-date: /home/student/ros_ws/RosSystem/install/lift_interfaces/include/lift_interfaces/lift_interfaces/srv/detail
[1.208s] -- Up-to-date: /home/student/ros_ws/RosSystem/install/lift_interfaces/include/lift_interfaces/lift_interfaces/srv/detail/dds_fastrtps
[1.209s] -- Up-to-date: /home/student/ros_ws/RosSystem/install/lift_interfaces/include/lift_interfaces/lift_interfaces/srv/detail/position_lift__rosidl_typesupport_fastrtps_cpp.hpp
[1.209s] -- Up-to-date: /home/student/ros_ws/RosSystem/install/lift_interfaces/lib/liblift_interfaces__rosidl_typesupport_fastrtps_cpp.so
[1.209s] -- Up-to-date: /home/student/ros_ws/RosSystem/install/lift_interfaces/include/lift_interfaces/lift_interfaces
[1.209s] -- Up-to-date: /home/student/ros_ws/RosSystem/install/lift_interfaces/include/lift_interfaces/lift_interfaces/action
[1.209s] -- Up-to-date: /home/student/ros_ws/RosSystem/install/lift_interfaces/include/lift_interfaces/lift_interfaces/action/detail
[1.209s] -- Up-to-date: /home/student/ros_ws/RosSystem/install/lift_interfaces/include/lift_interfaces/lift_interfaces/action/detail/move_lift__rosidl_typesupport_introspection_cpp.hpp
[1.209s] -- Up-to-date: /home/student/ros_ws/RosSystem/install/lift_interfaces/include/lift_interfaces/lift_interfaces/action/detail/move_lift__type_support.cpp
[1.209s] -- Up-to-date: /home/student/ros_ws/RosSystem/install/lift_interfaces/include/lift_interfaces/lift_interfaces/srv
[1.209s] -- Up-to-date: /home/student/ros_ws/RosSystem/install/lift_interfaces/include/lift_interfaces/lift_interfaces/srv/detail
[1.209s] -- Up-to-date: /home/student/ros_ws/RosSystem/install/lift_interfaces/include/lift_interfaces/lift_interfaces/srv/detail/position_lift__rosidl_typesupport_introspection_cpp.hpp
[1.209s] -- Up-to-date: /home/student/ros_ws/RosSystem/install/lift_interfaces/include/lift_interfaces/lift_interfaces/srv/detail/position_lift__type_support.cpp
[1.209s] -- Up-to-date: /home/student/ros_ws/RosSystem/install/lift_interfaces/lib/liblift_interfaces__rosidl_typesupport_introspection_cpp.so
[1.210s] -- Up-to-date: /home/student/ros_ws/RosSystem/install/lift_interfaces/lib/liblift_interfaces__rosidl_typesupport_cpp.so
[1.210s] -- Up-to-date: /home/student/ros_ws/RosSystem/install/lift_interfaces/share/lift_interfaces/environment/pythonpath.sh
[1.210s] -- Up-to-date: /home/student/ros_ws/RosSystem/install/lift_interfaces/share/lift_interfaces/environment/pythonpath.dsv
[1.210s] -- Up-to-date: /home/student/ros_ws/RosSystem/install/lift_interfaces/local/lib/python3.10/dist-packages/lift_interfaces-0.0.0-py3.10.egg-info
[1.210s] -- Installing: /home/student/ros_ws/RosSystem/install/lift_interfaces/local/lib/python3.10/dist-packages/lift_interfaces-0.0.0-py3.10.egg-info/top_level.txt
[1.210s] -- Installing: /home/student/ros_ws/RosSystem/install/lift_interfaces/local/lib/python3.10/dist-packages/lift_interfaces-0.0.0-py3.10.egg-info/dependency_links.txt
[1.210s] -- Installing: /home/student/ros_ws/RosSystem/install/lift_interfaces/local/lib/python3.10/dist-packages/lift_interfaces-0.0.0-py3.10.egg-info/SOURCES.txt
[1.210s] -- Installing: /home/student/ros_ws/RosSystem/install/lift_interfaces/local/lib/python3.10/dist-packages/lift_interfaces-0.0.0-py3.10.egg-info/PKG-INFO
[1.210s] -- Up-to-date: /home/student/ros_ws/RosSystem/install/lift_interfaces/local/lib/python3.10/dist-packages/lift_interfaces
[1.210s] -- Up-to-date: /home/student/ros_ws/RosSystem/install/lift_interfaces/local/lib/python3.10/dist-packages/lift_interfaces/lift_interfaces_s__rosidl_typesupport_c.cpython-310-x86_64-linux-gnu.so
[1.210s] -- Up-to-date: /home/student/ros_ws/RosSystem/install/lift_interfaces/local/lib/python3.10/dist-packages/lift_interfaces/action
[1.210s] -- Up-to-date: /home/student/ros_ws/RosSystem/install/lift_interfaces/local/lib/python3.10/dist-packages/lift_interfaces/action/_move_lift.py
[1.211s] -- Up-to-date: /home/student/ros_ws/RosSystem/install/lift_interfaces/local/lib/python3.10/dist-packages/lift_interfaces/action/_move_lift_s.c
[1.211s] -- Up-to-date: /home/student/ros_ws/RosSystem/install/lift_interfaces/local/lib/python3.10/dist-packages/lift_interfaces/action/__init__.py
[1.211s] -- Up-to-date: /home/student/ros_ws/RosSystem/install/lift_interfaces/local/lib/python3.10/dist-packages/lift_interfaces/liblift_interfaces__rosidl_generator_py.so
[1.211s] -- Up-to-date: /home/student/ros_ws/RosSystem/install/lift_interfaces/local/lib/python3.10/dist-packages/lift_interfaces/_lift_interfaces_s.ep.rosidl_typesupport_introspection_c.c
[1.211s] -- Up-to-date: /home/student/ros_ws/RosSystem/install/lift_interfaces/local/lib/python3.10/dist-packages/lift_interfaces/srv
[1.211s] -- Up-to-date: /home/student/ros_ws/RosSystem/install/lift_interfaces/local/lib/python3.10/dist-packages/lift_interfaces/srv/_position_lift.py
[1.211s] -- Up-to-date: /home/student/ros_ws/RosSystem/install/lift_interfaces/local/lib/python3.10/dist-packages/lift_interfaces/srv/_position_lift_s.c
[1.211s] -- Up-to-date: /home/student/ros_ws/RosSystem/install/lift_interfaces/local/lib/python3.10/dist-packages/lift_interfaces/srv/__init__.py
[1.211s] -- Up-to-date: /home/student/ros_ws/RosSystem/install/lift_interfaces/local/lib/python3.10/dist-packages/lift_interfaces/lift_interfaces_s__rosidl_typesupport_introspection_c.cpython-310-x86_64-linux-gnu.so
[1.211s] -- Up-to-date: /home/student/ros_ws/RosSystem/install/lift_interfaces/local/lib/python3.10/dist-packages/lift_interfaces/_lift_interfaces_s.ep.rosidl_typesupport_fastrtps_c.c
[1.211s] -- Up-to-date: /home/student/ros_ws/RosSystem/install/lift_interfaces/local/lib/python3.10/dist-packages/lift_interfaces/_lift_interfaces_s.ep.rosidl_typesupport_c.c
[1.212s] -- Up-to-date: /home/student/ros_ws/RosSystem/install/lift_interfaces/local/lib/python3.10/dist-packages/lift_interfaces/lift_interfaces_s__rosidl_typesupport_fastrtps_c.cpython-310-x86_64-linux-gnu.so
[1.212s] -- Up-to-date: /home/student/ros_ws/RosSystem/install/lift_interfaces/local/lib/python3.10/dist-packages/lift_interfaces/__init__.py
[1.247s] Listing '/home/student/ros_ws/RosSystem/install/lift_interfaces/local/lib/python3.10/dist-packages/lift_interfaces'...
[1.248s] Listing '/home/student/ros_ws/RosSystem/install/lift_interfaces/local/lib/python3.10/dist-packages/lift_interfaces/action'...
[1.248s] Listing '/home/student/ros_ws/RosSystem/install/lift_interfaces/local/lib/python3.10/dist-packages/lift_interfaces/srv'...
[1.253s] -- Up-to-date: /home/student/ros_ws/RosSystem/install/lift_interfaces/local/lib/python3.10/dist-packages/lift_interfaces/lift_interfaces_s__rosidl_typesupport_fastrtps_c.cpython-310-x86_64-linux-gnu.so
[1.254s] -- Up-to-date: /home/student/ros_ws/RosSystem/install/lift_interfaces/local/lib/python3.10/dist-packages/lift_interfaces/lift_interfaces_s__rosidl_typesupport_introspection_c.cpython-310-x86_64-linux-gnu.so
[1.254s] -- Up-to-date: /home/student/ros_ws/RosSystem/install/lift_interfaces/local/lib/python3.10/dist-packages/lift_interfaces/lift_interfaces_s__rosidl_typesupport_c.cpython-310-x86_64-linux-gnu.so
[1.254s] -- Up-to-date: /home/student/ros_ws/RosSystem/install/lift_interfaces/lib/liblift_interfaces__rosidl_generator_py.so
[1.254s] -- Up-to-date: /home/student/ros_ws/RosSystem/install/lift_interfaces/share/lift_interfaces/action/MoveLift.idl
[1.255s] -- Up-to-date: /home/student/ros_ws/RosSystem/install/lift_interfaces/share/lift_interfaces/srv/PositionLift.idl
[1.255s] -- Up-to-date: /home/student/ros_ws/RosSystem/install/lift_interfaces/share/lift_interfaces/action/MoveLift.action
[1.255s] -- Up-to-date: /home/student/ros_ws/RosSystem/install/lift_interfaces/share/lift_interfaces/srv/PositionLift.srv
[1.255s] -- Up-to-date: /home/student/ros_ws/RosSystem/install/lift_interfaces/share/lift_interfaces/srv/PositionLift_Request.msg
[1.255s] -- Up-to-date: /home/student/ros_ws/RosSystem/install/lift_interfaces/share/lift_interfaces/srv/PositionLift_Response.msg
[1.255s] -- Up-to-date: /home/student/ros_ws/RosSystem/install/lift_interfaces/share/ament_index/resource_index/package_run_dependencies/lift_interfaces
[1.255s] -- Up-to-date: /home/student/ros_ws/RosSystem/install/lift_interfaces/share/ament_index/resource_index/parent_prefix_path/lift_interfaces
[1.255s] -- Up-to-date: /home/student/ros_ws/RosSystem/install/lift_interfaces/share/lift_interfaces/environment/ament_prefix_path.sh
[1.255s] -- Up-to-date: /home/student/ros_ws/RosSystem/install/lift_interfaces/share/lift_interfaces/environment/ament_prefix_path.dsv
[1.255s] -- Up-to-date: /home/student/ros_ws/RosSystem/install/lift_interfaces/share/lift_interfaces/environment/path.sh
[1.255s] -- Up-to-date: /home/student/ros_ws/RosSystem/install/lift_interfaces/share/lift_interfaces/environment/path.dsv
[1.255s] -- Up-to-date: /home/student/ros_ws/RosSystem/install/lift_interfaces/share/lift_interfaces/local_setup.bash
[1.256s] -- Up-to-date: /home/student/ros_ws/RosSystem/install/lift_interfaces/share/lift_interfaces/local_setup.sh
[1.256s] -- Up-to-date: /home/student/ros_ws/RosSystem/install/lift_interfaces/share/lift_interfaces/local_setup.zsh
[1.256s] -- Up-to-date: /home/student/ros_ws/RosSystem/install/lift_interfaces/share/lift_interfaces/local_setup.dsv
[1.256s] -- Installing: /home/student/ros_ws/RosSystem/install/lift_interfaces/share/lift_interfaces/package.dsv
[1.256s] -- Up-to-date: /home/student/ros_ws/RosSystem/install/lift_interfaces/share/ament_index/resource_index/packages/lift_interfaces
[1.256s] -- Up-to-date: /home/student/ros_ws/RosSystem/install/lift_interfaces/share/lift_interfaces/cmake/export_lift_interfaces__rosidl_generator_cExport.cmake
[1.256s] -- Up-to-date: /home/student/ros_ws/RosSystem/install/lift_interfaces/share/lift_interfaces/cmake/export_lift_interfaces__rosidl_generator_cExport-noconfig.cmake
[1.256s] -- Up-to-date: /home/student/ros_ws/RosSystem/install/lift_interfaces/share/lift_interfaces/cmake/export_lift_interfaces__rosidl_typesupport_fastrtps_cExport.cmake
[1.256s] -- Up-to-date: /home/student/ros_ws/RosSystem/install/lift_interfaces/share/lift_interfaces/cmake/export_lift_interfaces__rosidl_typesupport_fastrtps_cExport-noconfig.cmake
[1.256s] -- Up-to-date: /home/student/ros_ws/RosSystem/install/lift_interfaces/share/lift_interfaces/cmake/lift_interfaces__rosidl_typesupport_introspection_cExport.cmake
[1.256s] -- Up-to-date: /home/student/ros_ws/RosSystem/install/lift_interfaces/share/lift_interfaces/cmake/lift_interfaces__rosidl_typesupport_introspection_cExport-noconfig.cmake
[1.256s] -- Up-to-date: /home/student/ros_ws/RosSystem/install/lift_interfaces/share/lift_interfaces/cmake/lift_interfaces__rosidl_typesupport_cExport.cmake
[1.256s] -- Up-to-date: /home/student/ros_ws/RosSystem/install/lift_interfaces/share/lift_interfaces/cmake/lift_interfaces__rosidl_typesupport_cExport-noconfig.cmake
[1.256s] -- Up-to-date: /home/student/ros_ws/RosSystem/install/lift_interfaces/share/lift_interfaces/cmake/export_lift_interfaces__rosidl_generator_cppExport.cmake
[1.257s] -- Up-to-date: /home/student/ros_ws/RosSystem/install/lift_interfaces/share/lift_interfaces/cmake/export_lift_interfaces__rosidl_typesupport_fastrtps_cppExport.cmake
[1.257s] -- Up-to-date: /home/student/ros_ws/RosSystem/install/lift_interfaces/share/lift_interfaces/cmake/export_lift_interfaces__rosidl_typesupport_fastrtps_cppExport-noconfig.cmake
[1.257s] -- Up-to-date: /home/student/ros_ws/RosSystem/install/lift_interfaces/share/lift_interfaces/cmake/lift_interfaces__rosidl_typesupport_introspection_cppExport.cmake
[1.257s] -- Up-to-date: /home/student/ros_ws/RosSystem/install/lift_interfaces/share/lift_interfaces/cmake/lift_interfaces__rosidl_typesupport_introspection_cppExport-noconfig.cmake
[1.257s] -- Up-to-date: /home/student/ros_ws/RosSystem/install/lift_interfaces/share/lift_interfaces/cmake/lift_interfaces__rosidl_typesupport_cppExport.cmake
[1.257s] -- Up-to-date: /home/student/ros_ws/RosSystem/install/lift_interfaces/share/lift_interfaces/cmake/lift_interfaces__rosidl_typesupport_cppExport-noconfig.cmake
[1.257s] -- Up-to-date: /home/student/ros_ws/RosSystem/install/lift_interfaces/share/lift_interfaces/cmake/export_lift_interfaces__rosidl_generator_pyExport.cmake
[1.257s] -- Up-to-date: /home/student/ros_ws/RosSystem/install/lift_interfaces/share/lift_interfaces/cmake/export_lift_interfaces__rosidl_generator_pyExport-noconfig.cmake
[1.257s] -- Up-to-date: /home/student/ros_ws/RosSystem/install/lift_interfaces/share/lift_interfaces/cmake/rosidl_cmake-extras.cmake
[1.257s] -- Up-to-date: /home/student/ros_ws/RosSystem/install/lift_interfaces/share/lift_interfaces/cmake/ament_cmake_export_dependencies-extras.cmake
[1.258s] -- Up-to-date: /home/student/ros_ws/RosSystem/install/lift_interfaces/share/lift_interfaces/cmake/ament_cmake_export_include_directories-extras.cmake
[1.258s] -- Up-to-date: /home/student/ros_ws/RosSystem/install/lift_interfaces/share/lift_interfaces/cmake/ament_cmake_export_libraries-extras.cmake
[1.258s] -- Up-to-date: /home/student/ros_ws/RosSystem/install/lift_interfaces/share/lift_interfaces/cmake/ament_cmake_export_targets-extras.cmake
[1.258s] -- Up-to-date: /home/student/ros_ws/RosSystem/install/lift_interfaces/share/lift_interfaces/cmake/rosidl_cmake_export_typesupport_targets-extras.cmake
[1.258s] -- Up-to-date: /home/student/ros_ws/RosSystem/install/lift_interfaces/share/lift_interfaces/cmake/rosidl_cmake_export_typesupport_libraries-extras.cmake
[1.258s] -- Up-to-date: /home/student/ros_ws/RosSystem/install/lift_interfaces/share/lift_interfaces/cmake/lift_interfacesConfig.cmake
[1.258s] -- Up-to-date: /home/student/ros_ws/RosSystem/install/lift_interfaces/share/lift_interfaces/cmake/lift_interfacesConfig-version.cmake
[1.258s] -- Up-to-date: /home/student/ros_ws/RosSystem/install/lift_interfaces/share/lift_interfaces/package.xml
[1.261s] Invoked command in '/home/student/ros_ws/RosSystem/build/lift_interfaces' returned '0': CMAKE_PREFIX_PATH=${CMAKE_PREFIX_PATH}:/home/student/ws_moveit2/install/moveit_configs_utils:/home/student/ws_moveit2/install/launch_param_builder:/home/student/ros_ws/RosSystem/install/platform_lift:/home/student/ros_ws/RosSystem/install/beckhoff:/opt/ros/humble /usr/bin/cmake --install /home/student/ros_ws/RosSystem/build/lift_interfaces
