[0.283s] Invoking command in '/home/student/ros_ws/RosSystem/build/beckhoff_interfaces': CMAKE_PREFIX_PATH=${CMAKE_PREFIX_PATH}:/home/student/ws_moveit2/install/moveit_configs_utils:/home/student/ws_moveit2/install/launch_param_builder:/home/student/ros_ws/RosSystem/install/urdf_robot:/home/student/ros_ws/RosSystem/install/beckhoff:/opt/ros/humble /usr/bin/cmake --build /home/student/ros_ws/RosSystem/build/beckhoff_interfaces -- -j16 -l16
[0.389s] [  2%] Built target beckhoff_interfaces__cpp
[0.394s] [ 12%] Built target beckhoff_interfaces__rosidl_generator_c
[0.413s] [ 12%] Built target ament_cmake_python_copy_beckhoff_interfaces
[0.457s] [ 34%] Built target beckhoff_interfaces__rosidl_typesupport_cpp
[0.457s] [ 34%] Built target beckhoff_interfaces__rosidl_typesupport_fastrtps_cpp
[0.461s] [ 55%] Built target beckhoff_interfaces__rosidl_typesupport_c
[0.461s] [ 55%] Built target beckhoff_interfaces__rosidl_typesupport_introspection_c
[0.462s] [ 65%] Built target beckhoff_interfaces__rosidl_typesupport_introspection_cpp
[0.464s] [ 76%] Built target beckhoff_interfaces__rosidl_typesupport_fastrtps_c
[0.508s] [ 76%] Built target beckhoff_interfaces
[0.556s] [ 78%] Built target beckhoff_interfaces__py
[0.602s] [ 87%] Built target beckhoff_interfaces__rosidl_generator_py
[0.650s] [ 95%] Built target beckhoff_interfaces__rosidl_typesupport_fastrtps_c__pyext
[0.650s] [ 95%] Built target beckhoff_interfaces__rosidl_typesupport_c__pyext
[0.652s] [100%] Built target beckhoff_interfaces__rosidl_typesupport_introspection_c__pyext
[0.711s] running egg_info
[0.712s] writing beckhoff_interfaces.egg-info/PKG-INFO
[0.712s] writing dependency_links to beckhoff_interfaces.egg-info/dependency_links.txt
[0.713s] writing top-level names to beckhoff_interfaces.egg-info/top_level.txt
[0.715s] reading manifest file 'beckhoff_interfaces.egg-info/SOURCES.txt'
[0.716s] writing manifest file 'beckhoff_interfaces.egg-info/SOURCES.txt'
[0.769s] [100%] Built target ament_cmake_python_build_beckhoff_interfaces_egg
