[  1%] Built target beckhoff_interfaces__cpp
[ 12%] Built target beckhoff_interfaces__rosidl_generator_c
[ 12%] Built target ament_cmake_python_copy_beckhoff_interfaces
[ 23%] Built target beckhoff_interfaces__rosidl_typesupport_cpp
[ 34%] Built target beckhoff_interfaces__rosidl_typesupport_introspection_cpp
[ 46%] Built target beckhoff_interfaces__rosidl_typesupport_fastrtps_cpp
[ 57%] Built target beckhoff_interfaces__rosidl_typesupport_introspection_c
[ 68%] Built target beckhoff_interfaces__rosidl_typesupport_fastrtps_c
[ 79%] Built target beckhoff_interfaces__rosidl_typesupport_c
[ 79%] Built target beckhoff_interfaces
[ 80%] Built target beckhoff_interfaces__py
[ 90%] Built target beckhoff_interfaces__rosidl_generator_py
[ 93%] Built target beckhoff_interfaces__rosidl_typesupport_fastrtps_c__pyext
[ 96%] Built target beckhoff_interfaces__rosidl_typesupport_introspection_c__pyext
[100%] Built target beckhoff_interfaces__rosidl_typesupport_c__pyext
running egg_info
writing beckhoff_interfaces.egg-info/PKG-INFO
writing dependency_links to beckhoff_interfaces.egg-info/dependency_links.txt
writing top-level names to beckhoff_interfaces.egg-info/top_level.txt
reading manifest file 'beckhoff_interfaces.egg-info/SOURCES.txt'
writing manifest file 'beckhoff_interfaces.egg-info/SOURCES.txt'
[100%] Built target ament_cmake_python_build_beckhoff_interfaces_egg
