[0.272s] Invoking command in '/home/student/ros_ws/RosSystem/build/beckhoff_interfaces': CMAKE_PREFIX_PATH=${CMAKE_PREFIX_PATH}:/home/student/ros_ws/RosSystem/install/platform_lift:/home/student/ws_moveit2/install/moveit_configs_utils:/home/student/ws_moveit2/install/launch_param_builder:/home/student/ros_ws/RosSystem/install/beckhoff:/opt/ros/humble /usr/bin/cmake --build /home/student/ros_ws/RosSystem/build/beckhoff_interfaces -- -j16 -l16
[0.374s] [  1%] Built target beckhoff_interfaces__cpp
[0.378s] [ 12%] Built target beckhoff_interfaces__rosidl_generator_c
[0.410s] [ 12%] Built target ament_cmake_python_copy_beckhoff_interfaces
[0.445s] [ 23%] Built target beckhoff_interfaces__rosidl_typesupport_cpp
[0.448s] [ 34%] Built target beckhoff_interfaces__rosidl_typesupport_introspection_cpp
[0.452s] [ 46%] Built target beckhoff_interfaces__rosidl_typesupport_fastrtps_cpp
[0.456s] [ 57%] Built target beckhoff_interfaces__rosidl_typesupport_introspection_c
[0.457s] [ 68%] Built target beckhoff_interfaces__rosidl_typesupport_fastrtps_c
[0.458s] [ 79%] Built target beckhoff_interfaces__rosidl_typesupport_c
[0.504s] [ 79%] Built target beckhoff_interfaces
[0.551s] [ 80%] Built target beckhoff_interfaces__py
[0.605s] [ 90%] Built target beckhoff_interfaces__rosidl_generator_py
[0.666s] [ 93%] Built target beckhoff_interfaces__rosidl_typesupport_fastrtps_c__pyext
[0.669s] [ 96%] Built target beckhoff_interfaces__rosidl_typesupport_introspection_c__pyext
[0.670s] [100%] Built target beckhoff_interfaces__rosidl_typesupport_c__pyext
[0.727s] running egg_info
[0.728s] writing beckhoff_interfaces.egg-info/PKG-INFO
[0.728s] writing dependency_links to beckhoff_interfaces.egg-info/dependency_links.txt
[0.729s] writing top-level names to beckhoff_interfaces.egg-info/top_level.txt
[0.731s] reading manifest file 'beckhoff_interfaces.egg-info/SOURCES.txt'
[0.732s] writing manifest file 'beckhoff_interfaces.egg-info/SOURCES.txt'
[0.783s] [100%] Built target ament_cmake_python_build_beckhoff_interfaces_egg
