[0.588s] Invoking command in '/home/student/ros_ws/RosSystem/src/beckhoff': PYTHONPATH=/home/student/ros_ws/RosSystem/build/beckhoff/prefix_override:/home/student/ros_ws/RosSystem/install/beckhoff/lib/python3.10/site-packages:${PYTHONPATH} /usr/bin/python3 -W ignore:setup.py install is deprecated setup.py egg_info --egg-base ../../build/beckhoff build --build-base /home/student/ros_ws/RosSystem/build/beckhoff/build install --record /home/student/ros_ws/RosSystem/build/beckhoff/install.log --single-version-externally-managed install_data
[0.811s] running egg_info
[0.812s] creating ../../build/beckhoff/beckhoff.egg-info
[0.812s] writing ../../build/beckhoff/beckhoff.egg-info/PKG-INFO
[0.813s] writing dependency_links to ../../build/beckhoff/beckhoff.egg-info/dependency_links.txt
[0.813s] writing entry points to ../../build/beckhoff/beckhoff.egg-info/entry_points.txt
[0.813s] writing requirements to ../../build/beckhoff/beckhoff.egg-info/requires.txt
[0.813s] writing top-level names to ../../build/beckhoff/beckhoff.egg-info/top_level.txt
[0.814s] writing manifest file '../../build/beckhoff/beckhoff.egg-info/SOURCES.txt'
[0.816s] reading manifest file '../../build/beckhoff/beckhoff.egg-info/SOURCES.txt'
[0.816s] adding license file 'LICENSE'
[0.817s] writing manifest file '../../build/beckhoff/beckhoff.egg-info/SOURCES.txt'
[0.817s] running build
[0.817s] running build_py
[0.817s] creating /home/student/ros_ws/RosSystem/build/beckhoff/build
[0.817s] creating /home/student/ros_ws/RosSystem/build/beckhoff/build/lib
[0.817s] creating /home/student/ros_ws/RosSystem/build/beckhoff/build/lib/beckhoff
[0.817s] copying beckhoff/command.py -> /home/student/ros_ws/RosSystem/build/beckhoff/build/lib/beckhoff
[0.818s] copying beckhoff/Communication.py -> /home/student/ros_ws/RosSystem/build/beckhoff/build/lib/beckhoff
[0.818s] copying beckhoff/listenerPos.py -> /home/student/ros_ws/RosSystem/build/beckhoff/build/lib/beckhoff
[0.818s] copying beckhoff/cinematicRobot.py -> /home/student/ros_ws/RosSystem/build/beckhoff/build/lib/beckhoff
[0.818s] copying beckhoff/cinematicCommand.py -> /home/student/ros_ws/RosSystem/build/beckhoff/build/lib/beckhoff
[0.818s] copying beckhoff/__init__.py -> /home/student/ros_ws/RosSystem/build/beckhoff/build/lib/beckhoff
[0.818s] running install
[0.819s] running install_lib
[0.820s] creating /home/student/ros_ws/RosSystem/install/beckhoff/lib/python3.10/site-packages/beckhoff
[0.820s] copying /home/student/ros_ws/RosSystem/build/beckhoff/build/lib/beckhoff/command.py -> /home/student/ros_ws/RosSystem/install/beckhoff/lib/python3.10/site-packages/beckhoff
[0.820s] copying /home/student/ros_ws/RosSystem/build/beckhoff/build/lib/beckhoff/Communication.py -> /home/student/ros_ws/RosSystem/install/beckhoff/lib/python3.10/site-packages/beckhoff
[0.820s] copying /home/student/ros_ws/RosSystem/build/beckhoff/build/lib/beckhoff/listenerPos.py -> /home/student/ros_ws/RosSystem/install/beckhoff/lib/python3.10/site-packages/beckhoff
[0.820s] copying /home/student/ros_ws/RosSystem/build/beckhoff/build/lib/beckhoff/cinematicRobot.py -> /home/student/ros_ws/RosSystem/install/beckhoff/lib/python3.10/site-packages/beckhoff
[0.820s] copying /home/student/ros_ws/RosSystem/build/beckhoff/build/lib/beckhoff/cinematicCommand.py -> /home/student/ros_ws/RosSystem/install/beckhoff/lib/python3.10/site-packages/beckhoff
[0.820s] copying /home/student/ros_ws/RosSystem/build/beckhoff/build/lib/beckhoff/__init__.py -> /home/student/ros_ws/RosSystem/install/beckhoff/lib/python3.10/site-packages/beckhoff
[0.821s] byte-compiling /home/student/ros_ws/RosSystem/install/beckhoff/lib/python3.10/site-packages/beckhoff/command.py to command.cpython-310.pyc
[0.822s] byte-compiling /home/student/ros_ws/RosSystem/install/beckhoff/lib/python3.10/site-packages/beckhoff/Communication.py to Communication.cpython-310.pyc
[0.823s] byte-compiling /home/student/ros_ws/RosSystem/install/beckhoff/lib/python3.10/site-packages/beckhoff/listenerPos.py to listenerPos.cpython-310.pyc
[0.823s] byte-compiling /home/student/ros_ws/RosSystem/install/beckhoff/lib/python3.10/site-packages/beckhoff/cinematicRobot.py to cinematicRobot.cpython-310.pyc
[0.824s] byte-compiling /home/student/ros_ws/RosSystem/install/beckhoff/lib/python3.10/site-packages/beckhoff/cinematicCommand.py to cinematicCommand.cpython-310.pyc
[0.824s] byte-compiling /home/student/ros_ws/RosSystem/install/beckhoff/lib/python3.10/site-packages/beckhoff/__init__.py to __init__.cpython-310.pyc
[0.825s] running install_data
[0.825s] creating /home/student/ros_ws/RosSystem/install/beckhoff/share/ament_index
[0.825s] creating /home/student/ros_ws/RosSystem/install/beckhoff/share/ament_index/resource_index
[0.825s] creating /home/student/ros_ws/RosSystem/install/beckhoff/share/ament_index/resource_index/packages
[0.825s] copying resource/beckhoff -> /home/student/ros_ws/RosSystem/install/beckhoff/share/ament_index/resource_index/packages
[0.825s] copying package.xml -> /home/student/ros_ws/RosSystem/install/beckhoff/share/beckhoff
[0.825s] running install_egg_info
[0.828s] Copying ../../build/beckhoff/beckhoff.egg-info to /home/student/ros_ws/RosSystem/install/beckhoff/lib/python3.10/site-packages/beckhoff-0.0.0-py3.10.egg-info
[0.829s] running install_scripts
[0.848s] Installing Communication script to /home/student/ros_ws/RosSystem/install/beckhoff/lib/beckhoff
[0.848s] Installing command script to /home/student/ros_ws/RosSystem/install/beckhoff/lib/beckhoff
[0.848s] Installing listener script to /home/student/ros_ws/RosSystem/install/beckhoff/lib/beckhoff
[0.848s] writing list of installed files to '/home/student/ros_ws/RosSystem/build/beckhoff/install.log'
[0.882s] Invoked command in '/home/student/ros_ws/RosSystem/src/beckhoff' returned '0': PYTHONPATH=/home/student/ros_ws/RosSystem/build/beckhoff/prefix_override:/home/student/ros_ws/RosSystem/install/beckhoff/lib/python3.10/site-packages:${PYTHONPATH} /usr/bin/python3 -W ignore:setup.py install is deprecated setup.py egg_info --egg-base ../../build/beckhoff build --build-base /home/student/ros_ws/RosSystem/build/beckhoff/build install --record /home/student/ros_ws/RosSystem/build/beckhoff/install.log --single-version-externally-managed install_data
