[1.112s] Invoking command in '/home/student/ros_ws/RosSystem/src/moveit_command': PYTHONPATH=/home/student/ros_ws/RosSystem/build/moveit_command/prefix_override:/home/student/ros_ws/RosSystem/install/moveit_command/lib/python3.10/site-packages:${PYTHONPATH} /usr/bin/python3 -W ignore:setup.py install is deprecated setup.py egg_info --egg-base ../../build/moveit_command build --build-base /home/student/ros_ws/RosSystem/build/moveit_command/build install --record /home/student/ros_ws/RosSystem/build/moveit_command/install.log --single-version-externally-managed install_data
[1.365s] running egg_info
[1.365s] writing ../../build/moveit_command/moveit_command.egg-info/PKG-INFO
[1.366s] writing dependency_links to ../../build/moveit_command/moveit_command.egg-info/dependency_links.txt
[1.366s] writing entry points to ../../build/moveit_command/moveit_command.egg-info/entry_points.txt
[1.366s] writing requirements to ../../build/moveit_command/moveit_command.egg-info/requires.txt
[1.366s] writing top-level names to ../../build/moveit_command/moveit_command.egg-info/top_level.txt
[1.369s] reading manifest file '../../build/moveit_command/moveit_command.egg-info/SOURCES.txt'
[1.369s] adding license file 'LICENSE'
[1.370s] writing manifest file '../../build/moveit_command/moveit_command.egg-info/SOURCES.txt'
[1.370s] running build
[1.370s] running build_py
[1.370s] copying moveit_command/moveit_command.py -> /home/student/ros_ws/RosSystem/build/moveit_command/build/lib/moveit_command
[1.371s] running install
[1.371s] running install_lib
[1.372s] copying /home/student/ros_ws/RosSystem/build/moveit_command/build/lib/moveit_command/moveit_command.py -> /home/student/ros_ws/RosSystem/install/moveit_command/lib/python3.10/site-packages/moveit_command
[1.373s] byte-compiling /home/student/ros_ws/RosSystem/install/moveit_command/lib/python3.10/site-packages/moveit_command/moveit_command.py to moveit_command.cpython-310.pyc
[1.375s] running install_data
[1.375s] copying package.xml -> /home/student/ros_ws/RosSystem/install/moveit_command/share/moveit_command
[1.375s] running install_egg_info
[1.381s] removing '/home/student/ros_ws/RosSystem/install/moveit_command/lib/python3.10/site-packages/moveit_command-0.0.0-py3.10.egg-info' (and everything under it)
[1.381s] Copying ../../build/moveit_command/moveit_command.egg-info to /home/student/ros_ws/RosSystem/install/moveit_command/lib/python3.10/site-packages/moveit_command-0.0.0-py3.10.egg-info
[1.382s] running install_scripts
[1.406s] Installing moveit_command script to /home/student/ros_ws/RosSystem/install/moveit_command/lib/moveit_command
[1.407s] writing list of installed files to '/home/student/ros_ws/RosSystem/build/moveit_command/install.log'
[1.460s] Invoked command in '/home/student/ros_ws/RosSystem/src/moveit_command' returned '0': PYTHONPATH=/home/student/ros_ws/RosSystem/build/moveit_command/prefix_override:/home/student/ros_ws/RosSystem/install/moveit_command/lib/python3.10/site-packages:${PYTHONPATH} /usr/bin/python3 -W ignore:setup.py install is deprecated setup.py egg_info --egg-base ../../build/moveit_command build --build-base /home/student/ros_ws/RosSystem/build/moveit_command/build install --record /home/student/ros_ws/RosSystem/build/moveit_command/install.log --single-version-externally-managed install_data
