[0.944s] Invoking command in '/home/student/ros_ws/RosSystem/src/urdf_robot': PYTHONPATH=/home/student/ros_ws/RosSystem/build/urdf_robot/prefix_override:/home/student/ros_ws/RosSystem/install/urdf_robot/lib/python3.10/site-packages:${PYTHONPATH} /usr/bin/python3 -W ignore:setup.py install is deprecated setup.py egg_info --egg-base ../../build/urdf_robot build --build-base /home/student/ros_ws/RosSystem/build/urdf_robot/build install --record /home/student/ros_ws/RosSystem/build/urdf_robot/install.log --single-version-externally-managed install_data
[1.174s] running egg_info
[1.175s] writing ../../build/urdf_robot/urdf_robot.egg-info/PKG-INFO
[1.175s] writing dependency_links to ../../build/urdf_robot/urdf_robot.egg-info/dependency_links.txt
[1.176s] writing entry points to ../../build/urdf_robot/urdf_robot.egg-info/entry_points.txt
[1.176s] writing requirements to ../../build/urdf_robot/urdf_robot.egg-info/requires.txt
[1.176s] writing top-level names to ../../build/urdf_robot/urdf_robot.egg-info/top_level.txt
[1.178s] reading manifest file '../../build/urdf_robot/urdf_robot.egg-info/SOURCES.txt'
[1.179s] adding license file 'LICENSE'
[1.180s] writing manifest file '../../build/urdf_robot/urdf_robot.egg-info/SOURCES.txt'
[1.180s] running build
[1.180s] running build_py
[1.180s] running install
[1.181s] running install_lib
[1.183s] running install_data
[1.183s] running install_egg_info
[1.187s] removing '/home/student/ros_ws/RosSystem/install/urdf_robot/lib/python3.10/site-packages/urdf_robot-0.0.0-py3.10.egg-info' (and everything under it)
[1.187s] Copying ../../build/urdf_robot/urdf_robot.egg-info to /home/student/ros_ws/RosSystem/install/urdf_robot/lib/python3.10/site-packages/urdf_robot-0.0.0-py3.10.egg-info
[1.188s] running install_scripts
[1.208s] Installing state_publisher script to /home/student/ros_ws/RosSystem/install/urdf_robot/lib/urdf_robot
[1.208s] writing list of installed files to '/home/student/ros_ws/RosSystem/build/urdf_robot/install.log'
[1.250s] Invoked command in '/home/student/ros_ws/RosSystem/src/urdf_robot' returned '0': PYTHONPATH=/home/student/ros_ws/RosSystem/build/urdf_robot/prefix_override:/home/student/ros_ws/RosSystem/install/urdf_robot/lib/python3.10/site-packages:${PYTHONPATH} /usr/bin/python3 -W ignore:setup.py install is deprecated setup.py egg_info --egg-base ../../build/urdf_robot build --build-base /home/student/ros_ws/RosSystem/build/urdf_robot/build install --record /home/student/ros_ws/RosSystem/build/urdf_robot/install.log --single-version-externally-managed install_data
