running egg_info
creating ../../build/platform_lift/platform_lift.egg-info
writing ../../build/platform_lift/platform_lift.egg-info/PKG-INFO
writing dependency_links to ../../build/platform_lift/platform_lift.egg-info/dependency_links.txt
writing entry points to ../../build/platform_lift/platform_lift.egg-info/entry_points.txt
writing requirements to ../../build/platform_lift/platform_lift.egg-info/requires.txt
writing top-level names to ../../build/platform_lift/platform_lift.egg-info/top_level.txt
writing manifest file '../../build/platform_lift/platform_lift.egg-info/SOURCES.txt'
reading manifest file '../../build/platform_lift/platform_lift.egg-info/SOURCES.txt'
adding license file 'LICENSE'
writing manifest file '../../build/platform_lift/platform_lift.egg-info/SOURCES.txt'
running build
running build_py
creating /home/student/ros_ws/RosSystem/build/platform_lift/build
creating /home/student/ros_ws/RosSystem/build/platform_lift/build/lib
creating /home/student/ros_ws/RosSystem/build/platform_lift/build/lib/platform_lift
copying platform_lift/lift_communication.py -> /home/student/ros_ws/RosSystem/build/platform_lift/build/lib/platform_lift
copying platform_lift/serial_interface.py -> /home/student/ros_ws/RosSystem/build/platform_lift/build/lib/platform_lift
copying platform_lift/serial_communication.py -> /home/student/ros_ws/RosSystem/build/platform_lift/build/lib/platform_lift
copying platform_lift/__init__.py -> /home/student/ros_ws/RosSystem/build/platform_lift/build/lib/platform_lift
running install
running install_lib
creating /home/student/ros_ws/RosSystem/install/platform_lift/lib/python3.10/site-packages/platform_lift
copying /home/student/ros_ws/RosSystem/build/platform_lift/build/lib/platform_lift/lift_communication.py -> /home/student/ros_ws/RosSystem/install/platform_lift/lib/python3.10/site-packages/platform_lift
copying /home/student/ros_ws/RosSystem/build/platform_lift/build/lib/platform_lift/serial_interface.py -> /home/student/ros_ws/RosSystem/install/platform_lift/lib/python3.10/site-packages/platform_lift
copying /home/student/ros_ws/RosSystem/build/platform_lift/build/lib/platform_lift/serial_communication.py -> /home/student/ros_ws/RosSystem/install/platform_lift/lib/python3.10/site-packages/platform_lift
copying /home/student/ros_ws/RosSystem/build/platform_lift/build/lib/platform_lift/__init__.py -> /home/student/ros_ws/RosSystem/install/platform_lift/lib/python3.10/site-packages/platform_lift
byte-compiling /home/student/ros_ws/RosSystem/install/platform_lift/lib/python3.10/site-packages/platform_lift/lift_communication.py to lift_communication.cpython-310.pyc
byte-compiling /home/student/ros_ws/RosSystem/install/platform_lift/lib/python3.10/site-packages/platform_lift/serial_interface.py to serial_interface.cpython-310.pyc
byte-compiling /home/student/ros_ws/RosSystem/install/platform_lift/lib/python3.10/site-packages/platform_lift/serial_communication.py to serial_communication.cpython-310.pyc
byte-compiling /home/student/ros_ws/RosSystem/install/platform_lift/lib/python3.10/site-packages/platform_lift/__init__.py to __init__.cpython-310.pyc
running install_data
creating /home/student/ros_ws/RosSystem/install/platform_lift/share/ament_index
creating /home/student/ros_ws/RosSystem/install/platform_lift/share/ament_index/resource_index
creating /home/student/ros_ws/RosSystem/install/platform_lift/share/ament_index/resource_index/packages
copying resource/platform_lift -> /home/student/ros_ws/RosSystem/install/platform_lift/share/ament_index/resource_index/packages
copying package.xml -> /home/student/ros_ws/RosSystem/install/platform_lift/share/platform_lift
running install_egg_info
Copying ../../build/platform_lift/platform_lift.egg-info to /home/student/ros_ws/RosSystem/install/platform_lift/lib/python3.10/site-packages/platform_lift-0.0.0-py3.10.egg-info
running install_scripts
Installing lift_communication script to /home/student/ros_ws/RosSystem/install/platform_lift/lib/platform_lift
writing list of installed files to '/home/student/ros_ws/RosSystem/build/platform_lift/install.log'
