[1.125s] Invoking command in '/home/student/ros_ws/RosSystem/src/moveit_command': PYTHONPATH=/home/student/ros_ws/RosSystem/build/moveit_command/prefix_override:/home/student/ros_ws/RosSystem/install/moveit_command/lib/python3.10/site-packages:${PYTHONPATH} /usr/bin/python3 -W ignore:setup.py install is deprecated setup.py egg_info --egg-base ../../build/moveit_command build --build-base /home/student/ros_ws/RosSystem/build/moveit_command/build install --record /home/student/ros_ws/RosSystem/build/moveit_command/install.log --single-version-externally-managed install_data
[1.381s] running egg_info
[1.382s] writing ../../build/moveit_command/moveit_command.egg-info/PKG-INFO
[1.382s] writing dependency_links to ../../build/moveit_command/moveit_command.egg-info/dependency_links.txt
[1.382s] writing entry points to ../../build/moveit_command/moveit_command.egg-info/entry_points.txt
[1.382s] writing requirements to ../../build/moveit_command/moveit_command.egg-info/requires.txt
[1.382s] writing top-level names to ../../build/moveit_command/moveit_command.egg-info/top_level.txt
[1.384s] reading manifest file '../../build/moveit_command/moveit_command.egg-info/SOURCES.txt'
[1.384s] adding license file 'LICENSE'
[1.385s] writing manifest file '../../build/moveit_command/moveit_command.egg-info/SOURCES.txt'
[1.385s] running build
[1.385s] running build_py
[1.385s] running install
[1.386s] running install_lib
[1.387s] running install_data
[1.387s] running install_egg_info
[1.392s] removing '/home/student/ros_ws/RosSystem/install/moveit_command/lib/python3.10/site-packages/moveit_command-0.0.0-py3.10.egg-info' (and everything under it)
[1.392s] Copying ../../build/moveit_command/moveit_command.egg-info to /home/student/ros_ws/RosSystem/install/moveit_command/lib/python3.10/site-packages/moveit_command-0.0.0-py3.10.egg-info
[1.393s] running install_scripts
[1.415s] Installing moveit_command script to /home/student/ros_ws/RosSystem/install/moveit_command/lib/moveit_command
[1.415s] writing list of installed files to '/home/student/ros_ws/RosSystem/build/moveit_command/install.log'
[1.463s] Invoked command in '/home/student/ros_ws/RosSystem/src/moveit_command' returned '0': PYTHONPATH=/home/student/ros_ws/RosSystem/build/moveit_command/prefix_override:/home/student/ros_ws/RosSystem/install/moveit_command/lib/python3.10/site-packages:${PYTHONPATH} /usr/bin/python3 -W ignore:setup.py install is deprecated setup.py egg_info --egg-base ../../build/moveit_command build --build-base /home/student/ros_ws/RosSystem/build/moveit_command/build install --record /home/student/ros_ws/RosSystem/build/moveit_command/install.log --single-version-externally-managed install_data
