[0.249s] Invoking command in '/home/student/ros_ws/RosSystem/build/beckhoff_interfaces': CMAKE_PREFIX_PATH=${CMAKE_PREFIX_PATH}:/home/student/ros_ws/RosSystem/install/beckhoff:/opt/ros/humble /usr/bin/cmake --build /home/student/ros_ws/RosSystem/build/beckhoff_interfaces -- -j16 -l16
[0.275s] -- Found ament_cmake: 1.3.8 (/opt/ros/humble/share/ament_cmake/cmake)
[0.392s] -- Found rosidl_default_generators: 1.2.0 (/opt/ros/humble/share/rosidl_default_generators/cmake)
[0.394s] -- Using all available rosidl_typesupport_c: rosidl_typesupport_fastrtps_c;rosidl_typesupport_introspection_c
[0.396s] -- Found rosidl_adapter: 3.1.5 (/opt/ros/humble/share/rosidl_adapter/cmake)
[0.424s] -- Using all available rosidl_typesupport_cpp: rosidl_typesupport_fastrtps_cpp;rosidl_typesupport_introspection_cpp
[0.778s] -- Found ament_cmake_ros: 0.10.0 (/opt/ros/humble/share/ament_cmake_ros/cmake)
[0.967s] -- Using all available rosidl_typesupport_c: rosidl_typesupport_fastrtps_c;rosidl_typesupport_introspection_c
[1.203s] -- Using all available rosidl_typesupport_cpp: rosidl_typesupport_fastrtps_cpp;rosidl_typesupport_introspection_cpp
[1.227s] -- Found python_cmake_module: 0.10.0 (/opt/ros/humble/share/python_cmake_module/cmake)
[1.248s] -- Using PYTHON_EXECUTABLE: /usr/bin/python3
[1.248s] -- Using PYTHON_INCLUDE_DIRS: /usr/include/python3.10
[1.248s] -- Using PYTHON_LIBRARIES: /usr/lib/x86_64-linux-gnu/libpython3.10.so
[1.264s] -- Found ament_lint_auto: 0.12.10 (/opt/ros/humble/share/ament_lint_auto/cmake)
[1.272s] -- Added test 'lint_cmake' to check CMake code style
[1.273s] -- Added test 'xmllint' to check XML markup files
[1.275s] -- Configuring done
[1.315s] -- Generating done
[1.319s] -- Build files have been written to: /home/student/ros_ws/RosSystem/build/beckhoff_interfaces
[1.350s] [  2%] [34m[1mGenerating C code for ROS interfaces[0m
[1.362s] [  4%] [34m[1mGenerating C++ code for ROS interfaces[0m
[1.375s] [  4%] Built target ament_cmake_python_copy_beckhoff_interfaces
[1.614s] running egg_info
[1.615s] writing beckhoff_interfaces.egg-info/PKG-INFO
[1.615s] writing dependency_links to beckhoff_interfaces.egg-info/dependency_links.txt
[1.615s] writing top-level names to beckhoff_interfaces.egg-info/top_level.txt
[1.618s] reading manifest file 'beckhoff_interfaces.egg-info/SOURCES.txt'
[1.618s] writing manifest file 'beckhoff_interfaces.egg-info/SOURCES.txt'
[1.660s] [  4%] Built target ament_cmake_python_build_beckhoff_interfaces_egg
[1.882s] [35m[1mConsolidate compiler generated dependencies of target beckhoff_interfaces__rosidl_generator_c[0m
[1.884s] [  4%] Built target beckhoff_interfaces__cpp
[1.897s] [  8%] [34m[1mGenerating C++ type support dispatch for ROS interfaces[0m
[1.897s] [ 10%] [34m[1mGenerating C++ introspection for ROS interfaces[0m
[1.897s] [ 10%] [32mBuilding C object CMakeFiles/beckhoff_interfaces__rosidl_generator_c.dir/rosidl_generator_c/beckhoff_interfaces/msg/detail/position__functions.c.o[0m
[1.897s] [ 14%] [32mBuilding C object CMakeFiles/beckhoff_interfaces__rosidl_generator_c.dir/rosidl_generator_c/beckhoff_interfaces/action/detail/move__functions.c.o[0m
[1.897s] [ 14%] [34m[1mGenerating C++ type support for eProsima Fast-RTPS[0m
[1.897s] [ 17%] [32mBuilding C object CMakeFiles/beckhoff_interfaces__rosidl_generator_c.dir/rosidl_generator_c/beckhoff_interfaces/srv/detail/move__functions.c.o[0m
[2.037s] [ 19%] [32m[1mLinking C shared library libbeckhoff_interfaces__rosidl_generator_c.so[0m
[2.083s] [ 19%] Built target beckhoff_interfaces__rosidl_generator_c
[2.095s] [ 23%] [34m[1mGenerating C type support for eProsima Fast-RTPS[0m
[2.096s] [ 23%] [34m[1mGenerating C type support dispatch for ROS interfaces[0m
[2.097s] [ 25%] [34m[1mGenerating C introspection for ROS interfaces[0m
[2.282s] [35m[1mConsolidate compiler generated dependencies of target beckhoff_interfaces__rosidl_typesupport_cpp[0m
[2.303s] [ 27%] [32mBuilding CXX object CMakeFiles/beckhoff_interfaces__rosidl_typesupport_cpp.dir/rosidl_typesupport_cpp/beckhoff_interfaces/action/move__type_support.cpp.o[0m
[2.303s] [ 29%] [32mBuilding CXX object CMakeFiles/beckhoff_interfaces__rosidl_typesupport_cpp.dir/rosidl_typesupport_cpp/beckhoff_interfaces/msg/position__type_support.cpp.o[0m
[2.305s] [ 31%] [32mBuilding CXX object CMakeFiles/beckhoff_interfaces__rosidl_typesupport_cpp.dir/rosidl_typesupport_cpp/beckhoff_interfaces/srv/move__type_support.cpp.o[0m
[2.375s] [35m[1mConsolidate compiler generated dependencies of target beckhoff_interfaces__rosidl_typesupport_introspection_cpp[0m
[2.401s] [ 36%] [32mBuilding CXX object CMakeFiles/beckhoff_interfaces__rosidl_typesupport_introspection_cpp.dir/rosidl_typesupport_introspection_cpp/beckhoff_interfaces/msg/detail/position__type_support.cpp.o[0m
[2.401s] [ 36%] [32mBuilding CXX object CMakeFiles/beckhoff_interfaces__rosidl_typesupport_introspection_cpp.dir/rosidl_typesupport_introspection_cpp/beckhoff_interfaces/srv/detail/move__type_support.cpp.o[0m
[2.401s] [ 38%] [32mBuilding CXX object CMakeFiles/beckhoff_interfaces__rosidl_typesupport_introspection_cpp.dir/rosidl_typesupport_introspection_cpp/beckhoff_interfaces/action/detail/move__type_support.cpp.o[0m
[2.516s] [35m[1mConsolidate compiler generated dependencies of target beckhoff_interfaces__rosidl_typesupport_fastrtps_cpp[0m
[2.548s] [35m[1mConsolidate compiler generated dependencies of target beckhoff_interfaces__rosidl_typesupport_c[0m
[2.550s] [ 40%] [32mBuilding CXX object CMakeFiles/beckhoff_interfaces__rosidl_typesupport_fastrtps_cpp.dir/rosidl_typesupport_fastrtps_cpp/beckhoff_interfaces/msg/detail/dds_fastrtps/position__type_support.cpp.o[0m
[2.552s] [ 42%] [32mBuilding CXX object CMakeFiles/beckhoff_interfaces__rosidl_typesupport_fastrtps_cpp.dir/rosidl_typesupport_fastrtps_cpp/beckhoff_interfaces/action/detail/dds_fastrtps/move__type_support.cpp.o[0m
[2.553s] [ 44%] [32mBuilding CXX object CMakeFiles/beckhoff_interfaces__rosidl_typesupport_fastrtps_cpp.dir/rosidl_typesupport_fastrtps_cpp/beckhoff_interfaces/srv/detail/dds_fastrtps/move__type_support.cpp.o[0m
[2.574s] [ 48%] [32mBuilding CXX object CMakeFiles/beckhoff_interfaces__rosidl_typesupport_c.dir/rosidl_typesupport_c/beckhoff_interfaces/msg/position__type_support.cpp.o[0m
[2.575s] [ 48%] [32mBuilding CXX object CMakeFiles/beckhoff_interfaces__rosidl_typesupport_c.dir/rosidl_typesupport_c/beckhoff_interfaces/action/move__type_support.cpp.o[0m
[2.575s] [ 51%] [32mBuilding CXX object CMakeFiles/beckhoff_interfaces__rosidl_typesupport_c.dir/rosidl_typesupport_c/beckhoff_interfaces/srv/move__type_support.cpp.o[0m
[2.678s] [ 53%] [32m[1mLinking CXX shared library libbeckhoff_interfaces__rosidl_typesupport_c.so[0m
[2.759s] [ 53%] Built target beckhoff_interfaces__rosidl_typesupport_c
[2.777s] [35m[1mConsolidate compiler generated dependencies of target beckhoff_interfaces__rosidl_typesupport_introspection_c[0m
[2.798s] [ 57%] [32mBuilding C object CMakeFiles/beckhoff_interfaces__rosidl_typesupport_introspection_c.dir/rosidl_typesupport_introspection_c/beckhoff_interfaces/srv/detail/move__type_support.c.o[0m
[2.798s] [ 59%] [32mBuilding C object CMakeFiles/beckhoff_interfaces__rosidl_typesupport_introspection_c.dir/rosidl_typesupport_introspection_c/beckhoff_interfaces/action/detail/move__type_support.c.o[0m
[2.798s] [ 59%] [32mBuilding C object CMakeFiles/beckhoff_interfaces__rosidl_typesupport_introspection_c.dir/rosidl_typesupport_introspection_c/beckhoff_interfaces/msg/detail/position__type_support.c.o[0m
[2.896s] [ 61%] [32m[1mLinking C shared library libbeckhoff_interfaces__rosidl_typesupport_introspection_c.so[0m
[2.900s] [35m[1mConsolidate compiler generated dependencies of target beckhoff_interfaces__rosidl_typesupport_fastrtps_c[0m
[2.931s] [ 63%] [32mBuilding CXX object CMakeFiles/beckhoff_interfaces__rosidl_typesupport_fastrtps_c.dir/rosidl_typesupport_fastrtps_c/beckhoff_interfaces/msg/detail/position__type_support_c.cpp.o[0m
[2.934s] [ 65%] [32mBuilding CXX object CMakeFiles/beckhoff_interfaces__rosidl_typesupport_fastrtps_c.dir/rosidl_typesupport_fastrtps_c/beckhoff_interfaces/srv/detail/move__type_support_c.cpp.o[0m
[2.936s] [ 68%] [32mBuilding CXX object CMakeFiles/beckhoff_interfaces__rosidl_typesupport_fastrtps_c.dir/rosidl_typesupport_fastrtps_c/beckhoff_interfaces/action/detail/move__type_support_c.cpp.o[0m
[2.958s] [ 68%] Built target beckhoff_interfaces__rosidl_typesupport_introspection_c
[2.987s] [ 70%] [32m[1mLinking CXX shared library libbeckhoff_interfaces__rosidl_typesupport_cpp.so[0m
[3.057s] [ 70%] Built target beckhoff_interfaces__rosidl_typesupport_cpp
[3.293s] [ 72%] [32m[1mLinking CXX shared library libbeckhoff_interfaces__rosidl_typesupport_introspection_cpp.so[0m
[3.385s] [ 74%] [32m[1mLinking CXX shared library libbeckhoff_interfaces__rosidl_typesupport_fastrtps_c.so[0m
[3.399s] [ 76%] [32m[1mLinking CXX shared library libbeckhoff_interfaces__rosidl_typesupport_fastrtps_cpp.so[0m
[3.411s] [ 76%] Built target beckhoff_interfaces__rosidl_typesupport_introspection_cpp
[3.501s] [ 76%] Built target beckhoff_interfaces__rosidl_typesupport_fastrtps_c
[3.508s] [ 76%] Built target beckhoff_interfaces__rosidl_typesupport_fastrtps_cpp
[3.535s] [ 76%] Built target beckhoff_interfaces
[3.560s] [ 78%] [34m[1mGenerating Python code for ROS interfaces[0m
[4.405s] [ 78%] Built target beckhoff_interfaces__py
[4.421s] [35m[1mConsolidate compiler generated dependencies of target beckhoff_interfaces__rosidl_generator_py[0m
[4.439s] [ 85%] [32mBuilding C object CMakeFiles/beckhoff_interfaces__rosidl_generator_py.dir/rosidl_generator_py/beckhoff_interfaces/action/_move_s.c.o[0m
[4.440s] [ 85%] [32mBuilding C object CMakeFiles/beckhoff_interfaces__rosidl_generator_py.dir/rosidl_generator_py/beckhoff_interfaces/msg/_position_s.c.o[0m
[4.440s] [ 85%] [32mBuilding C object CMakeFiles/beckhoff_interfaces__rosidl_generator_py.dir/rosidl_generator_py/beckhoff_interfaces/srv/_move_s.c.o[0m
[4.584s] [ 87%] [32m[1mLinking C shared library rosidl_generator_py/beckhoff_interfaces/libbeckhoff_interfaces__rosidl_generator_py.so[0m
[4.636s] [ 87%] Built target beckhoff_interfaces__rosidl_generator_py
[4.648s] [35m[1mConsolidate compiler generated dependencies of target beckhoff_interfaces__rosidl_typesupport_c__pyext[0m
[4.648s] [35m[1mConsolidate compiler generated dependencies of target beckhoff_interfaces__rosidl_typesupport_introspection_c__pyext[0m
[4.648s] [35m[1mConsolidate compiler generated dependencies of target beckhoff_interfaces__rosidl_typesupport_fastrtps_c__pyext[0m
[4.664s] [ 91%] [32mBuilding C object CMakeFiles/beckhoff_interfaces__rosidl_typesupport_c__pyext.dir/rosidl_generator_py/beckhoff_interfaces/_beckhoff_interfaces_s.ep.rosidl_typesupport_c.c.o[0m
[4.664s] [ 91%] [32mBuilding C object CMakeFiles/beckhoff_interfaces__rosidl_typesupport_fastrtps_c__pyext.dir/rosidl_generator_py/beckhoff_interfaces/_beckhoff_interfaces_s.ep.rosidl_typesupport_fastrtps_c.c.o[0m
[4.664s] [ 93%] [32mBuilding C object CMakeFiles/beckhoff_interfaces__rosidl_typesupport_introspection_c__pyext.dir/rosidl_generator_py/beckhoff_interfaces/_beckhoff_interfaces_s.ep.rosidl_typesupport_introspection_c.c.o[0m
[4.796s] [ 95%] [32m[1mLinking C shared library rosidl_generator_py/beckhoff_interfaces/beckhoff_interfaces_s__rosidl_typesupport_introspection_c.cpython-310-x86_64-linux-gnu.so[0m
[4.797s] [ 97%] [32m[1mLinking C shared library rosidl_generator_py/beckhoff_interfaces/beckhoff_interfaces_s__rosidl_typesupport_fastrtps_c.cpython-310-x86_64-linux-gnu.so[0m
[4.800s] [100%] [32m[1mLinking C shared library rosidl_generator_py/beckhoff_interfaces/beckhoff_interfaces_s__rosidl_typesupport_c.cpython-310-x86_64-linux-gnu.so[0m
[4.845s] [100%] Built target beckhoff_interfaces__rosidl_typesupport_introspection_c__pyext
[4.847s] [100%] Built target beckhoff_interfaces__rosidl_typesupport_fastrtps_c__pyext
[4.847s] [100%] Built target beckhoff_interfaces__rosidl_typesupport_c__pyext
[4.862s] Invoked command in '/home/student/ros_ws/RosSystem/build/beckhoff_interfaces' returned '0': CMAKE_PREFIX_PATH=${CMAKE_PREFIX_PATH}:/home/student/ros_ws/RosSystem/install/beckhoff:/opt/ros/humble /usr/bin/cmake --build /home/student/ros_ws/RosSystem/build/beckhoff_interfaces -- -j16 -l16
[4.996s] Invoking command in '/home/student/ros_ws/RosSystem/build/beckhoff_interfaces': CMAKE_PREFIX_PATH=${CMAKE_PREFIX_PATH}:/home/student/ros_ws/RosSystem/install/beckhoff:/opt/ros/humble /usr/bin/cmake --install /home/student/ros_ws/RosSystem/build/beckhoff_interfaces
[5.004s] -- Install configuration: ""
[5.004s] -- Up-to-date: /home/student/ros_ws/RosSystem/install/beckhoff_interfaces/share/ament_index/resource_index/rosidl_interfaces/beckhoff_interfaces
[5.005s] -- Up-to-date: /home/student/ros_ws/RosSystem/install/beckhoff_interfaces/include/beckhoff_interfaces/beckhoff_interfaces
[5.005s] -- Up-to-date: /home/student/ros_ws/RosSystem/install/beckhoff_interfaces/include/beckhoff_interfaces/beckhoff_interfaces/action
[5.005s] -- Installing: /home/student/ros_ws/RosSystem/install/beckhoff_interfaces/include/beckhoff_interfaces/beckhoff_interfaces/action/move.h
[5.005s] -- Up-to-date: /home/student/ros_ws/RosSystem/install/beckhoff_interfaces/include/beckhoff_interfaces/beckhoff_interfaces/action/detail
[5.005s] -- Installing: /home/student/ros_ws/RosSystem/install/beckhoff_interfaces/include/beckhoff_interfaces/beckhoff_interfaces/action/detail/move__type_support.h
[5.005s] -- Installing: /home/student/ros_ws/RosSystem/install/beckhoff_interfaces/include/beckhoff_interfaces/beckhoff_interfaces/action/detail/move__functions.h
[5.005s] -- Installing: /home/student/ros_ws/RosSystem/install/beckhoff_interfaces/include/beckhoff_interfaces/beckhoff_interfaces/action/detail/move__struct.h
[5.005s] -- Installing: /home/student/ros_ws/RosSystem/install/beckhoff_interfaces/include/beckhoff_interfaces/beckhoff_interfaces/action/detail/move__functions.c
[5.006s] -- Up-to-date: /home/student/ros_ws/RosSystem/install/beckhoff_interfaces/include/beckhoff_interfaces/beckhoff_interfaces/msg
[5.006s] -- Installing: /home/student/ros_ws/RosSystem/install/beckhoff_interfaces/include/beckhoff_interfaces/beckhoff_interfaces/msg/position.h
[5.006s] -- Up-to-date: /home/student/ros_ws/RosSystem/install/beckhoff_interfaces/include/beckhoff_interfaces/beckhoff_interfaces/msg/move.h
[5.006s] -- Up-to-date: /home/student/ros_ws/RosSystem/install/beckhoff_interfaces/include/beckhoff_interfaces/beckhoff_interfaces/msg/rosidl_generator_c__visibility_control.h
[5.006s] -- Up-to-date: /home/student/ros_ws/RosSystem/install/beckhoff_interfaces/include/beckhoff_interfaces/beckhoff_interfaces/msg/detail
[5.006s] -- Installing: /home/student/ros_ws/RosSystem/install/beckhoff_interfaces/include/beckhoff_interfaces/beckhoff_interfaces/msg/detail/position__struct.h
[5.006s] -- Up-to-date: /home/student/ros_ws/RosSystem/install/beckhoff_interfaces/include/beckhoff_interfaces/beckhoff_interfaces/msg/detail/move__type_support.h
[5.006s] -- Installing: /home/student/ros_ws/RosSystem/install/beckhoff_interfaces/include/beckhoff_interfaces/beckhoff_interfaces/msg/detail/position__type_support.h
[5.006s] -- Up-to-date: /home/student/ros_ws/RosSystem/install/beckhoff_interfaces/include/beckhoff_interfaces/beckhoff_interfaces/msg/detail/move__functions.h
[5.006s] -- Up-to-date: /home/student/ros_ws/RosSystem/install/beckhoff_interfaces/include/beckhoff_interfaces/beckhoff_interfaces/msg/detail/move__struct.h
[5.006s] -- Installing: /home/student/ros_ws/RosSystem/install/beckhoff_interfaces/include/beckhoff_interfaces/beckhoff_interfaces/msg/detail/position__functions.c
[5.006s] -- Up-to-date: /home/student/ros_ws/RosSystem/install/beckhoff_interfaces/include/beckhoff_interfaces/beckhoff_interfaces/msg/detail/move__functions.c
[5.006s] -- Installing: /home/student/ros_ws/RosSystem/install/beckhoff_interfaces/include/beckhoff_interfaces/beckhoff_interfaces/msg/detail/position__functions.h
[5.006s] -- Up-to-date: /home/student/ros_ws/RosSystem/install/beckhoff_interfaces/include/beckhoff_interfaces/beckhoff_interfaces/srv
[5.006s] -- Installing: /home/student/ros_ws/RosSystem/install/beckhoff_interfaces/include/beckhoff_interfaces/beckhoff_interfaces/srv/move.h
[5.007s] -- Up-to-date: /home/student/ros_ws/RosSystem/install/beckhoff_interfaces/include/beckhoff_interfaces/beckhoff_interfaces/srv/detail
[5.007s] -- Installing: /home/student/ros_ws/RosSystem/install/beckhoff_interfaces/include/beckhoff_interfaces/beckhoff_interfaces/srv/detail/move__type_support.h
[5.007s] -- Installing: /home/student/ros_ws/RosSystem/install/beckhoff_interfaces/include/beckhoff_interfaces/beckhoff_interfaces/srv/detail/move__functions.h
[5.007s] -- Installing: /home/student/ros_ws/RosSystem/install/beckhoff_interfaces/include/beckhoff_interfaces/beckhoff_interfaces/srv/detail/move__struct.h
[5.007s] -- Installing: /home/student/ros_ws/RosSystem/install/beckhoff_interfaces/include/beckhoff_interfaces/beckhoff_interfaces/srv/detail/move__functions.c
[5.007s] -- Up-to-date: /home/student/ros_ws/RosSystem/install/beckhoff_interfaces/share/beckhoff_interfaces/environment/library_path.sh
[5.007s] -- Installing: /home/student/ros_ws/RosSystem/install/beckhoff_interfaces/share/beckhoff_interfaces/environment/library_path.dsv
[5.007s] -- Installing: /home/student/ros_ws/RosSystem/install/beckhoff_interfaces/lib/libbeckhoff_interfaces__rosidl_generator_c.so
[5.008s] -- Set runtime path of "/home/student/ros_ws/RosSystem/install/beckhoff_interfaces/lib/libbeckhoff_interfaces__rosidl_generator_c.so" to ""
[5.008s] -- Up-to-date: /home/student/ros_ws/RosSystem/install/beckhoff_interfaces/include/beckhoff_interfaces/beckhoff_interfaces
[5.008s] -- Up-to-date: /home/student/ros_ws/RosSystem/install/beckhoff_interfaces/include/beckhoff_interfaces/beckhoff_interfaces/action
[5.008s] -- Up-to-date: /home/student/ros_ws/RosSystem/install/beckhoff_interfaces/include/beckhoff_interfaces/beckhoff_interfaces/action/detail
[5.008s] -- Installing: /home/student/ros_ws/RosSystem/install/beckhoff_interfaces/include/beckhoff_interfaces/beckhoff_interfaces/action/detail/move__rosidl_typesupport_fastrtps_c.h
[5.008s] -- Up-to-date: /home/student/ros_ws/RosSystem/install/beckhoff_interfaces/include/beckhoff_interfaces/beckhoff_interfaces/msg
[5.008s] -- Up-to-date: /home/student/ros_ws/RosSystem/install/beckhoff_interfaces/include/beckhoff_interfaces/beckhoff_interfaces/msg/rosidl_typesupport_fastrtps_c__visibility_control.h
[5.008s] -- Up-to-date: /home/student/ros_ws/RosSystem/install/beckhoff_interfaces/include/beckhoff_interfaces/beckhoff_interfaces/msg/detail
[5.008s] -- Installing: /home/student/ros_ws/RosSystem/install/beckhoff_interfaces/include/beckhoff_interfaces/beckhoff_interfaces/msg/detail/position__rosidl_typesupport_fastrtps_c.h
[5.009s] -- Up-to-date: /home/student/ros_ws/RosSystem/install/beckhoff_interfaces/include/beckhoff_interfaces/beckhoff_interfaces/msg/detail/move__rosidl_typesupport_fastrtps_c.h
[5.009s] -- Up-to-date: /home/student/ros_ws/RosSystem/install/beckhoff_interfaces/include/beckhoff_interfaces/beckhoff_interfaces/srv
[5.009s] -- Up-to-date: /home/student/ros_ws/RosSystem/install/beckhoff_interfaces/include/beckhoff_interfaces/beckhoff_interfaces/srv/detail
[5.009s] -- Installing: /home/student/ros_ws/RosSystem/install/beckhoff_interfaces/include/beckhoff_interfaces/beckhoff_interfaces/srv/detail/move__rosidl_typesupport_fastrtps_c.h
[5.009s] -- Installing: /home/student/ros_ws/RosSystem/install/beckhoff_interfaces/lib/libbeckhoff_interfaces__rosidl_typesupport_fastrtps_c.so
[5.009s] -- Set runtime path of "/home/student/ros_ws/RosSystem/install/beckhoff_interfaces/lib/libbeckhoff_interfaces__rosidl_typesupport_fastrtps_c.so" to ""
[5.009s] -- Up-to-date: /home/student/ros_ws/RosSystem/install/beckhoff_interfaces/include/beckhoff_interfaces/beckhoff_interfaces
[5.009s] -- Up-to-date: /home/student/ros_ws/RosSystem/install/beckhoff_interfaces/include/beckhoff_interfaces/beckhoff_interfaces/action
[5.010s] -- Up-to-date: /home/student/ros_ws/RosSystem/install/beckhoff_interfaces/include/beckhoff_interfaces/beckhoff_interfaces/action/detail
[5.010s] -- Installing: /home/student/ros_ws/RosSystem/install/beckhoff_interfaces/include/beckhoff_interfaces/beckhoff_interfaces/action/detail/move__type_support.c
[5.010s] -- Installing: /home/student/ros_ws/RosSystem/install/beckhoff_interfaces/include/beckhoff_interfaces/beckhoff_interfaces/action/detail/move__rosidl_typesupport_introspection_c.h
[5.010s] -- Up-to-date: /home/student/ros_ws/RosSystem/install/beckhoff_interfaces/include/beckhoff_interfaces/beckhoff_interfaces/msg
[5.010s] -- Up-to-date: /home/student/ros_ws/RosSystem/install/beckhoff_interfaces/include/beckhoff_interfaces/beckhoff_interfaces/msg/rosidl_typesupport_introspection_c__visibility_control.h
[5.010s] -- Up-to-date: /home/student/ros_ws/RosSystem/install/beckhoff_interfaces/include/beckhoff_interfaces/beckhoff_interfaces/msg/detail
[5.010s] -- Installing: /home/student/ros_ws/RosSystem/install/beckhoff_interfaces/include/beckhoff_interfaces/beckhoff_interfaces/msg/detail/position__rosidl_typesupport_introspection_c.h
[5.010s] -- Installing: /home/student/ros_ws/RosSystem/install/beckhoff_interfaces/include/beckhoff_interfaces/beckhoff_interfaces/msg/detail/position__type_support.c
[5.010s] -- Up-to-date: /home/student/ros_ws/RosSystem/install/beckhoff_interfaces/include/beckhoff_interfaces/beckhoff_interfaces/msg/detail/move__type_support.c
[5.010s] -- Up-to-date: /home/student/ros_ws/RosSystem/install/beckhoff_interfaces/include/beckhoff_interfaces/beckhoff_interfaces/msg/detail/move__rosidl_typesupport_introspection_c.h
[5.011s] -- Up-to-date: /home/student/ros_ws/RosSystem/install/beckhoff_interfaces/include/beckhoff_interfaces/beckhoff_interfaces/srv
[5.011s] -- Up-to-date: /home/student/ros_ws/RosSystem/install/beckhoff_interfaces/include/beckhoff_interfaces/beckhoff_interfaces/srv/detail
[5.011s] -- Installing: /home/student/ros_ws/RosSystem/install/beckhoff_interfaces/include/beckhoff_interfaces/beckhoff_interfaces/srv/detail/move__type_support.c
[5.011s] -- Installing: /home/student/ros_ws/RosSystem/install/beckhoff_interfaces/include/beckhoff_interfaces/beckhoff_interfaces/srv/detail/move__rosidl_typesupport_introspection_c.h
[5.011s] -- Installing: /home/student/ros_ws/RosSystem/install/beckhoff_interfaces/lib/libbeckhoff_interfaces__rosidl_typesupport_introspection_c.so
[5.011s] -- Set runtime path of "/home/student/ros_ws/RosSystem/install/beckhoff_interfaces/lib/libbeckhoff_interfaces__rosidl_typesupport_introspection_c.so" to ""
[5.011s] -- Installing: /home/student/ros_ws/RosSystem/install/beckhoff_interfaces/lib/libbeckhoff_interfaces__rosidl_typesupport_c.so
[5.012s] -- Set runtime path of "/home/student/ros_ws/RosSystem/install/beckhoff_interfaces/lib/libbeckhoff_interfaces__rosidl_typesupport_c.so" to ""
[5.012s] -- Up-to-date: /home/student/ros_ws/RosSystem/install/beckhoff_interfaces/include/beckhoff_interfaces/beckhoff_interfaces
[5.012s] -- Up-to-date: /home/student/ros_ws/RosSystem/install/beckhoff_interfaces/include/beckhoff_interfaces/beckhoff_interfaces/action
[5.012s] -- Up-to-date: /home/student/ros_ws/RosSystem/install/beckhoff_interfaces/include/beckhoff_interfaces/beckhoff_interfaces/action/detail
[5.012s] -- Installing: /home/student/ros_ws/RosSystem/install/beckhoff_interfaces/include/beckhoff_interfaces/beckhoff_interfaces/action/detail/move__builder.hpp
[5.012s] -- Installing: /home/student/ros_ws/RosSystem/install/beckhoff_interfaces/include/beckhoff_interfaces/beckhoff_interfaces/action/detail/move__struct.hpp
[5.012s] -- Installing: /home/student/ros_ws/RosSystem/install/beckhoff_interfaces/include/beckhoff_interfaces/beckhoff_interfaces/action/detail/move__traits.hpp
[5.013s] -- Installing: /home/student/ros_ws/RosSystem/install/beckhoff_interfaces/include/beckhoff_interfaces/beckhoff_interfaces/action/move.hpp
[5.013s] -- Up-to-date: /home/student/ros_ws/RosSystem/install/beckhoff_interfaces/include/beckhoff_interfaces/beckhoff_interfaces/msg
[5.013s] -- Installing: /home/student/ros_ws/RosSystem/install/beckhoff_interfaces/include/beckhoff_interfaces/beckhoff_interfaces/msg/position.hpp
[5.013s] -- Up-to-date: /home/student/ros_ws/RosSystem/install/beckhoff_interfaces/include/beckhoff_interfaces/beckhoff_interfaces/msg/detail
[5.013s] -- Installing: /home/student/ros_ws/RosSystem/install/beckhoff_interfaces/include/beckhoff_interfaces/beckhoff_interfaces/msg/detail/position__traits.hpp
[5.013s] -- Up-to-date: /home/student/ros_ws/RosSystem/install/beckhoff_interfaces/include/beckhoff_interfaces/beckhoff_interfaces/msg/detail/move__builder.hpp
[5.013s] -- Up-to-date: /home/student/ros_ws/RosSystem/install/beckhoff_interfaces/include/beckhoff_interfaces/beckhoff_interfaces/msg/detail/move__struct.hpp
[5.013s] -- Installing: /home/student/ros_ws/RosSystem/install/beckhoff_interfaces/include/beckhoff_interfaces/beckhoff_interfaces/msg/detail/position__builder.hpp
[5.013s] -- Installing: /home/student/ros_ws/RosSystem/install/beckhoff_interfaces/include/beckhoff_interfaces/beckhoff_interfaces/msg/detail/position__struct.hpp
[5.014s] -- Up-to-date: /home/student/ros_ws/RosSystem/install/beckhoff_interfaces/include/beckhoff_interfaces/beckhoff_interfaces/msg/detail/move__traits.hpp
[5.014s] -- Up-to-date: /home/student/ros_ws/RosSystem/install/beckhoff_interfaces/include/beckhoff_interfaces/beckhoff_interfaces/msg/move.hpp
[5.014s] -- Up-to-date: /home/student/ros_ws/RosSystem/install/beckhoff_interfaces/include/beckhoff_interfaces/beckhoff_interfaces/srv
[5.014s] -- Up-to-date: /home/student/ros_ws/RosSystem/install/beckhoff_interfaces/include/beckhoff_interfaces/beckhoff_interfaces/srv/detail
[5.014s] -- Installing: /home/student/ros_ws/RosSystem/install/beckhoff_interfaces/include/beckhoff_interfaces/beckhoff_interfaces/srv/detail/move__builder.hpp
[5.014s] -- Installing: /home/student/ros_ws/RosSystem/install/beckhoff_interfaces/include/beckhoff_interfaces/beckhoff_interfaces/srv/detail/move__struct.hpp
[5.014s] -- Installing: /home/student/ros_ws/RosSystem/install/beckhoff_interfaces/include/beckhoff_interfaces/beckhoff_interfaces/srv/detail/move__traits.hpp
[5.014s] -- Installing: /home/student/ros_ws/RosSystem/install/beckhoff_interfaces/include/beckhoff_interfaces/beckhoff_interfaces/srv/move.hpp
[5.014s] -- Up-to-date: /home/student/ros_ws/RosSystem/install/beckhoff_interfaces/include/beckhoff_interfaces/beckhoff_interfaces
[5.014s] -- Up-to-date: /home/student/ros_ws/RosSystem/install/beckhoff_interfaces/include/beckhoff_interfaces/beckhoff_interfaces/action
[5.014s] -- Up-to-date: /home/student/ros_ws/RosSystem/install/beckhoff_interfaces/include/beckhoff_interfaces/beckhoff_interfaces/action/detail
[5.015s] -- Up-to-date: /home/student/ros_ws/RosSystem/install/beckhoff_interfaces/include/beckhoff_interfaces/beckhoff_interfaces/action/detail/dds_fastrtps
[5.015s] -- Installing: /home/student/ros_ws/RosSystem/install/beckhoff_interfaces/include/beckhoff_interfaces/beckhoff_interfaces/action/detail/move__rosidl_typesupport_fastrtps_cpp.hpp
[5.015s] -- Up-to-date: /home/student/ros_ws/RosSystem/install/beckhoff_interfaces/include/beckhoff_interfaces/beckhoff_interfaces/msg
[5.015s] -- Up-to-date: /home/student/ros_ws/RosSystem/install/beckhoff_interfaces/include/beckhoff_interfaces/beckhoff_interfaces/msg/rosidl_typesupport_fastrtps_cpp__visibility_control.h
[5.015s] -- Up-to-date: /home/student/ros_ws/RosSystem/install/beckhoff_interfaces/include/beckhoff_interfaces/beckhoff_interfaces/msg/detail
[5.015s] -- Up-to-date: /home/student/ros_ws/RosSystem/install/beckhoff_interfaces/include/beckhoff_interfaces/beckhoff_interfaces/msg/detail/dds_fastrtps
[5.015s] -- Up-to-date: /home/student/ros_ws/RosSystem/install/beckhoff_interfaces/include/beckhoff_interfaces/beckhoff_interfaces/msg/detail/move__rosidl_typesupport_fastrtps_cpp.hpp
[5.015s] -- Installing: /home/student/ros_ws/RosSystem/install/beckhoff_interfaces/include/beckhoff_interfaces/beckhoff_interfaces/msg/detail/position__rosidl_typesupport_fastrtps_cpp.hpp
[5.015s] -- Up-to-date: /home/student/ros_ws/RosSystem/install/beckhoff_interfaces/include/beckhoff_interfaces/beckhoff_interfaces/srv
[5.015s] -- Up-to-date: /home/student/ros_ws/RosSystem/install/beckhoff_interfaces/include/beckhoff_interfaces/beckhoff_interfaces/srv/detail
[5.015s] -- Up-to-date: /home/student/ros_ws/RosSystem/install/beckhoff_interfaces/include/beckhoff_interfaces/beckhoff_interfaces/srv/detail/dds_fastrtps
[5.015s] -- Installing: /home/student/ros_ws/RosSystem/install/beckhoff_interfaces/include/beckhoff_interfaces/beckhoff_interfaces/srv/detail/move__rosidl_typesupport_fastrtps_cpp.hpp
[5.016s] -- Installing: /home/student/ros_ws/RosSystem/install/beckhoff_interfaces/lib/libbeckhoff_interfaces__rosidl_typesupport_fastrtps_cpp.so
[5.016s] -- Set runtime path of "/home/student/ros_ws/RosSystem/install/beckhoff_interfaces/lib/libbeckhoff_interfaces__rosidl_typesupport_fastrtps_cpp.so" to ""
[5.016s] -- Up-to-date: /home/student/ros_ws/RosSystem/install/beckhoff_interfaces/include/beckhoff_interfaces/beckhoff_interfaces
[5.016s] -- Up-to-date: /home/student/ros_ws/RosSystem/install/beckhoff_interfaces/include/beckhoff_interfaces/beckhoff_interfaces/action
[5.016s] -- Up-to-date: /home/student/ros_ws/RosSystem/install/beckhoff_interfaces/include/beckhoff_interfaces/beckhoff_interfaces/action/detail
[5.016s] -- Installing: /home/student/ros_ws/RosSystem/install/beckhoff_interfaces/include/beckhoff_interfaces/beckhoff_interfaces/action/detail/move__rosidl_typesupport_introspection_cpp.hpp
[5.017s] -- Installing: /home/student/ros_ws/RosSystem/install/beckhoff_interfaces/include/beckhoff_interfaces/beckhoff_interfaces/action/detail/move__type_support.cpp
[5.017s] -- Up-to-date: /home/student/ros_ws/RosSystem/install/beckhoff_interfaces/include/beckhoff_interfaces/beckhoff_interfaces/msg
[5.017s] -- Up-to-date: /home/student/ros_ws/RosSystem/install/beckhoff_interfaces/include/beckhoff_interfaces/beckhoff_interfaces/msg/detail
[5.017s] -- Installing: /home/student/ros_ws/RosSystem/install/beckhoff_interfaces/include/beckhoff_interfaces/beckhoff_interfaces/msg/detail/position__rosidl_typesupport_introspection_cpp.hpp
[5.017s] -- Up-to-date: /home/student/ros_ws/RosSystem/install/beckhoff_interfaces/include/beckhoff_interfaces/beckhoff_interfaces/msg/detail/move__rosidl_typesupport_introspection_cpp.hpp
[5.017s] -- Installing: /home/student/ros_ws/RosSystem/install/beckhoff_interfaces/include/beckhoff_interfaces/beckhoff_interfaces/msg/detail/position__type_support.cpp
[5.017s] -- Up-to-date: /home/student/ros_ws/RosSystem/install/beckhoff_interfaces/include/beckhoff_interfaces/beckhoff_interfaces/msg/detail/move__type_support.cpp
[5.017s] -- Up-to-date: /home/student/ros_ws/RosSystem/install/beckhoff_interfaces/include/beckhoff_interfaces/beckhoff_interfaces/srv
[5.017s] -- Up-to-date: /home/student/ros_ws/RosSystem/install/beckhoff_interfaces/include/beckhoff_interfaces/beckhoff_interfaces/srv/detail
[5.017s] -- Installing: /home/student/ros_ws/RosSystem/install/beckhoff_interfaces/include/beckhoff_interfaces/beckhoff_interfaces/srv/detail/move__rosidl_typesupport_introspection_cpp.hpp
[5.018s] -- Installing: /home/student/ros_ws/RosSystem/install/beckhoff_interfaces/include/beckhoff_interfaces/beckhoff_interfaces/srv/detail/move__type_support.cpp
[5.018s] -- Installing: /home/student/ros_ws/RosSystem/install/beckhoff_interfaces/lib/libbeckhoff_interfaces__rosidl_typesupport_introspection_cpp.so
[5.018s] -- Set runtime path of "/home/student/ros_ws/RosSystem/install/beckhoff_interfaces/lib/libbeckhoff_interfaces__rosidl_typesupport_introspection_cpp.so" to ""
[5.018s] -- Installing: /home/student/ros_ws/RosSystem/install/beckhoff_interfaces/lib/libbeckhoff_interfaces__rosidl_typesupport_cpp.so
[5.019s] -- Set runtime path of "/home/student/ros_ws/RosSystem/install/beckhoff_interfaces/lib/libbeckhoff_interfaces__rosidl_typesupport_cpp.so" to ""
[5.019s] -- Up-to-date: /home/student/ros_ws/RosSystem/install/beckhoff_interfaces/share/beckhoff_interfaces/environment/pythonpath.sh
[5.019s] -- Installing: /home/student/ros_ws/RosSystem/install/beckhoff_interfaces/share/beckhoff_interfaces/environment/pythonpath.dsv
[5.019s] -- Up-to-date: /home/student/ros_ws/RosSystem/install/beckhoff_interfaces/local/lib/python3.10/dist-packages/beckhoff_interfaces-0.0.0-py3.10.egg-info
[5.019s] -- Installing: /home/student/ros_ws/RosSystem/install/beckhoff_interfaces/local/lib/python3.10/dist-packages/beckhoff_interfaces-0.0.0-py3.10.egg-info/top_level.txt
[5.019s] -- Installing: /home/student/ros_ws/RosSystem/install/beckhoff_interfaces/local/lib/python3.10/dist-packages/beckhoff_interfaces-0.0.0-py3.10.egg-info/dependency_links.txt
[5.019s] -- Installing: /home/student/ros_ws/RosSystem/install/beckhoff_interfaces/local/lib/python3.10/dist-packages/beckhoff_interfaces-0.0.0-py3.10.egg-info/SOURCES.txt
[5.020s] -- Installing: /home/student/ros_ws/RosSystem/install/beckhoff_interfaces/local/lib/python3.10/dist-packages/beckhoff_interfaces-0.0.0-py3.10.egg-info/PKG-INFO
[5.020s] -- Up-to-date: /home/student/ros_ws/RosSystem/install/beckhoff_interfaces/local/lib/python3.10/dist-packages/beckhoff_interfaces
[5.020s] -- Up-to-date: /home/student/ros_ws/RosSystem/install/beckhoff_interfaces/local/lib/python3.10/dist-packages/beckhoff_interfaces/action
[5.020s] -- Installing: /home/student/ros_ws/RosSystem/install/beckhoff_interfaces/local/lib/python3.10/dist-packages/beckhoff_interfaces/action/_move.py
[5.020s] -- Installing: /home/student/ros_ws/RosSystem/install/beckhoff_interfaces/local/lib/python3.10/dist-packages/beckhoff_interfaces/action/__init__.py
[5.020s] -- Installing: /home/student/ros_ws/RosSystem/install/beckhoff_interfaces/local/lib/python3.10/dist-packages/beckhoff_interfaces/action/_move_s.c
[5.021s] -- Installing: /home/student/ros_ws/RosSystem/install/beckhoff_interfaces/local/lib/python3.10/dist-packages/beckhoff_interfaces/_beckhoff_interfaces_s.ep.rosidl_typesupport_fastrtps_c.c
[5.021s] -- Installing: /home/student/ros_ws/RosSystem/install/beckhoff_interfaces/local/lib/python3.10/dist-packages/beckhoff_interfaces/_beckhoff_interfaces_s.ep.rosidl_typesupport_introspection_c.c
[5.021s] -- Installing: /home/student/ros_ws/RosSystem/install/beckhoff_interfaces/local/lib/python3.10/dist-packages/beckhoff_interfaces/beckhoff_interfaces_s__rosidl_typesupport_fastrtps_c.cpython-310-x86_64-linux-gnu.so
[5.021s] -- Installing: /home/student/ros_ws/RosSystem/install/beckhoff_interfaces/local/lib/python3.10/dist-packages/beckhoff_interfaces/beckhoff_interfaces_s__rosidl_typesupport_c.cpython-310-x86_64-linux-gnu.so
[5.021s] -- Up-to-date: /home/student/ros_ws/RosSystem/install/beckhoff_interfaces/local/lib/python3.10/dist-packages/beckhoff_interfaces/msg
[5.021s] -- Installing: /home/student/ros_ws/RosSystem/install/beckhoff_interfaces/local/lib/python3.10/dist-packages/beckhoff_interfaces/msg/_position.py
[5.022s] -- Up-to-date: /home/student/ros_ws/RosSystem/install/beckhoff_interfaces/local/lib/python3.10/dist-packages/beckhoff_interfaces/msg/_move.py
[5.022s] -- Installing: /home/student/ros_ws/RosSystem/install/beckhoff_interfaces/local/lib/python3.10/dist-packages/beckhoff_interfaces/msg/_position_s.c
[5.022s] -- Installing: /home/student/ros_ws/RosSystem/install/beckhoff_interfaces/local/lib/python3.10/dist-packages/beckhoff_interfaces/msg/__init__.py
[5.022s] -- Up-to-date: /home/student/ros_ws/RosSystem/install/beckhoff_interfaces/local/lib/python3.10/dist-packages/beckhoff_interfaces/msg/_move_s.c
[5.022s] -- Up-to-date: /home/student/ros_ws/RosSystem/install/beckhoff_interfaces/local/lib/python3.10/dist-packages/beckhoff_interfaces/srv
[5.022s] -- Installing: /home/student/ros_ws/RosSystem/install/beckhoff_interfaces/local/lib/python3.10/dist-packages/beckhoff_interfaces/srv/_move.py
[5.022s] -- Installing: /home/student/ros_ws/RosSystem/install/beckhoff_interfaces/local/lib/python3.10/dist-packages/beckhoff_interfaces/srv/__init__.py
[5.022s] -- Installing: /home/student/ros_ws/RosSystem/install/beckhoff_interfaces/local/lib/python3.10/dist-packages/beckhoff_interfaces/srv/_move_s.c
[5.022s] -- Installing: /home/student/ros_ws/RosSystem/install/beckhoff_interfaces/local/lib/python3.10/dist-packages/beckhoff_interfaces/_beckhoff_interfaces_s.ep.rosidl_typesupport_c.c
[5.023s] -- Installing: /home/student/ros_ws/RosSystem/install/beckhoff_interfaces/local/lib/python3.10/dist-packages/beckhoff_interfaces/__init__.py
[5.023s] -- Installing: /home/student/ros_ws/RosSystem/install/beckhoff_interfaces/local/lib/python3.10/dist-packages/beckhoff_interfaces/beckhoff_interfaces_s__rosidl_typesupport_introspection_c.cpython-310-x86_64-linux-gnu.so
[5.023s] -- Installing: /home/student/ros_ws/RosSystem/install/beckhoff_interfaces/local/lib/python3.10/dist-packages/beckhoff_interfaces/libbeckhoff_interfaces__rosidl_generator_py.so
[5.061s] Listing '/home/student/ros_ws/RosSystem/install/beckhoff_interfaces/local/lib/python3.10/dist-packages/beckhoff_interfaces'...
[5.061s] Compiling '/home/student/ros_ws/RosSystem/install/beckhoff_interfaces/local/lib/python3.10/dist-packages/beckhoff_interfaces/__init__.py'...
[5.061s] Listing '/home/student/ros_ws/RosSystem/install/beckhoff_interfaces/local/lib/python3.10/dist-packages/beckhoff_interfaces/action'...
[5.062s] Compiling '/home/student/ros_ws/RosSystem/install/beckhoff_interfaces/local/lib/python3.10/dist-packages/beckhoff_interfaces/action/__init__.py'...
[5.062s] Compiling '/home/student/ros_ws/RosSystem/install/beckhoff_interfaces/local/lib/python3.10/dist-packages/beckhoff_interfaces/action/_move.py'...
[5.062s] Listing '/home/student/ros_ws/RosSystem/install/beckhoff_interfaces/local/lib/python3.10/dist-packages/beckhoff_interfaces/msg'...
[5.062s] Compiling '/home/student/ros_ws/RosSystem/install/beckhoff_interfaces/local/lib/python3.10/dist-packages/beckhoff_interfaces/msg/__init__.py'...
[5.062s] Compiling '/home/student/ros_ws/RosSystem/install/beckhoff_interfaces/local/lib/python3.10/dist-packages/beckhoff_interfaces/msg/_position.py'...
[5.062s] Listing '/home/student/ros_ws/RosSystem/install/beckhoff_interfaces/local/lib/python3.10/dist-packages/beckhoff_interfaces/srv'...
[5.062s] Compiling '/home/student/ros_ws/RosSystem/install/beckhoff_interfaces/local/lib/python3.10/dist-packages/beckhoff_interfaces/srv/__init__.py'...
[5.062s] Compiling '/home/student/ros_ws/RosSystem/install/beckhoff_interfaces/local/lib/python3.10/dist-packages/beckhoff_interfaces/srv/_move.py'...
[5.066s] -- Installing: /home/student/ros_ws/RosSystem/install/beckhoff_interfaces/local/lib/python3.10/dist-packages/beckhoff_interfaces/beckhoff_interfaces_s__rosidl_typesupport_fastrtps_c.cpython-310-x86_64-linux-gnu.so
[5.067s] -- Set runtime path of "/home/student/ros_ws/RosSystem/install/beckhoff_interfaces/local/lib/python3.10/dist-packages/beckhoff_interfaces/beckhoff_interfaces_s__rosidl_typesupport_fastrtps_c.cpython-310-x86_64-linux-gnu.so" to ""
[5.067s] -- Installing: /home/student/ros_ws/RosSystem/install/beckhoff_interfaces/local/lib/python3.10/dist-packages/beckhoff_interfaces/beckhoff_interfaces_s__rosidl_typesupport_introspection_c.cpython-310-x86_64-linux-gnu.so
[5.068s] -- Set runtime path of "/home/student/ros_ws/RosSystem/install/beckhoff_interfaces/local/lib/python3.10/dist-packages/beckhoff_interfaces/beckhoff_interfaces_s__rosidl_typesupport_introspection_c.cpython-310-x86_64-linux-gnu.so" to ""
[5.068s] -- Installing: /home/student/ros_ws/RosSystem/install/beckhoff_interfaces/local/lib/python3.10/dist-packages/beckhoff_interfaces/beckhoff_interfaces_s__rosidl_typesupport_c.cpython-310-x86_64-linux-gnu.so
[5.068s] -- Set runtime path of "/home/student/ros_ws/RosSystem/install/beckhoff_interfaces/local/lib/python3.10/dist-packages/beckhoff_interfaces/beckhoff_interfaces_s__rosidl_typesupport_c.cpython-310-x86_64-linux-gnu.so" to ""
[5.068s] -- Installing: /home/student/ros_ws/RosSystem/install/beckhoff_interfaces/lib/libbeckhoff_interfaces__rosidl_generator_py.so
[5.069s] -- Set runtime path of "/home/student/ros_ws/RosSystem/install/beckhoff_interfaces/lib/libbeckhoff_interfaces__rosidl_generator_py.so" to ""
[5.069s] -- Installing: /home/student/ros_ws/RosSystem/install/beckhoff_interfaces/share/beckhoff_interfaces/msg/Position.idl
[5.069s] -- Up-to-date: /home/student/ros_ws/RosSystem/install/beckhoff_interfaces/share/beckhoff_interfaces/srv/Move.idl
[5.069s] -- Up-to-date: /home/student/ros_ws/RosSystem/install/beckhoff_interfaces/share/beckhoff_interfaces/action/Move.idl
[5.069s] -- Installing: /home/student/ros_ws/RosSystem/install/beckhoff_interfaces/share/beckhoff_interfaces/msg/Position.msg
[5.069s] -- Up-to-date: /home/student/ros_ws/RosSystem/install/beckhoff_interfaces/share/beckhoff_interfaces/srv/Move.srv
[5.069s] -- Up-to-date: /home/student/ros_ws/RosSystem/install/beckhoff_interfaces/share/beckhoff_interfaces/srv/Move_Request.msg
[5.069s] -- Up-to-date: /home/student/ros_ws/RosSystem/install/beckhoff_interfaces/share/beckhoff_interfaces/srv/Move_Response.msg
[5.070s] -- Up-to-date: /home/student/ros_ws/RosSystem/install/beckhoff_interfaces/share/beckhoff_interfaces/action/Move.action
[5.070s] -- Up-to-date: /home/student/ros_ws/RosSystem/install/beckhoff_interfaces/share/ament_index/resource_index/package_run_dependencies/beckhoff_interfaces
[5.070s] -- Up-to-date: /home/student/ros_ws/RosSystem/install/beckhoff_interfaces/share/ament_index/resource_index/parent_prefix_path/beckhoff_interfaces
[5.070s] -- Up-to-date: /home/student/ros_ws/RosSystem/install/beckhoff_interfaces/share/beckhoff_interfaces/environment/ament_prefix_path.sh
[5.070s] -- Installing: /home/student/ros_ws/RosSystem/install/beckhoff_interfaces/share/beckhoff_interfaces/environment/ament_prefix_path.dsv
[5.070s] -- Up-to-date: /home/student/ros_ws/RosSystem/install/beckhoff_interfaces/share/beckhoff_interfaces/environment/path.sh
[5.070s] -- Installing: /home/student/ros_ws/RosSystem/install/beckhoff_interfaces/share/beckhoff_interfaces/environment/path.dsv
[5.070s] -- Up-to-date: /home/student/ros_ws/RosSystem/install/beckhoff_interfaces/share/beckhoff_interfaces/local_setup.bash
[5.070s] -- Up-to-date: /home/student/ros_ws/RosSystem/install/beckhoff_interfaces/share/beckhoff_interfaces/local_setup.sh
[5.070s] -- Up-to-date: /home/student/ros_ws/RosSystem/install/beckhoff_interfaces/share/beckhoff_interfaces/local_setup.zsh
[5.070s] -- Installing: /home/student/ros_ws/RosSystem/install/beckhoff_interfaces/share/beckhoff_interfaces/local_setup.dsv
[5.070s] -- Installing: /home/student/ros_ws/RosSystem/install/beckhoff_interfaces/share/beckhoff_interfaces/package.dsv
[5.070s] -- Up-to-date: /home/student/ros_ws/RosSystem/install/beckhoff_interfaces/share/ament_index/resource_index/packages/beckhoff_interfaces
[5.070s] -- Up-to-date: /home/student/ros_ws/RosSystem/install/beckhoff_interfaces/share/beckhoff_interfaces/cmake/export_beckhoff_interfaces__rosidl_generator_cExport.cmake
[5.071s] -- Up-to-date: /home/student/ros_ws/RosSystem/install/beckhoff_interfaces/share/beckhoff_interfaces/cmake/export_beckhoff_interfaces__rosidl_generator_cExport-noconfig.cmake
[5.071s] -- Up-to-date: /home/student/ros_ws/RosSystem/install/beckhoff_interfaces/share/beckhoff_interfaces/cmake/export_beckhoff_interfaces__rosidl_typesupport_fastrtps_cExport.cmake
[5.071s] -- Up-to-date: /home/student/ros_ws/RosSystem/install/beckhoff_interfaces/share/beckhoff_interfaces/cmake/export_beckhoff_interfaces__rosidl_typesupport_fastrtps_cExport-noconfig.cmake
[5.071s] -- Up-to-date: /home/student/ros_ws/RosSystem/install/beckhoff_interfaces/share/beckhoff_interfaces/cmake/beckhoff_interfaces__rosidl_typesupport_introspection_cExport.cmake
[5.071s] -- Up-to-date: /home/student/ros_ws/RosSystem/install/beckhoff_interfaces/share/beckhoff_interfaces/cmake/beckhoff_interfaces__rosidl_typesupport_introspection_cExport-noconfig.cmake
[5.071s] -- Up-to-date: /home/student/ros_ws/RosSystem/install/beckhoff_interfaces/share/beckhoff_interfaces/cmake/beckhoff_interfaces__rosidl_typesupport_cExport.cmake
[5.071s] -- Up-to-date: /home/student/ros_ws/RosSystem/install/beckhoff_interfaces/share/beckhoff_interfaces/cmake/beckhoff_interfaces__rosidl_typesupport_cExport-noconfig.cmake
[5.071s] -- Up-to-date: /home/student/ros_ws/RosSystem/install/beckhoff_interfaces/share/beckhoff_interfaces/cmake/export_beckhoff_interfaces__rosidl_generator_cppExport.cmake
[5.071s] -- Up-to-date: /home/student/ros_ws/RosSystem/install/beckhoff_interfaces/share/beckhoff_interfaces/cmake/export_beckhoff_interfaces__rosidl_typesupport_fastrtps_cppExport.cmake
[5.071s] -- Up-to-date: /home/student/ros_ws/RosSystem/install/beckhoff_interfaces/share/beckhoff_interfaces/cmake/export_beckhoff_interfaces__rosidl_typesupport_fastrtps_cppExport-noconfig.cmake
[5.071s] -- Up-to-date: /home/student/ros_ws/RosSystem/install/beckhoff_interfaces/share/beckhoff_interfaces/cmake/beckhoff_interfaces__rosidl_typesupport_introspection_cppExport.cmake
[5.071s] -- Up-to-date: /home/student/ros_ws/RosSystem/install/beckhoff_interfaces/share/beckhoff_interfaces/cmake/beckhoff_interfaces__rosidl_typesupport_introspection_cppExport-noconfig.cmake
[5.071s] -- Up-to-date: /home/student/ros_ws/RosSystem/install/beckhoff_interfaces/share/beckhoff_interfaces/cmake/beckhoff_interfaces__rosidl_typesupport_cppExport.cmake
[5.072s] -- Up-to-date: /home/student/ros_ws/RosSystem/install/beckhoff_interfaces/share/beckhoff_interfaces/cmake/beckhoff_interfaces__rosidl_typesupport_cppExport-noconfig.cmake
[5.072s] -- Up-to-date: /home/student/ros_ws/RosSystem/install/beckhoff_interfaces/share/beckhoff_interfaces/cmake/export_beckhoff_interfaces__rosidl_generator_pyExport.cmake
[5.072s] -- Up-to-date: /home/student/ros_ws/RosSystem/install/beckhoff_interfaces/share/beckhoff_interfaces/cmake/export_beckhoff_interfaces__rosidl_generator_pyExport-noconfig.cmake
[5.072s] -- Up-to-date: /home/student/ros_ws/RosSystem/install/beckhoff_interfaces/share/beckhoff_interfaces/cmake/rosidl_cmake-extras.cmake
[5.072s] -- Up-to-date: /home/student/ros_ws/RosSystem/install/beckhoff_interfaces/share/beckhoff_interfaces/cmake/ament_cmake_export_dependencies-extras.cmake
[5.072s] -- Up-to-date: /home/student/ros_ws/RosSystem/install/beckhoff_interfaces/share/beckhoff_interfaces/cmake/ament_cmake_export_include_directories-extras.cmake
[5.072s] -- Up-to-date: /home/student/ros_ws/RosSystem/install/beckhoff_interfaces/share/beckhoff_interfaces/cmake/ament_cmake_export_libraries-extras.cmake
[5.072s] -- Up-to-date: /home/student/ros_ws/RosSystem/install/beckhoff_interfaces/share/beckhoff_interfaces/cmake/ament_cmake_export_targets-extras.cmake
[5.072s] -- Up-to-date: /home/student/ros_ws/RosSystem/install/beckhoff_interfaces/share/beckhoff_interfaces/cmake/rosidl_cmake_export_typesupport_targets-extras.cmake
[5.072s] -- Up-to-date: /home/student/ros_ws/RosSystem/install/beckhoff_interfaces/share/beckhoff_interfaces/cmake/rosidl_cmake_export_typesupport_libraries-extras.cmake
[5.072s] -- Up-to-date: /home/student/ros_ws/RosSystem/install/beckhoff_interfaces/share/beckhoff_interfaces/cmake/beckhoff_interfacesConfig.cmake
[5.072s] -- Up-to-date: /home/student/ros_ws/RosSystem/install/beckhoff_interfaces/share/beckhoff_interfaces/cmake/beckhoff_interfacesConfig-version.cmake
[5.072s] -- Up-to-date: /home/student/ros_ws/RosSystem/install/beckhoff_interfaces/share/beckhoff_interfaces/package.xml
[5.075s] Invoked command in '/home/student/ros_ws/RosSystem/build/beckhoff_interfaces' returned '0': CMAKE_PREFIX_PATH=${CMAKE_PREFIX_PATH}:/home/student/ros_ws/RosSystem/install/beckhoff:/opt/ros/humble /usr/bin/cmake --install /home/student/ros_ws/RosSystem/build/beckhoff_interfaces
