[1.031s] Invoking command in '/home/student/ros_ws/RosSystem/src/platform_lift': PYTHONPATH=/home/student/ros_ws/RosSystem/build/platform_lift/prefix_override:/home/student/ros_ws/RosSystem/install/platform_lift/lib/python3.10/site-packages:${PYTHONPATH} /usr/bin/python3 -W ignore:setup.py install is deprecated setup.py egg_info --egg-base ../../build/platform_lift build --build-base /home/student/ros_ws/RosSystem/build/platform_lift/build install --record /home/student/ros_ws/RosSystem/build/platform_lift/install.log --single-version-externally-managed install_data
[1.276s] running egg_info
[1.277s] writing ../../build/platform_lift/platform_lift.egg-info/PKG-INFO
[1.277s] writing dependency_links to ../../build/platform_lift/platform_lift.egg-info/dependency_links.txt
[1.278s] writing entry points to ../../build/platform_lift/platform_lift.egg-info/entry_points.txt
[1.278s] writing requirements to ../../build/platform_lift/platform_lift.egg-info/requires.txt
[1.278s] writing top-level names to ../../build/platform_lift/platform_lift.egg-info/top_level.txt
[1.283s] reading manifest file '../../build/platform_lift/platform_lift.egg-info/SOURCES.txt'
[1.283s] adding license file 'LICENSE'
[1.283s] writing manifest file '../../build/platform_lift/platform_lift.egg-info/SOURCES.txt'
[1.283s] running build
[1.283s] running build_py
[1.283s] copying platform_lift/serial_interface.py -> /home/student/ros_ws/RosSystem/build/platform_lift/build/lib/platform_lift
[1.284s] copying platform_lift/serial_communication.py -> /home/student/ros_ws/RosSystem/build/platform_lift/build/lib/platform_lift
[1.284s] running install
[1.284s] running install_lib
[1.286s] copying /home/student/ros_ws/RosSystem/build/platform_lift/build/lib/platform_lift/serial_interface.py -> /home/student/ros_ws/RosSystem/install/platform_lift/lib/python3.10/site-packages/platform_lift
[1.286s] copying /home/student/ros_ws/RosSystem/build/platform_lift/build/lib/platform_lift/serial_communication.py -> /home/student/ros_ws/RosSystem/install/platform_lift/lib/python3.10/site-packages/platform_lift
[1.286s] byte-compiling /home/student/ros_ws/RosSystem/install/platform_lift/lib/python3.10/site-packages/platform_lift/serial_interface.py to serial_interface.cpython-310.pyc
[1.288s] byte-compiling /home/student/ros_ws/RosSystem/install/platform_lift/lib/python3.10/site-packages/platform_lift/serial_communication.py to serial_communication.cpython-310.pyc
[1.290s] running install_data
[1.290s] running install_egg_info
[1.295s] removing '/home/student/ros_ws/RosSystem/install/platform_lift/lib/python3.10/site-packages/platform_lift-0.0.0-py3.10.egg-info' (and everything under it)
[1.296s] Copying ../../build/platform_lift/platform_lift.egg-info to /home/student/ros_ws/RosSystem/install/platform_lift/lib/python3.10/site-packages/platform_lift-0.0.0-py3.10.egg-info
[1.297s] running install_scripts
[1.321s] Installing command script to /home/student/ros_ws/RosSystem/install/platform_lift/lib/platform_lift
[1.321s] Installing lift_communication script to /home/student/ros_ws/RosSystem/install/platform_lift/lib/platform_lift
[1.321s] Installing srv_client script to /home/student/ros_ws/RosSystem/install/platform_lift/lib/platform_lift
[1.322s] writing list of installed files to '/home/student/ros_ws/RosSystem/build/platform_lift/install.log'
[1.367s] Invoked command in '/home/student/ros_ws/RosSystem/src/platform_lift' returned '0': PYTHONPATH=/home/student/ros_ws/RosSystem/build/platform_lift/prefix_override:/home/student/ros_ws/RosSystem/install/platform_lift/lib/python3.10/site-packages:${PYTHONPATH} /usr/bin/python3 -W ignore:setup.py install is deprecated setup.py egg_info --egg-base ../../build/platform_lift build --build-base /home/student/ros_ws/RosSystem/build/platform_lift/build install --record /home/student/ros_ws/RosSystem/build/platform_lift/install.log --single-version-externally-managed install_data
