[0.295s] Invoking command in '/home/student/ros_ws/RosSystem/build/lift_interfaces': CMAKE_PREFIX_PATH=${CMAKE_PREFIX_PATH}:/home/student/ws_moveit2/install/moveit_configs_utils:/home/student/ws_moveit2/install/launch_param_builder:/home/student/ros_ws/RosSystem/install/platform_lift:/home/student/ros_ws/RosSystem/install/beckhoff:/opt/ros/humble /usr/bin/cmake --build /home/student/ros_ws/RosSystem/build/lift_interfaces -- -j16 -l16
[0.388s] [ 10%] Built target lift_interfaces__cpp
[0.388s] [ 12%] Built target lift_interfaces__rosidl_generator_c
[0.422s] [ 12%] Built target ament_cmake_python_copy_lift_interfaces
[0.458s] [ 33%] Built target lift_interfaces__rosidl_typesupport_cpp
[0.458s] [ 33%] Built target lift_interfaces__rosidl_typesupport_fastrtps_c
[0.460s] [ 43%] Built target lift_interfaces__rosidl_typesupport_introspection_c
[0.462s] [ 53%] Built target lift_interfaces__rosidl_typesupport_c
[0.465s] [ 64%] Built target lift_interfaces__rosidl_typesupport_fastrtps_cpp
[0.465s] [ 74%] Built target lift_interfaces__rosidl_typesupport_introspection_cpp
[0.511s] [ 74%] Built target lift_interfaces
[0.556s] [ 76%] Built target lift_interfaces__py
[0.605s] [ 84%] Built target lift_interfaces__rosidl_generator_py
[0.663s] [ 89%] Built target lift_interfaces__rosidl_typesupport_introspection_c__pyext
[0.663s] [100%] Built target lift_interfaces__rosidl_typesupport_fastrtps_c__pyext
[0.663s] [100%] Built target lift_interfaces__rosidl_typesupport_c__pyext
[0.715s] running egg_info
[0.716s] writing lift_interfaces.egg-info/PKG-INFO
[0.717s] writing dependency_links to lift_interfaces.egg-info/dependency_links.txt
[0.717s] writing top-level names to lift_interfaces.egg-info/top_level.txt
[0.720s] reading manifest file 'lift_interfaces.egg-info/SOURCES.txt'
[0.720s] writing manifest file 'lift_interfaces.egg-info/SOURCES.txt'
[0.773s] [100%] Built target ament_cmake_python_build_lift_interfaces_egg
[0.794s] Invoked command in '/home/student/ros_ws/RosSystem/build/lift_interfaces' returned '0': CMAKE_PREFIX_PATH=${CMAKE_PREFIX_PATH}:/home/student/ws_moveit2/install/moveit_configs_utils:/home/student/ws_moveit2/install/launch_param_builder:/home/student/ros_ws/RosSystem/install/platform_lift:/home/student/ros_ws/RosSystem/install/beckhoff:/opt/ros/humble /usr/bin/cmake --build /home/student/ros_ws/RosSystem/build/lift_interfaces -- -j16 -l16
[1.044s] Invoking command in '/home/student/ros_ws/RosSystem/build/lift_interfaces': CMAKE_PREFIX_PATH=${CMAKE_PREFIX_PATH}:/home/student/ws_moveit2/install/moveit_configs_utils:/home/student/ws_moveit2/install/launch_param_builder:/home/student/ros_ws/RosSystem/install/platform_lift:/home/student/ros_ws/RosSystem/install/beckhoff:/opt/ros/humble /usr/bin/cmake --install /home/student/ros_ws/RosSystem/build/lift_interfaces
[1.058s] -- Install configuration: ""
[1.058s] -- Up-to-date: /home/student/ros_ws/RosSystem/install/lift_interfaces/share/ament_index/resource_index/rosidl_interfaces/lift_interfaces
[1.058s] -- Up-to-date: /home/student/ros_ws/RosSystem/install/lift_interfaces/include/lift_interfaces/lift_interfaces
[1.058s] -- Up-to-date: /home/student/ros_ws/RosSystem/install/lift_interfaces/include/lift_interfaces/lift_interfaces/action
[1.058s] -- Up-to-date: /home/student/ros_ws/RosSystem/install/lift_interfaces/include/lift_interfaces/lift_interfaces/action/detail
[1.058s] -- Up-to-date: /home/student/ros_ws/RosSystem/install/lift_interfaces/include/lift_interfaces/lift_interfaces/action/detail/move_lift__functions.h
[1.059s] -- Up-to-date: /home/student/ros_ws/RosSystem/install/lift_interfaces/include/lift_interfaces/lift_interfaces/action/detail/move_lift__type_support.h
[1.059s] -- Up-to-date: /home/student/ros_ws/RosSystem/install/lift_interfaces/include/lift_interfaces/lift_interfaces/action/detail/move_lift__functions.c
[1.059s] -- Up-to-date: /home/student/ros_ws/RosSystem/install/lift_interfaces/include/lift_interfaces/lift_interfaces/action/detail/move_lift__struct.h
[1.059s] -- Up-to-date: /home/student/ros_ws/RosSystem/install/lift_interfaces/include/lift_interfaces/lift_interfaces/action/move_lift.h
[1.059s] -- Up-to-date: /home/student/ros_ws/RosSystem/install/lift_interfaces/include/lift_interfaces/lift_interfaces/msg
[1.059s] -- Up-to-date: /home/student/ros_ws/RosSystem/install/lift_interfaces/include/lift_interfaces/lift_interfaces/msg/rosidl_generator_c__visibility_control.h
[1.060s] -- Up-to-date: /home/student/ros_ws/RosSystem/install/lift_interfaces/include/lift_interfaces/lift_interfaces/srv
[1.060s] -- Up-to-date: /home/student/ros_ws/RosSystem/install/lift_interfaces/include/lift_interfaces/lift_interfaces/srv/position_lift.h
[1.060s] -- Up-to-date: /home/student/ros_ws/RosSystem/install/lift_interfaces/include/lift_interfaces/lift_interfaces/srv/detail
[1.060s] -- Up-to-date: /home/student/ros_ws/RosSystem/install/lift_interfaces/include/lift_interfaces/lift_interfaces/srv/detail/position_lift__type_support.h
[1.060s] -- Up-to-date: /home/student/ros_ws/RosSystem/install/lift_interfaces/include/lift_interfaces/lift_interfaces/srv/detail/position_lift__functions.h
[1.060s] -- Up-to-date: /home/student/ros_ws/RosSystem/install/lift_interfaces/include/lift_interfaces/lift_interfaces/srv/detail/position_lift__functions.c
[1.060s] -- Up-to-date: /home/student/ros_ws/RosSystem/install/lift_interfaces/include/lift_interfaces/lift_interfaces/srv/detail/position_lift__struct.h
[1.060s] -- Up-to-date: /home/student/ros_ws/RosSystem/install/lift_interfaces/share/lift_interfaces/environment/library_path.sh
[1.060s] -- Up-to-date: /home/student/ros_ws/RosSystem/install/lift_interfaces/share/lift_interfaces/environment/library_path.dsv
[1.061s] -- Up-to-date: /home/student/ros_ws/RosSystem/install/lift_interfaces/lib/liblift_interfaces__rosidl_generator_c.so
[1.061s] -- Up-to-date: /home/student/ros_ws/RosSystem/install/lift_interfaces/include/lift_interfaces/lift_interfaces
[1.061s] -- Up-to-date: /home/student/ros_ws/RosSystem/install/lift_interfaces/include/lift_interfaces/lift_interfaces/action
[1.061s] -- Up-to-date: /home/student/ros_ws/RosSystem/install/lift_interfaces/include/lift_interfaces/lift_interfaces/action/detail
[1.061s] -- Up-to-date: /home/student/ros_ws/RosSystem/install/lift_interfaces/include/lift_interfaces/lift_interfaces/action/detail/move_lift__rosidl_typesupport_fastrtps_c.h
[1.061s] -- Up-to-date: /home/student/ros_ws/RosSystem/install/lift_interfaces/include/lift_interfaces/lift_interfaces/msg
[1.061s] -- Up-to-date: /home/student/ros_ws/RosSystem/install/lift_interfaces/include/lift_interfaces/lift_interfaces/msg/rosidl_typesupport_fastrtps_c__visibility_control.h
[1.061s] -- Up-to-date: /home/student/ros_ws/RosSystem/install/lift_interfaces/include/lift_interfaces/lift_interfaces/srv
[1.061s] -- Up-to-date: /home/student/ros_ws/RosSystem/install/lift_interfaces/include/lift_interfaces/lift_interfaces/srv/detail
[1.061s] -- Up-to-date: /home/student/ros_ws/RosSystem/install/lift_interfaces/include/lift_interfaces/lift_interfaces/srv/detail/position_lift__rosidl_typesupport_fastrtps_c.h
[1.061s] -- Up-to-date: /home/student/ros_ws/RosSystem/install/lift_interfaces/lib/liblift_interfaces__rosidl_typesupport_fastrtps_c.so
[1.061s] -- Up-to-date: /home/student/ros_ws/RosSystem/install/lift_interfaces/include/lift_interfaces/lift_interfaces
[1.061s] -- Up-to-date: /home/student/ros_ws/RosSystem/install/lift_interfaces/include/lift_interfaces/lift_interfaces/action
[1.061s] -- Up-to-date: /home/student/ros_ws/RosSystem/install/lift_interfaces/include/lift_interfaces/lift_interfaces/action/detail
[1.061s] -- Up-to-date: /home/student/ros_ws/RosSystem/install/lift_interfaces/include/lift_interfaces/lift_interfaces/action/detail/move_lift__rosidl_typesupport_introspection_c.h
[1.062s] -- Up-to-date: /home/student/ros_ws/RosSystem/install/lift_interfaces/include/lift_interfaces/lift_interfaces/action/detail/move_lift__type_support.c
[1.062s] -- Up-to-date: /home/student/ros_ws/RosSystem/install/lift_interfaces/include/lift_interfaces/lift_interfaces/msg
[1.062s] -- Up-to-date: /home/student/ros_ws/RosSystem/install/lift_interfaces/include/lift_interfaces/lift_interfaces/msg/rosidl_typesupport_introspection_c__visibility_control.h
[1.062s] -- Up-to-date: /home/student/ros_ws/RosSystem/install/lift_interfaces/include/lift_interfaces/lift_interfaces/srv
[1.062s] -- Up-to-date: /home/student/ros_ws/RosSystem/install/lift_interfaces/include/lift_interfaces/lift_interfaces/srv/detail
[1.062s] -- Up-to-date: /home/student/ros_ws/RosSystem/install/lift_interfaces/include/lift_interfaces/lift_interfaces/srv/detail/position_lift__rosidl_typesupport_introspection_c.h
[1.062s] -- Up-to-date: /home/student/ros_ws/RosSystem/install/lift_interfaces/include/lift_interfaces/lift_interfaces/srv/detail/position_lift__type_support.c
[1.062s] -- Up-to-date: /home/student/ros_ws/RosSystem/install/lift_interfaces/lib/liblift_interfaces__rosidl_typesupport_introspection_c.so
[1.062s] -- Up-to-date: /home/student/ros_ws/RosSystem/install/lift_interfaces/lib/liblift_interfaces__rosidl_typesupport_c.so
[1.062s] -- Up-to-date: /home/student/ros_ws/RosSystem/install/lift_interfaces/include/lift_interfaces/lift_interfaces
[1.062s] -- Up-to-date: /home/student/ros_ws/RosSystem/install/lift_interfaces/include/lift_interfaces/lift_interfaces/action
[1.062s] -- Up-to-date: /home/student/ros_ws/RosSystem/install/lift_interfaces/include/lift_interfaces/lift_interfaces/action/move_lift.hpp
[1.063s] -- Up-to-date: /home/student/ros_ws/RosSystem/install/lift_interfaces/include/lift_interfaces/lift_interfaces/action/detail
[1.063s] -- Up-to-date: /home/student/ros_ws/RosSystem/install/lift_interfaces/include/lift_interfaces/lift_interfaces/action/detail/move_lift__traits.hpp
[1.063s] -- Up-to-date: /home/student/ros_ws/RosSystem/install/lift_interfaces/include/lift_interfaces/lift_interfaces/action/detail/move_lift__struct.hpp
[1.063s] -- Up-to-date: /home/student/ros_ws/RosSystem/install/lift_interfaces/include/lift_interfaces/lift_interfaces/action/detail/move_lift__builder.hpp
[1.063s] -- Up-to-date: /home/student/ros_ws/RosSystem/install/lift_interfaces/include/lift_interfaces/lift_interfaces/srv
[1.063s] -- Up-to-date: /home/student/ros_ws/RosSystem/install/lift_interfaces/include/lift_interfaces/lift_interfaces/srv/position_lift.hpp
[1.063s] -- Up-to-date: /home/student/ros_ws/RosSystem/install/lift_interfaces/include/lift_interfaces/lift_interfaces/srv/detail
[1.063s] -- Up-to-date: /home/student/ros_ws/RosSystem/install/lift_interfaces/include/lift_interfaces/lift_interfaces/srv/detail/position_lift__struct.hpp
[1.063s] -- Up-to-date: /home/student/ros_ws/RosSystem/install/lift_interfaces/include/lift_interfaces/lift_interfaces/srv/detail/position_lift__traits.hpp
[1.063s] -- Up-to-date: /home/student/ros_ws/RosSystem/install/lift_interfaces/include/lift_interfaces/lift_interfaces/srv/detail/position_lift__builder.hpp
[1.063s] -- Up-to-date: /home/student/ros_ws/RosSystem/install/lift_interfaces/include/lift_interfaces/lift_interfaces
[1.063s] -- Up-to-date: /home/student/ros_ws/RosSystem/install/lift_interfaces/include/lift_interfaces/lift_interfaces/action
[1.063s] -- Up-to-date: /home/student/ros_ws/RosSystem/install/lift_interfaces/include/lift_interfaces/lift_interfaces/action/detail
[1.063s] -- Up-to-date: /home/student/ros_ws/RosSystem/install/lift_interfaces/include/lift_interfaces/lift_interfaces/action/detail/dds_fastrtps
[1.063s] -- Up-to-date: /home/student/ros_ws/RosSystem/install/lift_interfaces/include/lift_interfaces/lift_interfaces/action/detail/move_lift__rosidl_typesupport_fastrtps_cpp.hpp
[1.064s] -- Up-to-date: /home/student/ros_ws/RosSystem/install/lift_interfaces/include/lift_interfaces/lift_interfaces/msg
[1.064s] -- Up-to-date: /home/student/ros_ws/RosSystem/install/lift_interfaces/include/lift_interfaces/lift_interfaces/msg/rosidl_typesupport_fastrtps_cpp__visibility_control.h
[1.064s] -- Up-to-date: /home/student/ros_ws/RosSystem/install/lift_interfaces/include/lift_interfaces/lift_interfaces/srv
[1.064s] -- Up-to-date: /home/student/ros_ws/RosSystem/install/lift_interfaces/include/lift_interfaces/lift_interfaces/srv/detail
[1.064s] -- Up-to-date: /home/student/ros_ws/RosSystem/install/lift_interfaces/include/lift_interfaces/lift_interfaces/srv/detail/dds_fastrtps
[1.064s] -- Up-to-date: /home/student/ros_ws/RosSystem/install/lift_interfaces/include/lift_interfaces/lift_interfaces/srv/detail/position_lift__rosidl_typesupport_fastrtps_cpp.hpp
[1.064s] -- Up-to-date: /home/student/ros_ws/RosSystem/install/lift_interfaces/lib/liblift_interfaces__rosidl_typesupport_fastrtps_cpp.so
[1.064s] -- Up-to-date: /home/student/ros_ws/RosSystem/install/lift_interfaces/include/lift_interfaces/lift_interfaces
[1.064s] -- Up-to-date: /home/student/ros_ws/RosSystem/install/lift_interfaces/include/lift_interfaces/lift_interfaces/action
[1.064s] -- Up-to-date: /home/student/ros_ws/RosSystem/install/lift_interfaces/include/lift_interfaces/lift_interfaces/action/detail
[1.064s] -- Up-to-date: /home/student/ros_ws/RosSystem/install/lift_interfaces/include/lift_interfaces/lift_interfaces/action/detail/move_lift__rosidl_typesupport_introspection_cpp.hpp
[1.064s] -- Up-to-date: /home/student/ros_ws/RosSystem/install/lift_interfaces/include/lift_interfaces/lift_interfaces/action/detail/move_lift__type_support.cpp
[1.064s] -- Up-to-date: /home/student/ros_ws/RosSystem/install/lift_interfaces/include/lift_interfaces/lift_interfaces/srv
[1.064s] -- Up-to-date: /home/student/ros_ws/RosSystem/install/lift_interfaces/include/lift_interfaces/lift_interfaces/srv/detail
[1.064s] -- Up-to-date: /home/student/ros_ws/RosSystem/install/lift_interfaces/include/lift_interfaces/lift_interfaces/srv/detail/position_lift__rosidl_typesupport_introspection_cpp.hpp
[1.065s] -- Up-to-date: /home/student/ros_ws/RosSystem/install/lift_interfaces/include/lift_interfaces/lift_interfaces/srv/detail/position_lift__type_support.cpp
[1.065s] -- Up-to-date: /home/student/ros_ws/RosSystem/install/lift_interfaces/lib/liblift_interfaces__rosidl_typesupport_introspection_cpp.so
[1.065s] -- Up-to-date: /home/student/ros_ws/RosSystem/install/lift_interfaces/lib/liblift_interfaces__rosidl_typesupport_cpp.so
[1.065s] -- Up-to-date: /home/student/ros_ws/RosSystem/install/lift_interfaces/share/lift_interfaces/environment/pythonpath.sh
[1.065s] -- Up-to-date: /home/student/ros_ws/RosSystem/install/lift_interfaces/share/lift_interfaces/environment/pythonpath.dsv
[1.065s] -- Up-to-date: /home/student/ros_ws/RosSystem/install/lift_interfaces/local/lib/python3.10/dist-packages/lift_interfaces-0.0.0-py3.10.egg-info
[1.065s] -- Installing: /home/student/ros_ws/RosSystem/install/lift_interfaces/local/lib/python3.10/dist-packages/lift_interfaces-0.0.0-py3.10.egg-info/top_level.txt
[1.065s] -- Installing: /home/student/ros_ws/RosSystem/install/lift_interfaces/local/lib/python3.10/dist-packages/lift_interfaces-0.0.0-py3.10.egg-info/dependency_links.txt
[1.065s] -- Installing: /home/student/ros_ws/RosSystem/install/lift_interfaces/local/lib/python3.10/dist-packages/lift_interfaces-0.0.0-py3.10.egg-info/SOURCES.txt
[1.065s] -- Installing: /home/student/ros_ws/RosSystem/install/lift_interfaces/local/lib/python3.10/dist-packages/lift_interfaces-0.0.0-py3.10.egg-info/PKG-INFO
[1.065s] -- Up-to-date: /home/student/ros_ws/RosSystem/install/lift_interfaces/local/lib/python3.10/dist-packages/lift_interfaces
[1.065s] -- Up-to-date: /home/student/ros_ws/RosSystem/install/lift_interfaces/local/lib/python3.10/dist-packages/lift_interfaces/lift_interfaces_s__rosidl_typesupport_c.cpython-310-x86_64-linux-gnu.so
[1.065s] -- Up-to-date: /home/student/ros_ws/RosSystem/install/lift_interfaces/local/lib/python3.10/dist-packages/lift_interfaces/action
[1.065s] -- Up-to-date: /home/student/ros_ws/RosSystem/install/lift_interfaces/local/lib/python3.10/dist-packages/lift_interfaces/action/_move_lift.py
[1.065s] -- Up-to-date: /home/student/ros_ws/RosSystem/install/lift_interfaces/local/lib/python3.10/dist-packages/lift_interfaces/action/_move_lift_s.c
[1.065s] -- Up-to-date: /home/student/ros_ws/RosSystem/install/lift_interfaces/local/lib/python3.10/dist-packages/lift_interfaces/action/__init__.py
[1.065s] -- Up-to-date: /home/student/ros_ws/RosSystem/install/lift_interfaces/local/lib/python3.10/dist-packages/lift_interfaces/liblift_interfaces__rosidl_generator_py.so
[1.066s] -- Up-to-date: /home/student/ros_ws/RosSystem/install/lift_interfaces/local/lib/python3.10/dist-packages/lift_interfaces/_lift_interfaces_s.ep.rosidl_typesupport_introspection_c.c
[1.066s] -- Up-to-date: /home/student/ros_ws/RosSystem/install/lift_interfaces/local/lib/python3.10/dist-packages/lift_interfaces/srv
[1.066s] -- Up-to-date: /home/student/ros_ws/RosSystem/install/lift_interfaces/local/lib/python3.10/dist-packages/lift_interfaces/srv/_position_lift.py
[1.066s] -- Up-to-date: /home/student/ros_ws/RosSystem/install/lift_interfaces/local/lib/python3.10/dist-packages/lift_interfaces/srv/_position_lift_s.c
[1.066s] -- Up-to-date: /home/student/ros_ws/RosSystem/install/lift_interfaces/local/lib/python3.10/dist-packages/lift_interfaces/srv/__init__.py
[1.066s] -- Up-to-date: /home/student/ros_ws/RosSystem/install/lift_interfaces/local/lib/python3.10/dist-packages/lift_interfaces/lift_interfaces_s__rosidl_typesupport_introspection_c.cpython-310-x86_64-linux-gnu.so
[1.066s] -- Up-to-date: /home/student/ros_ws/RosSystem/install/lift_interfaces/local/lib/python3.10/dist-packages/lift_interfaces/_lift_interfaces_s.ep.rosidl_typesupport_fastrtps_c.c
[1.066s] -- Up-to-date: /home/student/ros_ws/RosSystem/install/lift_interfaces/local/lib/python3.10/dist-packages/lift_interfaces/_lift_interfaces_s.ep.rosidl_typesupport_c.c
[1.066s] -- Up-to-date: /home/student/ros_ws/RosSystem/install/lift_interfaces/local/lib/python3.10/dist-packages/lift_interfaces/lift_interfaces_s__rosidl_typesupport_fastrtps_c.cpython-310-x86_64-linux-gnu.so
[1.066s] -- Up-to-date: /home/student/ros_ws/RosSystem/install/lift_interfaces/local/lib/python3.10/dist-packages/lift_interfaces/__init__.py
[1.102s] Listing '/home/student/ros_ws/RosSystem/install/lift_interfaces/local/lib/python3.10/dist-packages/lift_interfaces'...
[1.102s] Listing '/home/student/ros_ws/RosSystem/install/lift_interfaces/local/lib/python3.10/dist-packages/lift_interfaces/action'...
[1.102s] Listing '/home/student/ros_ws/RosSystem/install/lift_interfaces/local/lib/python3.10/dist-packages/lift_interfaces/srv'...
[1.109s] -- Up-to-date: /home/student/ros_ws/RosSystem/install/lift_interfaces/local/lib/python3.10/dist-packages/lift_interfaces/lift_interfaces_s__rosidl_typesupport_fastrtps_c.cpython-310-x86_64-linux-gnu.so
[1.110s] -- Up-to-date: /home/student/ros_ws/RosSystem/install/lift_interfaces/local/lib/python3.10/dist-packages/lift_interfaces/lift_interfaces_s__rosidl_typesupport_introspection_c.cpython-310-x86_64-linux-gnu.so
[1.110s] -- Up-to-date: /home/student/ros_ws/RosSystem/install/lift_interfaces/local/lib/python3.10/dist-packages/lift_interfaces/lift_interfaces_s__rosidl_typesupport_c.cpython-310-x86_64-linux-gnu.so
[1.111s] -- Up-to-date: /home/student/ros_ws/RosSystem/install/lift_interfaces/lib/liblift_interfaces__rosidl_generator_py.so
[1.111s] -- Up-to-date: /home/student/ros_ws/RosSystem/install/lift_interfaces/share/lift_interfaces/action/MoveLift.idl
[1.111s] -- Up-to-date: /home/student/ros_ws/RosSystem/install/lift_interfaces/share/lift_interfaces/srv/PositionLift.idl
[1.111s] -- Up-to-date: /home/student/ros_ws/RosSystem/install/lift_interfaces/share/lift_interfaces/action/MoveLift.action
[1.111s] -- Up-to-date: /home/student/ros_ws/RosSystem/install/lift_interfaces/share/lift_interfaces/srv/PositionLift.srv
[1.111s] -- Up-to-date: /home/student/ros_ws/RosSystem/install/lift_interfaces/share/lift_interfaces/srv/PositionLift_Request.msg
[1.111s] -- Up-to-date: /home/student/ros_ws/RosSystem/install/lift_interfaces/share/lift_interfaces/srv/PositionLift_Response.msg
[1.111s] -- Up-to-date: /home/student/ros_ws/RosSystem/install/lift_interfaces/share/ament_index/resource_index/package_run_dependencies/lift_interfaces
[1.111s] -- Up-to-date: /home/student/ros_ws/RosSystem/install/lift_interfaces/share/ament_index/resource_index/parent_prefix_path/lift_interfaces
[1.112s] -- Up-to-date: /home/student/ros_ws/RosSystem/install/lift_interfaces/share/lift_interfaces/environment/ament_prefix_path.sh
[1.112s] -- Up-to-date: /home/student/ros_ws/RosSystem/install/lift_interfaces/share/lift_interfaces/environment/ament_prefix_path.dsv
[1.112s] -- Up-to-date: /home/student/ros_ws/RosSystem/install/lift_interfaces/share/lift_interfaces/environment/path.sh
[1.112s] -- Up-to-date: /home/student/ros_ws/RosSystem/install/lift_interfaces/share/lift_interfaces/environment/path.dsv
[1.112s] -- Up-to-date: /home/student/ros_ws/RosSystem/install/lift_interfaces/share/lift_interfaces/local_setup.bash
[1.112s] -- Up-to-date: /home/student/ros_ws/RosSystem/install/lift_interfaces/share/lift_interfaces/local_setup.sh
[1.112s] -- Up-to-date: /home/student/ros_ws/RosSystem/install/lift_interfaces/share/lift_interfaces/local_setup.zsh
[1.112s] -- Up-to-date: /home/student/ros_ws/RosSystem/install/lift_interfaces/share/lift_interfaces/local_setup.dsv
[1.112s] -- Installing: /home/student/ros_ws/RosSystem/install/lift_interfaces/share/lift_interfaces/package.dsv
[1.112s] -- Up-to-date: /home/student/ros_ws/RosSystem/install/lift_interfaces/share/ament_index/resource_index/packages/lift_interfaces
[1.112s] -- Up-to-date: /home/student/ros_ws/RosSystem/install/lift_interfaces/share/lift_interfaces/cmake/export_lift_interfaces__rosidl_generator_cExport.cmake
[1.112s] -- Up-to-date: /home/student/ros_ws/RosSystem/install/lift_interfaces/share/lift_interfaces/cmake/export_lift_interfaces__rosidl_generator_cExport-noconfig.cmake
[1.112s] -- Up-to-date: /home/student/ros_ws/RosSystem/install/lift_interfaces/share/lift_interfaces/cmake/export_lift_interfaces__rosidl_typesupport_fastrtps_cExport.cmake
[1.113s] -- Up-to-date: /home/student/ros_ws/RosSystem/install/lift_interfaces/share/lift_interfaces/cmake/export_lift_interfaces__rosidl_typesupport_fastrtps_cExport-noconfig.cmake
[1.113s] -- Up-to-date: /home/student/ros_ws/RosSystem/install/lift_interfaces/share/lift_interfaces/cmake/lift_interfaces__rosidl_typesupport_introspection_cExport.cmake
[1.113s] -- Up-to-date: /home/student/ros_ws/RosSystem/install/lift_interfaces/share/lift_interfaces/cmake/lift_interfaces__rosidl_typesupport_introspection_cExport-noconfig.cmake
[1.113s] -- Up-to-date: /home/student/ros_ws/RosSystem/install/lift_interfaces/share/lift_interfaces/cmake/lift_interfaces__rosidl_typesupport_cExport.cmake
[1.113s] -- Up-to-date: /home/student/ros_ws/RosSystem/install/lift_interfaces/share/lift_interfaces/cmake/lift_interfaces__rosidl_typesupport_cExport-noconfig.cmake
[1.113s] -- Up-to-date: /home/student/ros_ws/RosSystem/install/lift_interfaces/share/lift_interfaces/cmake/export_lift_interfaces__rosidl_generator_cppExport.cmake
[1.113s] -- Up-to-date: /home/student/ros_ws/RosSystem/install/lift_interfaces/share/lift_interfaces/cmake/export_lift_interfaces__rosidl_typesupport_fastrtps_cppExport.cmake
[1.113s] -- Up-to-date: /home/student/ros_ws/RosSystem/install/lift_interfaces/share/lift_interfaces/cmake/export_lift_interfaces__rosidl_typesupport_fastrtps_cppExport-noconfig.cmake
[1.113s] -- Up-to-date: /home/student/ros_ws/RosSystem/install/lift_interfaces/share/lift_interfaces/cmake/lift_interfaces__rosidl_typesupport_introspection_cppExport.cmake
[1.113s] -- Up-to-date: /home/student/ros_ws/RosSystem/install/lift_interfaces/share/lift_interfaces/cmake/lift_interfaces__rosidl_typesupport_introspection_cppExport-noconfig.cmake
[1.113s] -- Up-to-date: /home/student/ros_ws/RosSystem/install/lift_interfaces/share/lift_interfaces/cmake/lift_interfaces__rosidl_typesupport_cppExport.cmake
[1.113s] -- Up-to-date: /home/student/ros_ws/RosSystem/install/lift_interfaces/share/lift_interfaces/cmake/lift_interfaces__rosidl_typesupport_cppExport-noconfig.cmake
[1.113s] -- Up-to-date: /home/student/ros_ws/RosSystem/install/lift_interfaces/share/lift_interfaces/cmake/export_lift_interfaces__rosidl_generator_pyExport.cmake
[1.114s] -- Up-to-date: /home/student/ros_ws/RosSystem/install/lift_interfaces/share/lift_interfaces/cmake/export_lift_interfaces__rosidl_generator_pyExport-noconfig.cmake
[1.114s] -- Up-to-date: /home/student/ros_ws/RosSystem/install/lift_interfaces/share/lift_interfaces/cmake/rosidl_cmake-extras.cmake
[1.114s] -- Up-to-date: /home/student/ros_ws/RosSystem/install/lift_interfaces/share/lift_interfaces/cmake/ament_cmake_export_dependencies-extras.cmake
[1.114s] -- Up-to-date: /home/student/ros_ws/RosSystem/install/lift_interfaces/share/lift_interfaces/cmake/ament_cmake_export_include_directories-extras.cmake
[1.114s] -- Up-to-date: /home/student/ros_ws/RosSystem/install/lift_interfaces/share/lift_interfaces/cmake/ament_cmake_export_libraries-extras.cmake
[1.114s] -- Up-to-date: /home/student/ros_ws/RosSystem/install/lift_interfaces/share/lift_interfaces/cmake/ament_cmake_export_targets-extras.cmake
[1.114s] -- Up-to-date: /home/student/ros_ws/RosSystem/install/lift_interfaces/share/lift_interfaces/cmake/rosidl_cmake_export_typesupport_targets-extras.cmake
[1.114s] -- Up-to-date: /home/student/ros_ws/RosSystem/install/lift_interfaces/share/lift_interfaces/cmake/rosidl_cmake_export_typesupport_libraries-extras.cmake
[1.114s] -- Up-to-date: /home/student/ros_ws/RosSystem/install/lift_interfaces/share/lift_interfaces/cmake/lift_interfacesConfig.cmake
[1.114s] -- Up-to-date: /home/student/ros_ws/RosSystem/install/lift_interfaces/share/lift_interfaces/cmake/lift_interfacesConfig-version.cmake
[1.114s] -- Up-to-date: /home/student/ros_ws/RosSystem/install/lift_interfaces/share/lift_interfaces/package.xml
[1.117s] Invoked command in '/home/student/ros_ws/RosSystem/build/lift_interfaces' returned '0': CMAKE_PREFIX_PATH=${CMAKE_PREFIX_PATH}:/home/student/ws_moveit2/install/moveit_configs_utils:/home/student/ws_moveit2/install/launch_param_builder:/home/student/ros_ws/RosSystem/install/platform_lift:/home/student/ros_ws/RosSystem/install/beckhoff:/opt/ros/humble /usr/bin/cmake --install /home/student/ros_ws/RosSystem/build/lift_interfaces
