[0.235s] Invoking command in '/home/student/ros_ws/RosSystem/build/beckhoff_interfaces': CMAKE_PREFIX_PATH=${CMAKE_PREFIX_PATH}:/home/student/ros_ws/RosSystem/install/beckhoff:/opt/ros/humble /usr/bin/cmake /home/student/ros_ws/RosSystem/src/beckhoff_interfaces -DCMAKE_INSTALL_PREFIX=/home/student/ros_ws/RosSystem/install/beckhoff_interfaces
[0.246s] -- Found ament_cmake: 1.3.8 (/opt/ros/humble/share/ament_cmake/cmake)
[0.355s] -- Found rosidl_default_generators: 1.2.0 (/opt/ros/humble/share/rosidl_default_generators/cmake)
[0.356s] -- Using all available rosidl_typesupport_c: rosidl_typesupport_fastrtps_c;rosidl_typesupport_introspection_c
[0.359s] -- Found rosidl_adapter: 3.1.5 (/opt/ros/humble/share/rosidl_adapter/cmake)
[0.385s] -- Using all available rosidl_typesupport_cpp: rosidl_typesupport_fastrtps_cpp;rosidl_typesupport_introspection_cpp
[0.566s] [31mCMake Error at /opt/ros/humble/share/rosidl_adapter/cmake/rosidl_adapt_interfaces.cmake:59 (message):
[0.566s]   execute_process(/usr/bin/python3 -m rosidl_adapter --package-name
[0.566s]   beckhoff_interfaces --arguments-file
[0.566s]   /home/student/ros_ws/RosSystem/build/beckhoff_interfaces/rosidl_adapter__arguments__beckhoff_interfaces.json
[0.566s]   --output-dir
[0.566s]   /home/student/ros_ws/RosSystem/build/beckhoff_interfaces/rosidl_adapter/beckhoff_interfaces
[0.566s]   --output-file
[0.566s]   /home/student/ros_ws/RosSystem/build/beckhoff_interfaces/rosidl_adapter/beckhoff_interfaces.idls)
[0.566s]   returned error code 1:
[0.566s] 
[0.566s]   Traceback (most recent call last):
[0.566s] 
[0.566s]     File "/usr/lib/python3.10/runpy.py", line 196, in _run_module_as_main
[0.566s]       return _run_code(code, main_globals, None,
[0.567s]     File "/usr/lib/python3.10/runpy.py", line 86, in _run_code
[0.567s]       exec(code, run_globals)
[0.567s]     File "/opt/ros/humble/local/lib/python3.10/dist-packages/rosidl_adapter/__main__.py", line 19, in <module>
[0.567s]       sys.exit(main())
[0.567s]     File "/opt/ros/humble/local/lib/python3.10/dist-packages/rosidl_adapter/main.py", line 53, in main
[0.567s]       abs_idl_file = convert_to_idl(
[0.567s]     File "/opt/ros/humble/local/lib/python3.10/dist-packages/rosidl_adapter/__init__.py", line 24, in convert_to_idl
[0.567s]       return convert_srv_to_idl(
[0.567s]     File "/opt/ros/humble/local/lib/python3.10/dist-packages/rosidl_adapter/srv/__init__.py", line 28, in convert_srv_to_idl
[0.567s]       srv = parse_service_string(package_name, input_file.stem, content)
[0.567s]     File "/opt/ros/humble/local/lib/python3.10/dist-packages/rosidl_adapter/parser.py", line 850, in parse_service_string
[0.567s]       raise InvalidServiceSpecification(
[0.567s] 
[0.567s]   rosidl_adapter.parser.InvalidServiceSpecification: Could not find separator
[0.567s]   '---' between request and response
[0.567s] 
[0.567s] Call Stack (most recent call first):
[0.567s]   /opt/ros/humble/share/rosidl_cmake/cmake/rosidl_generate_interfaces.cmake:130 (rosidl_adapt_interfaces)
[0.567s]   CMakeLists.txt:16 (rosidl_generate_interfaces)
[0.567s] 
[0.568s] [0m
[0.568s] -- Configuring incomplete, errors occurred!
[0.568s] See also "/home/student/ros_ws/RosSystem/build/beckhoff_interfaces/CMakeFiles/CMakeOutput.log".
[0.572s] Invoked command in '/home/student/ros_ws/RosSystem/build/beckhoff_interfaces' returned '1': CMAKE_PREFIX_PATH=${CMAKE_PREFIX_PATH}:/home/student/ros_ws/RosSystem/install/beckhoff:/opt/ros/humble /usr/bin/cmake /home/student/ros_ws/RosSystem/src/beckhoff_interfaces -DCMAKE_INSTALL_PREFIX=/home/student/ros_ws/RosSystem/install/beckhoff_interfaces
