[0.254s] Invoking command in '/home/student/ros_ws/RosSystem/build/hello_moveit': CMAKE_PREFIX_PATH=${CMAKE_PREFIX_PATH}:/home/student/ws_moveit2/install/moveit_configs_utils:/home/student/ws_moveit2/install/launch_param_builder:/home/student/ros_ws/RosSystem/install/urdf_robot:/home/student/ros_ws/RosSystem/install/beckhoff:/opt/ros/humble /usr/bin/cmake --build /home/student/ros_ws/RosSystem/build/hello_moveit -- -j16 -l16
[0.368s] [ 50%] [32mBuilding CXX object CMakeFiles/hello_moveit.dir/src/hello_moveit.cpp.o[0m
[7.467s] [100%] [32m[1mLinking CXX executable hello_moveit[0m
[7.838s] [100%] Built target hello_moveit
[7.857s] Invoked command in '/home/student/ros_ws/RosSystem/build/hello_moveit' returned '0': CMAKE_PREFIX_PATH=${CMAKE_PREFIX_PATH}:/home/student/ws_moveit2/install/moveit_configs_utils:/home/student/ws_moveit2/install/launch_param_builder:/home/student/ros_ws/RosSystem/install/urdf_robot:/home/student/ros_ws/RosSystem/install/beckhoff:/opt/ros/humble /usr/bin/cmake --build /home/student/ros_ws/RosSystem/build/hello_moveit -- -j16 -l16
[7.917s] Invoking command in '/home/student/ros_ws/RosSystem/build/hello_moveit': CMAKE_PREFIX_PATH=${CMAKE_PREFIX_PATH}:/home/student/ws_moveit2/install/moveit_configs_utils:/home/student/ws_moveit2/install/launch_param_builder:/home/student/ros_ws/RosSystem/install/urdf_robot:/home/student/ros_ws/RosSystem/install/beckhoff:/opt/ros/humble /usr/bin/cmake --install /home/student/ros_ws/RosSystem/build/hello_moveit
[7.932s] -- Install configuration: ""
[7.932s] -- Installing: /home/student/ros_ws/RosSystem/install/hello_moveit/lib/hello_moveit/hello_moveit
[7.932s] -- Set runtime path of "/home/student/ros_ws/RosSystem/install/hello_moveit/lib/hello_moveit/hello_moveit" to ""
[7.933s] -- Up-to-date: /home/student/ros_ws/RosSystem/install/hello_moveit/share/ament_index/resource_index/package_run_dependencies/hello_moveit
[7.933s] -- Up-to-date: /home/student/ros_ws/RosSystem/install/hello_moveit/share/ament_index/resource_index/parent_prefix_path/hello_moveit
[7.933s] -- Up-to-date: /home/student/ros_ws/RosSystem/install/hello_moveit/share/hello_moveit/environment/ament_prefix_path.sh
[7.933s] -- Up-to-date: /home/student/ros_ws/RosSystem/install/hello_moveit/share/hello_moveit/environment/ament_prefix_path.dsv
[7.933s] -- Up-to-date: /home/student/ros_ws/RosSystem/install/hello_moveit/share/hello_moveit/environment/path.sh
[7.933s] -- Up-to-date: /home/student/ros_ws/RosSystem/install/hello_moveit/share/hello_moveit/environment/path.dsv
[7.933s] -- Up-to-date: /home/student/ros_ws/RosSystem/install/hello_moveit/share/hello_moveit/local_setup.bash
[7.933s] -- Up-to-date: /home/student/ros_ws/RosSystem/install/hello_moveit/share/hello_moveit/local_setup.sh
[7.933s] -- Up-to-date: /home/student/ros_ws/RosSystem/install/hello_moveit/share/hello_moveit/local_setup.zsh
[7.933s] -- Up-to-date: /home/student/ros_ws/RosSystem/install/hello_moveit/share/hello_moveit/local_setup.dsv
[7.933s] -- Installing: /home/student/ros_ws/RosSystem/install/hello_moveit/share/hello_moveit/package.dsv
[7.933s] -- Up-to-date: /home/student/ros_ws/RosSystem/install/hello_moveit/share/ament_index/resource_index/packages/hello_moveit
[7.933s] -- Up-to-date: /home/student/ros_ws/RosSystem/install/hello_moveit/share/hello_moveit/cmake/hello_moveitConfig.cmake
[7.933s] -- Up-to-date: /home/student/ros_ws/RosSystem/install/hello_moveit/share/hello_moveit/cmake/hello_moveitConfig-version.cmake
[7.933s] -- Up-to-date: /home/student/ros_ws/RosSystem/install/hello_moveit/share/hello_moveit/package.xml
[7.935s] Invoked command in '/home/student/ros_ws/RosSystem/build/hello_moveit' returned '0': CMAKE_PREFIX_PATH=${CMAKE_PREFIX_PATH}:/home/student/ws_moveit2/install/moveit_configs_utils:/home/student/ws_moveit2/install/launch_param_builder:/home/student/ros_ws/RosSystem/install/urdf_robot:/home/student/ros_ws/RosSystem/install/beckhoff:/opt/ros/humble /usr/bin/cmake --install /home/student/ros_ws/RosSystem/build/hello_moveit
