[1.060s] Invoking command in '/home/student/ros_ws/RosSystem/src/beckhoff': PYTHONPATH=/home/student/ros_ws/RosSystem/build/beckhoff/prefix_override:/home/student/ros_ws/RosSystem/install/beckhoff/lib/python3.10/site-packages:${PYTHONPATH} /usr/bin/python3 -W ignore:setup.py install is deprecated setup.py egg_info --egg-base ../../build/beckhoff build --build-base /home/student/ros_ws/RosSystem/build/beckhoff/build install --record /home/student/ros_ws/RosSystem/build/beckhoff/install.log --single-version-externally-managed install_data
[1.298s] running egg_info
[1.299s] writing ../../build/beckhoff/beckhoff.egg-info/PKG-INFO
[1.299s] writing dependency_links to ../../build/beckhoff/beckhoff.egg-info/dependency_links.txt
[1.299s] writing entry points to ../../build/beckhoff/beckhoff.egg-info/entry_points.txt
[1.299s] writing requirements to ../../build/beckhoff/beckhoff.egg-info/requires.txt
[1.300s] writing top-level names to ../../build/beckhoff/beckhoff.egg-info/top_level.txt
[1.302s] reading manifest file '../../build/beckhoff/beckhoff.egg-info/SOURCES.txt'
[1.302s] adding license file 'LICENSE'
[1.303s] writing manifest file '../../build/beckhoff/beckhoff.egg-info/SOURCES.txt'
[1.303s] running build
[1.303s] running build_py
[1.303s] copying beckhoff/commandHeadRotation.py -> /home/student/ros_ws/RosSystem/build/beckhoff/build/lib/beckhoff
[1.304s] running install
[1.304s] running install_lib
[1.305s] copying /home/student/ros_ws/RosSystem/build/beckhoff/build/lib/beckhoff/commandHeadRotation.py -> /home/student/ros_ws/RosSystem/install/beckhoff/lib/python3.10/site-packages/beckhoff
[1.306s] byte-compiling /home/student/ros_ws/RosSystem/install/beckhoff/lib/python3.10/site-packages/beckhoff/commandHeadRotation.py to commandHeadRotation.cpython-310.pyc
[1.307s] running install_data
[1.308s] running install_egg_info
[1.310s] removing '/home/student/ros_ws/RosSystem/install/beckhoff/lib/python3.10/site-packages/beckhoff-0.0.0-py3.10.egg-info' (and everything under it)
[1.311s] Copying ../../build/beckhoff/beckhoff.egg-info to /home/student/ros_ws/RosSystem/install/beckhoff/lib/python3.10/site-packages/beckhoff-0.0.0-py3.10.egg-info
[1.311s] running install_scripts
[1.337s] Installing Communication script to /home/student/ros_ws/RosSystem/install/beckhoff/lib/beckhoff
[1.337s] Installing commandAxis script to /home/student/ros_ws/RosSystem/install/beckhoff/lib/beckhoff
[1.337s] Installing commandHead script to /home/student/ros_ws/RosSystem/install/beckhoff/lib/beckhoff
[1.337s] Installing listener script to /home/student/ros_ws/RosSystem/install/beckhoff/lib/beckhoff
[1.337s] Installing plan script to /home/student/ros_ws/RosSystem/install/beckhoff/lib/beckhoff
[1.337s] writing list of installed files to '/home/student/ros_ws/RosSystem/build/beckhoff/install.log'
[1.396s] Invoked command in '/home/student/ros_ws/RosSystem/src/beckhoff' returned '0': PYTHONPATH=/home/student/ros_ws/RosSystem/build/beckhoff/prefix_override:/home/student/ros_ws/RosSystem/install/beckhoff/lib/python3.10/site-packages:${PYTHONPATH} /usr/bin/python3 -W ignore:setup.py install is deprecated setup.py egg_info --egg-base ../../build/beckhoff build --build-base /home/student/ros_ws/RosSystem/build/beckhoff/build install --record /home/student/ros_ws/RosSystem/build/beckhoff/install.log --single-version-externally-managed install_data
