running egg_info
writing ../../build/urdf_robot/urdf_robot.egg-info/PKG-INFO
writing dependency_links to ../../build/urdf_robot/urdf_robot.egg-info/dependency_links.txt
writing entry points to ../../build/urdf_robot/urdf_robot.egg-info/entry_points.txt
writing requirements to ../../build/urdf_robot/urdf_robot.egg-info/requires.txt
writing top-level names to ../../build/urdf_robot/urdf_robot.egg-info/top_level.txt
reading manifest file '../../build/urdf_robot/urdf_robot.egg-info/SOURCES.txt'
adding license file 'LICENSE'
writing manifest file '../../build/urdf_robot/urdf_robot.egg-info/SOURCES.txt'
running build
running build_py
running install
running install_lib
running install_data
running install_egg_info
removing '/home/student/ros_ws/RosSystem/install/urdf_robot/lib/python3.10/site-packages/urdf_robot-0.0.0-py3.10.egg-info' (and everything under it)
Copying ../../build/urdf_robot/urdf_robot.egg-info to /home/student/ros_ws/RosSystem/install/urdf_robot/lib/python3.10/site-packages/urdf_robot-0.0.0-py3.10.egg-info
running install_scripts
Installing state_publisher script to /home/student/ros_ws/RosSystem/install/urdf_robot/lib/urdf_robot
writing list of installed files to '/home/student/ros_ws/RosSystem/build/urdf_robot/install.log'
