[0.273s] Invoking command in '/home/student/ros_ws/RosSystem/build/hello_moveit': CMAKE_PREFIX_PATH=${CMAKE_PREFIX_PATH}:/home/student/ws_moveit2/install/moveit_configs_utils:/home/student/ws_moveit2/install/launch_param_builder:/home/student/ros_ws/RosSystem/install/urdf_robot:/home/student/ros_ws/RosSystem/install/beckhoff:/opt/ros/humble /usr/bin/cmake --build /home/student/ros_ws/RosSystem/build/hello_moveit -- -j16 -l16
[0.357s] [35m[1mConsolidate compiler generated dependencies of target hello_moveit[0m
[0.407s] [ 50%] [32mBuilding CXX object CMakeFiles/hello_moveit.dir/src/hello_moveit.cpp.o[0m
[7.589s] [100%] [32m[1mLinking CXX executable hello_moveit[0m
[8.013s] [100%] Built target hello_moveit
[8.034s] Invoked command in '/home/student/ros_ws/RosSystem/build/hello_moveit' returned '0': CMAKE_PREFIX_PATH=${CMAKE_PREFIX_PATH}:/home/student/ws_moveit2/install/moveit_configs_utils:/home/student/ws_moveit2/install/launch_param_builder:/home/student/ros_ws/RosSystem/install/urdf_robot:/home/student/ros_ws/RosSystem/install/beckhoff:/opt/ros/humble /usr/bin/cmake --build /home/student/ros_ws/RosSystem/build/hello_moveit -- -j16 -l16
[8.105s] Invoking command in '/home/student/ros_ws/RosSystem/build/hello_moveit': CMAKE_PREFIX_PATH=${CMAKE_PREFIX_PATH}:/home/student/ws_moveit2/install/moveit_configs_utils:/home/student/ws_moveit2/install/launch_param_builder:/home/student/ros_ws/RosSystem/install/urdf_robot:/home/student/ros_ws/RosSystem/install/beckhoff:/opt/ros/humble /usr/bin/cmake --install /home/student/ros_ws/RosSystem/build/hello_moveit
[8.121s] -- Install configuration: ""
[8.122s] -- Installing: /home/student/ros_ws/RosSystem/install/hello_moveit/lib/hello_moveit/hello_moveit
[8.122s] -- Set runtime path of "/home/student/ros_ws/RosSystem/install/hello_moveit/lib/hello_moveit/hello_moveit" to ""
[8.122s] -- Up-to-date: /home/student/ros_ws/RosSystem/install/hello_moveit/share/ament_index/resource_index/package_run_dependencies/hello_moveit
[8.123s] -- Up-to-date: /home/student/ros_ws/RosSystem/install/hello_moveit/share/ament_index/resource_index/parent_prefix_path/hello_moveit
[8.123s] -- Up-to-date: /home/student/ros_ws/RosSystem/install/hello_moveit/share/hello_moveit/environment/ament_prefix_path.sh
[8.123s] -- Up-to-date: /home/student/ros_ws/RosSystem/install/hello_moveit/share/hello_moveit/environment/ament_prefix_path.dsv
[8.123s] -- Up-to-date: /home/student/ros_ws/RosSystem/install/hello_moveit/share/hello_moveit/environment/path.sh
[8.123s] -- Up-to-date: /home/student/ros_ws/RosSystem/install/hello_moveit/share/hello_moveit/environment/path.dsv
[8.123s] -- Up-to-date: /home/student/ros_ws/RosSystem/install/hello_moveit/share/hello_moveit/local_setup.bash
[8.123s] -- Up-to-date: /home/student/ros_ws/RosSystem/install/hello_moveit/share/hello_moveit/local_setup.sh
[8.123s] -- Up-to-date: /home/student/ros_ws/RosSystem/install/hello_moveit/share/hello_moveit/local_setup.zsh
[8.123s] -- Up-to-date: /home/student/ros_ws/RosSystem/install/hello_moveit/share/hello_moveit/local_setup.dsv
[8.123s] -- Installing: /home/student/ros_ws/RosSystem/install/hello_moveit/share/hello_moveit/package.dsv
[8.123s] -- Up-to-date: /home/student/ros_ws/RosSystem/install/hello_moveit/share/ament_index/resource_index/packages/hello_moveit
[8.123s] -- Up-to-date: /home/student/ros_ws/RosSystem/install/hello_moveit/share/hello_moveit/cmake/hello_moveitConfig.cmake
[8.123s] -- Up-to-date: /home/student/ros_ws/RosSystem/install/hello_moveit/share/hello_moveit/cmake/hello_moveitConfig-version.cmake
[8.123s] -- Up-to-date: /home/student/ros_ws/RosSystem/install/hello_moveit/share/hello_moveit/package.xml
[8.125s] Invoked command in '/home/student/ros_ws/RosSystem/build/hello_moveit' returned '0': CMAKE_PREFIX_PATH=${CMAKE_PREFIX_PATH}:/home/student/ws_moveit2/install/moveit_configs_utils:/home/student/ws_moveit2/install/launch_param_builder:/home/student/ros_ws/RosSystem/install/urdf_robot:/home/student/ros_ws/RosSystem/install/beckhoff:/opt/ros/humble /usr/bin/cmake --install /home/student/ros_ws/RosSystem/build/hello_moveit
