[1.007s] Invoking command in '/home/student/ros_ws/RosSystem/src/beckhoff': PYTHONPATH=/home/student/ros_ws/RosSystem/build/beckhoff/prefix_override:/home/student/ros_ws/RosSystem/install/beckhoff/lib/python3.10/site-packages:${PYTHONPATH} /usr/bin/python3 -W ignore:setup.py install is deprecated setup.py egg_info --egg-base ../../build/beckhoff build --build-base /home/student/ros_ws/RosSystem/build/beckhoff/build install --record /home/student/ros_ws/RosSystem/build/beckhoff/install.log --single-version-externally-managed install_data
[1.238s] running egg_info
[1.239s] writing ../../build/beckhoff/beckhoff.egg-info/PKG-INFO
[1.239s] writing dependency_links to ../../build/beckhoff/beckhoff.egg-info/dependency_links.txt
[1.239s] writing entry points to ../../build/beckhoff/beckhoff.egg-info/entry_points.txt
[1.239s] writing requirements to ../../build/beckhoff/beckhoff.egg-info/requires.txt
[1.239s] writing top-level names to ../../build/beckhoff/beckhoff.egg-info/top_level.txt
[1.241s] reading manifest file '../../build/beckhoff/beckhoff.egg-info/SOURCES.txt'
[1.241s] adding license file 'LICENSE'
[1.242s] writing manifest file '../../build/beckhoff/beckhoff.egg-info/SOURCES.txt'
[1.242s] running build
[1.242s] running build_py
[1.243s] running install
[1.244s] running install_lib
[1.245s] running install_data
[1.245s] running install_egg_info
[1.248s] removing '/home/student/ros_ws/RosSystem/install/beckhoff/lib/python3.10/site-packages/beckhoff-0.0.0-py3.10.egg-info' (and everything under it)
[1.248s] Copying ../../build/beckhoff/beckhoff.egg-info to /home/student/ros_ws/RosSystem/install/beckhoff/lib/python3.10/site-packages/beckhoff-0.0.0-py3.10.egg-info
[1.249s] running install_scripts
[1.268s] Installing Communication script to /home/student/ros_ws/RosSystem/install/beckhoff/lib/beckhoff
[1.268s] Installing command script to /home/student/ros_ws/RosSystem/install/beckhoff/lib/beckhoff
[1.268s] Installing listener script to /home/student/ros_ws/RosSystem/install/beckhoff/lib/beckhoff
[1.269s] Installing plan script to /home/student/ros_ws/RosSystem/install/beckhoff/lib/beckhoff
[1.269s] writing list of installed files to '/home/student/ros_ws/RosSystem/build/beckhoff/install.log'
[1.316s] Invoked command in '/home/student/ros_ws/RosSystem/src/beckhoff' returned '0': PYTHONPATH=/home/student/ros_ws/RosSystem/build/beckhoff/prefix_override:/home/student/ros_ws/RosSystem/install/beckhoff/lib/python3.10/site-packages:${PYTHONPATH} /usr/bin/python3 -W ignore:setup.py install is deprecated setup.py egg_info --egg-base ../../build/beckhoff build --build-base /home/student/ros_ws/RosSystem/build/beckhoff/build install --record /home/student/ros_ws/RosSystem/build/beckhoff/install.log --single-version-externally-managed install_data
