/home/student/ros_ws/RosSystem/install/command/lib/python3.10/site-packages/command/commandHeadRotation.py
/home/student/ros_ws/RosSystem/install/command/lib/python3.10/site-packages/command/commandGripper.py
/home/student/ros_ws/RosSystem/install/command/lib/python3.10/site-packages/command/commandAxis.py
/home/student/ros_ws/RosSystem/install/command/lib/python3.10/site-packages/command/commandLiftCollumn.py
/home/student/ros_ws/RosSystem/install/command/lib/python3.10/site-packages/command/__init__.py
/home/student/ros_ws/RosSystem/install/command/lib/python3.10/site-packages/command/__pycache__/commandHeadRotation.cpython-310.pyc
/home/student/ros_ws/RosSystem/install/command/lib/python3.10/site-packages/command/__pycache__/commandGripper.cpython-310.pyc
/home/student/ros_ws/RosSystem/install/command/lib/python3.10/site-packages/command/__pycache__/commandAxis.cpython-310.pyc
/home/student/ros_ws/RosSystem/install/command/lib/python3.10/site-packages/command/__pycache__/commandLiftCollumn.cpython-310.pyc
/home/student/ros_ws/RosSystem/install/command/lib/python3.10/site-packages/command/__pycache__/__init__.cpython-310.pyc
/home/student/ros_ws/RosSystem/install/command/share/ament_index/resource_index/packages/command
/home/student/ros_ws/RosSystem/install/command/share/command/package.xml
/home/student/ros_ws/RosSystem/install/command/lib/python3.10/site-packages/command-0.0.0-py3.10.egg-info/zip-safe
/home/student/ros_ws/RosSystem/install/command/lib/python3.10/site-packages/command-0.0.0-py3.10.egg-info/top_level.txt
/home/student/ros_ws/RosSystem/install/command/lib/python3.10/site-packages/command-0.0.0-py3.10.egg-info/entry_points.txt
/home/student/ros_ws/RosSystem/install/command/lib/python3.10/site-packages/command-0.0.0-py3.10.egg-info/dependency_links.txt
/home/student/ros_ws/RosSystem/install/command/lib/python3.10/site-packages/command-0.0.0-py3.10.egg-info/requires.txt
/home/student/ros_ws/RosSystem/install/command/lib/python3.10/site-packages/command-0.0.0-py3.10.egg-info/SOURCES.txt
/home/student/ros_ws/RosSystem/install/command/lib/python3.10/site-packages/command-0.0.0-py3.10.egg-info/PKG-INFO
/home/student/ros_ws/RosSystem/install/command/lib/command/commandAxis
/home/student/ros_ws/RosSystem/install/command/lib/command/commandGripper
/home/student/ros_ws/RosSystem/install/command/lib/command/commandHead
/home/student/ros_ws/RosSystem/install/command/lib/command/commandLift
