/home/student/ros_ws/RosSystem/install/beckhoff/lib/python3.10/site-packages/beckhoff/command.py
/home/student/ros_ws/RosSystem/install/beckhoff/lib/python3.10/site-packages/beckhoff/Communication.py
/home/student/ros_ws/RosSystem/install/beckhoff/lib/python3.10/site-packages/beckhoff/listenerPos.py
/home/student/ros_ws/RosSystem/install/beckhoff/lib/python3.10/site-packages/beckhoff/cinematicRobot.py
/home/student/ros_ws/RosSystem/install/beckhoff/lib/python3.10/site-packages/beckhoff/cinematicCommand.py
/home/student/ros_ws/RosSystem/install/beckhoff/lib/python3.10/site-packages/beckhoff/__init__.py
/home/student/ros_ws/RosSystem/install/beckhoff/lib/python3.10/site-packages/beckhoff/__pycache__/command.cpython-310.pyc
/home/student/ros_ws/RosSystem/install/beckhoff/lib/python3.10/site-packages/beckhoff/__pycache__/Communication.cpython-310.pyc
/home/student/ros_ws/RosSystem/install/beckhoff/lib/python3.10/site-packages/beckhoff/__pycache__/listenerPos.cpython-310.pyc
/home/student/ros_ws/RosSystem/install/beckhoff/lib/python3.10/site-packages/beckhoff/__pycache__/cinematicRobot.cpython-310.pyc
/home/student/ros_ws/RosSystem/install/beckhoff/lib/python3.10/site-packages/beckhoff/__pycache__/cinematicCommand.cpython-310.pyc
/home/student/ros_ws/RosSystem/install/beckhoff/lib/python3.10/site-packages/beckhoff/__pycache__/__init__.cpython-310.pyc
/home/student/ros_ws/RosSystem/install/beckhoff/share/ament_index/resource_index/packages/beckhoff
/home/student/ros_ws/RosSystem/install/beckhoff/share/beckhoff/package.xml
/home/student/ros_ws/RosSystem/install/beckhoff/lib/python3.10/site-packages/beckhoff-0.0.0-py3.10.egg-info/zip-safe
/home/student/ros_ws/RosSystem/install/beckhoff/lib/python3.10/site-packages/beckhoff-0.0.0-py3.10.egg-info/top_level.txt
/home/student/ros_ws/RosSystem/install/beckhoff/lib/python3.10/site-packages/beckhoff-0.0.0-py3.10.egg-info/entry_points.txt
/home/student/ros_ws/RosSystem/install/beckhoff/lib/python3.10/site-packages/beckhoff-0.0.0-py3.10.egg-info/dependency_links.txt
/home/student/ros_ws/RosSystem/install/beckhoff/lib/python3.10/site-packages/beckhoff-0.0.0-py3.10.egg-info/requires.txt
/home/student/ros_ws/RosSystem/install/beckhoff/lib/python3.10/site-packages/beckhoff-0.0.0-py3.10.egg-info/SOURCES.txt
/home/student/ros_ws/RosSystem/install/beckhoff/lib/python3.10/site-packages/beckhoff-0.0.0-py3.10.egg-info/PKG-INFO
/home/student/ros_ws/RosSystem/install/beckhoff/lib/beckhoff/Communication
/home/student/ros_ws/RosSystem/install/beckhoff/lib/beckhoff/command
/home/student/ros_ws/RosSystem/install/beckhoff/lib/beckhoff/listener
/home/student/ros_ws/RosSystem/install/beckhoff/lib/beckhoff/plan
