[0.104s] DEBUG:colcon:Command line arguments: ['/usr/bin/colcon', 'build']
[0.104s] DEBUG:colcon:Parsed command line arguments: Namespace(log_base=None, log_level=None, verb_name='build', build_base='build', install_base='install', merge_install=False, symlink_install=False, test_result_base=None, continue_on_error=False, executor='parallel', parallel_workers=16, event_handlers=None, ignore_user_meta=False, metas=['./colcon.meta'], base_paths=['.'], packages_ignore=None, packages_ignore_regex=None, paths=None, packages_up_to=None, packages_up_to_regex=None, packages_above=None, packages_above_and_dependencies=None, packages_above_depth=None, packages_select_by_dep=None, packages_skip_by_dep=None, packages_skip_up_to=None, packages_select_build_failed=False, packages_skip_build_finished=False, packages_select_test_failures=False, packages_skip_test_passed=False, packages_select=None, packages_skip=None, packages_select_regex=None, packages_skip_regex=None, packages_start=None, packages_end=None, allow_overriding=[], cmake_args=None, cmake_target=None, cmake_target_skip_unavailable=False, cmake_clean_cache=False, cmake_clean_first=False, cmake_force_configure=False, ament_cmake_args=None, catkin_cmake_args=None, catkin_skip_building_tests=False, mixin_files=None, mixin=None, verb_parser=<colcon_mixin.mixin.mixin_argument.MixinArgumentDecorator object at 0x7f16abc336a0>, verb_extension=<colcon_core.verb.build.BuildVerb object at 0x7f16abde4d90>, main=<bound method BuildVerb.main of <colcon_core.verb.build.BuildVerb object at 0x7f16abde4d90>>, mixin_verb=('build',))
[0.258s] Level 1:colcon.colcon_core.package_discovery:discover_packages(colcon_meta) check parameters
[0.258s] Level 1:colcon.colcon_core.package_discovery:discover_packages(recursive) check parameters
[0.258s] Level 1:colcon.colcon_core.package_discovery:discover_packages(ignore) check parameters
[0.258s] Level 1:colcon.colcon_core.package_discovery:discover_packages(path) check parameters
[0.258s] Level 1:colcon.colcon_core.package_discovery:discover_packages(colcon_meta) discover
[0.258s] Level 1:colcon.colcon_core.package_discovery:discover_packages(recursive) discover
[0.258s] INFO:colcon.colcon_core.package_discovery:Crawling recursively for packages in '/home/student/ros_ws/RosSystem'
[0.258s] Level 1:colcon.colcon_core.package_identification:_identify(.) by extensions ['ignore', 'ignore_ament_install']
[0.258s] Level 1:colcon.colcon_core.package_identification:_identify(.) by extension 'ignore'
[0.258s] Level 1:colcon.colcon_core.package_identification:_identify(.) by extension 'ignore_ament_install'
[0.258s] Level 1:colcon.colcon_core.package_identification:_identify(.) by extensions ['colcon_pkg']
[0.259s] Level 1:colcon.colcon_core.package_identification:_identify(.) by extension 'colcon_pkg'
[0.259s] Level 1:colcon.colcon_core.package_identification:_identify(.) by extensions ['colcon_meta']
[0.259s] Level 1:colcon.colcon_core.package_identification:_identify(.) by extension 'colcon_meta'
[0.259s] Level 1:colcon.colcon_core.package_identification:_identify(.) by extensions ['ros']
[0.259s] Level 1:colcon.colcon_core.package_identification:_identify(.) by extension 'ros'
[0.268s] Level 1:colcon.colcon_core.package_identification:_identify(.) by extensions ['cmake', 'python']
[0.268s] Level 1:colcon.colcon_core.package_identification:_identify(.) by extension 'cmake'
[0.268s] Level 1:colcon.colcon_core.package_identification:_identify(.) by extension 'python'
[0.268s] Level 1:colcon.colcon_core.package_identification:_identify(.) by extensions ['python_setup_py']
[0.268s] Level 1:colcon.colcon_core.package_identification:_identify(.) by extension 'python_setup_py'
[0.268s] Level 1:colcon.colcon_core.package_identification:_identify(build) by extensions ['ignore', 'ignore_ament_install']
[0.268s] Level 1:colcon.colcon_core.package_identification:_identify(build) by extension 'ignore'
[0.268s] Level 1:colcon.colcon_core.package_identification:_identify(build) ignored
[0.268s] Level 1:colcon.colcon_core.package_identification:_identify(install) by extensions ['ignore', 'ignore_ament_install']
[0.268s] Level 1:colcon.colcon_core.package_identification:_identify(install) by extension 'ignore'
[0.268s] Level 1:colcon.colcon_core.package_identification:_identify(install) ignored
[0.269s] Level 1:colcon.colcon_core.package_identification:_identify(log) by extensions ['ignore', 'ignore_ament_install']
[0.269s] Level 1:colcon.colcon_core.package_identification:_identify(log) by extension 'ignore'
[0.269s] Level 1:colcon.colcon_core.package_identification:_identify(log) ignored
[0.269s] Level 1:colcon.colcon_core.package_identification:_identify(src) by extensions ['ignore', 'ignore_ament_install']
[0.269s] Level 1:colcon.colcon_core.package_identification:_identify(src) by extension 'ignore'
[0.269s] Level 1:colcon.colcon_core.package_identification:_identify(src) by extension 'ignore_ament_install'
[0.269s] Level 1:colcon.colcon_core.package_identification:_identify(src) by extensions ['colcon_pkg']
[0.269s] Level 1:colcon.colcon_core.package_identification:_identify(src) by extension 'colcon_pkg'
[0.269s] Level 1:colcon.colcon_core.package_identification:_identify(src) by extensions ['colcon_meta']
[0.269s] Level 1:colcon.colcon_core.package_identification:_identify(src) by extension 'colcon_meta'
[0.269s] Level 1:colcon.colcon_core.package_identification:_identify(src) by extensions ['ros']
[0.269s] Level 1:colcon.colcon_core.package_identification:_identify(src) by extension 'ros'
[0.269s] Level 1:colcon.colcon_core.package_identification:_identify(src) by extensions ['cmake', 'python']
[0.269s] Level 1:colcon.colcon_core.package_identification:_identify(src) by extension 'cmake'
[0.269s] Level 1:colcon.colcon_core.package_identification:_identify(src) by extension 'python'
[0.269s] Level 1:colcon.colcon_core.package_identification:_identify(src) by extensions ['python_setup_py']
[0.269s] Level 1:colcon.colcon_core.package_identification:_identify(src) by extension 'python_setup_py'
[0.269s] Level 1:colcon.colcon_core.package_identification:_identify(src/beckhoff) by extensions ['ignore', 'ignore_ament_install']
[0.269s] Level 1:colcon.colcon_core.package_identification:_identify(src/beckhoff) by extension 'ignore'
[0.269s] Level 1:colcon.colcon_core.package_identification:_identify(src/beckhoff) by extension 'ignore_ament_install'
[0.269s] Level 1:colcon.colcon_core.package_identification:_identify(src/beckhoff) by extensions ['colcon_pkg']
[0.269s] Level 1:colcon.colcon_core.package_identification:_identify(src/beckhoff) by extension 'colcon_pkg'
[0.269s] Level 1:colcon.colcon_core.package_identification:_identify(src/beckhoff) by extensions ['colcon_meta']
[0.269s] Level 1:colcon.colcon_core.package_identification:_identify(src/beckhoff) by extension 'colcon_meta'
[0.270s] Level 1:colcon.colcon_core.package_identification:_identify(src/beckhoff) by extensions ['ros']
[0.270s] Level 1:colcon.colcon_core.package_identification:_identify(src/beckhoff) by extension 'ros'
[0.271s] DEBUG:colcon.colcon_core.package_identification:Package 'src/beckhoff' with type 'ros.ament_python' and name 'beckhoff'
[0.272s] Level 1:colcon.colcon_core.package_identification:_identify(src/beckhoff_interfaces) by extensions ['ignore', 'ignore_ament_install']
[0.272s] Level 1:colcon.colcon_core.package_identification:_identify(src/beckhoff_interfaces) by extension 'ignore'
[0.272s] Level 1:colcon.colcon_core.package_identification:_identify(src/beckhoff_interfaces) by extension 'ignore_ament_install'
[0.272s] Level 1:colcon.colcon_core.package_identification:_identify(src/beckhoff_interfaces) by extensions ['colcon_pkg']
[0.272s] Level 1:colcon.colcon_core.package_identification:_identify(src/beckhoff_interfaces) by extension 'colcon_pkg'
[0.272s] Level 1:colcon.colcon_core.package_identification:_identify(src/beckhoff_interfaces) by extensions ['colcon_meta']
[0.272s] Level 1:colcon.colcon_core.package_identification:_identify(src/beckhoff_interfaces) by extension 'colcon_meta'
[0.272s] Level 1:colcon.colcon_core.package_identification:_identify(src/beckhoff_interfaces) by extensions ['ros']
[0.272s] Level 1:colcon.colcon_core.package_identification:_identify(src/beckhoff_interfaces) by extension 'ros'
[0.272s] DEBUG:colcon.colcon_core.package_identification:Package 'src/beckhoff_interfaces' with type 'ros.ament_cmake' and name 'beckhoff_interfaces'
[0.272s] Level 1:colcon.colcon_core.package_identification:_identify(src/hello_moveit) by extensions ['ignore', 'ignore_ament_install']
[0.272s] Level 1:colcon.colcon_core.package_identification:_identify(src/hello_moveit) by extension 'ignore'
[0.273s] Level 1:colcon.colcon_core.package_identification:_identify(src/hello_moveit) by extension 'ignore_ament_install'
[0.273s] Level 1:colcon.colcon_core.package_identification:_identify(src/hello_moveit) by extensions ['colcon_pkg']
[0.273s] Level 1:colcon.colcon_core.package_identification:_identify(src/hello_moveit) by extension 'colcon_pkg'
[0.273s] Level 1:colcon.colcon_core.package_identification:_identify(src/hello_moveit) by extensions ['colcon_meta']
[0.273s] Level 1:colcon.colcon_core.package_identification:_identify(src/hello_moveit) by extension 'colcon_meta'
[0.273s] Level 1:colcon.colcon_core.package_identification:_identify(src/hello_moveit) by extensions ['ros']
[0.273s] Level 1:colcon.colcon_core.package_identification:_identify(src/hello_moveit) by extension 'ros'
[0.273s] DEBUG:colcon.colcon_core.package_identification:Package 'src/hello_moveit' with type 'ros.ament_cmake' and name 'hello_moveit'
[0.273s] Level 1:colcon.colcon_core.package_identification:_identify(src/moveit_config) by extensions ['ignore', 'ignore_ament_install']
[0.273s] Level 1:colcon.colcon_core.package_identification:_identify(src/moveit_config) by extension 'ignore'
[0.273s] Level 1:colcon.colcon_core.package_identification:_identify(src/moveit_config) by extension 'ignore_ament_install'
[0.273s] Level 1:colcon.colcon_core.package_identification:_identify(src/moveit_config) by extensions ['colcon_pkg']
[0.273s] Level 1:colcon.colcon_core.package_identification:_identify(src/moveit_config) by extension 'colcon_pkg'
[0.273s] Level 1:colcon.colcon_core.package_identification:_identify(src/moveit_config) by extensions ['colcon_meta']
[0.273s] Level 1:colcon.colcon_core.package_identification:_identify(src/moveit_config) by extension 'colcon_meta'
[0.273s] Level 1:colcon.colcon_core.package_identification:_identify(src/moveit_config) by extensions ['ros']
[0.274s] Level 1:colcon.colcon_core.package_identification:_identify(src/moveit_config) by extension 'ros'
[0.274s] DEBUG:colcon.colcon_core.package_identification:Package 'src/moveit_config' with type 'ros.ament_cmake' and name 'moveit_config'
[0.274s] Level 1:colcon.colcon_core.package_identification:_identify(src/urdf_tutorial) by extensions ['ignore', 'ignore_ament_install']
[0.274s] Level 1:colcon.colcon_core.package_identification:_identify(src/urdf_tutorial) by extension 'ignore'
[0.274s] Level 1:colcon.colcon_core.package_identification:_identify(src/urdf_tutorial) by extension 'ignore_ament_install'
[0.274s] Level 1:colcon.colcon_core.package_identification:_identify(src/urdf_tutorial) by extensions ['colcon_pkg']
[0.274s] Level 1:colcon.colcon_core.package_identification:_identify(src/urdf_tutorial) by extension 'colcon_pkg'
[0.274s] Level 1:colcon.colcon_core.package_identification:_identify(src/urdf_tutorial) by extensions ['colcon_meta']
[0.274s] Level 1:colcon.colcon_core.package_identification:_identify(src/urdf_tutorial) by extension 'colcon_meta'
[0.274s] Level 1:colcon.colcon_core.package_identification:_identify(src/urdf_tutorial) by extensions ['ros']
[0.275s] Level 1:colcon.colcon_core.package_identification:_identify(src/urdf_tutorial) by extension 'ros'
[0.275s] DEBUG:colcon.colcon_core.package_identification:Package 'src/urdf_tutorial' with type 'ros.ament_cmake' and name 'urdf_tutorial'
[0.275s] Level 1:colcon.colcon_core.package_discovery:discover_packages(recursive) using defaults
[0.275s] Level 1:colcon.colcon_core.package_discovery:discover_packages(ignore) discover
[0.275s] Level 1:colcon.colcon_core.package_discovery:discover_packages(ignore) using defaults
[0.275s] Level 1:colcon.colcon_core.package_discovery:discover_packages(path) discover
[0.275s] Level 1:colcon.colcon_core.package_discovery:discover_packages(path) using defaults
[0.306s] Level 1:colcon.colcon_core.package_discovery:discover_packages(prefix_path) check parameters
[0.306s] Level 1:colcon.colcon_core.package_discovery:discover_packages(prefix_path) discover
[0.310s] DEBUG:colcon.colcon_installed_package_information.package_discovery:Found 6 installed packages in /home/student/ros_ws/RosSystem/install
[0.311s] DEBUG:colcon.colcon_installed_package_information.package_discovery:Found 55 installed packages in /home/student/ws_moveit2/install
[0.313s] DEBUG:colcon.colcon_installed_package_information.package_discovery:Found 379 installed packages in /opt/ros/humble
[0.316s] Level 1:colcon.colcon_core.package_discovery:discover_packages(prefix_path) using defaults
[0.359s] Level 5:colcon.colcon_core.verb:set package 'beckhoff' build argument 'cmake_args' from command line to 'None'
[0.359s] Level 5:colcon.colcon_core.verb:set package 'beckhoff' build argument 'cmake_target' from command line to 'None'
[0.359s] Level 5:colcon.colcon_core.verb:set package 'beckhoff' build argument 'cmake_target_skip_unavailable' from command line to 'False'
[0.359s] Level 5:colcon.colcon_core.verb:set package 'beckhoff' build argument 'cmake_clean_cache' from command line to 'False'
[0.359s] Level 5:colcon.colcon_core.verb:set package 'beckhoff' build argument 'cmake_clean_first' from command line to 'False'
[0.359s] Level 5:colcon.colcon_core.verb:set package 'beckhoff' build argument 'cmake_force_configure' from command line to 'False'
[0.359s] Level 5:colcon.colcon_core.verb:set package 'beckhoff' build argument 'ament_cmake_args' from command line to 'None'
[0.359s] Level 5:colcon.colcon_core.verb:set package 'beckhoff' build argument 'catkin_cmake_args' from command line to 'None'
[0.359s] Level 5:colcon.colcon_core.verb:set package 'beckhoff' build argument 'catkin_skip_building_tests' from command line to 'False'
[0.359s] DEBUG:colcon.colcon_core.verb:Building package 'beckhoff' with the following arguments: {'ament_cmake_args': None, 'build_base': '/home/student/ros_ws/RosSystem/build/beckhoff', 'catkin_cmake_args': None, 'catkin_skip_building_tests': False, 'cmake_args': None, 'cmake_clean_cache': False, 'cmake_clean_first': False, 'cmake_force_configure': False, 'cmake_target': None, 'cmake_target_skip_unavailable': False, 'install_base': '/home/student/ros_ws/RosSystem/install/beckhoff', 'merge_install': False, 'path': '/home/student/ros_ws/RosSystem/src/beckhoff', 'symlink_install': False, 'test_result_base': None}
[0.359s] Level 5:colcon.colcon_core.verb:set package 'beckhoff_interfaces' build argument 'cmake_args' from command line to 'None'
[0.359s] Level 5:colcon.colcon_core.verb:set package 'beckhoff_interfaces' build argument 'cmake_target' from command line to 'None'
[0.360s] Level 5:colcon.colcon_core.verb:set package 'beckhoff_interfaces' build argument 'cmake_target_skip_unavailable' from command line to 'False'
[0.360s] Level 5:colcon.colcon_core.verb:set package 'beckhoff_interfaces' build argument 'cmake_clean_cache' from command line to 'False'
[0.360s] Level 5:colcon.colcon_core.verb:set package 'beckhoff_interfaces' build argument 'cmake_clean_first' from command line to 'False'
[0.360s] Level 5:colcon.colcon_core.verb:set package 'beckhoff_interfaces' build argument 'cmake_force_configure' from command line to 'False'
[0.360s] Level 5:colcon.colcon_core.verb:set package 'beckhoff_interfaces' build argument 'ament_cmake_args' from command line to 'None'
[0.360s] Level 5:colcon.colcon_core.verb:set package 'beckhoff_interfaces' build argument 'catkin_cmake_args' from command line to 'None'
[0.360s] Level 5:colcon.colcon_core.verb:set package 'beckhoff_interfaces' build argument 'catkin_skip_building_tests' from command line to 'False'
[0.360s] DEBUG:colcon.colcon_core.verb:Building package 'beckhoff_interfaces' with the following arguments: {'ament_cmake_args': None, 'build_base': '/home/student/ros_ws/RosSystem/build/beckhoff_interfaces', 'catkin_cmake_args': None, 'catkin_skip_building_tests': False, 'cmake_args': None, 'cmake_clean_cache': False, 'cmake_clean_first': False, 'cmake_force_configure': False, 'cmake_target': None, 'cmake_target_skip_unavailable': False, 'install_base': '/home/student/ros_ws/RosSystem/install/beckhoff_interfaces', 'merge_install': False, 'path': '/home/student/ros_ws/RosSystem/src/beckhoff_interfaces', 'symlink_install': False, 'test_result_base': None}
[0.360s] Level 5:colcon.colcon_core.verb:set package 'hello_moveit' build argument 'cmake_args' from command line to 'None'
[0.360s] Level 5:colcon.colcon_core.verb:set package 'hello_moveit' build argument 'cmake_target' from command line to 'None'
[0.360s] Level 5:colcon.colcon_core.verb:set package 'hello_moveit' build argument 'cmake_target_skip_unavailable' from command line to 'False'
[0.360s] Level 5:colcon.colcon_core.verb:set package 'hello_moveit' build argument 'cmake_clean_cache' from command line to 'False'
[0.360s] Level 5:colcon.colcon_core.verb:set package 'hello_moveit' build argument 'cmake_clean_first' from command line to 'False'
[0.360s] Level 5:colcon.colcon_core.verb:set package 'hello_moveit' build argument 'cmake_force_configure' from command line to 'False'
[0.360s] Level 5:colcon.colcon_core.verb:set package 'hello_moveit' build argument 'ament_cmake_args' from command line to 'None'
[0.360s] Level 5:colcon.colcon_core.verb:set package 'hello_moveit' build argument 'catkin_cmake_args' from command line to 'None'
[0.360s] Level 5:colcon.colcon_core.verb:set package 'hello_moveit' build argument 'catkin_skip_building_tests' from command line to 'False'
[0.360s] DEBUG:colcon.colcon_core.verb:Building package 'hello_moveit' with the following arguments: {'ament_cmake_args': None, 'build_base': '/home/student/ros_ws/RosSystem/build/hello_moveit', 'catkin_cmake_args': None, 'catkin_skip_building_tests': False, 'cmake_args': None, 'cmake_clean_cache': False, 'cmake_clean_first': False, 'cmake_force_configure': False, 'cmake_target': None, 'cmake_target_skip_unavailable': False, 'install_base': '/home/student/ros_ws/RosSystem/install/hello_moveit', 'merge_install': False, 'path': '/home/student/ros_ws/RosSystem/src/hello_moveit', 'symlink_install': False, 'test_result_base': None}
[0.360s] Level 5:colcon.colcon_core.verb:set package 'urdf_tutorial' build argument 'cmake_args' from command line to 'None'
[0.360s] Level 5:colcon.colcon_core.verb:set package 'urdf_tutorial' build argument 'cmake_target' from command line to 'None'
[0.360s] Level 5:colcon.colcon_core.verb:set package 'urdf_tutorial' build argument 'cmake_target_skip_unavailable' from command line to 'False'
[0.360s] Level 5:colcon.colcon_core.verb:set package 'urdf_tutorial' build argument 'cmake_clean_cache' from command line to 'False'
[0.360s] Level 5:colcon.colcon_core.verb:set package 'urdf_tutorial' build argument 'cmake_clean_first' from command line to 'False'
[0.360s] Level 5:colcon.colcon_core.verb:set package 'urdf_tutorial' build argument 'cmake_force_configure' from command line to 'False'
[0.360s] Level 5:colcon.colcon_core.verb:set package 'urdf_tutorial' build argument 'ament_cmake_args' from command line to 'None'
[0.360s] Level 5:colcon.colcon_core.verb:set package 'urdf_tutorial' build argument 'catkin_cmake_args' from command line to 'None'
[0.361s] Level 5:colcon.colcon_core.verb:set package 'urdf_tutorial' build argument 'catkin_skip_building_tests' from command line to 'False'
[0.361s] DEBUG:colcon.colcon_core.verb:Building package 'urdf_tutorial' with the following arguments: {'ament_cmake_args': None, 'build_base': '/home/student/ros_ws/RosSystem/build/urdf_tutorial', 'catkin_cmake_args': None, 'catkin_skip_building_tests': False, 'cmake_args': None, 'cmake_clean_cache': False, 'cmake_clean_first': False, 'cmake_force_configure': False, 'cmake_target': None, 'cmake_target_skip_unavailable': False, 'install_base': '/home/student/ros_ws/RosSystem/install/urdf_tutorial', 'merge_install': False, 'path': '/home/student/ros_ws/RosSystem/src/urdf_tutorial', 'symlink_install': False, 'test_result_base': None}
[0.361s] Level 5:colcon.colcon_core.verb:set package 'moveit_config' build argument 'cmake_args' from command line to 'None'
[0.361s] Level 5:colcon.colcon_core.verb:set package 'moveit_config' build argument 'cmake_target' from command line to 'None'
[0.361s] Level 5:colcon.colcon_core.verb:set package 'moveit_config' build argument 'cmake_target_skip_unavailable' from command line to 'False'
[0.361s] Level 5:colcon.colcon_core.verb:set package 'moveit_config' build argument 'cmake_clean_cache' from command line to 'False'
[0.361s] Level 5:colcon.colcon_core.verb:set package 'moveit_config' build argument 'cmake_clean_first' from command line to 'False'
[0.361s] Level 5:colcon.colcon_core.verb:set package 'moveit_config' build argument 'cmake_force_configure' from command line to 'False'
[0.361s] Level 5:colcon.colcon_core.verb:set package 'moveit_config' build argument 'ament_cmake_args' from command line to 'None'
[0.361s] Level 5:colcon.colcon_core.verb:set package 'moveit_config' build argument 'catkin_cmake_args' from command line to 'None'
[0.361s] Level 5:colcon.colcon_core.verb:set package 'moveit_config' build argument 'catkin_skip_building_tests' from command line to 'False'
[0.361s] DEBUG:colcon.colcon_core.verb:Building package 'moveit_config' with the following arguments: {'ament_cmake_args': None, 'build_base': '/home/student/ros_ws/RosSystem/build/moveit_config', 'catkin_cmake_args': None, 'catkin_skip_building_tests': False, 'cmake_args': None, 'cmake_clean_cache': False, 'cmake_clean_first': False, 'cmake_force_configure': False, 'cmake_target': None, 'cmake_target_skip_unavailable': False, 'install_base': '/home/student/ros_ws/RosSystem/install/moveit_config', 'merge_install': False, 'path': '/home/student/ros_ws/RosSystem/src/moveit_config', 'symlink_install': False, 'test_result_base': None}
[0.361s] INFO:colcon.colcon_core.executor:Executing jobs using 'parallel' executor
[0.362s] DEBUG:colcon.colcon_parallel_executor.executor.parallel:run_until_complete
[0.363s] INFO:colcon.colcon_ros.task.ament_cmake.build:Building ROS package in '/home/student/ros_ws/RosSystem/src/urdf_tutorial' with build type 'ament_cmake'
[0.363s] INFO:colcon.colcon_cmake.task.cmake.build:Building CMake package in '/home/student/ros_ws/RosSystem/src/urdf_tutorial'
[0.364s] INFO:colcon.colcon_core.plugin_system:Skipping extension 'colcon_core.shell.bat': Not used on non-Windows systems
[0.365s] INFO:colcon.colcon_core.shell:Skip shell extension 'powershell' for command environment: Not usable outside of PowerShell
[0.365s] DEBUG:colcon.colcon_core.shell:Skip shell extension 'dsv' for command environment
[0.372s] INFO:colcon.colcon_ros.task.ament_python.build:Building ROS package in '/home/student/ros_ws/RosSystem/src/beckhoff' with build type 'ament_python'
[0.372s] Level 1:colcon.colcon_core.shell:create_environment_hook('beckhoff', 'ament_prefix_path')
[0.372s] INFO:colcon.colcon_core.shell:Creating environment hook '/home/student/ros_ws/RosSystem/install/beckhoff/share/beckhoff/hook/ament_prefix_path.ps1'
[0.373s] INFO:colcon.colcon_core.shell:Creating environment descriptor '/home/student/ros_ws/RosSystem/install/beckhoff/share/beckhoff/hook/ament_prefix_path.dsv'
[0.373s] INFO:colcon.colcon_core.shell:Creating environment hook '/home/student/ros_ws/RosSystem/install/beckhoff/share/beckhoff/hook/ament_prefix_path.sh'
[0.374s] INFO:colcon.colcon_core.shell:Skip shell extension 'powershell' for command environment: Not usable outside of PowerShell
[0.374s] DEBUG:colcon.colcon_core.shell:Skip shell extension 'dsv' for command environment
[0.382s] INFO:colcon.colcon_ros.task.ament_cmake.build:Building ROS package in '/home/student/ros_ws/RosSystem/src/beckhoff_interfaces' with build type 'ament_cmake'
[0.383s] INFO:colcon.colcon_cmake.task.cmake.build:Building CMake package in '/home/student/ros_ws/RosSystem/src/beckhoff_interfaces'
[0.383s] INFO:colcon.colcon_core.shell:Skip shell extension 'powershell' for command environment: Not usable outside of PowerShell
[0.383s] DEBUG:colcon.colcon_core.shell:Skip shell extension 'dsv' for command environment
[0.390s] INFO:colcon.colcon_ros.task.ament_cmake.build:Building ROS package in '/home/student/ros_ws/RosSystem/src/hello_moveit' with build type 'ament_cmake'
[0.390s] INFO:colcon.colcon_cmake.task.cmake.build:Building CMake package in '/home/student/ros_ws/RosSystem/src/hello_moveit'
[0.391s] INFO:colcon.colcon_core.shell:Skip shell extension 'powershell' for command environment: Not usable outside of PowerShell
[0.391s] DEBUG:colcon.colcon_core.shell:Skip shell extension 'dsv' for command environment
[0.405s] DEBUG:colcon.colcon_core.event_handler.log_command:Invoking command in '/home/student/ros_ws/RosSystem/build/urdf_tutorial': CMAKE_PREFIX_PATH=${CMAKE_PREFIX_PATH}:/home/student/ws_moveit2/install/moveit_configs_utils:/home/student/ws_moveit2/install/launch_param_builder:/home/student/ros_ws/RosSystem/install/urdf_robot:/home/student/ros_ws/RosSystem/install/beckhoff:/opt/ros/humble /usr/bin/cmake --build /home/student/ros_ws/RosSystem/build/urdf_tutorial -- -j16 -l16
[0.650s] INFO:colcon.colcon_core.task.python.build:Building Python package in '/home/student/ros_ws/RosSystem/src/beckhoff'
[0.650s] INFO:colcon.colcon_core.shell:Skip shell extension 'powershell' for command environment: Not usable outside of PowerShell
[0.650s] DEBUG:colcon.colcon_core.shell:Skip shell extension 'dsv' for command environment
[0.660s] DEBUG:colcon.colcon_core.event_handler.log_command:Invoking command in '/home/student/ros_ws/RosSystem/build/beckhoff_interfaces': CMAKE_PREFIX_PATH=${CMAKE_PREFIX_PATH}:/home/student/ws_moveit2/install/moveit_configs_utils:/home/student/ws_moveit2/install/launch_param_builder:/home/student/ros_ws/RosSystem/install/urdf_robot:/home/student/ros_ws/RosSystem/install/beckhoff:/opt/ros/humble /usr/bin/cmake --build /home/student/ros_ws/RosSystem/build/beckhoff_interfaces -- -j16 -l16
[0.665s] DEBUG:colcon.colcon_core.event_handler.log_command:Invoking command in '/home/student/ros_ws/RosSystem/build/hello_moveit': CMAKE_PREFIX_PATH=${CMAKE_PREFIX_PATH}:/home/student/ws_moveit2/install/moveit_configs_utils:/home/student/ws_moveit2/install/launch_param_builder:/home/student/ros_ws/RosSystem/install/urdf_robot:/home/student/ros_ws/RosSystem/install/beckhoff:/opt/ros/humble /usr/bin/cmake --build /home/student/ros_ws/RosSystem/build/hello_moveit -- -j16 -l16
[0.666s] DEBUG:colcon.colcon_core.event_handler.log_command:Invoked command in '/home/student/ros_ws/RosSystem/build/urdf_tutorial' returned '0': CMAKE_PREFIX_PATH=${CMAKE_PREFIX_PATH}:/home/student/ws_moveit2/install/moveit_configs_utils:/home/student/ws_moveit2/install/launch_param_builder:/home/student/ros_ws/RosSystem/install/urdf_robot:/home/student/ros_ws/RosSystem/install/beckhoff:/opt/ros/humble /usr/bin/cmake --build /home/student/ros_ws/RosSystem/build/urdf_tutorial -- -j16 -l16
[0.743s] DEBUG:colcon.colcon_core.event_handler.log_command:Invoking command in '/home/student/ros_ws/RosSystem/build/urdf_tutorial': CMAKE_PREFIX_PATH=${CMAKE_PREFIX_PATH}:/home/student/ws_moveit2/install/moveit_configs_utils:/home/student/ws_moveit2/install/launch_param_builder:/home/student/ros_ws/RosSystem/install/urdf_robot:/home/student/ros_ws/RosSystem/install/beckhoff:/opt/ros/humble /usr/bin/cmake --install /home/student/ros_ws/RosSystem/build/urdf_tutorial
[0.762s] Level 1:colcon.colcon_core.environment:create_environment_scripts_only(urdf_tutorial)
[0.763s] DEBUG:colcon.colcon_core.event_handler.log_command:Invoked command in '/home/student/ros_ws/RosSystem/build/urdf_tutorial' returned '0': CMAKE_PREFIX_PATH=${CMAKE_PREFIX_PATH}:/home/student/ws_moveit2/install/moveit_configs_utils:/home/student/ws_moveit2/install/launch_param_builder:/home/student/ros_ws/RosSystem/install/urdf_robot:/home/student/ros_ws/RosSystem/install/beckhoff:/opt/ros/humble /usr/bin/cmake --install /home/student/ros_ws/RosSystem/build/urdf_tutorial
[0.766s] Level 1:colcon.colcon_core.environment:checking '/home/student/ros_ws/RosSystem/install/urdf_tutorial' for CMake module files
[0.767s] Level 1:colcon.colcon_core.environment:checking '/home/student/ros_ws/RosSystem/install/urdf_tutorial' for CMake config files
[0.767s] Level 1:colcon.colcon_core.shell:create_environment_hook('urdf_tutorial', 'cmake_prefix_path')
[0.767s] INFO:colcon.colcon_core.shell:Creating environment hook '/home/student/ros_ws/RosSystem/install/urdf_tutorial/share/urdf_tutorial/hook/cmake_prefix_path.ps1'
[0.769s] INFO:colcon.colcon_core.shell:Creating environment descriptor '/home/student/ros_ws/RosSystem/install/urdf_tutorial/share/urdf_tutorial/hook/cmake_prefix_path.dsv'
[0.769s] INFO:colcon.colcon_core.shell:Creating environment hook '/home/student/ros_ws/RosSystem/install/urdf_tutorial/share/urdf_tutorial/hook/cmake_prefix_path.sh'
[0.770s] Level 1:colcon.colcon_core.environment:checking '/home/student/ros_ws/RosSystem/install/urdf_tutorial/bin'
[0.771s] Level 1:colcon.colcon_core.environment:checking '/home/student/ros_ws/RosSystem/install/urdf_tutorial/lib/pkgconfig/urdf_tutorial.pc'
[0.771s] Level 1:colcon.colcon_core.environment:checking '/home/student/ros_ws/RosSystem/install/urdf_tutorial/lib/python3.10/site-packages'
[0.771s] Level 1:colcon.colcon_core.environment:checking '/home/student/ros_ws/RosSystem/install/urdf_tutorial/bin'
[0.772s] INFO:colcon.colcon_core.shell:Creating package script '/home/student/ros_ws/RosSystem/install/urdf_tutorial/share/urdf_tutorial/package.ps1'
[0.773s] INFO:colcon.colcon_core.shell:Creating package descriptor '/home/student/ros_ws/RosSystem/install/urdf_tutorial/share/urdf_tutorial/package.dsv'
[0.774s] INFO:colcon.colcon_core.shell:Creating package script '/home/student/ros_ws/RosSystem/install/urdf_tutorial/share/urdf_tutorial/package.sh'
[0.776s] INFO:colcon.colcon_core.shell:Creating package script '/home/student/ros_ws/RosSystem/install/urdf_tutorial/share/urdf_tutorial/package.bash'
[0.777s] INFO:colcon.colcon_core.shell:Creating package script '/home/student/ros_ws/RosSystem/install/urdf_tutorial/share/urdf_tutorial/package.zsh'
[0.779s] Level 1:colcon.colcon_core.environment:create_file_with_runtime_dependencies(/home/student/ros_ws/RosSystem/install/urdf_tutorial/share/colcon-core/packages/urdf_tutorial)
[0.847s] Level 1:colcon.colcon_core.environment:create_environment_scripts_only(urdf_tutorial)
[0.847s] Level 1:colcon.colcon_core.environment:checking '/home/student/ros_ws/RosSystem/install/urdf_tutorial' for CMake module files
[0.847s] Level 1:colcon.colcon_core.environment:checking '/home/student/ros_ws/RosSystem/install/urdf_tutorial' for CMake config files
[0.848s] Level 1:colcon.colcon_core.shell:create_environment_hook('urdf_tutorial', 'cmake_prefix_path')
[0.848s] INFO:colcon.colcon_core.shell:Creating environment hook '/home/student/ros_ws/RosSystem/install/urdf_tutorial/share/urdf_tutorial/hook/cmake_prefix_path.ps1'
[0.848s] INFO:colcon.colcon_core.shell:Creating environment descriptor '/home/student/ros_ws/RosSystem/install/urdf_tutorial/share/urdf_tutorial/hook/cmake_prefix_path.dsv'
[0.849s] INFO:colcon.colcon_core.shell:Creating environment hook '/home/student/ros_ws/RosSystem/install/urdf_tutorial/share/urdf_tutorial/hook/cmake_prefix_path.sh'
[0.849s] Level 1:colcon.colcon_core.environment:checking '/home/student/ros_ws/RosSystem/install/urdf_tutorial/bin'
[0.849s] Level 1:colcon.colcon_core.environment:checking '/home/student/ros_ws/RosSystem/install/urdf_tutorial/lib/pkgconfig/urdf_tutorial.pc'
[0.849s] Level 1:colcon.colcon_core.environment:checking '/home/student/ros_ws/RosSystem/install/urdf_tutorial/lib/python3.10/site-packages'
[0.850s] Level 1:colcon.colcon_core.environment:checking '/home/student/ros_ws/RosSystem/install/urdf_tutorial/bin'
[0.850s] INFO:colcon.colcon_core.shell:Creating package script '/home/student/ros_ws/RosSystem/install/urdf_tutorial/share/urdf_tutorial/package.ps1'
[0.851s] INFO:colcon.colcon_core.shell:Creating package descriptor '/home/student/ros_ws/RosSystem/install/urdf_tutorial/share/urdf_tutorial/package.dsv'
[0.851s] INFO:colcon.colcon_core.shell:Creating package script '/home/student/ros_ws/RosSystem/install/urdf_tutorial/share/urdf_tutorial/package.sh'
[0.851s] INFO:colcon.colcon_core.shell:Creating package script '/home/student/ros_ws/RosSystem/install/urdf_tutorial/share/urdf_tutorial/package.bash'
[0.852s] INFO:colcon.colcon_core.shell:Creating package script '/home/student/ros_ws/RosSystem/install/urdf_tutorial/share/urdf_tutorial/package.zsh'
[0.852s] Level 1:colcon.colcon_core.environment:create_file_with_runtime_dependencies(/home/student/ros_ws/RosSystem/install/urdf_tutorial/share/colcon-core/packages/urdf_tutorial)
[0.852s] INFO:colcon.colcon_ros.task.ament_cmake.build:Building ROS package in '/home/student/ros_ws/RosSystem/src/moveit_config' with build type 'ament_cmake'
[0.853s] INFO:colcon.colcon_cmake.task.cmake.build:Building CMake package in '/home/student/ros_ws/RosSystem/src/moveit_config'
[0.853s] INFO:colcon.colcon_core.shell:Skip shell extension 'powershell' for command environment: Not usable outside of PowerShell
[0.853s] DEBUG:colcon.colcon_core.shell:Skip shell extension 'dsv' for command environment
[0.874s] DEBUG:colcon.colcon_core.event_handler.log_command:Invoking command in '/home/student/ros_ws/RosSystem/build/moveit_config': CMAKE_PREFIX_PATH=/home/student/ros_ws/RosSystem/install/urdf_tutorial:/home/student/ws_moveit2/install/pilz_industrial_motion_planner_testutils:/home/student/ws_moveit2/install/moveit_runtime:/home/student/ws_moveit2/install/moveit2_tutorials:/home/student/ws_moveit2/install/moveit:/home/student/ws_moveit2/install/moveit_planners:/home/student/ws_moveit2/install/pilz_industrial_motion_planner:/home/student/ws_moveit2/install/moveit_visual_tools:/home/student/ws_moveit2/install/moveit_task_constructor_visualization:/home/student/ws_moveit2/install/moveit_task_constructor_demo:/home/student/ws_moveit2/install/moveit_task_constructor_capabilities:/home/student/ws_moveit2/install/moveit_task_constructor_core:/home/student/ws_moveit2/install/moveit_ros_control_interface:/home/student/ws_moveit2/install/moveit_plugins:/home/student/ws_moveit2/install/moveit_simple_controller_manager:/home/student/ws_moveit2/install/moveit_setup_assistant:/home/student/ws_moveit2/install/moveit_setup_srdf_plugins:/home/student/ws_moveit2/install/moveit_setup_core_plugins:/home/student/ws_moveit2/install/moveit_setup_controllers:/home/student/ws_moveit2/install/moveit_setup_app_plugins:/home/student/ws_moveit2/install/moveit_setup_framework:/home/student/ws_moveit2/install/moveit_servo:/home/student/ws_moveit2/install/moveit_ros:/home/student/ws_moveit2/install/moveit_ros_visualization:/home/student/ws_moveit2/install/moveit_hybrid_planning:/home/student/ws_moveit2/install/moveit_ros_planning_interface:/home/student/ws_moveit2/install/moveit_ros_benchmarks:/home/student/ws_moveit2/install/moveit_ros_warehouse:/home/student/ws_moveit2/install/moveit_ros_robot_interaction:/home/student/ws_moveit2/install/moveit_ros_perception:/home/student/ws_moveit2/install/moveit_resources_prbt_pg70_support:/home/student/ws_moveit2/install/moveit_resources_prbt_moveit_config:/home/student/ws_moveit2/install/moveit_ros_move_group:/home/student/ws_moveit2/install/moveit_planners_ompl:/home/student/ws_moveit2/install/moveit_ros_planning:/home/student/ws_moveit2/install/moveit_ros_occupancy_map_monitor:/home/student/ws_moveit2/install/moveit_resources_prbt_ikfast_manipulator_plugin:/home/student/ws_moveit2/install/moveit_planners_chomp:/home/student/ws_moveit2/install/moveit_kinematics:/home/student/ws_moveit2/install/moveit_chomp_optimizer_adapter:/home/student/ws_moveit2/install/chomp_motion_planner:/home/student/ws_moveit2/install/moveit_core:/home/student/ws_moveit2/install/srdfdom:/home/student/ws_moveit2/install/rviz_marker_tools:/home/student/ws_moveit2/install/rosparam_shortcuts:/home/student/ws_moveit2/install/moveit_task_constructor_msgs:/home/student/ws_moveit2/install/moveit_resources_prbt_support:/home/student/ws_moveit2/install/moveit_resources:/home/student/ws_moveit2/install/moveit_resources_pr2_description:/home/student/ws_moveit2/install/moveit_resources_panda_moveit_config:/home/student/ws_moveit2/install/moveit_resources_panda_description:/home/student/ws_moveit2/install/moveit_resources_fanuc_moveit_config:/home/student/ws_moveit2/install/moveit_resources_fanuc_description:/home/student/ws_moveit2/install/moveit_common:/home/student/ros_ws/RosSystem/install/moveit_config:/home/student/ros_ws/RosSystem/install/hello_moveit:/home/student/ros_ws/RosSystem/install/beckhoff_interfaces:/home/student/ws_moveit2/install/moveit_configs_utils:/home/student/ws_moveit2/install/launch_param_builder:/home/student/ros_ws/RosSystem/install/urdf_robot:/home/student/ros_ws/RosSystem/install/beckhoff:/opt/ros/humble /usr/bin/cmake --build /home/student/ros_ws/RosSystem/build/moveit_config -- -j16 -l16
[0.952s] DEBUG:colcon.colcon_core.event_handler.log_command:Invoked command in '/home/student/ros_ws/RosSystem/build/moveit_config' returned '0': CMAKE_PREFIX_PATH=/home/student/ros_ws/RosSystem/install/urdf_tutorial:/home/student/ws_moveit2/install/pilz_industrial_motion_planner_testutils:/home/student/ws_moveit2/install/moveit_runtime:/home/student/ws_moveit2/install/moveit2_tutorials:/home/student/ws_moveit2/install/moveit:/home/student/ws_moveit2/install/moveit_planners:/home/student/ws_moveit2/install/pilz_industrial_motion_planner:/home/student/ws_moveit2/install/moveit_visual_tools:/home/student/ws_moveit2/install/moveit_task_constructor_visualization:/home/student/ws_moveit2/install/moveit_task_constructor_demo:/home/student/ws_moveit2/install/moveit_task_constructor_capabilities:/home/student/ws_moveit2/install/moveit_task_constructor_core:/home/student/ws_moveit2/install/moveit_ros_control_interface:/home/student/ws_moveit2/install/moveit_plugins:/home/student/ws_moveit2/install/moveit_simple_controller_manager:/home/student/ws_moveit2/install/moveit_setup_assistant:/home/student/ws_moveit2/install/moveit_setup_srdf_plugins:/home/student/ws_moveit2/install/moveit_setup_core_plugins:/home/student/ws_moveit2/install/moveit_setup_controllers:/home/student/ws_moveit2/install/moveit_setup_app_plugins:/home/student/ws_moveit2/install/moveit_setup_framework:/home/student/ws_moveit2/install/moveit_servo:/home/student/ws_moveit2/install/moveit_ros:/home/student/ws_moveit2/install/moveit_ros_visualization:/home/student/ws_moveit2/install/moveit_hybrid_planning:/home/student/ws_moveit2/install/moveit_ros_planning_interface:/home/student/ws_moveit2/install/moveit_ros_benchmarks:/home/student/ws_moveit2/install/moveit_ros_warehouse:/home/student/ws_moveit2/install/moveit_ros_robot_interaction:/home/student/ws_moveit2/install/moveit_ros_perception:/home/student/ws_moveit2/install/moveit_resources_prbt_pg70_support:/home/student/ws_moveit2/install/moveit_resources_prbt_moveit_config:/home/student/ws_moveit2/install/moveit_ros_move_group:/home/student/ws_moveit2/install/moveit_planners_ompl:/home/student/ws_moveit2/install/moveit_ros_planning:/home/student/ws_moveit2/install/moveit_ros_occupancy_map_monitor:/home/student/ws_moveit2/install/moveit_resources_prbt_ikfast_manipulator_plugin:/home/student/ws_moveit2/install/moveit_planners_chomp:/home/student/ws_moveit2/install/moveit_kinematics:/home/student/ws_moveit2/install/moveit_chomp_optimizer_adapter:/home/student/ws_moveit2/install/chomp_motion_planner:/home/student/ws_moveit2/install/moveit_core:/home/student/ws_moveit2/install/srdfdom:/home/student/ws_moveit2/install/rviz_marker_tools:/home/student/ws_moveit2/install/rosparam_shortcuts:/home/student/ws_moveit2/install/moveit_task_constructor_msgs:/home/student/ws_moveit2/install/moveit_resources_prbt_support:/home/student/ws_moveit2/install/moveit_resources:/home/student/ws_moveit2/install/moveit_resources_pr2_description:/home/student/ws_moveit2/install/moveit_resources_panda_moveit_config:/home/student/ws_moveit2/install/moveit_resources_panda_description:/home/student/ws_moveit2/install/moveit_resources_fanuc_moveit_config:/home/student/ws_moveit2/install/moveit_resources_fanuc_description:/home/student/ws_moveit2/install/moveit_common:/home/student/ros_ws/RosSystem/install/moveit_config:/home/student/ros_ws/RosSystem/install/hello_moveit:/home/student/ros_ws/RosSystem/install/beckhoff_interfaces:/home/student/ws_moveit2/install/moveit_configs_utils:/home/student/ws_moveit2/install/launch_param_builder:/home/student/ros_ws/RosSystem/install/urdf_robot:/home/student/ros_ws/RosSystem/install/beckhoff:/opt/ros/humble /usr/bin/cmake --build /home/student/ros_ws/RosSystem/build/moveit_config -- -j16 -l16
[1.017s] DEBUG:colcon.colcon_core.event_handler.log_command:Invoking command in '/home/student/ros_ws/RosSystem/build/moveit_config': CMAKE_PREFIX_PATH=/home/student/ros_ws/RosSystem/install/urdf_tutorial:/home/student/ws_moveit2/install/pilz_industrial_motion_planner_testutils:/home/student/ws_moveit2/install/moveit_runtime:/home/student/ws_moveit2/install/moveit2_tutorials:/home/student/ws_moveit2/install/moveit:/home/student/ws_moveit2/install/moveit_planners:/home/student/ws_moveit2/install/pilz_industrial_motion_planner:/home/student/ws_moveit2/install/moveit_visual_tools:/home/student/ws_moveit2/install/moveit_task_constructor_visualization:/home/student/ws_moveit2/install/moveit_task_constructor_demo:/home/student/ws_moveit2/install/moveit_task_constructor_capabilities:/home/student/ws_moveit2/install/moveit_task_constructor_core:/home/student/ws_moveit2/install/moveit_ros_control_interface:/home/student/ws_moveit2/install/moveit_plugins:/home/student/ws_moveit2/install/moveit_simple_controller_manager:/home/student/ws_moveit2/install/moveit_setup_assistant:/home/student/ws_moveit2/install/moveit_setup_srdf_plugins:/home/student/ws_moveit2/install/moveit_setup_core_plugins:/home/student/ws_moveit2/install/moveit_setup_controllers:/home/student/ws_moveit2/install/moveit_setup_app_plugins:/home/student/ws_moveit2/install/moveit_setup_framework:/home/student/ws_moveit2/install/moveit_servo:/home/student/ws_moveit2/install/moveit_ros:/home/student/ws_moveit2/install/moveit_ros_visualization:/home/student/ws_moveit2/install/moveit_hybrid_planning:/home/student/ws_moveit2/install/moveit_ros_planning_interface:/home/student/ws_moveit2/install/moveit_ros_benchmarks:/home/student/ws_moveit2/install/moveit_ros_warehouse:/home/student/ws_moveit2/install/moveit_ros_robot_interaction:/home/student/ws_moveit2/install/moveit_ros_perception:/home/student/ws_moveit2/install/moveit_resources_prbt_pg70_support:/home/student/ws_moveit2/install/moveit_resources_prbt_moveit_config:/home/student/ws_moveit2/install/moveit_ros_move_group:/home/student/ws_moveit2/install/moveit_planners_ompl:/home/student/ws_moveit2/install/moveit_ros_planning:/home/student/ws_moveit2/install/moveit_ros_occupancy_map_monitor:/home/student/ws_moveit2/install/moveit_resources_prbt_ikfast_manipulator_plugin:/home/student/ws_moveit2/install/moveit_planners_chomp:/home/student/ws_moveit2/install/moveit_kinematics:/home/student/ws_moveit2/install/moveit_chomp_optimizer_adapter:/home/student/ws_moveit2/install/chomp_motion_planner:/home/student/ws_moveit2/install/moveit_core:/home/student/ws_moveit2/install/srdfdom:/home/student/ws_moveit2/install/rviz_marker_tools:/home/student/ws_moveit2/install/rosparam_shortcuts:/home/student/ws_moveit2/install/moveit_task_constructor_msgs:/home/student/ws_moveit2/install/moveit_resources_prbt_support:/home/student/ws_moveit2/install/moveit_resources:/home/student/ws_moveit2/install/moveit_resources_pr2_description:/home/student/ws_moveit2/install/moveit_resources_panda_moveit_config:/home/student/ws_moveit2/install/moveit_resources_panda_description:/home/student/ws_moveit2/install/moveit_resources_fanuc_moveit_config:/home/student/ws_moveit2/install/moveit_resources_fanuc_description:/home/student/ws_moveit2/install/moveit_common:/home/student/ros_ws/RosSystem/install/moveit_config:/home/student/ros_ws/RosSystem/install/hello_moveit:/home/student/ros_ws/RosSystem/install/beckhoff_interfaces:/home/student/ws_moveit2/install/moveit_configs_utils:/home/student/ws_moveit2/install/launch_param_builder:/home/student/ros_ws/RosSystem/install/urdf_robot:/home/student/ros_ws/RosSystem/install/beckhoff:/opt/ros/humble /usr/bin/cmake --install /home/student/ros_ws/RosSystem/build/moveit_config
[1.036s] Level 1:colcon.colcon_core.environment:create_environment_scripts_only(moveit_config)
[1.037s] Level 1:colcon.colcon_core.environment:checking '/home/student/ros_ws/RosSystem/install/moveit_config' for CMake module files
[1.037s] DEBUG:colcon.colcon_core.event_handler.log_command:Invoked command in '/home/student/ros_ws/RosSystem/build/moveit_config' returned '0': CMAKE_PREFIX_PATH=/home/student/ros_ws/RosSystem/install/urdf_tutorial:/home/student/ws_moveit2/install/pilz_industrial_motion_planner_testutils:/home/student/ws_moveit2/install/moveit_runtime:/home/student/ws_moveit2/install/moveit2_tutorials:/home/student/ws_moveit2/install/moveit:/home/student/ws_moveit2/install/moveit_planners:/home/student/ws_moveit2/install/pilz_industrial_motion_planner:/home/student/ws_moveit2/install/moveit_visual_tools:/home/student/ws_moveit2/install/moveit_task_constructor_visualization:/home/student/ws_moveit2/install/moveit_task_constructor_demo:/home/student/ws_moveit2/install/moveit_task_constructor_capabilities:/home/student/ws_moveit2/install/moveit_task_constructor_core:/home/student/ws_moveit2/install/moveit_ros_control_interface:/home/student/ws_moveit2/install/moveit_plugins:/home/student/ws_moveit2/install/moveit_simple_controller_manager:/home/student/ws_moveit2/install/moveit_setup_assistant:/home/student/ws_moveit2/install/moveit_setup_srdf_plugins:/home/student/ws_moveit2/install/moveit_setup_core_plugins:/home/student/ws_moveit2/install/moveit_setup_controllers:/home/student/ws_moveit2/install/moveit_setup_app_plugins:/home/student/ws_moveit2/install/moveit_setup_framework:/home/student/ws_moveit2/install/moveit_servo:/home/student/ws_moveit2/install/moveit_ros:/home/student/ws_moveit2/install/moveit_ros_visualization:/home/student/ws_moveit2/install/moveit_hybrid_planning:/home/student/ws_moveit2/install/moveit_ros_planning_interface:/home/student/ws_moveit2/install/moveit_ros_benchmarks:/home/student/ws_moveit2/install/moveit_ros_warehouse:/home/student/ws_moveit2/install/moveit_ros_robot_interaction:/home/student/ws_moveit2/install/moveit_ros_perception:/home/student/ws_moveit2/install/moveit_resources_prbt_pg70_support:/home/student/ws_moveit2/install/moveit_resources_prbt_moveit_config:/home/student/ws_moveit2/install/moveit_ros_move_group:/home/student/ws_moveit2/install/moveit_planners_ompl:/home/student/ws_moveit2/install/moveit_ros_planning:/home/student/ws_moveit2/install/moveit_ros_occupancy_map_monitor:/home/student/ws_moveit2/install/moveit_resources_prbt_ikfast_manipulator_plugin:/home/student/ws_moveit2/install/moveit_planners_chomp:/home/student/ws_moveit2/install/moveit_kinematics:/home/student/ws_moveit2/install/moveit_chomp_optimizer_adapter:/home/student/ws_moveit2/install/chomp_motion_planner:/home/student/ws_moveit2/install/moveit_core:/home/student/ws_moveit2/install/srdfdom:/home/student/ws_moveit2/install/rviz_marker_tools:/home/student/ws_moveit2/install/rosparam_shortcuts:/home/student/ws_moveit2/install/moveit_task_constructor_msgs:/home/student/ws_moveit2/install/moveit_resources_prbt_support:/home/student/ws_moveit2/install/moveit_resources:/home/student/ws_moveit2/install/moveit_resources_pr2_description:/home/student/ws_moveit2/install/moveit_resources_panda_moveit_config:/home/student/ws_moveit2/install/moveit_resources_panda_description:/home/student/ws_moveit2/install/moveit_resources_fanuc_moveit_config:/home/student/ws_moveit2/install/moveit_resources_fanuc_description:/home/student/ws_moveit2/install/moveit_common:/home/student/ros_ws/RosSystem/install/moveit_config:/home/student/ros_ws/RosSystem/install/hello_moveit:/home/student/ros_ws/RosSystem/install/beckhoff_interfaces:/home/student/ws_moveit2/install/moveit_configs_utils:/home/student/ws_moveit2/install/launch_param_builder:/home/student/ros_ws/RosSystem/install/urdf_robot:/home/student/ros_ws/RosSystem/install/beckhoff:/opt/ros/humble /usr/bin/cmake --install /home/student/ros_ws/RosSystem/build/moveit_config
[1.038s] Level 1:colcon.colcon_core.environment:checking '/home/student/ros_ws/RosSystem/install/moveit_config' for CMake config files
[1.038s] Level 1:colcon.colcon_core.shell:create_environment_hook('moveit_config', 'cmake_prefix_path')
[1.039s] INFO:colcon.colcon_core.shell:Creating environment hook '/home/student/ros_ws/RosSystem/install/moveit_config/share/moveit_config/hook/cmake_prefix_path.ps1'
[1.039s] INFO:colcon.colcon_core.shell:Creating environment descriptor '/home/student/ros_ws/RosSystem/install/moveit_config/share/moveit_config/hook/cmake_prefix_path.dsv'
[1.039s] INFO:colcon.colcon_core.shell:Creating environment hook '/home/student/ros_ws/RosSystem/install/moveit_config/share/moveit_config/hook/cmake_prefix_path.sh'
[1.040s] Level 1:colcon.colcon_core.environment:checking '/home/student/ros_ws/RosSystem/install/moveit_config/bin'
[1.040s] Level 1:colcon.colcon_core.environment:checking '/home/student/ros_ws/RosSystem/install/moveit_config/lib/pkgconfig/moveit_config.pc'
[1.041s] Level 1:colcon.colcon_core.environment:checking '/home/student/ros_ws/RosSystem/install/moveit_config/lib/python3.10/site-packages'
[1.041s] Level 1:colcon.colcon_core.environment:checking '/home/student/ros_ws/RosSystem/install/moveit_config/bin'
[1.042s] INFO:colcon.colcon_core.shell:Creating package script '/home/student/ros_ws/RosSystem/install/moveit_config/share/moveit_config/package.ps1'
[1.043s] INFO:colcon.colcon_core.shell:Creating package descriptor '/home/student/ros_ws/RosSystem/install/moveit_config/share/moveit_config/package.dsv'
[1.043s] INFO:colcon.colcon_core.shell:Creating package script '/home/student/ros_ws/RosSystem/install/moveit_config/share/moveit_config/package.sh'
[1.043s] INFO:colcon.colcon_core.shell:Creating package script '/home/student/ros_ws/RosSystem/install/moveit_config/share/moveit_config/package.bash'
[1.044s] INFO:colcon.colcon_core.shell:Creating package script '/home/student/ros_ws/RosSystem/install/moveit_config/share/moveit_config/package.zsh'
[1.044s] Level 1:colcon.colcon_core.environment:create_file_with_runtime_dependencies(/home/student/ros_ws/RosSystem/install/moveit_config/share/colcon-core/packages/moveit_config)
[1.104s] Level 1:colcon.colcon_core.environment:create_environment_scripts_only(moveit_config)
[1.105s] Level 1:colcon.colcon_core.environment:checking '/home/student/ros_ws/RosSystem/install/moveit_config' for CMake module files
[1.105s] Level 1:colcon.colcon_core.environment:checking '/home/student/ros_ws/RosSystem/install/moveit_config' for CMake config files
[1.105s] Level 1:colcon.colcon_core.shell:create_environment_hook('moveit_config', 'cmake_prefix_path')
[1.106s] INFO:colcon.colcon_core.shell:Creating environment hook '/home/student/ros_ws/RosSystem/install/moveit_config/share/moveit_config/hook/cmake_prefix_path.ps1'
[1.106s] INFO:colcon.colcon_core.shell:Creating environment descriptor '/home/student/ros_ws/RosSystem/install/moveit_config/share/moveit_config/hook/cmake_prefix_path.dsv'
[1.107s] INFO:colcon.colcon_core.shell:Creating environment hook '/home/student/ros_ws/RosSystem/install/moveit_config/share/moveit_config/hook/cmake_prefix_path.sh'
[1.107s] Level 1:colcon.colcon_core.environment:checking '/home/student/ros_ws/RosSystem/install/moveit_config/bin'
[1.107s] Level 1:colcon.colcon_core.environment:checking '/home/student/ros_ws/RosSystem/install/moveit_config/lib/pkgconfig/moveit_config.pc'
[1.108s] Level 1:colcon.colcon_core.environment:checking '/home/student/ros_ws/RosSystem/install/moveit_config/lib/python3.10/site-packages'
[1.108s] Level 1:colcon.colcon_core.environment:checking '/home/student/ros_ws/RosSystem/install/moveit_config/bin'
[1.108s] INFO:colcon.colcon_core.shell:Creating package script '/home/student/ros_ws/RosSystem/install/moveit_config/share/moveit_config/package.ps1'
[1.109s] INFO:colcon.colcon_core.shell:Creating package descriptor '/home/student/ros_ws/RosSystem/install/moveit_config/share/moveit_config/package.dsv'
[1.109s] INFO:colcon.colcon_core.shell:Creating package script '/home/student/ros_ws/RosSystem/install/moveit_config/share/moveit_config/package.sh'
[1.110s] INFO:colcon.colcon_core.shell:Creating package script '/home/student/ros_ws/RosSystem/install/moveit_config/share/moveit_config/package.bash'
[1.110s] INFO:colcon.colcon_core.shell:Creating package script '/home/student/ros_ws/RosSystem/install/moveit_config/share/moveit_config/package.zsh'
[1.111s] Level 1:colcon.colcon_core.environment:create_file_with_runtime_dependencies(/home/student/ros_ws/RosSystem/install/moveit_config/share/colcon-core/packages/moveit_config)
[1.128s] DEBUG:colcon.colcon_core.event_handler.log_command:Invoking command in '/home/student/ros_ws/RosSystem/src/beckhoff': PYTHONPATH=/home/student/ros_ws/RosSystem/build/beckhoff/prefix_override:/home/student/ros_ws/RosSystem/install/beckhoff/lib/python3.10/site-packages:${PYTHONPATH} /usr/bin/python3 -W ignore:setup.py install is deprecated setup.py egg_info --egg-base ../../build/beckhoff build --build-base /home/student/ros_ws/RosSystem/build/beckhoff/build install --record /home/student/ros_ws/RosSystem/build/beckhoff/install.log --single-version-externally-managed install_data
[1.196s] DEBUG:colcon.colcon_core.event_handler.log_command:Invoked command in '/home/student/ros_ws/RosSystem/build/beckhoff_interfaces' returned '0': CMAKE_PREFIX_PATH=${CMAKE_PREFIX_PATH}:/home/student/ws_moveit2/install/moveit_configs_utils:/home/student/ws_moveit2/install/launch_param_builder:/home/student/ros_ws/RosSystem/install/urdf_robot:/home/student/ros_ws/RosSystem/install/beckhoff:/opt/ros/humble /usr/bin/cmake --build /home/student/ros_ws/RosSystem/build/beckhoff_interfaces -- -j16 -l16
[1.458s] Level 1:colcon.colcon_core.environment:checking '/home/student/ros_ws/RosSystem/install/beckhoff' for CMake module files
[1.459s] DEBUG:colcon.colcon_core.event_handler.log_command:Invoked command in '/home/student/ros_ws/RosSystem/src/beckhoff' returned '0': PYTHONPATH=/home/student/ros_ws/RosSystem/build/beckhoff/prefix_override:/home/student/ros_ws/RosSystem/install/beckhoff/lib/python3.10/site-packages:${PYTHONPATH} /usr/bin/python3 -W ignore:setup.py install is deprecated setup.py egg_info --egg-base ../../build/beckhoff build --build-base /home/student/ros_ws/RosSystem/build/beckhoff/build install --record /home/student/ros_ws/RosSystem/build/beckhoff/install.log --single-version-externally-managed install_data
[1.459s] Level 1:colcon.colcon_core.environment:checking '/home/student/ros_ws/RosSystem/install/beckhoff' for CMake config files
[1.459s] Level 1:colcon.colcon_core.environment:checking '/home/student/ros_ws/RosSystem/install/beckhoff/lib'
[1.460s] Level 1:colcon.colcon_core.environment:checking '/home/student/ros_ws/RosSystem/install/beckhoff/bin'
[1.460s] Level 1:colcon.colcon_core.environment:checking '/home/student/ros_ws/RosSystem/install/beckhoff/lib/pkgconfig/beckhoff.pc'
[1.460s] Level 1:colcon.colcon_core.environment:checking '/home/student/ros_ws/RosSystem/install/beckhoff/lib/python3.10/site-packages'
[1.460s] Level 1:colcon.colcon_core.shell:create_environment_hook('beckhoff', 'pythonpath')
[1.460s] INFO:colcon.colcon_core.shell:Creating environment hook '/home/student/ros_ws/RosSystem/install/beckhoff/share/beckhoff/hook/pythonpath.ps1'
[1.461s] INFO:colcon.colcon_core.shell:Creating environment descriptor '/home/student/ros_ws/RosSystem/install/beckhoff/share/beckhoff/hook/pythonpath.dsv'
[1.461s] INFO:colcon.colcon_core.shell:Creating environment hook '/home/student/ros_ws/RosSystem/install/beckhoff/share/beckhoff/hook/pythonpath.sh'
[1.461s] Level 1:colcon.colcon_core.environment:checking '/home/student/ros_ws/RosSystem/install/beckhoff/bin'
[1.461s] Level 1:colcon.colcon_core.environment:create_environment_scripts_only(beckhoff)
[1.462s] INFO:colcon.colcon_core.shell:Creating package script '/home/student/ros_ws/RosSystem/install/beckhoff/share/beckhoff/package.ps1'
[1.462s] INFO:colcon.colcon_core.shell:Creating package descriptor '/home/student/ros_ws/RosSystem/install/beckhoff/share/beckhoff/package.dsv'
[1.463s] INFO:colcon.colcon_core.shell:Creating package script '/home/student/ros_ws/RosSystem/install/beckhoff/share/beckhoff/package.sh'
[1.463s] INFO:colcon.colcon_core.shell:Creating package script '/home/student/ros_ws/RosSystem/install/beckhoff/share/beckhoff/package.bash'
[1.463s] INFO:colcon.colcon_core.shell:Creating package script '/home/student/ros_ws/RosSystem/install/beckhoff/share/beckhoff/package.zsh'
[1.463s] Level 1:colcon.colcon_core.environment:create_file_with_runtime_dependencies(/home/student/ros_ws/RosSystem/install/beckhoff/share/colcon-core/packages/beckhoff)
[1.530s] DEBUG:colcon.colcon_core.event_handler.log_command:Invoking command in '/home/student/ros_ws/RosSystem/build/beckhoff_interfaces': CMAKE_PREFIX_PATH=${CMAKE_PREFIX_PATH}:/home/student/ws_moveit2/install/moveit_configs_utils:/home/student/ws_moveit2/install/launch_param_builder:/home/student/ros_ws/RosSystem/install/urdf_robot:/home/student/ros_ws/RosSystem/install/beckhoff:/opt/ros/humble /usr/bin/cmake --install /home/student/ros_ws/RosSystem/build/beckhoff_interfaces
[1.600s] Level 1:colcon.colcon_core.environment:create_environment_scripts_only(beckhoff_interfaces)
[1.600s] Level 1:colcon.colcon_core.environment:checking '/home/student/ros_ws/RosSystem/install/beckhoff_interfaces' for CMake module files
[1.601s] DEBUG:colcon.colcon_core.event_handler.log_command:Invoked command in '/home/student/ros_ws/RosSystem/build/beckhoff_interfaces' returned '0': CMAKE_PREFIX_PATH=${CMAKE_PREFIX_PATH}:/home/student/ws_moveit2/install/moveit_configs_utils:/home/student/ws_moveit2/install/launch_param_builder:/home/student/ros_ws/RosSystem/install/urdf_robot:/home/student/ros_ws/RosSystem/install/beckhoff:/opt/ros/humble /usr/bin/cmake --install /home/student/ros_ws/RosSystem/build/beckhoff_interfaces
[1.601s] Level 1:colcon.colcon_core.environment:checking '/home/student/ros_ws/RosSystem/install/beckhoff_interfaces' for CMake config files
[1.602s] Level 1:colcon.colcon_core.shell:create_environment_hook('beckhoff_interfaces', 'cmake_prefix_path')
[1.602s] INFO:colcon.colcon_core.shell:Creating environment hook '/home/student/ros_ws/RosSystem/install/beckhoff_interfaces/share/beckhoff_interfaces/hook/cmake_prefix_path.ps1'
[1.603s] INFO:colcon.colcon_core.shell:Creating environment descriptor '/home/student/ros_ws/RosSystem/install/beckhoff_interfaces/share/beckhoff_interfaces/hook/cmake_prefix_path.dsv'
[1.603s] INFO:colcon.colcon_core.shell:Creating environment hook '/home/student/ros_ws/RosSystem/install/beckhoff_interfaces/share/beckhoff_interfaces/hook/cmake_prefix_path.sh'
[1.603s] Level 1:colcon.colcon_core.environment:checking '/home/student/ros_ws/RosSystem/install/beckhoff_interfaces/lib'
[1.604s] Level 1:colcon.colcon_core.shell:create_environment_hook('beckhoff_interfaces', 'ld_library_path_lib')
[1.604s] INFO:colcon.colcon_core.shell:Creating environment hook '/home/student/ros_ws/RosSystem/install/beckhoff_interfaces/share/beckhoff_interfaces/hook/ld_library_path_lib.ps1'
[1.604s] INFO:colcon.colcon_core.shell:Creating environment descriptor '/home/student/ros_ws/RosSystem/install/beckhoff_interfaces/share/beckhoff_interfaces/hook/ld_library_path_lib.dsv'
[1.604s] INFO:colcon.colcon_core.shell:Creating environment hook '/home/student/ros_ws/RosSystem/install/beckhoff_interfaces/share/beckhoff_interfaces/hook/ld_library_path_lib.sh'
[1.605s] Level 1:colcon.colcon_core.environment:checking '/home/student/ros_ws/RosSystem/install/beckhoff_interfaces/bin'
[1.605s] Level 1:colcon.colcon_core.environment:checking '/home/student/ros_ws/RosSystem/install/beckhoff_interfaces/lib/pkgconfig/beckhoff_interfaces.pc'
[1.605s] Level 1:colcon.colcon_core.environment:checking '/home/student/ros_ws/RosSystem/install/beckhoff_interfaces/lib/python3.10/site-packages'
[1.605s] Level 1:colcon.colcon_core.environment:checking '/home/student/ros_ws/RosSystem/install/beckhoff_interfaces/bin'
[1.605s] INFO:colcon.colcon_core.shell:Creating package script '/home/student/ros_ws/RosSystem/install/beckhoff_interfaces/share/beckhoff_interfaces/package.ps1'
[1.606s] INFO:colcon.colcon_core.shell:Creating package descriptor '/home/student/ros_ws/RosSystem/install/beckhoff_interfaces/share/beckhoff_interfaces/package.dsv'
[1.606s] INFO:colcon.colcon_core.shell:Creating package script '/home/student/ros_ws/RosSystem/install/beckhoff_interfaces/share/beckhoff_interfaces/package.sh'
[1.606s] INFO:colcon.colcon_core.shell:Creating package script '/home/student/ros_ws/RosSystem/install/beckhoff_interfaces/share/beckhoff_interfaces/package.bash'
[1.607s] INFO:colcon.colcon_core.shell:Creating package script '/home/student/ros_ws/RosSystem/install/beckhoff_interfaces/share/beckhoff_interfaces/package.zsh'
[1.607s] Level 1:colcon.colcon_core.environment:create_file_with_runtime_dependencies(/home/student/ros_ws/RosSystem/install/beckhoff_interfaces/share/colcon-core/packages/beckhoff_interfaces)
[1.894s] Level 1:colcon.colcon_core.environment:create_environment_scripts_only(beckhoff_interfaces)
[1.894s] Level 1:colcon.colcon_core.environment:checking '/home/student/ros_ws/RosSystem/install/beckhoff_interfaces' for CMake module files
[1.895s] Level 1:colcon.colcon_core.environment:checking '/home/student/ros_ws/RosSystem/install/beckhoff_interfaces' for CMake config files
[1.896s] Level 1:colcon.colcon_core.shell:create_environment_hook('beckhoff_interfaces', 'cmake_prefix_path')
[1.897s] INFO:colcon.colcon_core.shell:Creating environment hook '/home/student/ros_ws/RosSystem/install/beckhoff_interfaces/share/beckhoff_interfaces/hook/cmake_prefix_path.ps1'
[1.897s] INFO:colcon.colcon_core.shell:Creating environment descriptor '/home/student/ros_ws/RosSystem/install/beckhoff_interfaces/share/beckhoff_interfaces/hook/cmake_prefix_path.dsv'
[1.898s] INFO:colcon.colcon_core.shell:Creating environment hook '/home/student/ros_ws/RosSystem/install/beckhoff_interfaces/share/beckhoff_interfaces/hook/cmake_prefix_path.sh'
[1.898s] Level 1:colcon.colcon_core.environment:checking '/home/student/ros_ws/RosSystem/install/beckhoff_interfaces/lib'
[1.898s] Level 1:colcon.colcon_core.shell:create_environment_hook('beckhoff_interfaces', 'ld_library_path_lib')
[1.899s] INFO:colcon.colcon_core.shell:Creating environment hook '/home/student/ros_ws/RosSystem/install/beckhoff_interfaces/share/beckhoff_interfaces/hook/ld_library_path_lib.ps1'
[1.899s] INFO:colcon.colcon_core.shell:Creating environment descriptor '/home/student/ros_ws/RosSystem/install/beckhoff_interfaces/share/beckhoff_interfaces/hook/ld_library_path_lib.dsv'
[1.899s] INFO:colcon.colcon_core.shell:Creating environment hook '/home/student/ros_ws/RosSystem/install/beckhoff_interfaces/share/beckhoff_interfaces/hook/ld_library_path_lib.sh'
[1.899s] Level 1:colcon.colcon_core.environment:checking '/home/student/ros_ws/RosSystem/install/beckhoff_interfaces/bin'
[1.900s] Level 1:colcon.colcon_core.environment:checking '/home/student/ros_ws/RosSystem/install/beckhoff_interfaces/lib/pkgconfig/beckhoff_interfaces.pc'
[1.900s] Level 1:colcon.colcon_core.environment:checking '/home/student/ros_ws/RosSystem/install/beckhoff_interfaces/lib/python3.10/site-packages'
[1.900s] Level 1:colcon.colcon_core.environment:checking '/home/student/ros_ws/RosSystem/install/beckhoff_interfaces/bin'
[1.900s] INFO:colcon.colcon_core.shell:Creating package script '/home/student/ros_ws/RosSystem/install/beckhoff_interfaces/share/beckhoff_interfaces/package.ps1'
[1.901s] INFO:colcon.colcon_core.shell:Creating package descriptor '/home/student/ros_ws/RosSystem/install/beckhoff_interfaces/share/beckhoff_interfaces/package.dsv'
[1.901s] INFO:colcon.colcon_core.shell:Creating package script '/home/student/ros_ws/RosSystem/install/beckhoff_interfaces/share/beckhoff_interfaces/package.sh'
[1.902s] INFO:colcon.colcon_core.shell:Creating package script '/home/student/ros_ws/RosSystem/install/beckhoff_interfaces/share/beckhoff_interfaces/package.bash'
[1.902s] INFO:colcon.colcon_core.shell:Creating package script '/home/student/ros_ws/RosSystem/install/beckhoff_interfaces/share/beckhoff_interfaces/package.zsh'
[1.902s] Level 1:colcon.colcon_core.environment:create_file_with_runtime_dependencies(/home/student/ros_ws/RosSystem/install/beckhoff_interfaces/share/colcon-core/packages/beckhoff_interfaces)
[9.346s] DEBUG:colcon.colcon_core.event_handler.log_command:Invoked command in '/home/student/ros_ws/RosSystem/build/hello_moveit' returned '0': CMAKE_PREFIX_PATH=${CMAKE_PREFIX_PATH}:/home/student/ws_moveit2/install/moveit_configs_utils:/home/student/ws_moveit2/install/launch_param_builder:/home/student/ros_ws/RosSystem/install/urdf_robot:/home/student/ros_ws/RosSystem/install/beckhoff:/opt/ros/humble /usr/bin/cmake --build /home/student/ros_ws/RosSystem/build/hello_moveit -- -j16 -l16
[9.420s] DEBUG:colcon.colcon_core.event_handler.log_command:Invoking command in '/home/student/ros_ws/RosSystem/build/hello_moveit': CMAKE_PREFIX_PATH=${CMAKE_PREFIX_PATH}:/home/student/ws_moveit2/install/moveit_configs_utils:/home/student/ws_moveit2/install/launch_param_builder:/home/student/ros_ws/RosSystem/install/urdf_robot:/home/student/ros_ws/RosSystem/install/beckhoff:/opt/ros/humble /usr/bin/cmake --install /home/student/ros_ws/RosSystem/build/hello_moveit
[9.438s] Level 1:colcon.colcon_core.environment:create_environment_scripts_only(hello_moveit)
[9.439s] Level 1:colcon.colcon_core.environment:checking '/home/student/ros_ws/RosSystem/install/hello_moveit' for CMake module files
[9.439s] DEBUG:colcon.colcon_core.event_handler.log_command:Invoked command in '/home/student/ros_ws/RosSystem/build/hello_moveit' returned '0': CMAKE_PREFIX_PATH=${CMAKE_PREFIX_PATH}:/home/student/ws_moveit2/install/moveit_configs_utils:/home/student/ws_moveit2/install/launch_param_builder:/home/student/ros_ws/RosSystem/install/urdf_robot:/home/student/ros_ws/RosSystem/install/beckhoff:/opt/ros/humble /usr/bin/cmake --install /home/student/ros_ws/RosSystem/build/hello_moveit
[9.439s] Level 1:colcon.colcon_core.environment:checking '/home/student/ros_ws/RosSystem/install/hello_moveit' for CMake config files
[9.440s] Level 1:colcon.colcon_core.shell:create_environment_hook('hello_moveit', 'cmake_prefix_path')
[9.440s] INFO:colcon.colcon_core.shell:Creating environment hook '/home/student/ros_ws/RosSystem/install/hello_moveit/share/hello_moveit/hook/cmake_prefix_path.ps1'
[9.440s] INFO:colcon.colcon_core.shell:Creating environment descriptor '/home/student/ros_ws/RosSystem/install/hello_moveit/share/hello_moveit/hook/cmake_prefix_path.dsv'
[9.441s] INFO:colcon.colcon_core.shell:Creating environment hook '/home/student/ros_ws/RosSystem/install/hello_moveit/share/hello_moveit/hook/cmake_prefix_path.sh'
[9.441s] Level 1:colcon.colcon_core.environment:checking '/home/student/ros_ws/RosSystem/install/hello_moveit/lib'
[9.441s] Level 1:colcon.colcon_core.environment:checking '/home/student/ros_ws/RosSystem/install/hello_moveit/bin'
[9.441s] Level 1:colcon.colcon_core.environment:checking '/home/student/ros_ws/RosSystem/install/hello_moveit/lib/pkgconfig/hello_moveit.pc'
[9.441s] Level 1:colcon.colcon_core.environment:checking '/home/student/ros_ws/RosSystem/install/hello_moveit/lib/python3.10/site-packages'
[9.442s] Level 1:colcon.colcon_core.environment:checking '/home/student/ros_ws/RosSystem/install/hello_moveit/bin'
[9.442s] INFO:colcon.colcon_core.shell:Creating package script '/home/student/ros_ws/RosSystem/install/hello_moveit/share/hello_moveit/package.ps1'
[9.442s] INFO:colcon.colcon_core.shell:Creating package descriptor '/home/student/ros_ws/RosSystem/install/hello_moveit/share/hello_moveit/package.dsv'
[9.443s] INFO:colcon.colcon_core.shell:Creating package script '/home/student/ros_ws/RosSystem/install/hello_moveit/share/hello_moveit/package.sh'
[9.443s] INFO:colcon.colcon_core.shell:Creating package script '/home/student/ros_ws/RosSystem/install/hello_moveit/share/hello_moveit/package.bash'
[9.443s] INFO:colcon.colcon_core.shell:Creating package script '/home/student/ros_ws/RosSystem/install/hello_moveit/share/hello_moveit/package.zsh'
[9.444s] Level 1:colcon.colcon_core.environment:create_file_with_runtime_dependencies(/home/student/ros_ws/RosSystem/install/hello_moveit/share/colcon-core/packages/hello_moveit)
[9.513s] Level 1:colcon.colcon_core.environment:create_environment_scripts_only(hello_moveit)
[9.514s] Level 1:colcon.colcon_core.environment:checking '/home/student/ros_ws/RosSystem/install/hello_moveit' for CMake module files
[9.514s] Level 1:colcon.colcon_core.environment:checking '/home/student/ros_ws/RosSystem/install/hello_moveit' for CMake config files
[9.515s] Level 1:colcon.colcon_core.shell:create_environment_hook('hello_moveit', 'cmake_prefix_path')
[9.515s] INFO:colcon.colcon_core.shell:Creating environment hook '/home/student/ros_ws/RosSystem/install/hello_moveit/share/hello_moveit/hook/cmake_prefix_path.ps1'
[9.516s] INFO:colcon.colcon_core.shell:Creating environment descriptor '/home/student/ros_ws/RosSystem/install/hello_moveit/share/hello_moveit/hook/cmake_prefix_path.dsv'
[9.516s] INFO:colcon.colcon_core.shell:Creating environment hook '/home/student/ros_ws/RosSystem/install/hello_moveit/share/hello_moveit/hook/cmake_prefix_path.sh'
[9.517s] Level 1:colcon.colcon_core.environment:checking '/home/student/ros_ws/RosSystem/install/hello_moveit/lib'
[9.517s] Level 1:colcon.colcon_core.environment:checking '/home/student/ros_ws/RosSystem/install/hello_moveit/bin'
[9.517s] Level 1:colcon.colcon_core.environment:checking '/home/student/ros_ws/RosSystem/install/hello_moveit/lib/pkgconfig/hello_moveit.pc'
[9.517s] Level 1:colcon.colcon_core.environment:checking '/home/student/ros_ws/RosSystem/install/hello_moveit/lib/python3.10/site-packages'
[9.518s] Level 1:colcon.colcon_core.environment:checking '/home/student/ros_ws/RosSystem/install/hello_moveit/bin'
[9.518s] INFO:colcon.colcon_core.shell:Creating package script '/home/student/ros_ws/RosSystem/install/hello_moveit/share/hello_moveit/package.ps1'
[9.519s] INFO:colcon.colcon_core.shell:Creating package descriptor '/home/student/ros_ws/RosSystem/install/hello_moveit/share/hello_moveit/package.dsv'
[9.519s] INFO:colcon.colcon_core.shell:Creating package script '/home/student/ros_ws/RosSystem/install/hello_moveit/share/hello_moveit/package.sh'
[9.519s] INFO:colcon.colcon_core.shell:Creating package script '/home/student/ros_ws/RosSystem/install/hello_moveit/share/hello_moveit/package.bash'
[9.519s] INFO:colcon.colcon_core.shell:Creating package script '/home/student/ros_ws/RosSystem/install/hello_moveit/share/hello_moveit/package.zsh'
[9.520s] Level 1:colcon.colcon_core.environment:create_file_with_runtime_dependencies(/home/student/ros_ws/RosSystem/install/hello_moveit/share/colcon-core/packages/hello_moveit)
[9.520s] DEBUG:colcon.colcon_parallel_executor.executor.parallel:closing loop
[9.520s] DEBUG:colcon.colcon_parallel_executor.executor.parallel:loop closed
[9.520s] DEBUG:colcon.colcon_parallel_executor.executor.parallel:run_until_complete finished with '0'
[9.520s] DEBUG:colcon.colcon_core.event_reactor:joining thread
[9.528s] INFO:colcon.colcon_core.plugin_system:Skipping extension 'colcon_notification.desktop_notification.terminal_notifier': Not used on non-Darwin systems
[9.528s] INFO:colcon.colcon_core.plugin_system:Skipping extension 'colcon_notification.desktop_notification.win32': Not used on non-Windows systems
[9.528s] INFO:colcon.colcon_notification.desktop_notification:Sending desktop notification using 'notify2'
[9.537s] DEBUG:colcon.colcon_core.event_reactor:joined thread
[9.538s] INFO:colcon.colcon_core.shell:Creating prefix script '/home/student/ros_ws/RosSystem/install/local_setup.ps1'
[9.539s] INFO:colcon.colcon_core.shell:Creating prefix util module '/home/student/ros_ws/RosSystem/install/_local_setup_util_ps1.py'
[9.540s] INFO:colcon.colcon_core.shell:Creating prefix chain script '/home/student/ros_ws/RosSystem/install/setup.ps1'
[9.544s] INFO:colcon.colcon_core.shell:Creating prefix script '/home/student/ros_ws/RosSystem/install/local_setup.sh'
[9.545s] INFO:colcon.colcon_core.shell:Creating prefix util module '/home/student/ros_ws/RosSystem/install/_local_setup_util_sh.py'
[9.546s] INFO:colcon.colcon_core.shell:Creating prefix chain script '/home/student/ros_ws/RosSystem/install/setup.sh'
[9.549s] INFO:colcon.colcon_core.shell:Creating prefix script '/home/student/ros_ws/RosSystem/install/local_setup.bash'
[9.549s] INFO:colcon.colcon_core.shell:Creating prefix chain script '/home/student/ros_ws/RosSystem/install/setup.bash'
[9.553s] INFO:colcon.colcon_core.shell:Creating prefix script '/home/student/ros_ws/RosSystem/install/local_setup.zsh'
[9.553s] INFO:colcon.colcon_core.shell:Creating prefix chain script '/home/student/ros_ws/RosSystem/install/setup.zsh'
