[35m[1mConsolidate compiler generated dependencies of target hello_moveit[0m
[ 50%] [32mBuilding CXX object CMakeFiles/hello_moveit.dir/src/hello_moveit.cpp.o[0m
[01m[K/home/student/ros_ws/RosSystem/src/hello_moveit/src/hello_moveit.cpp:[m[K In function ‘[01m[Kint main(int, char**)[m[K’:
[01m[K/home/student/ros_ws/RosSystem/src/hello_moveit/src/hello_moveit.cpp:24:37:[m[K [01;31m[Kerror: [m[Kno matching function for call to ‘[01m[Kmoveit::planning_interface::MoveGroupInterface::setPoseTarget(double, double, double)[m[K’
   24 |   [01;31m[Kmove_group_interface.setPoseTarget(0.2,0.2,0.2)[m[K;
      |   [01;31m[K~~~~~~~~~~~~~~~~~~~~~~~~~~~~~~~~~~^~~~~~~~~~~~~[m[K
In file included from [01m[K/home/student/ros_ws/RosSystem/src/hello_moveit/src/hello_moveit.cpp:2[m[K:
[01m[K/home/student/ws_moveit2/install/moveit_ros_planning_interface/include/moveit/move_group_interface/move_group_interface.h:561:8:[m[K [01;36m[Knote: [m[Kcandidate: ‘[01m[Kbool moveit::planning_interface::MoveGroupInterface::setPoseTarget(const Isometry3d&, const string&)[m[K’
  561 |   bool [01;36m[KsetPoseTarget[m[K(const Eigen::Isometry3d& end_effector_pose, const std::string& end_effector_link = "");
      |        [01;36m[K^~~~~~~~~~~~~[m[K
[01m[K/home/student/ws_moveit2/install/moveit_ros_planning_interface/include/moveit/move_group_interface/move_group_interface.h:561:8:[m[K [01;36m[Knote: [m[K  candidate expects 2 arguments, 3 provided
[01m[K/home/student/ws_moveit2/install/moveit_ros_planning_interface/include/moveit/move_group_interface/move_group_interface.h:570:8:[m[K [01;36m[Knote: [m[Kcandidate: ‘[01m[Kbool moveit::planning_interface::MoveGroupInterface::setPoseTarget(const Pose&, const string&)[m[K’
  570 |   bool [01;36m[KsetPoseTarget[m[K(const geometry_msgs::msg::Pose& target, const std::string& end_effector_link = "");
      |        [01;36m[K^~~~~~~~~~~~~[m[K
[01m[K/home/student/ws_moveit2/install/moveit_ros_planning_interface/include/moveit/move_group_interface/move_group_interface.h:570:8:[m[K [01;36m[Knote: [m[K  candidate expects 2 arguments, 3 provided
[01m[K/home/student/ws_moveit2/install/moveit_ros_planning_interface/include/moveit/move_group_interface/move_group_interface.h:579:8:[m[K [01;36m[Knote: [m[Kcandidate: ‘[01m[Kbool moveit::planning_interface::MoveGroupInterface::setPoseTarget(const PoseStamped&, const string&)[m[K’
  579 |   bool [01;36m[KsetPoseTarget[m[K(const geometry_msgs::msg::PoseStamped& target, const std::string& end_effector_link = "");
      |        [01;36m[K^~~~~~~~~~~~~[m[K
[01m[K/home/student/ws_moveit2/install/moveit_ros_planning_interface/include/moveit/move_group_interface/move_group_interface.h:579:8:[m[K [01;36m[Knote: [m[K  candidate expects 2 arguments, 3 provided
gmake[2]: *** [CMakeFiles/hello_moveit.dir/build.make:76: CMakeFiles/hello_moveit.dir/src/hello_moveit.cpp.o] Error 1
gmake[1]: *** [CMakeFiles/Makefile2:137: CMakeFiles/hello_moveit.dir/all] Error 2
gmake: *** [Makefile:146: all] Error 2
