running egg_info
writing ../../build/beckhoff/beckhoff.egg-info/PKG-INFO
writing dependency_links to ../../build/beckhoff/beckhoff.egg-info/dependency_links.txt
writing entry points to ../../build/beckhoff/beckhoff.egg-info/entry_points.txt
writing requirements to ../../build/beckhoff/beckhoff.egg-info/requires.txt
writing top-level names to ../../build/beckhoff/beckhoff.egg-info/top_level.txt
reading manifest file '../../build/beckhoff/beckhoff.egg-info/SOURCES.txt'
adding license file 'LICENSE'
writing manifest file '../../build/beckhoff/beckhoff.egg-info/SOURCES.txt'
running build
running build_py
copying beckhoff/cinematicRobot.py -> /home/student/ros_ws/RosSystem/build/beckhoff/build/lib/beckhoff
copying beckhoff/cinematicCommand.py -> /home/student/ros_ws/RosSystem/build/beckhoff/build/lib/beckhoff
running install
running install_lib
copying /home/student/ros_ws/RosSystem/build/beckhoff/build/lib/beckhoff/cinematicRobot.py -> /home/student/ros_ws/RosSystem/install/beckhoff/lib/python3.10/site-packages/beckhoff
copying /home/student/ros_ws/RosSystem/build/beckhoff/build/lib/beckhoff/cinematicCommand.py -> /home/student/ros_ws/RosSystem/install/beckhoff/lib/python3.10/site-packages/beckhoff
byte-compiling /home/student/ros_ws/RosSystem/install/beckhoff/lib/python3.10/site-packages/beckhoff/cinematicRobot.py to cinematicRobot.cpython-310.pyc
byte-compiling /home/student/ros_ws/RosSystem/install/beckhoff/lib/python3.10/site-packages/beckhoff/cinematicCommand.py to cinematicCommand.cpython-310.pyc
running install_data
running install_egg_info
removing '/home/student/ros_ws/RosSystem/install/beckhoff/lib/python3.10/site-packages/beckhoff-0.0.0-py3.10.egg-info' (and everything under it)
Copying ../../build/beckhoff/beckhoff.egg-info to /home/student/ros_ws/RosSystem/install/beckhoff/lib/python3.10/site-packages/beckhoff-0.0.0-py3.10.egg-info
running install_scripts
Installing Communication script to /home/student/ros_ws/RosSystem/install/beckhoff/lib/beckhoff
Installing command script to /home/student/ros_ws/RosSystem/install/beckhoff/lib/beckhoff
Installing listener script to /home/student/ros_ws/RosSystem/install/beckhoff/lib/beckhoff
Installing plan script to /home/student/ros_ws/RosSystem/install/beckhoff/lib/beckhoff
writing list of installed files to '/home/student/ros_ws/RosSystem/build/beckhoff/install.log'
