[1.012s] Invoking command in '/home/student/ros_ws/RosSystem/src/beckhoff': PYTHONPATH=/home/student/ros_ws/RosSystem/build/beckhoff/prefix_override:/home/student/ros_ws/RosSystem/install/beckhoff/lib/python3.10/site-packages:${PYTHONPATH} /usr/bin/python3 -W ignore:setup.py install is deprecated setup.py egg_info --egg-base ../../build/beckhoff build --build-base /home/student/ros_ws/RosSystem/build/beckhoff/build install --record /home/student/ros_ws/RosSystem/build/beckhoff/install.log --single-version-externally-managed install_data
[1.246s] running egg_info
[1.247s] writing ../../build/beckhoff/beckhoff.egg-info/PKG-INFO
[1.247s] writing dependency_links to ../../build/beckhoff/beckhoff.egg-info/dependency_links.txt
[1.247s] writing entry points to ../../build/beckhoff/beckhoff.egg-info/entry_points.txt
[1.247s] writing requirements to ../../build/beckhoff/beckhoff.egg-info/requires.txt
[1.247s] writing top-level names to ../../build/beckhoff/beckhoff.egg-info/top_level.txt
[1.250s] reading manifest file '../../build/beckhoff/beckhoff.egg-info/SOURCES.txt'
[1.250s] adding license file 'LICENSE'
[1.250s] writing manifest file '../../build/beckhoff/beckhoff.egg-info/SOURCES.txt'
[1.251s] running build
[1.251s] running build_py
[1.251s] copying beckhoff/cinematicRobot.py -> /home/student/ros_ws/RosSystem/build/beckhoff/build/lib/beckhoff
[1.251s] copying beckhoff/cinematicCommand.py -> /home/student/ros_ws/RosSystem/build/beckhoff/build/lib/beckhoff
[1.251s] running install
[1.252s] running install_lib
[1.253s] copying /home/student/ros_ws/RosSystem/build/beckhoff/build/lib/beckhoff/cinematicRobot.py -> /home/student/ros_ws/RosSystem/install/beckhoff/lib/python3.10/site-packages/beckhoff
[1.253s] copying /home/student/ros_ws/RosSystem/build/beckhoff/build/lib/beckhoff/cinematicCommand.py -> /home/student/ros_ws/RosSystem/install/beckhoff/lib/python3.10/site-packages/beckhoff
[1.253s] byte-compiling /home/student/ros_ws/RosSystem/install/beckhoff/lib/python3.10/site-packages/beckhoff/cinematicRobot.py to cinematicRobot.cpython-310.pyc
[1.255s] byte-compiling /home/student/ros_ws/RosSystem/install/beckhoff/lib/python3.10/site-packages/beckhoff/cinematicCommand.py to cinematicCommand.cpython-310.pyc
[1.255s] running install_data
[1.256s] running install_egg_info
[1.258s] removing '/home/student/ros_ws/RosSystem/install/beckhoff/lib/python3.10/site-packages/beckhoff-0.0.0-py3.10.egg-info' (and everything under it)
[1.259s] Copying ../../build/beckhoff/beckhoff.egg-info to /home/student/ros_ws/RosSystem/install/beckhoff/lib/python3.10/site-packages/beckhoff-0.0.0-py3.10.egg-info
[1.260s] running install_scripts
[1.280s] Installing Communication script to /home/student/ros_ws/RosSystem/install/beckhoff/lib/beckhoff
[1.280s] Installing command script to /home/student/ros_ws/RosSystem/install/beckhoff/lib/beckhoff
[1.280s] Installing listener script to /home/student/ros_ws/RosSystem/install/beckhoff/lib/beckhoff
[1.280s] Installing plan script to /home/student/ros_ws/RosSystem/install/beckhoff/lib/beckhoff
[1.281s] writing list of installed files to '/home/student/ros_ws/RosSystem/build/beckhoff/install.log'
[1.337s] Invoked command in '/home/student/ros_ws/RosSystem/src/beckhoff' returned '0': PYTHONPATH=/home/student/ros_ws/RosSystem/build/beckhoff/prefix_override:/home/student/ros_ws/RosSystem/install/beckhoff/lib/python3.10/site-packages:${PYTHONPATH} /usr/bin/python3 -W ignore:setup.py install is deprecated setup.py egg_info --egg-base ../../build/beckhoff build --build-base /home/student/ros_ws/RosSystem/build/beckhoff/build install --record /home/student/ros_ws/RosSystem/build/beckhoff/install.log --single-version-externally-managed install_data
