[0.041s] Invoking command in '/home/student/ros_ws/RosSystem/build/urdf_tutorial': CMAKE_PREFIX_PATH=${CMAKE_PREFIX_PATH}:/home/student/ws_moveit2/install/moveit_configs_utils:/home/student/ws_moveit2/install/launch_param_builder:/home/student/ros_ws/RosSystem/install/beckhoff:/opt/ros/humble /usr/bin/cmake /home/student/ros_ws/RosSystem/src/urdf_tutorial -DCMAKE_INSTALL_PREFIX=/home/student/ros_ws/RosSystem/install/urdf_tutorial
[0.288s] -- The C compiler identification is GNU 11.4.0
[0.289s] -- The CXX compiler identification is GNU 11.4.0
[0.289s] -- Detecting C compiler ABI info
[0.316s] -- Detecting C compiler ABI info - done
[0.323s] -- Check for working C compiler: /usr/bin/cc - skipped
[0.323s] -- Detecting C compile features
[0.323s] -- Detecting C compile features - done
[0.326s] -- Detecting CXX compiler ABI info
[0.451s] -- Detecting CXX compiler ABI info - done
[0.459s] -- Check for working CXX compiler: /usr/bin/c++ - skipped
[0.459s] -- Detecting CXX compile features
[0.459s] -- Detecting CXX compile features - done
[0.469s] -- Found ament_cmake: 1.3.9 (/opt/ros/humble/share/ament_cmake/cmake)
[0.668s] -- Found Python3: /usr/bin/python3 (found version "3.10.12") found components: Interpreter 
[0.873s] -- Found ament_lint_auto: 0.12.11 (/opt/ros/humble/share/ament_lint_auto/cmake)
[0.962s] -- Configuring done
[0.965s] -- Generating done
[0.966s] -- Build files have been written to: /home/student/ros_ws/RosSystem/build/urdf_tutorial
[0.971s] Invoked command in '/home/student/ros_ws/RosSystem/build/urdf_tutorial' returned '0': CMAKE_PREFIX_PATH=${CMAKE_PREFIX_PATH}:/home/student/ws_moveit2/install/moveit_configs_utils:/home/student/ws_moveit2/install/launch_param_builder:/home/student/ros_ws/RosSystem/install/beckhoff:/opt/ros/humble /usr/bin/cmake /home/student/ros_ws/RosSystem/src/urdf_tutorial -DCMAKE_INSTALL_PREFIX=/home/student/ros_ws/RosSystem/install/urdf_tutorial
[0.973s] Invoking command in '/home/student/ros_ws/RosSystem/build/urdf_tutorial': CMAKE_PREFIX_PATH=${CMAKE_PREFIX_PATH}:/home/student/ws_moveit2/install/moveit_configs_utils:/home/student/ws_moveit2/install/launch_param_builder:/home/student/ros_ws/RosSystem/install/beckhoff:/opt/ros/humble /usr/bin/cmake --build /home/student/ros_ws/RosSystem/build/urdf_tutorial -- -j16 -l16
[1.046s] Invoked command in '/home/student/ros_ws/RosSystem/build/urdf_tutorial' returned '0': CMAKE_PREFIX_PATH=${CMAKE_PREFIX_PATH}:/home/student/ws_moveit2/install/moveit_configs_utils:/home/student/ws_moveit2/install/launch_param_builder:/home/student/ros_ws/RosSystem/install/beckhoff:/opt/ros/humble /usr/bin/cmake --build /home/student/ros_ws/RosSystem/build/urdf_tutorial -- -j16 -l16
[1.125s] Invoking command in '/home/student/ros_ws/RosSystem/build/urdf_tutorial': CMAKE_PREFIX_PATH=${CMAKE_PREFIX_PATH}:/home/student/ws_moveit2/install/moveit_configs_utils:/home/student/ws_moveit2/install/launch_param_builder:/home/student/ros_ws/RosSystem/install/beckhoff:/opt/ros/humble /usr/bin/cmake --install /home/student/ros_ws/RosSystem/build/urdf_tutorial
[1.139s] -- Install configuration: ""
[1.139s] -- Installing: /home/student/ros_ws/RosSystem/install/urdf_tutorial/share/urdf_tutorial/images
[1.139s] -- Installing: /home/student/ros_ws/RosSystem/install/urdf_tutorial/share/urdf_tutorial/images/myfirst.png
[1.140s] -- Installing: /home/student/ros_ws/RosSystem/install/urdf_tutorial/share/urdf_tutorial/images/materials.png
[1.140s] -- Installing: /home/student/ros_ws/RosSystem/install/urdf_tutorial/share/urdf_tutorial/images/flexible.png
[1.141s] -- Installing: /home/student/ros_ws/RosSystem/install/urdf_tutorial/share/urdf_tutorial/images/multipleshapes.png
[1.141s] -- Installing: /home/student/ros_ws/RosSystem/install/urdf_tutorial/share/urdf_tutorial/images/visual.png
[1.141s] -- Installing: /home/student/ros_ws/RosSystem/install/urdf_tutorial/share/urdf_tutorial/images/origins.png
[1.141s] -- Installing: /home/student/ros_ws/RosSystem/install/urdf_tutorial/share/urdf_tutorial/launch
[1.141s] -- Installing: /home/student/ros_ws/RosSystem/install/urdf_tutorial/share/urdf_tutorial/launch/display.launch.py
[1.142s] -- Installing: /home/student/ros_ws/RosSystem/install/urdf_tutorial/share/urdf_tutorial/meshes
[1.142s] -- Installing: /home/student/ros_ws/RosSystem/install/urdf_tutorial/share/urdf_tutorial/meshes/l_finger_tip_color.png
[1.142s] -- Installing: /home/student/ros_ws/RosSystem/install/urdf_tutorial/share/urdf_tutorial/meshes/l_finger_tip.dae
[1.142s] -- Installing: /home/student/ros_ws/RosSystem/install/urdf_tutorial/share/urdf_tutorial/meshes/l_finger_color.png
[1.142s] -- Installing: /home/student/ros_ws/RosSystem/install/urdf_tutorial/share/urdf_tutorial/meshes/l_finger.dae
[1.143s] -- Installing: /home/student/ros_ws/RosSystem/install/urdf_tutorial/share/urdf_tutorial/rviz
[1.143s] -- Installing: /home/student/ros_ws/RosSystem/install/urdf_tutorial/share/urdf_tutorial/rviz/urdf.rviz
[1.143s] -- Installing: /home/student/ros_ws/RosSystem/install/urdf_tutorial/share/urdf_tutorial/urdf
[1.143s] -- Installing: /home/student/ros_ws/RosSystem/install/urdf_tutorial/share/urdf_tutorial/urdf/robot.urdf
[1.143s] -- Installing: /home/student/ros_ws/RosSystem/install/urdf_tutorial/share/urdf_tutorial/urdf/08-macroed.urdf.xacro
[1.143s] -- Installing: /home/student/ros_ws/RosSystem/install/urdf_tutorial/share/urdf_tutorial/urdf/04-materials.urdf
[1.143s] -- Installing: /home/student/ros_ws/RosSystem/install/urdf_tutorial/share/urdf_tutorial/urdf/07-physics.urdf
[1.143s] -- Installing: /home/student/ros_ws/RosSystem/install/urdf_tutorial/share/urdf_tutorial/urdf/06-flexible.urdf
[1.143s] -- Installing: /home/student/ros_ws/RosSystem/install/urdf_tutorial/share/urdf_tutorial/urdf/01-myfirst.urdf
[1.144s] -- Installing: /home/student/ros_ws/RosSystem/install/urdf_tutorial/share/urdf_tutorial/urdf/05-visual.urdf
[1.144s] -- Installing: /home/student/ros_ws/RosSystem/install/urdf_tutorial/share/urdf_tutorial/urdf/02-multipleshapes.urdf
[1.144s] -- Installing: /home/student/ros_ws/RosSystem/install/urdf_tutorial/share/urdf_tutorial/urdf/03-origins.urdf
[1.144s] -- Installing: /home/student/ros_ws/RosSystem/install/urdf_tutorial/share/ament_index/resource_index/package_run_dependencies/urdf_tutorial
[1.144s] -- Installing: /home/student/ros_ws/RosSystem/install/urdf_tutorial/share/ament_index/resource_index/parent_prefix_path/urdf_tutorial
[1.145s] -- Installing: /home/student/ros_ws/RosSystem/install/urdf_tutorial/share/urdf_tutorial/environment/ament_prefix_path.sh
[1.145s] -- Installing: /home/student/ros_ws/RosSystem/install/urdf_tutorial/share/urdf_tutorial/environment/ament_prefix_path.dsv
[1.145s] -- Installing: /home/student/ros_ws/RosSystem/install/urdf_tutorial/share/urdf_tutorial/environment/path.sh
[1.145s] -- Installing: /home/student/ros_ws/RosSystem/install/urdf_tutorial/share/urdf_tutorial/environment/path.dsv
[1.145s] -- Installing: /home/student/ros_ws/RosSystem/install/urdf_tutorial/share/urdf_tutorial/local_setup.bash
[1.145s] -- Installing: /home/student/ros_ws/RosSystem/install/urdf_tutorial/share/urdf_tutorial/local_setup.sh
[1.145s] -- Installing: /home/student/ros_ws/RosSystem/install/urdf_tutorial/share/urdf_tutorial/local_setup.zsh
[1.146s] -- Installing: /home/student/ros_ws/RosSystem/install/urdf_tutorial/share/urdf_tutorial/local_setup.dsv
[1.146s] -- Installing: /home/student/ros_ws/RosSystem/install/urdf_tutorial/share/urdf_tutorial/package.dsv
[1.146s] -- Installing: /home/student/ros_ws/RosSystem/install/urdf_tutorial/share/ament_index/resource_index/packages/urdf_tutorial
[1.146s] -- Installing: /home/student/ros_ws/RosSystem/install/urdf_tutorial/share/urdf_tutorial/cmake/urdf_tutorialConfig.cmake
[1.146s] -- Installing: /home/student/ros_ws/RosSystem/install/urdf_tutorial/share/urdf_tutorial/cmake/urdf_tutorialConfig-version.cmake
[1.146s] -- Installing: /home/student/ros_ws/RosSystem/install/urdf_tutorial/share/urdf_tutorial/package.xml
[1.149s] Invoked command in '/home/student/ros_ws/RosSystem/build/urdf_tutorial' returned '0': CMAKE_PREFIX_PATH=${CMAKE_PREFIX_PATH}:/home/student/ws_moveit2/install/moveit_configs_utils:/home/student/ws_moveit2/install/launch_param_builder:/home/student/ros_ws/RosSystem/install/beckhoff:/opt/ros/humble /usr/bin/cmake --install /home/student/ros_ws/RosSystem/build/urdf_tutorial
