[0.259s] Invoking command in '/home/student/ros_ws/RosSystem/build/beckhoff_interfaces': CMAKE_PREFIX_PATH=${CMAKE_PREFIX_PATH}:/home/student/ws_moveit2/install/moveit_configs_utils:/home/student/ws_moveit2/install/launch_param_builder:/home/student/ros_ws/RosSystem/install/beckhoff:/opt/ros/humble /usr/bin/cmake --build /home/student/ros_ws/RosSystem/build/beckhoff_interfaces -- -j16 -l16
[0.350s] [  1%] Built target beckhoff_interfaces__cpp
[0.356s] [ 12%] Built target beckhoff_interfaces__rosidl_generator_c
[0.368s] [ 12%] Built target ament_cmake_python_copy_beckhoff_interfaces
[0.398s] [ 45%] Built target beckhoff_interfaces__rosidl_typesupport_fastrtps_cpp
[0.399s] [ 45%] Built target beckhoff_interfaces__rosidl_typesupport_introspection_cpp
[0.399s] [ 45%] Built target beckhoff_interfaces__rosidl_typesupport_cpp
[0.403s] [ 56%] Built target beckhoff_interfaces__rosidl_typesupport_introspection_c
[0.404s] [ 67%] Built target beckhoff_interfaces__rosidl_typesupport_c
[0.407s] [ 78%] Built target beckhoff_interfaces__rosidl_typesupport_fastrtps_c
[0.452s] [ 78%] Built target beckhoff_interfaces
[0.498s] [ 80%] Built target beckhoff_interfaces__py
[0.547s] [ 89%] Built target beckhoff_interfaces__rosidl_generator_py
[0.596s] [ 96%] Built target beckhoff_interfaces__rosidl_typesupport_introspection_c__pyext
[0.597s] [ 96%] Built target beckhoff_interfaces__rosidl_typesupport_c__pyext
[0.597s] [100%] Built target beckhoff_interfaces__rosidl_typesupport_fastrtps_c__pyext
[0.623s] running egg_info
[0.625s] writing beckhoff_interfaces.egg-info/PKG-INFO
[0.625s] writing dependency_links to beckhoff_interfaces.egg-info/dependency_links.txt
[0.625s] writing top-level names to beckhoff_interfaces.egg-info/top_level.txt
[0.630s] reading manifest file 'beckhoff_interfaces.egg-info/SOURCES.txt'
[0.631s] writing manifest file 'beckhoff_interfaces.egg-info/SOURCES.txt'
[0.694s] [100%] Built target ament_cmake_python_build_beckhoff_interfaces_egg
[0.716s] Invoked command in '/home/student/ros_ws/RosSystem/build/beckhoff_interfaces' returned '0': CMAKE_PREFIX_PATH=${CMAKE_PREFIX_PATH}:/home/student/ws_moveit2/install/moveit_configs_utils:/home/student/ws_moveit2/install/launch_param_builder:/home/student/ros_ws/RosSystem/install/beckhoff:/opt/ros/humble /usr/bin/cmake --build /home/student/ros_ws/RosSystem/build/beckhoff_interfaces -- -j16 -l16
[1.145s] Invoking command in '/home/student/ros_ws/RosSystem/build/beckhoff_interfaces': CMAKE_PREFIX_PATH=${CMAKE_PREFIX_PATH}:/home/student/ws_moveit2/install/moveit_configs_utils:/home/student/ws_moveit2/install/launch_param_builder:/home/student/ros_ws/RosSystem/install/beckhoff:/opt/ros/humble /usr/bin/cmake --install /home/student/ros_ws/RosSystem/build/beckhoff_interfaces
[1.158s] -- Install configuration: ""
[1.158s] -- Up-to-date: /home/student/ros_ws/RosSystem/install/beckhoff_interfaces/share/ament_index/resource_index/rosidl_interfaces/beckhoff_interfaces
[1.158s] -- Up-to-date: /home/student/ros_ws/RosSystem/install/beckhoff_interfaces/include/beckhoff_interfaces/beckhoff_interfaces
[1.159s] -- Up-to-date: /home/student/ros_ws/RosSystem/install/beckhoff_interfaces/include/beckhoff_interfaces/beckhoff_interfaces/action
[1.159s] -- Up-to-date: /home/student/ros_ws/RosSystem/install/beckhoff_interfaces/include/beckhoff_interfaces/beckhoff_interfaces/action/move.h
[1.159s] -- Up-to-date: /home/student/ros_ws/RosSystem/install/beckhoff_interfaces/include/beckhoff_interfaces/beckhoff_interfaces/action/detail
[1.159s] -- Up-to-date: /home/student/ros_ws/RosSystem/install/beckhoff_interfaces/include/beckhoff_interfaces/beckhoff_interfaces/action/detail/move__type_support.h
[1.159s] -- Up-to-date: /home/student/ros_ws/RosSystem/install/beckhoff_interfaces/include/beckhoff_interfaces/beckhoff_interfaces/action/detail/move__functions.h
[1.159s] -- Up-to-date: /home/student/ros_ws/RosSystem/install/beckhoff_interfaces/include/beckhoff_interfaces/beckhoff_interfaces/action/detail/move__struct.h
[1.159s] -- Up-to-date: /home/student/ros_ws/RosSystem/install/beckhoff_interfaces/include/beckhoff_interfaces/beckhoff_interfaces/action/detail/move__functions.c
[1.159s] -- Up-to-date: /home/student/ros_ws/RosSystem/install/beckhoff_interfaces/include/beckhoff_interfaces/beckhoff_interfaces/msg
[1.160s] -- Up-to-date: /home/student/ros_ws/RosSystem/install/beckhoff_interfaces/include/beckhoff_interfaces/beckhoff_interfaces/msg/position.h
[1.160s] -- Up-to-date: /home/student/ros_ws/RosSystem/install/beckhoff_interfaces/include/beckhoff_interfaces/beckhoff_interfaces/msg/rosidl_generator_c__visibility_control.h
[1.160s] -- Up-to-date: /home/student/ros_ws/RosSystem/install/beckhoff_interfaces/include/beckhoff_interfaces/beckhoff_interfaces/msg/detail
[1.160s] -- Up-to-date: /home/student/ros_ws/RosSystem/install/beckhoff_interfaces/include/beckhoff_interfaces/beckhoff_interfaces/msg/detail/position__struct.h
[1.160s] -- Up-to-date: /home/student/ros_ws/RosSystem/install/beckhoff_interfaces/include/beckhoff_interfaces/beckhoff_interfaces/msg/detail/position__type_support.h
[1.160s] -- Up-to-date: /home/student/ros_ws/RosSystem/install/beckhoff_interfaces/include/beckhoff_interfaces/beckhoff_interfaces/msg/detail/position__functions.c
[1.160s] -- Up-to-date: /home/student/ros_ws/RosSystem/install/beckhoff_interfaces/include/beckhoff_interfaces/beckhoff_interfaces/msg/detail/position__functions.h
[1.160s] -- Up-to-date: /home/student/ros_ws/RosSystem/install/beckhoff_interfaces/include/beckhoff_interfaces/beckhoff_interfaces/srv
[1.160s] -- Up-to-date: /home/student/ros_ws/RosSystem/install/beckhoff_interfaces/include/beckhoff_interfaces/beckhoff_interfaces/srv/cartesian_move.h
[1.160s] -- Up-to-date: /home/student/ros_ws/RosSystem/install/beckhoff_interfaces/include/beckhoff_interfaces/beckhoff_interfaces/srv/detail
[1.160s] -- Up-to-date: /home/student/ros_ws/RosSystem/install/beckhoff_interfaces/include/beckhoff_interfaces/beckhoff_interfaces/srv/detail/target_pose__functions.c
[1.160s] -- Up-to-date: /home/student/ros_ws/RosSystem/install/beckhoff_interfaces/include/beckhoff_interfaces/beckhoff_interfaces/srv/detail/cartesian_move__functions.h
[1.161s] -- Up-to-date: /home/student/ros_ws/RosSystem/install/beckhoff_interfaces/include/beckhoff_interfaces/beckhoff_interfaces/srv/detail/target_pose__struct.h
[1.161s] -- Up-to-date: /home/student/ros_ws/RosSystem/install/beckhoff_interfaces/include/beckhoff_interfaces/beckhoff_interfaces/srv/detail/cartesian_move__type_support.h
[1.161s] -- Up-to-date: /home/student/ros_ws/RosSystem/install/beckhoff_interfaces/include/beckhoff_interfaces/beckhoff_interfaces/srv/detail/target_pose__type_support.h
[1.161s] -- Up-to-date: /home/student/ros_ws/RosSystem/install/beckhoff_interfaces/include/beckhoff_interfaces/beckhoff_interfaces/srv/detail/target_pose__functions.h
[1.161s] -- Up-to-date: /home/student/ros_ws/RosSystem/install/beckhoff_interfaces/include/beckhoff_interfaces/beckhoff_interfaces/srv/detail/cartesian_move__struct.h
[1.161s] -- Up-to-date: /home/student/ros_ws/RosSystem/install/beckhoff_interfaces/include/beckhoff_interfaces/beckhoff_interfaces/srv/detail/cartesian_move__functions.c
[1.161s] -- Up-to-date: /home/student/ros_ws/RosSystem/install/beckhoff_interfaces/include/beckhoff_interfaces/beckhoff_interfaces/srv/target_pose.h
[1.161s] -- Up-to-date: /home/student/ros_ws/RosSystem/install/beckhoff_interfaces/share/beckhoff_interfaces/environment/library_path.sh
[1.161s] -- Up-to-date: /home/student/ros_ws/RosSystem/install/beckhoff_interfaces/share/beckhoff_interfaces/environment/library_path.dsv
[1.161s] -- Up-to-date: /home/student/ros_ws/RosSystem/install/beckhoff_interfaces/lib/libbeckhoff_interfaces__rosidl_generator_c.so
[1.161s] -- Up-to-date: /home/student/ros_ws/RosSystem/install/beckhoff_interfaces/include/beckhoff_interfaces/beckhoff_interfaces
[1.161s] -- Up-to-date: /home/student/ros_ws/RosSystem/install/beckhoff_interfaces/include/beckhoff_interfaces/beckhoff_interfaces/action
[1.161s] -- Up-to-date: /home/student/ros_ws/RosSystem/install/beckhoff_interfaces/include/beckhoff_interfaces/beckhoff_interfaces/action/detail
[1.162s] -- Up-to-date: /home/student/ros_ws/RosSystem/install/beckhoff_interfaces/include/beckhoff_interfaces/beckhoff_interfaces/action/detail/move__rosidl_typesupport_fastrtps_c.h
[1.162s] -- Up-to-date: /home/student/ros_ws/RosSystem/install/beckhoff_interfaces/include/beckhoff_interfaces/beckhoff_interfaces/msg
[1.162s] -- Up-to-date: /home/student/ros_ws/RosSystem/install/beckhoff_interfaces/include/beckhoff_interfaces/beckhoff_interfaces/msg/rosidl_typesupport_fastrtps_c__visibility_control.h
[1.162s] -- Up-to-date: /home/student/ros_ws/RosSystem/install/beckhoff_interfaces/include/beckhoff_interfaces/beckhoff_interfaces/msg/detail
[1.162s] -- Up-to-date: /home/student/ros_ws/RosSystem/install/beckhoff_interfaces/include/beckhoff_interfaces/beckhoff_interfaces/msg/detail/position__rosidl_typesupport_fastrtps_c.h
[1.162s] -- Up-to-date: /home/student/ros_ws/RosSystem/install/beckhoff_interfaces/include/beckhoff_interfaces/beckhoff_interfaces/srv
[1.162s] -- Up-to-date: /home/student/ros_ws/RosSystem/install/beckhoff_interfaces/include/beckhoff_interfaces/beckhoff_interfaces/srv/detail
[1.162s] -- Up-to-date: /home/student/ros_ws/RosSystem/install/beckhoff_interfaces/include/beckhoff_interfaces/beckhoff_interfaces/srv/detail/cartesian_move__rosidl_typesupport_fastrtps_c.h
[1.162s] -- Up-to-date: /home/student/ros_ws/RosSystem/install/beckhoff_interfaces/include/beckhoff_interfaces/beckhoff_interfaces/srv/detail/target_pose__rosidl_typesupport_fastrtps_c.h
[1.162s] -- Up-to-date: /home/student/ros_ws/RosSystem/install/beckhoff_interfaces/lib/libbeckhoff_interfaces__rosidl_typesupport_fastrtps_c.so
[1.162s] -- Up-to-date: /home/student/ros_ws/RosSystem/install/beckhoff_interfaces/include/beckhoff_interfaces/beckhoff_interfaces
[1.162s] -- Up-to-date: /home/student/ros_ws/RosSystem/install/beckhoff_interfaces/include/beckhoff_interfaces/beckhoff_interfaces/action
[1.162s] -- Up-to-date: /home/student/ros_ws/RosSystem/install/beckhoff_interfaces/include/beckhoff_interfaces/beckhoff_interfaces/action/detail
[1.163s] -- Up-to-date: /home/student/ros_ws/RosSystem/install/beckhoff_interfaces/include/beckhoff_interfaces/beckhoff_interfaces/action/detail/move__type_support.c
[1.163s] -- Up-to-date: /home/student/ros_ws/RosSystem/install/beckhoff_interfaces/include/beckhoff_interfaces/beckhoff_interfaces/action/detail/move__rosidl_typesupport_introspection_c.h
[1.163s] -- Up-to-date: /home/student/ros_ws/RosSystem/install/beckhoff_interfaces/include/beckhoff_interfaces/beckhoff_interfaces/msg
[1.163s] -- Up-to-date: /home/student/ros_ws/RosSystem/install/beckhoff_interfaces/include/beckhoff_interfaces/beckhoff_interfaces/msg/rosidl_typesupport_introspection_c__visibility_control.h
[1.163s] -- Up-to-date: /home/student/ros_ws/RosSystem/install/beckhoff_interfaces/include/beckhoff_interfaces/beckhoff_interfaces/msg/detail
[1.163s] -- Up-to-date: /home/student/ros_ws/RosSystem/install/beckhoff_interfaces/include/beckhoff_interfaces/beckhoff_interfaces/msg/detail/position__rosidl_typesupport_introspection_c.h
[1.163s] -- Up-to-date: /home/student/ros_ws/RosSystem/install/beckhoff_interfaces/include/beckhoff_interfaces/beckhoff_interfaces/msg/detail/position__type_support.c
[1.163s] -- Up-to-date: /home/student/ros_ws/RosSystem/install/beckhoff_interfaces/include/beckhoff_interfaces/beckhoff_interfaces/srv
[1.163s] -- Up-to-date: /home/student/ros_ws/RosSystem/install/beckhoff_interfaces/include/beckhoff_interfaces/beckhoff_interfaces/srv/detail
[1.163s] -- Up-to-date: /home/student/ros_ws/RosSystem/install/beckhoff_interfaces/include/beckhoff_interfaces/beckhoff_interfaces/srv/detail/target_pose__type_support.c
[1.163s] -- Up-to-date: /home/student/ros_ws/RosSystem/install/beckhoff_interfaces/include/beckhoff_interfaces/beckhoff_interfaces/srv/detail/cartesian_move__type_support.c
[1.163s] -- Up-to-date: /home/student/ros_ws/RosSystem/install/beckhoff_interfaces/include/beckhoff_interfaces/beckhoff_interfaces/srv/detail/target_pose__rosidl_typesupport_introspection_c.h
[1.163s] -- Up-to-date: /home/student/ros_ws/RosSystem/install/beckhoff_interfaces/include/beckhoff_interfaces/beckhoff_interfaces/srv/detail/cartesian_move__rosidl_typesupport_introspection_c.h
[1.163s] -- Up-to-date: /home/student/ros_ws/RosSystem/install/beckhoff_interfaces/lib/libbeckhoff_interfaces__rosidl_typesupport_introspection_c.so
[1.163s] -- Up-to-date: /home/student/ros_ws/RosSystem/install/beckhoff_interfaces/lib/libbeckhoff_interfaces__rosidl_typesupport_c.so
[1.163s] -- Up-to-date: /home/student/ros_ws/RosSystem/install/beckhoff_interfaces/include/beckhoff_interfaces/beckhoff_interfaces
[1.164s] -- Up-to-date: /home/student/ros_ws/RosSystem/install/beckhoff_interfaces/include/beckhoff_interfaces/beckhoff_interfaces/action
[1.164s] -- Up-to-date: /home/student/ros_ws/RosSystem/install/beckhoff_interfaces/include/beckhoff_interfaces/beckhoff_interfaces/action/detail
[1.164s] -- Up-to-date: /home/student/ros_ws/RosSystem/install/beckhoff_interfaces/include/beckhoff_interfaces/beckhoff_interfaces/action/detail/move__builder.hpp
[1.164s] -- Up-to-date: /home/student/ros_ws/RosSystem/install/beckhoff_interfaces/include/beckhoff_interfaces/beckhoff_interfaces/action/detail/move__struct.hpp
[1.164s] -- Up-to-date: /home/student/ros_ws/RosSystem/install/beckhoff_interfaces/include/beckhoff_interfaces/beckhoff_interfaces/action/detail/move__traits.hpp
[1.164s] -- Up-to-date: /home/student/ros_ws/RosSystem/install/beckhoff_interfaces/include/beckhoff_interfaces/beckhoff_interfaces/action/move.hpp
[1.164s] -- Up-to-date: /home/student/ros_ws/RosSystem/install/beckhoff_interfaces/include/beckhoff_interfaces/beckhoff_interfaces/msg
[1.164s] -- Up-to-date: /home/student/ros_ws/RosSystem/install/beckhoff_interfaces/include/beckhoff_interfaces/beckhoff_interfaces/msg/position.hpp
[1.164s] -- Up-to-date: /home/student/ros_ws/RosSystem/install/beckhoff_interfaces/include/beckhoff_interfaces/beckhoff_interfaces/msg/detail
[1.164s] -- Up-to-date: /home/student/ros_ws/RosSystem/install/beckhoff_interfaces/include/beckhoff_interfaces/beckhoff_interfaces/msg/detail/position__traits.hpp
[1.164s] -- Up-to-date: /home/student/ros_ws/RosSystem/install/beckhoff_interfaces/include/beckhoff_interfaces/beckhoff_interfaces/msg/detail/position__builder.hpp
[1.164s] -- Up-to-date: /home/student/ros_ws/RosSystem/install/beckhoff_interfaces/include/beckhoff_interfaces/beckhoff_interfaces/msg/detail/position__struct.hpp
[1.164s] -- Up-to-date: /home/student/ros_ws/RosSystem/install/beckhoff_interfaces/include/beckhoff_interfaces/beckhoff_interfaces/srv
[1.164s] -- Up-to-date: /home/student/ros_ws/RosSystem/install/beckhoff_interfaces/include/beckhoff_interfaces/beckhoff_interfaces/srv/cartesian_move.hpp
[1.164s] -- Up-to-date: /home/student/ros_ws/RosSystem/install/beckhoff_interfaces/include/beckhoff_interfaces/beckhoff_interfaces/srv/detail
[1.164s] -- Up-to-date: /home/student/ros_ws/RosSystem/install/beckhoff_interfaces/include/beckhoff_interfaces/beckhoff_interfaces/srv/detail/cartesian_move__builder.hpp
[1.165s] -- Up-to-date: /home/student/ros_ws/RosSystem/install/beckhoff_interfaces/include/beckhoff_interfaces/beckhoff_interfaces/srv/detail/target_pose__builder.hpp
[1.165s] -- Up-to-date: /home/student/ros_ws/RosSystem/install/beckhoff_interfaces/include/beckhoff_interfaces/beckhoff_interfaces/srv/detail/target_pose__traits.hpp
[1.165s] -- Up-to-date: /home/student/ros_ws/RosSystem/install/beckhoff_interfaces/include/beckhoff_interfaces/beckhoff_interfaces/srv/detail/target_pose__struct.hpp
[1.165s] -- Up-to-date: /home/student/ros_ws/RosSystem/install/beckhoff_interfaces/include/beckhoff_interfaces/beckhoff_interfaces/srv/detail/cartesian_move__struct.hpp
[1.165s] -- Up-to-date: /home/student/ros_ws/RosSystem/install/beckhoff_interfaces/include/beckhoff_interfaces/beckhoff_interfaces/srv/detail/cartesian_move__traits.hpp
[1.165s] -- Up-to-date: /home/student/ros_ws/RosSystem/install/beckhoff_interfaces/include/beckhoff_interfaces/beckhoff_interfaces/srv/target_pose.hpp
[1.165s] -- Up-to-date: /home/student/ros_ws/RosSystem/install/beckhoff_interfaces/include/beckhoff_interfaces/beckhoff_interfaces
[1.165s] -- Up-to-date: /home/student/ros_ws/RosSystem/install/beckhoff_interfaces/include/beckhoff_interfaces/beckhoff_interfaces/action
[1.165s] -- Up-to-date: /home/student/ros_ws/RosSystem/install/beckhoff_interfaces/include/beckhoff_interfaces/beckhoff_interfaces/action/detail
[1.165s] -- Up-to-date: /home/student/ros_ws/RosSystem/install/beckhoff_interfaces/include/beckhoff_interfaces/beckhoff_interfaces/action/detail/dds_fastrtps
[1.165s] -- Up-to-date: /home/student/ros_ws/RosSystem/install/beckhoff_interfaces/include/beckhoff_interfaces/beckhoff_interfaces/action/detail/move__rosidl_typesupport_fastrtps_cpp.hpp
[1.165s] -- Up-to-date: /home/student/ros_ws/RosSystem/install/beckhoff_interfaces/include/beckhoff_interfaces/beckhoff_interfaces/msg
[1.165s] -- Up-to-date: /home/student/ros_ws/RosSystem/install/beckhoff_interfaces/include/beckhoff_interfaces/beckhoff_interfaces/msg/rosidl_typesupport_fastrtps_cpp__visibility_control.h
[1.165s] -- Up-to-date: /home/student/ros_ws/RosSystem/install/beckhoff_interfaces/include/beckhoff_interfaces/beckhoff_interfaces/msg/detail
[1.165s] -- Up-to-date: /home/student/ros_ws/RosSystem/install/beckhoff_interfaces/include/beckhoff_interfaces/beckhoff_interfaces/msg/detail/dds_fastrtps
[1.166s] -- Up-to-date: /home/student/ros_ws/RosSystem/install/beckhoff_interfaces/include/beckhoff_interfaces/beckhoff_interfaces/msg/detail/position__rosidl_typesupport_fastrtps_cpp.hpp
[1.166s] -- Up-to-date: /home/student/ros_ws/RosSystem/install/beckhoff_interfaces/include/beckhoff_interfaces/beckhoff_interfaces/srv
[1.166s] -- Up-to-date: /home/student/ros_ws/RosSystem/install/beckhoff_interfaces/include/beckhoff_interfaces/beckhoff_interfaces/srv/detail
[1.166s] -- Up-to-date: /home/student/ros_ws/RosSystem/install/beckhoff_interfaces/include/beckhoff_interfaces/beckhoff_interfaces/srv/detail/dds_fastrtps
[1.166s] -- Up-to-date: /home/student/ros_ws/RosSystem/install/beckhoff_interfaces/include/beckhoff_interfaces/beckhoff_interfaces/srv/detail/target_pose__rosidl_typesupport_fastrtps_cpp.hpp
[1.166s] -- Up-to-date: /home/student/ros_ws/RosSystem/install/beckhoff_interfaces/include/beckhoff_interfaces/beckhoff_interfaces/srv/detail/cartesian_move__rosidl_typesupport_fastrtps_cpp.hpp
[1.166s] -- Up-to-date: /home/student/ros_ws/RosSystem/install/beckhoff_interfaces/lib/libbeckhoff_interfaces__rosidl_typesupport_fastrtps_cpp.so
[1.166s] -- Up-to-date: /home/student/ros_ws/RosSystem/install/beckhoff_interfaces/include/beckhoff_interfaces/beckhoff_interfaces
[1.166s] -- Up-to-date: /home/student/ros_ws/RosSystem/install/beckhoff_interfaces/include/beckhoff_interfaces/beckhoff_interfaces/action
[1.166s] -- Up-to-date: /home/student/ros_ws/RosSystem/install/beckhoff_interfaces/include/beckhoff_interfaces/beckhoff_interfaces/action/detail
[1.166s] -- Up-to-date: /home/student/ros_ws/RosSystem/install/beckhoff_interfaces/include/beckhoff_interfaces/beckhoff_interfaces/action/detail/move__rosidl_typesupport_introspection_cpp.hpp
[1.166s] -- Up-to-date: /home/student/ros_ws/RosSystem/install/beckhoff_interfaces/include/beckhoff_interfaces/beckhoff_interfaces/action/detail/move__type_support.cpp
[1.166s] -- Up-to-date: /home/student/ros_ws/RosSystem/install/beckhoff_interfaces/include/beckhoff_interfaces/beckhoff_interfaces/msg
[1.166s] -- Up-to-date: /home/student/ros_ws/RosSystem/install/beckhoff_interfaces/include/beckhoff_interfaces/beckhoff_interfaces/msg/detail
[1.166s] -- Up-to-date: /home/student/ros_ws/RosSystem/install/beckhoff_interfaces/include/beckhoff_interfaces/beckhoff_interfaces/msg/detail/position__rosidl_typesupport_introspection_cpp.hpp
[1.166s] -- Up-to-date: /home/student/ros_ws/RosSystem/install/beckhoff_interfaces/include/beckhoff_interfaces/beckhoff_interfaces/msg/detail/position__type_support.cpp
[1.166s] -- Up-to-date: /home/student/ros_ws/RosSystem/install/beckhoff_interfaces/include/beckhoff_interfaces/beckhoff_interfaces/srv
[1.166s] -- Up-to-date: /home/student/ros_ws/RosSystem/install/beckhoff_interfaces/include/beckhoff_interfaces/beckhoff_interfaces/srv/detail
[1.166s] -- Up-to-date: /home/student/ros_ws/RosSystem/install/beckhoff_interfaces/include/beckhoff_interfaces/beckhoff_interfaces/srv/detail/target_pose__type_support.cpp
[1.167s] -- Up-to-date: /home/student/ros_ws/RosSystem/install/beckhoff_interfaces/include/beckhoff_interfaces/beckhoff_interfaces/srv/detail/cartesian_move__rosidl_typesupport_introspection_cpp.hpp
[1.167s] -- Up-to-date: /home/student/ros_ws/RosSystem/install/beckhoff_interfaces/include/beckhoff_interfaces/beckhoff_interfaces/srv/detail/target_pose__rosidl_typesupport_introspection_cpp.hpp
[1.167s] -- Up-to-date: /home/student/ros_ws/RosSystem/install/beckhoff_interfaces/include/beckhoff_interfaces/beckhoff_interfaces/srv/detail/cartesian_move__type_support.cpp
[1.167s] -- Up-to-date: /home/student/ros_ws/RosSystem/install/beckhoff_interfaces/lib/libbeckhoff_interfaces__rosidl_typesupport_introspection_cpp.so
[1.167s] -- Up-to-date: /home/student/ros_ws/RosSystem/install/beckhoff_interfaces/lib/libbeckhoff_interfaces__rosidl_typesupport_cpp.so
[1.167s] -- Up-to-date: /home/student/ros_ws/RosSystem/install/beckhoff_interfaces/share/beckhoff_interfaces/environment/pythonpath.sh
[1.167s] -- Up-to-date: /home/student/ros_ws/RosSystem/install/beckhoff_interfaces/share/beckhoff_interfaces/environment/pythonpath.dsv
[1.167s] -- Up-to-date: /home/student/ros_ws/RosSystem/install/beckhoff_interfaces/local/lib/python3.10/dist-packages/beckhoff_interfaces-0.0.0-py3.10.egg-info
[1.167s] -- Installing: /home/student/ros_ws/RosSystem/install/beckhoff_interfaces/local/lib/python3.10/dist-packages/beckhoff_interfaces-0.0.0-py3.10.egg-info/top_level.txt
[1.167s] -- Installing: /home/student/ros_ws/RosSystem/install/beckhoff_interfaces/local/lib/python3.10/dist-packages/beckhoff_interfaces-0.0.0-py3.10.egg-info/dependency_links.txt
[1.167s] -- Installing: /home/student/ros_ws/RosSystem/install/beckhoff_interfaces/local/lib/python3.10/dist-packages/beckhoff_interfaces-0.0.0-py3.10.egg-info/SOURCES.txt
[1.167s] -- Installing: /home/student/ros_ws/RosSystem/install/beckhoff_interfaces/local/lib/python3.10/dist-packages/beckhoff_interfaces-0.0.0-py3.10.egg-info/PKG-INFO
[1.167s] -- Up-to-date: /home/student/ros_ws/RosSystem/install/beckhoff_interfaces/local/lib/python3.10/dist-packages/beckhoff_interfaces
[1.167s] -- Up-to-date: /home/student/ros_ws/RosSystem/install/beckhoff_interfaces/local/lib/python3.10/dist-packages/beckhoff_interfaces/action
[1.167s] -- Up-to-date: /home/student/ros_ws/RosSystem/install/beckhoff_interfaces/local/lib/python3.10/dist-packages/beckhoff_interfaces/action/_move.py
[1.167s] -- Up-to-date: /home/student/ros_ws/RosSystem/install/beckhoff_interfaces/local/lib/python3.10/dist-packages/beckhoff_interfaces/action/__init__.py
[1.167s] -- Up-to-date: /home/student/ros_ws/RosSystem/install/beckhoff_interfaces/local/lib/python3.10/dist-packages/beckhoff_interfaces/action/_move_s.c
[1.167s] -- Up-to-date: /home/student/ros_ws/RosSystem/install/beckhoff_interfaces/local/lib/python3.10/dist-packages/beckhoff_interfaces/_beckhoff_interfaces_s.ep.rosidl_typesupport_fastrtps_c.c
[1.167s] -- Up-to-date: /home/student/ros_ws/RosSystem/install/beckhoff_interfaces/local/lib/python3.10/dist-packages/beckhoff_interfaces/_beckhoff_interfaces_s.ep.rosidl_typesupport_introspection_c.c
[1.168s] -- Up-to-date: /home/student/ros_ws/RosSystem/install/beckhoff_interfaces/local/lib/python3.10/dist-packages/beckhoff_interfaces/beckhoff_interfaces_s__rosidl_typesupport_fastrtps_c.cpython-310-x86_64-linux-gnu.so
[1.168s] -- Up-to-date: /home/student/ros_ws/RosSystem/install/beckhoff_interfaces/local/lib/python3.10/dist-packages/beckhoff_interfaces/beckhoff_interfaces_s__rosidl_typesupport_c.cpython-310-x86_64-linux-gnu.so
[1.168s] -- Up-to-date: /home/student/ros_ws/RosSystem/install/beckhoff_interfaces/local/lib/python3.10/dist-packages/beckhoff_interfaces/msg
[1.168s] -- Up-to-date: /home/student/ros_ws/RosSystem/install/beckhoff_interfaces/local/lib/python3.10/dist-packages/beckhoff_interfaces/msg/_position.py
[1.168s] -- Up-to-date: /home/student/ros_ws/RosSystem/install/beckhoff_interfaces/local/lib/python3.10/dist-packages/beckhoff_interfaces/msg/_position_s.c
[1.168s] -- Up-to-date: /home/student/ros_ws/RosSystem/install/beckhoff_interfaces/local/lib/python3.10/dist-packages/beckhoff_interfaces/msg/__init__.py
[1.168s] -- Up-to-date: /home/student/ros_ws/RosSystem/install/beckhoff_interfaces/local/lib/python3.10/dist-packages/beckhoff_interfaces/srv
[1.168s] -- Up-to-date: /home/student/ros_ws/RosSystem/install/beckhoff_interfaces/local/lib/python3.10/dist-packages/beckhoff_interfaces/srv/_cartesian_move.py
[1.168s] -- Up-to-date: /home/student/ros_ws/RosSystem/install/beckhoff_interfaces/local/lib/python3.10/dist-packages/beckhoff_interfaces/srv/_target_pose_s.c
[1.168s] -- Up-to-date: /home/student/ros_ws/RosSystem/install/beckhoff_interfaces/local/lib/python3.10/dist-packages/beckhoff_interfaces/srv/_target_pose.py
[1.168s] -- Up-to-date: /home/student/ros_ws/RosSystem/install/beckhoff_interfaces/local/lib/python3.10/dist-packages/beckhoff_interfaces/srv/_cartesian_move_s.c
[1.168s] -- Up-to-date: /home/student/ros_ws/RosSystem/install/beckhoff_interfaces/local/lib/python3.10/dist-packages/beckhoff_interfaces/srv/__init__.py
[1.168s] -- Up-to-date: /home/student/ros_ws/RosSystem/install/beckhoff_interfaces/local/lib/python3.10/dist-packages/beckhoff_interfaces/_beckhoff_interfaces_s.ep.rosidl_typesupport_c.c
[1.168s] -- Up-to-date: /home/student/ros_ws/RosSystem/install/beckhoff_interfaces/local/lib/python3.10/dist-packages/beckhoff_interfaces/__init__.py
[1.168s] -- Up-to-date: /home/student/ros_ws/RosSystem/install/beckhoff_interfaces/local/lib/python3.10/dist-packages/beckhoff_interfaces/beckhoff_interfaces_s__rosidl_typesupport_introspection_c.cpython-310-x86_64-linux-gnu.so
[1.168s] -- Up-to-date: /home/student/ros_ws/RosSystem/install/beckhoff_interfaces/local/lib/python3.10/dist-packages/beckhoff_interfaces/libbeckhoff_interfaces__rosidl_generator_py.so
[1.202s] Listing '/home/student/ros_ws/RosSystem/install/beckhoff_interfaces/local/lib/python3.10/dist-packages/beckhoff_interfaces'...
[1.202s] Listing '/home/student/ros_ws/RosSystem/install/beckhoff_interfaces/local/lib/python3.10/dist-packages/beckhoff_interfaces/action'...
[1.202s] Listing '/home/student/ros_ws/RosSystem/install/beckhoff_interfaces/local/lib/python3.10/dist-packages/beckhoff_interfaces/msg'...
[1.202s] Listing '/home/student/ros_ws/RosSystem/install/beckhoff_interfaces/local/lib/python3.10/dist-packages/beckhoff_interfaces/srv'...
[1.206s] -- Up-to-date: /home/student/ros_ws/RosSystem/install/beckhoff_interfaces/local/lib/python3.10/dist-packages/beckhoff_interfaces/beckhoff_interfaces_s__rosidl_typesupport_fastrtps_c.cpython-310-x86_64-linux-gnu.so
[1.206s] -- Up-to-date: /home/student/ros_ws/RosSystem/install/beckhoff_interfaces/local/lib/python3.10/dist-packages/beckhoff_interfaces/beckhoff_interfaces_s__rosidl_typesupport_introspection_c.cpython-310-x86_64-linux-gnu.so
[1.206s] -- Up-to-date: /home/student/ros_ws/RosSystem/install/beckhoff_interfaces/local/lib/python3.10/dist-packages/beckhoff_interfaces/beckhoff_interfaces_s__rosidl_typesupport_c.cpython-310-x86_64-linux-gnu.so
[1.207s] -- Up-to-date: /home/student/ros_ws/RosSystem/install/beckhoff_interfaces/lib/libbeckhoff_interfaces__rosidl_generator_py.so
[1.207s] -- Up-to-date: /home/student/ros_ws/RosSystem/install/beckhoff_interfaces/share/beckhoff_interfaces/msg/Position.idl
[1.207s] -- Up-to-date: /home/student/ros_ws/RosSystem/install/beckhoff_interfaces/share/beckhoff_interfaces/srv/TargetPose.idl
[1.208s] -- Up-to-date: /home/student/ros_ws/RosSystem/install/beckhoff_interfaces/share/beckhoff_interfaces/srv/CartesianMove.idl
[1.208s] -- Up-to-date: /home/student/ros_ws/RosSystem/install/beckhoff_interfaces/share/beckhoff_interfaces/action/Move.idl
[1.208s] -- Up-to-date: /home/student/ros_ws/RosSystem/install/beckhoff_interfaces/share/beckhoff_interfaces/msg/Position.msg
[1.208s] -- Up-to-date: /home/student/ros_ws/RosSystem/install/beckhoff_interfaces/share/beckhoff_interfaces/srv/TargetPose.srv
[1.208s] -- Up-to-date: /home/student/ros_ws/RosSystem/install/beckhoff_interfaces/share/beckhoff_interfaces/srv/TargetPose_Request.msg
[1.208s] -- Up-to-date: /home/student/ros_ws/RosSystem/install/beckhoff_interfaces/share/beckhoff_interfaces/srv/TargetPose_Response.msg
[1.208s] -- Up-to-date: /home/student/ros_ws/RosSystem/install/beckhoff_interfaces/share/beckhoff_interfaces/srv/CartesianMove.srv
[1.208s] -- Up-to-date: /home/student/ros_ws/RosSystem/install/beckhoff_interfaces/share/beckhoff_interfaces/srv/CartesianMove_Request.msg
[1.208s] -- Up-to-date: /home/student/ros_ws/RosSystem/install/beckhoff_interfaces/share/beckhoff_interfaces/srv/CartesianMove_Response.msg
[1.209s] -- Up-to-date: /home/student/ros_ws/RosSystem/install/beckhoff_interfaces/share/beckhoff_interfaces/action/Move.action
[1.209s] -- Up-to-date: /home/student/ros_ws/RosSystem/install/beckhoff_interfaces/share/ament_index/resource_index/package_run_dependencies/beckhoff_interfaces
[1.209s] -- Up-to-date: /home/student/ros_ws/RosSystem/install/beckhoff_interfaces/share/ament_index/resource_index/parent_prefix_path/beckhoff_interfaces
[1.209s] -- Up-to-date: /home/student/ros_ws/RosSystem/install/beckhoff_interfaces/share/beckhoff_interfaces/environment/ament_prefix_path.sh
[1.209s] -- Up-to-date: /home/student/ros_ws/RosSystem/install/beckhoff_interfaces/share/beckhoff_interfaces/environment/ament_prefix_path.dsv
[1.209s] -- Up-to-date: /home/student/ros_ws/RosSystem/install/beckhoff_interfaces/share/beckhoff_interfaces/environment/path.sh
[1.209s] -- Up-to-date: /home/student/ros_ws/RosSystem/install/beckhoff_interfaces/share/beckhoff_interfaces/environment/path.dsv
[1.209s] -- Up-to-date: /home/student/ros_ws/RosSystem/install/beckhoff_interfaces/share/beckhoff_interfaces/local_setup.bash
[1.209s] -- Up-to-date: /home/student/ros_ws/RosSystem/install/beckhoff_interfaces/share/beckhoff_interfaces/local_setup.sh
[1.209s] -- Up-to-date: /home/student/ros_ws/RosSystem/install/beckhoff_interfaces/share/beckhoff_interfaces/local_setup.zsh
[1.209s] -- Up-to-date: /home/student/ros_ws/RosSystem/install/beckhoff_interfaces/share/beckhoff_interfaces/local_setup.dsv
[1.209s] -- Installing: /home/student/ros_ws/RosSystem/install/beckhoff_interfaces/share/beckhoff_interfaces/package.dsv
[1.209s] -- Up-to-date: /home/student/ros_ws/RosSystem/install/beckhoff_interfaces/share/ament_index/resource_index/packages/beckhoff_interfaces
[1.209s] -- Up-to-date: /home/student/ros_ws/RosSystem/install/beckhoff_interfaces/share/beckhoff_interfaces/cmake/export_beckhoff_interfaces__rosidl_generator_cExport.cmake
[1.210s] -- Up-to-date: /home/student/ros_ws/RosSystem/install/beckhoff_interfaces/share/beckhoff_interfaces/cmake/export_beckhoff_interfaces__rosidl_generator_cExport-noconfig.cmake
[1.210s] -- Up-to-date: /home/student/ros_ws/RosSystem/install/beckhoff_interfaces/share/beckhoff_interfaces/cmake/export_beckhoff_interfaces__rosidl_typesupport_fastrtps_cExport.cmake
[1.210s] -- Up-to-date: /home/student/ros_ws/RosSystem/install/beckhoff_interfaces/share/beckhoff_interfaces/cmake/export_beckhoff_interfaces__rosidl_typesupport_fastrtps_cExport-noconfig.cmake
[1.210s] -- Up-to-date: /home/student/ros_ws/RosSystem/install/beckhoff_interfaces/share/beckhoff_interfaces/cmake/beckhoff_interfaces__rosidl_typesupport_introspection_cExport.cmake
[1.210s] -- Up-to-date: /home/student/ros_ws/RosSystem/install/beckhoff_interfaces/share/beckhoff_interfaces/cmake/beckhoff_interfaces__rosidl_typesupport_introspection_cExport-noconfig.cmake
[1.210s] -- Up-to-date: /home/student/ros_ws/RosSystem/install/beckhoff_interfaces/share/beckhoff_interfaces/cmake/beckhoff_interfaces__rosidl_typesupport_cExport.cmake
[1.210s] -- Up-to-date: /home/student/ros_ws/RosSystem/install/beckhoff_interfaces/share/beckhoff_interfaces/cmake/beckhoff_interfaces__rosidl_typesupport_cExport-noconfig.cmake
[1.210s] -- Up-to-date: /home/student/ros_ws/RosSystem/install/beckhoff_interfaces/share/beckhoff_interfaces/cmake/export_beckhoff_interfaces__rosidl_generator_cppExport.cmake
[1.210s] -- Up-to-date: /home/student/ros_ws/RosSystem/install/beckhoff_interfaces/share/beckhoff_interfaces/cmake/export_beckhoff_interfaces__rosidl_typesupport_fastrtps_cppExport.cmake
[1.210s] -- Up-to-date: /home/student/ros_ws/RosSystem/install/beckhoff_interfaces/share/beckhoff_interfaces/cmake/export_beckhoff_interfaces__rosidl_typesupport_fastrtps_cppExport-noconfig.cmake
[1.210s] -- Up-to-date: /home/student/ros_ws/RosSystem/install/beckhoff_interfaces/share/beckhoff_interfaces/cmake/beckhoff_interfaces__rosidl_typesupport_introspection_cppExport.cmake
[1.210s] -- Up-to-date: /home/student/ros_ws/RosSystem/install/beckhoff_interfaces/share/beckhoff_interfaces/cmake/beckhoff_interfaces__rosidl_typesupport_introspection_cppExport-noconfig.cmake
[1.210s] -- Up-to-date: /home/student/ros_ws/RosSystem/install/beckhoff_interfaces/share/beckhoff_interfaces/cmake/beckhoff_interfaces__rosidl_typesupport_cppExport.cmake
[1.211s] -- Up-to-date: /home/student/ros_ws/RosSystem/install/beckhoff_interfaces/share/beckhoff_interfaces/cmake/beckhoff_interfaces__rosidl_typesupport_cppExport-noconfig.cmake
[1.211s] -- Up-to-date: /home/student/ros_ws/RosSystem/install/beckhoff_interfaces/share/beckhoff_interfaces/cmake/export_beckhoff_interfaces__rosidl_generator_pyExport.cmake
[1.211s] -- Up-to-date: /home/student/ros_ws/RosSystem/install/beckhoff_interfaces/share/beckhoff_interfaces/cmake/export_beckhoff_interfaces__rosidl_generator_pyExport-noconfig.cmake
[1.211s] -- Up-to-date: /home/student/ros_ws/RosSystem/install/beckhoff_interfaces/share/beckhoff_interfaces/cmake/rosidl_cmake-extras.cmake
[1.211s] -- Up-to-date: /home/student/ros_ws/RosSystem/install/beckhoff_interfaces/share/beckhoff_interfaces/cmake/ament_cmake_export_dependencies-extras.cmake
[1.211s] -- Up-to-date: /home/student/ros_ws/RosSystem/install/beckhoff_interfaces/share/beckhoff_interfaces/cmake/ament_cmake_export_include_directories-extras.cmake
[1.211s] -- Up-to-date: /home/student/ros_ws/RosSystem/install/beckhoff_interfaces/share/beckhoff_interfaces/cmake/ament_cmake_export_libraries-extras.cmake
[1.211s] -- Up-to-date: /home/student/ros_ws/RosSystem/install/beckhoff_interfaces/share/beckhoff_interfaces/cmake/ament_cmake_export_targets-extras.cmake
[1.211s] -- Up-to-date: /home/student/ros_ws/RosSystem/install/beckhoff_interfaces/share/beckhoff_interfaces/cmake/rosidl_cmake_export_typesupport_targets-extras.cmake
[1.211s] -- Up-to-date: /home/student/ros_ws/RosSystem/install/beckhoff_interfaces/share/beckhoff_interfaces/cmake/rosidl_cmake_export_typesupport_libraries-extras.cmake
[1.211s] -- Up-to-date: /home/student/ros_ws/RosSystem/install/beckhoff_interfaces/share/beckhoff_interfaces/cmake/beckhoff_interfacesConfig.cmake
[1.211s] -- Up-to-date: /home/student/ros_ws/RosSystem/install/beckhoff_interfaces/share/beckhoff_interfaces/cmake/beckhoff_interfacesConfig-version.cmake
[1.211s] -- Up-to-date: /home/student/ros_ws/RosSystem/install/beckhoff_interfaces/share/beckhoff_interfaces/package.xml
[1.214s] Invoked command in '/home/student/ros_ws/RosSystem/build/beckhoff_interfaces' returned '0': CMAKE_PREFIX_PATH=${CMAKE_PREFIX_PATH}:/home/student/ws_moveit2/install/moveit_configs_utils:/home/student/ws_moveit2/install/launch_param_builder:/home/student/ros_ws/RosSystem/install/beckhoff:/opt/ros/humble /usr/bin/cmake --install /home/student/ros_ws/RosSystem/build/beckhoff_interfaces
