[0.442s] Invoking command in '/home/student/ros_ws/RosSystem/build/beckhoff_interfaces': CMAKE_PREFIX_PATH=${CMAKE_PREFIX_PATH}:/home/student/ws_moveit2/install/moveit_configs_utils:/home/student/ws_moveit2/install/launch_param_builder:/home/student/ros_ws/RosSystem/install/urdf_robot:/home/student/ros_ws/RosSystem/install/beckhoff:/opt/ros/humble /usr/bin/cmake --build /home/student/ros_ws/RosSystem/build/beckhoff_interfaces -- -j16 -l16
[0.552s] [  6%] Built target beckhoff_interfaces__cpp
[0.552s] [ 12%] Built target beckhoff_interfaces__rosidl_generator_c
[0.579s] [ 12%] Built target ament_cmake_python_copy_beckhoff_interfaces
[0.617s] [ 51%] Built target beckhoff_interfaces__rosidl_typesupport_cpp
[0.617s] [ 51%] Built target beckhoff_interfaces__rosidl_typesupport_introspection_c
[0.617s] [ 53%] Built target beckhoff_interfaces__rosidl_typesupport_c
[0.617s] [ 61%] Built target beckhoff_interfaces__rosidl_typesupport_fastrtps_cpp
[0.618s] [ 65%] Built target beckhoff_interfaces__rosidl_typesupport_fastrtps_c
[0.628s] [ 76%] Built target beckhoff_interfaces__rosidl_typesupport_introspection_cpp
[0.680s] [ 76%] Built target beckhoff_interfaces
[0.735s] [ 78%] Built target beckhoff_interfaces__py
[0.783s] [ 87%] Built target beckhoff_interfaces__rosidl_generator_py
[0.838s] [100%] Built target beckhoff_interfaces__rosidl_typesupport_fastrtps_c__pyext
[0.838s] [100%] Built target beckhoff_interfaces__rosidl_typesupport_c__pyext
[0.838s] [100%] Built target beckhoff_interfaces__rosidl_typesupport_introspection_c__pyext
[0.901s] running egg_info
[0.902s] writing beckhoff_interfaces.egg-info/PKG-INFO
[0.902s] writing dependency_links to beckhoff_interfaces.egg-info/dependency_links.txt
[0.903s] writing top-level names to beckhoff_interfaces.egg-info/top_level.txt
[0.907s] reading manifest file 'beckhoff_interfaces.egg-info/SOURCES.txt'
[0.909s] writing manifest file 'beckhoff_interfaces.egg-info/SOURCES.txt'
[0.981s] [100%] Built target ament_cmake_python_build_beckhoff_interfaces_egg
[1.004s] Invoked command in '/home/student/ros_ws/RosSystem/build/beckhoff_interfaces' returned '0': CMAKE_PREFIX_PATH=${CMAKE_PREFIX_PATH}:/home/student/ws_moveit2/install/moveit_configs_utils:/home/student/ws_moveit2/install/launch_param_builder:/home/student/ros_ws/RosSystem/install/urdf_robot:/home/student/ros_ws/RosSystem/install/beckhoff:/opt/ros/humble /usr/bin/cmake --build /home/student/ros_ws/RosSystem/build/beckhoff_interfaces -- -j16 -l16
[1.345s] Invoking command in '/home/student/ros_ws/RosSystem/build/beckhoff_interfaces': CMAKE_PREFIX_PATH=${CMAKE_PREFIX_PATH}:/home/student/ws_moveit2/install/moveit_configs_utils:/home/student/ws_moveit2/install/launch_param_builder:/home/student/ros_ws/RosSystem/install/urdf_robot:/home/student/ros_ws/RosSystem/install/beckhoff:/opt/ros/humble /usr/bin/cmake --install /home/student/ros_ws/RosSystem/build/beckhoff_interfaces
[1.360s] -- Install configuration: ""
[1.360s] -- Up-to-date: /home/student/ros_ws/RosSystem/install/beckhoff_interfaces/share/ament_index/resource_index/rosidl_interfaces/beckhoff_interfaces
[1.360s] -- Up-to-date: /home/student/ros_ws/RosSystem/install/beckhoff_interfaces/include/beckhoff_interfaces/beckhoff_interfaces
[1.360s] -- Up-to-date: /home/student/ros_ws/RosSystem/install/beckhoff_interfaces/include/beckhoff_interfaces/beckhoff_interfaces/action
[1.361s] -- Up-to-date: /home/student/ros_ws/RosSystem/install/beckhoff_interfaces/include/beckhoff_interfaces/beckhoff_interfaces/action/move.h
[1.361s] -- Up-to-date: /home/student/ros_ws/RosSystem/install/beckhoff_interfaces/include/beckhoff_interfaces/beckhoff_interfaces/action/detail
[1.361s] -- Up-to-date: /home/student/ros_ws/RosSystem/install/beckhoff_interfaces/include/beckhoff_interfaces/beckhoff_interfaces/action/detail/move__type_support.h
[1.361s] -- Up-to-date: /home/student/ros_ws/RosSystem/install/beckhoff_interfaces/include/beckhoff_interfaces/beckhoff_interfaces/action/detail/move__functions.h
[1.361s] -- Up-to-date: /home/student/ros_ws/RosSystem/install/beckhoff_interfaces/include/beckhoff_interfaces/beckhoff_interfaces/action/detail/move__struct.h
[1.361s] -- Up-to-date: /home/student/ros_ws/RosSystem/install/beckhoff_interfaces/include/beckhoff_interfaces/beckhoff_interfaces/action/detail/move__functions.c
[1.361s] -- Up-to-date: /home/student/ros_ws/RosSystem/install/beckhoff_interfaces/include/beckhoff_interfaces/beckhoff_interfaces/msg
[1.361s] -- Up-to-date: /home/student/ros_ws/RosSystem/install/beckhoff_interfaces/include/beckhoff_interfaces/beckhoff_interfaces/msg/position.h
[1.361s] -- Up-to-date: /home/student/ros_ws/RosSystem/install/beckhoff_interfaces/include/beckhoff_interfaces/beckhoff_interfaces/msg/rosidl_generator_c__visibility_control.h
[1.361s] -- Up-to-date: /home/student/ros_ws/RosSystem/install/beckhoff_interfaces/include/beckhoff_interfaces/beckhoff_interfaces/msg/detail
[1.361s] -- Up-to-date: /home/student/ros_ws/RosSystem/install/beckhoff_interfaces/include/beckhoff_interfaces/beckhoff_interfaces/msg/detail/position__struct.h
[1.361s] -- Up-to-date: /home/student/ros_ws/RosSystem/install/beckhoff_interfaces/include/beckhoff_interfaces/beckhoff_interfaces/msg/detail/position__type_support.h
[1.362s] -- Up-to-date: /home/student/ros_ws/RosSystem/install/beckhoff_interfaces/include/beckhoff_interfaces/beckhoff_interfaces/msg/detail/position__functions.c
[1.362s] -- Up-to-date: /home/student/ros_ws/RosSystem/install/beckhoff_interfaces/include/beckhoff_interfaces/beckhoff_interfaces/msg/detail/position__functions.h
[1.362s] -- Up-to-date: /home/student/ros_ws/RosSystem/install/beckhoff_interfaces/include/beckhoff_interfaces/beckhoff_interfaces/srv
[1.362s] -- Up-to-date: /home/student/ros_ws/RosSystem/install/beckhoff_interfaces/include/beckhoff_interfaces/beckhoff_interfaces/srv/move.h
[1.362s] -- Up-to-date: /home/student/ros_ws/RosSystem/install/beckhoff_interfaces/include/beckhoff_interfaces/beckhoff_interfaces/srv/detail
[1.362s] -- Up-to-date: /home/student/ros_ws/RosSystem/install/beckhoff_interfaces/include/beckhoff_interfaces/beckhoff_interfaces/srv/detail/move__type_support.h
[1.362s] -- Up-to-date: /home/student/ros_ws/RosSystem/install/beckhoff_interfaces/include/beckhoff_interfaces/beckhoff_interfaces/srv/detail/move__functions.h
[1.362s] -- Up-to-date: /home/student/ros_ws/RosSystem/install/beckhoff_interfaces/include/beckhoff_interfaces/beckhoff_interfaces/srv/detail/move__struct.h
[1.362s] -- Up-to-date: /home/student/ros_ws/RosSystem/install/beckhoff_interfaces/include/beckhoff_interfaces/beckhoff_interfaces/srv/detail/move__functions.c
[1.362s] -- Up-to-date: /home/student/ros_ws/RosSystem/install/beckhoff_interfaces/share/beckhoff_interfaces/environment/library_path.sh
[1.362s] -- Up-to-date: /home/student/ros_ws/RosSystem/install/beckhoff_interfaces/share/beckhoff_interfaces/environment/library_path.dsv
[1.363s] -- Up-to-date: /home/student/ros_ws/RosSystem/install/beckhoff_interfaces/lib/libbeckhoff_interfaces__rosidl_generator_c.so
[1.363s] -- Up-to-date: /home/student/ros_ws/RosSystem/install/beckhoff_interfaces/include/beckhoff_interfaces/beckhoff_interfaces
[1.363s] -- Up-to-date: /home/student/ros_ws/RosSystem/install/beckhoff_interfaces/include/beckhoff_interfaces/beckhoff_interfaces/action
[1.363s] -- Up-to-date: /home/student/ros_ws/RosSystem/install/beckhoff_interfaces/include/beckhoff_interfaces/beckhoff_interfaces/action/detail
[1.363s] -- Up-to-date: /home/student/ros_ws/RosSystem/install/beckhoff_interfaces/include/beckhoff_interfaces/beckhoff_interfaces/action/detail/move__rosidl_typesupport_fastrtps_c.h
[1.363s] -- Up-to-date: /home/student/ros_ws/RosSystem/install/beckhoff_interfaces/include/beckhoff_interfaces/beckhoff_interfaces/msg
[1.363s] -- Up-to-date: /home/student/ros_ws/RosSystem/install/beckhoff_interfaces/include/beckhoff_interfaces/beckhoff_interfaces/msg/rosidl_typesupport_fastrtps_c__visibility_control.h
[1.363s] -- Up-to-date: /home/student/ros_ws/RosSystem/install/beckhoff_interfaces/include/beckhoff_interfaces/beckhoff_interfaces/msg/detail
[1.363s] -- Up-to-date: /home/student/ros_ws/RosSystem/install/beckhoff_interfaces/include/beckhoff_interfaces/beckhoff_interfaces/msg/detail/position__rosidl_typesupport_fastrtps_c.h
[1.363s] -- Up-to-date: /home/student/ros_ws/RosSystem/install/beckhoff_interfaces/include/beckhoff_interfaces/beckhoff_interfaces/srv
[1.363s] -- Up-to-date: /home/student/ros_ws/RosSystem/install/beckhoff_interfaces/include/beckhoff_interfaces/beckhoff_interfaces/srv/detail
[1.363s] -- Up-to-date: /home/student/ros_ws/RosSystem/install/beckhoff_interfaces/include/beckhoff_interfaces/beckhoff_interfaces/srv/detail/move__rosidl_typesupport_fastrtps_c.h
[1.364s] -- Up-to-date: /home/student/ros_ws/RosSystem/install/beckhoff_interfaces/lib/libbeckhoff_interfaces__rosidl_typesupport_fastrtps_c.so
[1.364s] -- Up-to-date: /home/student/ros_ws/RosSystem/install/beckhoff_interfaces/include/beckhoff_interfaces/beckhoff_interfaces
[1.364s] -- Up-to-date: /home/student/ros_ws/RosSystem/install/beckhoff_interfaces/include/beckhoff_interfaces/beckhoff_interfaces/action
[1.364s] -- Up-to-date: /home/student/ros_ws/RosSystem/install/beckhoff_interfaces/include/beckhoff_interfaces/beckhoff_interfaces/action/detail
[1.364s] -- Up-to-date: /home/student/ros_ws/RosSystem/install/beckhoff_interfaces/include/beckhoff_interfaces/beckhoff_interfaces/action/detail/move__type_support.c
[1.364s] -- Up-to-date: /home/student/ros_ws/RosSystem/install/beckhoff_interfaces/include/beckhoff_interfaces/beckhoff_interfaces/action/detail/move__rosidl_typesupport_introspection_c.h
[1.364s] -- Up-to-date: /home/student/ros_ws/RosSystem/install/beckhoff_interfaces/include/beckhoff_interfaces/beckhoff_interfaces/msg
[1.364s] -- Up-to-date: /home/student/ros_ws/RosSystem/install/beckhoff_interfaces/include/beckhoff_interfaces/beckhoff_interfaces/msg/rosidl_typesupport_introspection_c__visibility_control.h
[1.364s] -- Up-to-date: /home/student/ros_ws/RosSystem/install/beckhoff_interfaces/include/beckhoff_interfaces/beckhoff_interfaces/msg/detail
[1.364s] -- Up-to-date: /home/student/ros_ws/RosSystem/install/beckhoff_interfaces/include/beckhoff_interfaces/beckhoff_interfaces/msg/detail/position__rosidl_typesupport_introspection_c.h
[1.364s] -- Up-to-date: /home/student/ros_ws/RosSystem/install/beckhoff_interfaces/include/beckhoff_interfaces/beckhoff_interfaces/msg/detail/position__type_support.c
[1.365s] -- Up-to-date: /home/student/ros_ws/RosSystem/install/beckhoff_interfaces/include/beckhoff_interfaces/beckhoff_interfaces/srv
[1.365s] -- Up-to-date: /home/student/ros_ws/RosSystem/install/beckhoff_interfaces/include/beckhoff_interfaces/beckhoff_interfaces/srv/detail
[1.365s] -- Up-to-date: /home/student/ros_ws/RosSystem/install/beckhoff_interfaces/include/beckhoff_interfaces/beckhoff_interfaces/srv/detail/move__type_support.c
[1.365s] -- Up-to-date: /home/student/ros_ws/RosSystem/install/beckhoff_interfaces/include/beckhoff_interfaces/beckhoff_interfaces/srv/detail/move__rosidl_typesupport_introspection_c.h
[1.365s] -- Up-to-date: /home/student/ros_ws/RosSystem/install/beckhoff_interfaces/lib/libbeckhoff_interfaces__rosidl_typesupport_introspection_c.so
[1.366s] -- Up-to-date: /home/student/ros_ws/RosSystem/install/beckhoff_interfaces/lib/libbeckhoff_interfaces__rosidl_typesupport_c.so
[1.366s] -- Up-to-date: /home/student/ros_ws/RosSystem/install/beckhoff_interfaces/include/beckhoff_interfaces/beckhoff_interfaces
[1.366s] -- Up-to-date: /home/student/ros_ws/RosSystem/install/beckhoff_interfaces/include/beckhoff_interfaces/beckhoff_interfaces/action
[1.366s] -- Up-to-date: /home/student/ros_ws/RosSystem/install/beckhoff_interfaces/include/beckhoff_interfaces/beckhoff_interfaces/action/detail
[1.366s] -- Up-to-date: /home/student/ros_ws/RosSystem/install/beckhoff_interfaces/include/beckhoff_interfaces/beckhoff_interfaces/action/detail/move__builder.hpp
[1.366s] -- Up-to-date: /home/student/ros_ws/RosSystem/install/beckhoff_interfaces/include/beckhoff_interfaces/beckhoff_interfaces/action/detail/move__struct.hpp
[1.366s] -- Up-to-date: /home/student/ros_ws/RosSystem/install/beckhoff_interfaces/include/beckhoff_interfaces/beckhoff_interfaces/action/detail/move__traits.hpp
[1.366s] -- Up-to-date: /home/student/ros_ws/RosSystem/install/beckhoff_interfaces/include/beckhoff_interfaces/beckhoff_interfaces/action/move.hpp
[1.366s] -- Up-to-date: /home/student/ros_ws/RosSystem/install/beckhoff_interfaces/include/beckhoff_interfaces/beckhoff_interfaces/msg
[1.367s] -- Up-to-date: /home/student/ros_ws/RosSystem/install/beckhoff_interfaces/include/beckhoff_interfaces/beckhoff_interfaces/msg/position.hpp
[1.367s] -- Up-to-date: /home/student/ros_ws/RosSystem/install/beckhoff_interfaces/include/beckhoff_interfaces/beckhoff_interfaces/msg/detail
[1.367s] -- Up-to-date: /home/student/ros_ws/RosSystem/install/beckhoff_interfaces/include/beckhoff_interfaces/beckhoff_interfaces/msg/detail/position__traits.hpp
[1.367s] -- Up-to-date: /home/student/ros_ws/RosSystem/install/beckhoff_interfaces/include/beckhoff_interfaces/beckhoff_interfaces/msg/detail/position__builder.hpp
[1.367s] -- Up-to-date: /home/student/ros_ws/RosSystem/install/beckhoff_interfaces/include/beckhoff_interfaces/beckhoff_interfaces/msg/detail/position__struct.hpp
[1.367s] -- Up-to-date: /home/student/ros_ws/RosSystem/install/beckhoff_interfaces/include/beckhoff_interfaces/beckhoff_interfaces/srv
[1.367s] -- Up-to-date: /home/student/ros_ws/RosSystem/install/beckhoff_interfaces/include/beckhoff_interfaces/beckhoff_interfaces/srv/detail
[1.367s] -- Up-to-date: /home/student/ros_ws/RosSystem/install/beckhoff_interfaces/include/beckhoff_interfaces/beckhoff_interfaces/srv/detail/move__builder.hpp
[1.368s] -- Up-to-date: /home/student/ros_ws/RosSystem/install/beckhoff_interfaces/include/beckhoff_interfaces/beckhoff_interfaces/srv/detail/move__struct.hpp
[1.368s] -- Up-to-date: /home/student/ros_ws/RosSystem/install/beckhoff_interfaces/include/beckhoff_interfaces/beckhoff_interfaces/srv/detail/move__traits.hpp
[1.368s] -- Up-to-date: /home/student/ros_ws/RosSystem/install/beckhoff_interfaces/include/beckhoff_interfaces/beckhoff_interfaces/srv/move.hpp
[1.368s] -- Up-to-date: /home/student/ros_ws/RosSystem/install/beckhoff_interfaces/include/beckhoff_interfaces/beckhoff_interfaces
[1.368s] -- Up-to-date: /home/student/ros_ws/RosSystem/install/beckhoff_interfaces/include/beckhoff_interfaces/beckhoff_interfaces/action
[1.368s] -- Up-to-date: /home/student/ros_ws/RosSystem/install/beckhoff_interfaces/include/beckhoff_interfaces/beckhoff_interfaces/action/detail
[1.368s] -- Up-to-date: /home/student/ros_ws/RosSystem/install/beckhoff_interfaces/include/beckhoff_interfaces/beckhoff_interfaces/action/detail/dds_fastrtps
[1.368s] -- Up-to-date: /home/student/ros_ws/RosSystem/install/beckhoff_interfaces/include/beckhoff_interfaces/beckhoff_interfaces/action/detail/move__rosidl_typesupport_fastrtps_cpp.hpp
[1.368s] -- Up-to-date: /home/student/ros_ws/RosSystem/install/beckhoff_interfaces/include/beckhoff_interfaces/beckhoff_interfaces/msg
[1.368s] -- Up-to-date: /home/student/ros_ws/RosSystem/install/beckhoff_interfaces/include/beckhoff_interfaces/beckhoff_interfaces/msg/rosidl_typesupport_fastrtps_cpp__visibility_control.h
[1.368s] -- Up-to-date: /home/student/ros_ws/RosSystem/install/beckhoff_interfaces/include/beckhoff_interfaces/beckhoff_interfaces/msg/detail
[1.368s] -- Up-to-date: /home/student/ros_ws/RosSystem/install/beckhoff_interfaces/include/beckhoff_interfaces/beckhoff_interfaces/msg/detail/dds_fastrtps
[1.368s] -- Up-to-date: /home/student/ros_ws/RosSystem/install/beckhoff_interfaces/include/beckhoff_interfaces/beckhoff_interfaces/msg/detail/position__rosidl_typesupport_fastrtps_cpp.hpp
[1.368s] -- Up-to-date: /home/student/ros_ws/RosSystem/install/beckhoff_interfaces/include/beckhoff_interfaces/beckhoff_interfaces/srv
[1.369s] -- Up-to-date: /home/student/ros_ws/RosSystem/install/beckhoff_interfaces/include/beckhoff_interfaces/beckhoff_interfaces/srv/detail
[1.369s] -- Up-to-date: /home/student/ros_ws/RosSystem/install/beckhoff_interfaces/include/beckhoff_interfaces/beckhoff_interfaces/srv/detail/dds_fastrtps
[1.369s] -- Up-to-date: /home/student/ros_ws/RosSystem/install/beckhoff_interfaces/include/beckhoff_interfaces/beckhoff_interfaces/srv/detail/move__rosidl_typesupport_fastrtps_cpp.hpp
[1.369s] -- Up-to-date: /home/student/ros_ws/RosSystem/install/beckhoff_interfaces/lib/libbeckhoff_interfaces__rosidl_typesupport_fastrtps_cpp.so
[1.369s] -- Up-to-date: /home/student/ros_ws/RosSystem/install/beckhoff_interfaces/include/beckhoff_interfaces/beckhoff_interfaces
[1.369s] -- Up-to-date: /home/student/ros_ws/RosSystem/install/beckhoff_interfaces/include/beckhoff_interfaces/beckhoff_interfaces/action
[1.369s] -- Up-to-date: /home/student/ros_ws/RosSystem/install/beckhoff_interfaces/include/beckhoff_interfaces/beckhoff_interfaces/action/detail
[1.369s] -- Up-to-date: /home/student/ros_ws/RosSystem/install/beckhoff_interfaces/include/beckhoff_interfaces/beckhoff_interfaces/action/detail/move__rosidl_typesupport_introspection_cpp.hpp
[1.369s] -- Up-to-date: /home/student/ros_ws/RosSystem/install/beckhoff_interfaces/include/beckhoff_interfaces/beckhoff_interfaces/action/detail/move__type_support.cpp
[1.369s] -- Up-to-date: /home/student/ros_ws/RosSystem/install/beckhoff_interfaces/include/beckhoff_interfaces/beckhoff_interfaces/msg
[1.369s] -- Up-to-date: /home/student/ros_ws/RosSystem/install/beckhoff_interfaces/include/beckhoff_interfaces/beckhoff_interfaces/msg/detail
[1.370s] -- Up-to-date: /home/student/ros_ws/RosSystem/install/beckhoff_interfaces/include/beckhoff_interfaces/beckhoff_interfaces/msg/detail/position__rosidl_typesupport_introspection_cpp.hpp
[1.370s] -- Up-to-date: /home/student/ros_ws/RosSystem/install/beckhoff_interfaces/include/beckhoff_interfaces/beckhoff_interfaces/msg/detail/position__type_support.cpp
[1.370s] -- Up-to-date: /home/student/ros_ws/RosSystem/install/beckhoff_interfaces/include/beckhoff_interfaces/beckhoff_interfaces/srv
[1.370s] -- Up-to-date: /home/student/ros_ws/RosSystem/install/beckhoff_interfaces/include/beckhoff_interfaces/beckhoff_interfaces/srv/detail
[1.370s] -- Up-to-date: /home/student/ros_ws/RosSystem/install/beckhoff_interfaces/include/beckhoff_interfaces/beckhoff_interfaces/srv/detail/move__rosidl_typesupport_introspection_cpp.hpp
[1.370s] -- Up-to-date: /home/student/ros_ws/RosSystem/install/beckhoff_interfaces/include/beckhoff_interfaces/beckhoff_interfaces/srv/detail/move__type_support.cpp
[1.370s] -- Up-to-date: /home/student/ros_ws/RosSystem/install/beckhoff_interfaces/lib/libbeckhoff_interfaces__rosidl_typesupport_introspection_cpp.so
[1.370s] -- Up-to-date: /home/student/ros_ws/RosSystem/install/beckhoff_interfaces/lib/libbeckhoff_interfaces__rosidl_typesupport_cpp.so
[1.371s] -- Up-to-date: /home/student/ros_ws/RosSystem/install/beckhoff_interfaces/share/beckhoff_interfaces/environment/pythonpath.sh
[1.371s] -- Up-to-date: /home/student/ros_ws/RosSystem/install/beckhoff_interfaces/share/beckhoff_interfaces/environment/pythonpath.dsv
[1.371s] -- Up-to-date: /home/student/ros_ws/RosSystem/install/beckhoff_interfaces/local/lib/python3.10/dist-packages/beckhoff_interfaces-0.0.0-py3.10.egg-info
[1.371s] -- Installing: /home/student/ros_ws/RosSystem/install/beckhoff_interfaces/local/lib/python3.10/dist-packages/beckhoff_interfaces-0.0.0-py3.10.egg-info/top_level.txt
[1.371s] -- Installing: /home/student/ros_ws/RosSystem/install/beckhoff_interfaces/local/lib/python3.10/dist-packages/beckhoff_interfaces-0.0.0-py3.10.egg-info/dependency_links.txt
[1.371s] -- Installing: /home/student/ros_ws/RosSystem/install/beckhoff_interfaces/local/lib/python3.10/dist-packages/beckhoff_interfaces-0.0.0-py3.10.egg-info/SOURCES.txt
[1.371s] -- Installing: /home/student/ros_ws/RosSystem/install/beckhoff_interfaces/local/lib/python3.10/dist-packages/beckhoff_interfaces-0.0.0-py3.10.egg-info/PKG-INFO
[1.372s] -- Up-to-date: /home/student/ros_ws/RosSystem/install/beckhoff_interfaces/local/lib/python3.10/dist-packages/beckhoff_interfaces
[1.372s] -- Up-to-date: /home/student/ros_ws/RosSystem/install/beckhoff_interfaces/local/lib/python3.10/dist-packages/beckhoff_interfaces/action
[1.372s] -- Up-to-date: /home/student/ros_ws/RosSystem/install/beckhoff_interfaces/local/lib/python3.10/dist-packages/beckhoff_interfaces/action/_move.py
[1.372s] -- Up-to-date: /home/student/ros_ws/RosSystem/install/beckhoff_interfaces/local/lib/python3.10/dist-packages/beckhoff_interfaces/action/__init__.py
[1.372s] -- Up-to-date: /home/student/ros_ws/RosSystem/install/beckhoff_interfaces/local/lib/python3.10/dist-packages/beckhoff_interfaces/action/_move_s.c
[1.372s] -- Up-to-date: /home/student/ros_ws/RosSystem/install/beckhoff_interfaces/local/lib/python3.10/dist-packages/beckhoff_interfaces/_beckhoff_interfaces_s.ep.rosidl_typesupport_fastrtps_c.c
[1.372s] -- Up-to-date: /home/student/ros_ws/RosSystem/install/beckhoff_interfaces/local/lib/python3.10/dist-packages/beckhoff_interfaces/_beckhoff_interfaces_s.ep.rosidl_typesupport_introspection_c.c
[1.372s] -- Up-to-date: /home/student/ros_ws/RosSystem/install/beckhoff_interfaces/local/lib/python3.10/dist-packages/beckhoff_interfaces/beckhoff_interfaces_s__rosidl_typesupport_fastrtps_c.cpython-310-x86_64-linux-gnu.so
[1.373s] -- Up-to-date: /home/student/ros_ws/RosSystem/install/beckhoff_interfaces/local/lib/python3.10/dist-packages/beckhoff_interfaces/beckhoff_interfaces_s__rosidl_typesupport_c.cpython-310-x86_64-linux-gnu.so
[1.373s] -- Up-to-date: /home/student/ros_ws/RosSystem/install/beckhoff_interfaces/local/lib/python3.10/dist-packages/beckhoff_interfaces/msg
[1.373s] -- Up-to-date: /home/student/ros_ws/RosSystem/install/beckhoff_interfaces/local/lib/python3.10/dist-packages/beckhoff_interfaces/msg/_position.py
[1.373s] -- Up-to-date: /home/student/ros_ws/RosSystem/install/beckhoff_interfaces/local/lib/python3.10/dist-packages/beckhoff_interfaces/msg/_position_s.c
[1.373s] -- Up-to-date: /home/student/ros_ws/RosSystem/install/beckhoff_interfaces/local/lib/python3.10/dist-packages/beckhoff_interfaces/msg/__init__.py
[1.373s] -- Up-to-date: /home/student/ros_ws/RosSystem/install/beckhoff_interfaces/local/lib/python3.10/dist-packages/beckhoff_interfaces/srv
[1.373s] -- Up-to-date: /home/student/ros_ws/RosSystem/install/beckhoff_interfaces/local/lib/python3.10/dist-packages/beckhoff_interfaces/srv/_move.py
[1.373s] -- Up-to-date: /home/student/ros_ws/RosSystem/install/beckhoff_interfaces/local/lib/python3.10/dist-packages/beckhoff_interfaces/srv/__init__.py
[1.373s] -- Up-to-date: /home/student/ros_ws/RosSystem/install/beckhoff_interfaces/local/lib/python3.10/dist-packages/beckhoff_interfaces/srv/_move_s.c
[1.373s] -- Up-to-date: /home/student/ros_ws/RosSystem/install/beckhoff_interfaces/local/lib/python3.10/dist-packages/beckhoff_interfaces/_beckhoff_interfaces_s.ep.rosidl_typesupport_c.c
[1.373s] -- Up-to-date: /home/student/ros_ws/RosSystem/install/beckhoff_interfaces/local/lib/python3.10/dist-packages/beckhoff_interfaces/__init__.py
[1.373s] -- Up-to-date: /home/student/ros_ws/RosSystem/install/beckhoff_interfaces/local/lib/python3.10/dist-packages/beckhoff_interfaces/beckhoff_interfaces_s__rosidl_typesupport_introspection_c.cpython-310-x86_64-linux-gnu.so
[1.373s] -- Up-to-date: /home/student/ros_ws/RosSystem/install/beckhoff_interfaces/local/lib/python3.10/dist-packages/beckhoff_interfaces/libbeckhoff_interfaces__rosidl_generator_py.so
[1.415s] Listing '/home/student/ros_ws/RosSystem/install/beckhoff_interfaces/local/lib/python3.10/dist-packages/beckhoff_interfaces'...
[1.415s] Listing '/home/student/ros_ws/RosSystem/install/beckhoff_interfaces/local/lib/python3.10/dist-packages/beckhoff_interfaces/action'...
[1.415s] Listing '/home/student/ros_ws/RosSystem/install/beckhoff_interfaces/local/lib/python3.10/dist-packages/beckhoff_interfaces/msg'...
[1.415s] Listing '/home/student/ros_ws/RosSystem/install/beckhoff_interfaces/local/lib/python3.10/dist-packages/beckhoff_interfaces/srv'...
[1.422s] -- Up-to-date: /home/student/ros_ws/RosSystem/install/beckhoff_interfaces/local/lib/python3.10/dist-packages/beckhoff_interfaces/beckhoff_interfaces_s__rosidl_typesupport_fastrtps_c.cpython-310-x86_64-linux-gnu.so
[1.423s] -- Up-to-date: /home/student/ros_ws/RosSystem/install/beckhoff_interfaces/local/lib/python3.10/dist-packages/beckhoff_interfaces/beckhoff_interfaces_s__rosidl_typesupport_introspection_c.cpython-310-x86_64-linux-gnu.so
[1.424s] -- Up-to-date: /home/student/ros_ws/RosSystem/install/beckhoff_interfaces/local/lib/python3.10/dist-packages/beckhoff_interfaces/beckhoff_interfaces_s__rosidl_typesupport_c.cpython-310-x86_64-linux-gnu.so
[1.424s] -- Up-to-date: /home/student/ros_ws/RosSystem/install/beckhoff_interfaces/lib/libbeckhoff_interfaces__rosidl_generator_py.so
[1.425s] -- Up-to-date: /home/student/ros_ws/RosSystem/install/beckhoff_interfaces/share/beckhoff_interfaces/msg/Position.idl
[1.425s] -- Up-to-date: /home/student/ros_ws/RosSystem/install/beckhoff_interfaces/share/beckhoff_interfaces/srv/Move.idl
[1.425s] -- Up-to-date: /home/student/ros_ws/RosSystem/install/beckhoff_interfaces/share/beckhoff_interfaces/action/Move.idl
[1.425s] -- Up-to-date: /home/student/ros_ws/RosSystem/install/beckhoff_interfaces/share/beckhoff_interfaces/msg/Position.msg
[1.425s] -- Up-to-date: /home/student/ros_ws/RosSystem/install/beckhoff_interfaces/share/beckhoff_interfaces/srv/Move.srv
[1.425s] -- Up-to-date: /home/student/ros_ws/RosSystem/install/beckhoff_interfaces/share/beckhoff_interfaces/srv/Move_Request.msg
[1.425s] -- Up-to-date: /home/student/ros_ws/RosSystem/install/beckhoff_interfaces/share/beckhoff_interfaces/srv/Move_Response.msg
[1.426s] -- Up-to-date: /home/student/ros_ws/RosSystem/install/beckhoff_interfaces/share/beckhoff_interfaces/action/Move.action
[1.426s] -- Up-to-date: /home/student/ros_ws/RosSystem/install/beckhoff_interfaces/share/ament_index/resource_index/package_run_dependencies/beckhoff_interfaces
[1.426s] -- Up-to-date: /home/student/ros_ws/RosSystem/install/beckhoff_interfaces/share/ament_index/resource_index/parent_prefix_path/beckhoff_interfaces
[1.426s] -- Up-to-date: /home/student/ros_ws/RosSystem/install/beckhoff_interfaces/share/beckhoff_interfaces/environment/ament_prefix_path.sh
[1.426s] -- Up-to-date: /home/student/ros_ws/RosSystem/install/beckhoff_interfaces/share/beckhoff_interfaces/environment/ament_prefix_path.dsv
[1.426s] -- Up-to-date: /home/student/ros_ws/RosSystem/install/beckhoff_interfaces/share/beckhoff_interfaces/environment/path.sh
[1.426s] -- Up-to-date: /home/student/ros_ws/RosSystem/install/beckhoff_interfaces/share/beckhoff_interfaces/environment/path.dsv
[1.426s] -- Up-to-date: /home/student/ros_ws/RosSystem/install/beckhoff_interfaces/share/beckhoff_interfaces/local_setup.bash
[1.426s] -- Up-to-date: /home/student/ros_ws/RosSystem/install/beckhoff_interfaces/share/beckhoff_interfaces/local_setup.sh
[1.426s] -- Up-to-date: /home/student/ros_ws/RosSystem/install/beckhoff_interfaces/share/beckhoff_interfaces/local_setup.zsh
[1.426s] -- Up-to-date: /home/student/ros_ws/RosSystem/install/beckhoff_interfaces/share/beckhoff_interfaces/local_setup.dsv
[1.426s] -- Installing: /home/student/ros_ws/RosSystem/install/beckhoff_interfaces/share/beckhoff_interfaces/package.dsv
[1.427s] -- Up-to-date: /home/student/ros_ws/RosSystem/install/beckhoff_interfaces/share/ament_index/resource_index/packages/beckhoff_interfaces
[1.427s] -- Up-to-date: /home/student/ros_ws/RosSystem/install/beckhoff_interfaces/share/beckhoff_interfaces/cmake/export_beckhoff_interfaces__rosidl_generator_cExport.cmake
[1.427s] -- Up-to-date: /home/student/ros_ws/RosSystem/install/beckhoff_interfaces/share/beckhoff_interfaces/cmake/export_beckhoff_interfaces__rosidl_generator_cExport-noconfig.cmake
[1.428s] -- Up-to-date: /home/student/ros_ws/RosSystem/install/beckhoff_interfaces/share/beckhoff_interfaces/cmake/export_beckhoff_interfaces__rosidl_typesupport_fastrtps_cExport.cmake
[1.428s] -- Up-to-date: /home/student/ros_ws/RosSystem/install/beckhoff_interfaces/share/beckhoff_interfaces/cmake/export_beckhoff_interfaces__rosidl_typesupport_fastrtps_cExport-noconfig.cmake
[1.428s] -- Up-to-date: /home/student/ros_ws/RosSystem/install/beckhoff_interfaces/share/beckhoff_interfaces/cmake/beckhoff_interfaces__rosidl_typesupport_introspection_cExport.cmake
[1.428s] -- Up-to-date: /home/student/ros_ws/RosSystem/install/beckhoff_interfaces/share/beckhoff_interfaces/cmake/beckhoff_interfaces__rosidl_typesupport_introspection_cExport-noconfig.cmake
[1.429s] -- Up-to-date: /home/student/ros_ws/RosSystem/install/beckhoff_interfaces/share/beckhoff_interfaces/cmake/beckhoff_interfaces__rosidl_typesupport_cExport.cmake
[1.429s] -- Up-to-date: /home/student/ros_ws/RosSystem/install/beckhoff_interfaces/share/beckhoff_interfaces/cmake/beckhoff_interfaces__rosidl_typesupport_cExport-noconfig.cmake
[1.429s] -- Up-to-date: /home/student/ros_ws/RosSystem/install/beckhoff_interfaces/share/beckhoff_interfaces/cmake/export_beckhoff_interfaces__rosidl_generator_cppExport.cmake
[1.429s] -- Up-to-date: /home/student/ros_ws/RosSystem/install/beckhoff_interfaces/share/beckhoff_interfaces/cmake/export_beckhoff_interfaces__rosidl_typesupport_fastrtps_cppExport.cmake
[1.429s] -- Up-to-date: /home/student/ros_ws/RosSystem/install/beckhoff_interfaces/share/beckhoff_interfaces/cmake/export_beckhoff_interfaces__rosidl_typesupport_fastrtps_cppExport-noconfig.cmake
[1.430s] -- Up-to-date: /home/student/ros_ws/RosSystem/install/beckhoff_interfaces/share/beckhoff_interfaces/cmake/beckhoff_interfaces__rosidl_typesupport_introspection_cppExport.cmake
[1.430s] -- Up-to-date: /home/student/ros_ws/RosSystem/install/beckhoff_interfaces/share/beckhoff_interfaces/cmake/beckhoff_interfaces__rosidl_typesupport_introspection_cppExport-noconfig.cmake
[1.430s] -- Up-to-date: /home/student/ros_ws/RosSystem/install/beckhoff_interfaces/share/beckhoff_interfaces/cmake/beckhoff_interfaces__rosidl_typesupport_cppExport.cmake
[1.430s] -- Up-to-date: /home/student/ros_ws/RosSystem/install/beckhoff_interfaces/share/beckhoff_interfaces/cmake/beckhoff_interfaces__rosidl_typesupport_cppExport-noconfig.cmake
[1.430s] -- Up-to-date: /home/student/ros_ws/RosSystem/install/beckhoff_interfaces/share/beckhoff_interfaces/cmake/export_beckhoff_interfaces__rosidl_generator_pyExport.cmake
[1.430s] -- Up-to-date: /home/student/ros_ws/RosSystem/install/beckhoff_interfaces/share/beckhoff_interfaces/cmake/export_beckhoff_interfaces__rosidl_generator_pyExport-noconfig.cmake
[1.431s] -- Up-to-date: /home/student/ros_ws/RosSystem/install/beckhoff_interfaces/share/beckhoff_interfaces/cmake/rosidl_cmake-extras.cmake
[1.431s] -- Up-to-date: /home/student/ros_ws/RosSystem/install/beckhoff_interfaces/share/beckhoff_interfaces/cmake/ament_cmake_export_dependencies-extras.cmake
[1.431s] -- Up-to-date: /home/student/ros_ws/RosSystem/install/beckhoff_interfaces/share/beckhoff_interfaces/cmake/ament_cmake_export_include_directories-extras.cmake
[1.431s] -- Up-to-date: /home/student/ros_ws/RosSystem/install/beckhoff_interfaces/share/beckhoff_interfaces/cmake/ament_cmake_export_libraries-extras.cmake
[1.431s] -- Up-to-date: /home/student/ros_ws/RosSystem/install/beckhoff_interfaces/share/beckhoff_interfaces/cmake/ament_cmake_export_targets-extras.cmake
[1.431s] -- Up-to-date: /home/student/ros_ws/RosSystem/install/beckhoff_interfaces/share/beckhoff_interfaces/cmake/rosidl_cmake_export_typesupport_targets-extras.cmake
[1.431s] -- Up-to-date: /home/student/ros_ws/RosSystem/install/beckhoff_interfaces/share/beckhoff_interfaces/cmake/rosidl_cmake_export_typesupport_libraries-extras.cmake
[1.431s] -- Up-to-date: /home/student/ros_ws/RosSystem/install/beckhoff_interfaces/share/beckhoff_interfaces/cmake/beckhoff_interfacesConfig.cmake
[1.431s] -- Up-to-date: /home/student/ros_ws/RosSystem/install/beckhoff_interfaces/share/beckhoff_interfaces/cmake/beckhoff_interfacesConfig-version.cmake
[1.431s] -- Up-to-date: /home/student/ros_ws/RosSystem/install/beckhoff_interfaces/share/beckhoff_interfaces/package.xml
[1.435s] Invoked command in '/home/student/ros_ws/RosSystem/build/beckhoff_interfaces' returned '0': CMAKE_PREFIX_PATH=${CMAKE_PREFIX_PATH}:/home/student/ws_moveit2/install/moveit_configs_utils:/home/student/ws_moveit2/install/launch_param_builder:/home/student/ros_ws/RosSystem/install/urdf_robot:/home/student/ros_ws/RosSystem/install/beckhoff:/opt/ros/humble /usr/bin/cmake --install /home/student/ros_ws/RosSystem/build/beckhoff_interfaces
